[2015.07.28-14.55.08:436][  0]Log file open, 07/28/15 16:55:08
[2015.07.28-14.55.08:436][  0]LogInit:Display: Running engine for game: ProjectTron
[2015.07.28-14.55.08:436][  0]LogInit:Display: RandInit(814514953) SRandInit(814514953).
[2015.07.28-14.55.08:436][  0]LogTaskGraph: Started task graph with 4 named threads and 7 total threads.
[2015.07.28-14.55.08:436][  0]LogStats: Stats thread started
[2015.07.28-14.55.08:436][  0]LogInit: Version: 4.8.2-2614606+++depot+UE4-Releases+4.8
[2015.07.28-14.55.08:436][  0]LogInit: API Version: 2579680
[2015.07.28-14.55.08:436][  0]LogInit: Compiled (64-bit): Jul  8 2015 23:43:41
[2015.07.28-14.55.08:436][  0]LogInit: Compiled with Visual C++: 18.00.21005.01
[2015.07.28-14.55.08:436][  0]LogInit: Build Configuration: Development
[2015.07.28-14.55.08:436][  0]LogInit: Branch Name: ++depot+UE4-Releases+4.8
[2015.07.28-14.55.08:436][  0]LogInit: Command line:  
[2015.07.28-14.55.08:436][  0]LogInit: Base directory: D:/UnrealEngine/4.8/Engine/Binaries/Win64/
[2015.07.28-14.55.08:436][  0]LogInit: Rocket: 1
[2015.07.28-14.55.08:480][  0]LogInit: Using libcurl 7.41.0
[2015.07.28-14.55.08:480][  0]LogInit:  - built for x86_64-pc-win32
[2015.07.28-14.55.08:480][  0]LogInit:  - supports SSL with WinSSL
[2015.07.28-14.55.08:480][  0]LogInit:  - other features:
[2015.07.28-14.55.08:480][  0]LogInit:      CURL_VERSION_SSL
[2015.07.28-14.55.08:480][  0]LogInit:      CURL_VERSION_IPV6
[2015.07.28-14.55.08:480][  0]LogInit:      CURL_VERSION_ASYNCHDNS
[2015.07.28-14.55.08:480][  0]LogInit:      CURL_VERSION_LARGEFILE
[2015.07.28-14.55.08:480][  0]LogInit:      CURL_VERSION_IDN
[2015.07.28-14.55.08:480][  0]LogInit:  CurlRequestOptions (configurable via config and command line):
[2015.07.28-14.55.08:480][  0]LogInit:  - bVerifyPeer = true  - Libcurl will verify peer certificate
[2015.07.28-14.55.08:480][  0]LogInit:  - bUseHttpProxy = false  - Libcurl will NOT use HTTP proxy
[2015.07.28-14.55.08:480][  0]LogInit:  - bDontReuseConnections = false  - Libcurl will reuse connections
[2015.07.28-14.55.08:480][  0]LogInit:  - CertBundlePath = nullptr  - Libcurl will use whatever was configured at build time.
[2015.07.28-14.55.08:487][  0]LogOnline:Warning: No default platform service specified for OnlineSubsystem
[2015.07.28-14.55.08:497][  0]LogInit: Presizing for 0 objects not considered by GC, pre-allocating 0 bytes.
[2015.07.28-14.55.08:503][  0]LogInit: Object subsystem initialized
[2015.07.28-14.55.08:504][  0]LogConsoleResponse:Warning: Skipping Unknown console variable: 'TranslucentSortAxis = (X=0.000000,Y=-1.000000,Z=0.000000)'
[2015.07.28-14.55.08:504][  0]LogConsoleResponse:Warning:   Found in ini file 'D:/UnrealEngineProject/ProjectTron/Saved/Config/Windows/Engine.ini', in section '[/Script/Engine.RendererSettings]'
[2015.07.28-14.55.08:504][  0]LogConsoleResponse:Warning: Skipping Unknown console variable: 'UIScaleRule = ShortestSide'
[2015.07.28-14.55.08:504][  0]LogConsoleResponse:Warning:   Found in ini file 'D:/UnrealEngineProject/ProjectTron/Saved/Config/Windows/Engine.ini', in section '[/Script/Engine.RendererSettings]'
[2015.07.28-14.55.08:504][  0]LogConsoleResponse:Warning: Skipping Unknown console variable: 'UIScaleCurve = (EditorCurveData=(Keys=),ExternalCurve=None)'
[2015.07.28-14.55.08:504][  0]LogConsoleResponse:Warning:   Found in ini file 'D:/UnrealEngineProject/ProjectTron/Saved/Config/Windows/Engine.ini', in section '[/Script/Engine.RendererSettings]'
[2015.07.28-14.55.08:504][  0]LogInit: Selected Device Profile: [Windows]
[2015.07.28-14.55.08:504][  0]LogInit: Applying CVar settings loaded from the selected device profile: [Windows]
[2015.07.28-14.55.08:510][  0]LogInit: Computer: FIELDRAIN-PC
[2015.07.28-14.55.08:510][  0]LogInit: User: Adrien
[2015.07.28-14.55.08:510][  0]LogInit: CPU Page size=4096, Cores=4
[2015.07.28-14.55.08:510][  0]LogInit: High frequency timer resolution =2.338343 MHz
[2015.07.28-14.55.08:510][  0]LogMemory: Memory total: Physical=15.9GB (16GB approx)
[2015.07.28-14.55.08:510][  0]LogMemory: Platform Memory Stats for Windows
[2015.07.28-14.55.08:510][  0]LogMemory: Process Physical Memory: 48.12 MB used, 48.12 MB peak
[2015.07.28-14.55.08:510][  0]LogMemory: Process Virtual Memory: 24.29 MB used, 24.29 MB peak
[2015.07.28-14.55.08:510][  0]LogMemory: Physical Memory: 4067.35 MB used, 16271.36 MB total
[2015.07.28-14.55.08:510][  0]LogMemory: Virtual Memory: 293.72 MB used, 134217728.00 MB total
[2015.07.28-14.55.08:549][  0]LogTextLocalizationManager: The requested culture ('en_150') has no localization data; parent culture's ('en') localization data will be used.
[2015.07.28-14.55.08:767][  0]LogTextLocalizationManager:Warning: Loaded localization resources contain conflicting entries for (Namespace:ContentBrowser, Key:ImportAssetToolTip):
Localization Resource: (D:/UnrealEngine/4.8/Engine/Content/Localization/Editor/en/Editor.locres) Source String Hash: (-630476809) Localized String: (Import to {0}...)
Localization Resource: (D:/UnrealEngine/4.8/Engine/Content/Localization/Editor/en/Editor.locres) Source String Hash: (1271782899) Localized String: (Imports an asset from file to this folder.)
[2015.07.28-14.55.09:229][  0]LogD3D11RHI: Found D3D11 adapter 0: Intel(R) HD Graphics 4600 (Feature Level 11_0)
[2015.07.28-14.55.09:229][  0]LogD3D11RHI: Adapter has 0MB of dedicated video memory, 0MB of dedicated system memory, and 1792MB of shared system memory, 2 output[s]
[2015.07.28-14.55.09:256][  0]LogD3D11RHI: Found D3D11 adapter 1: NVIDIA GeForce GTX 780M (Feature Level 11_0)
[2015.07.28-14.55.09:256][  0]LogD3D11RHI: Adapter has 3995MB of dedicated video memory, 0MB of dedicated system memory, and 8135MB of shared system memory, 0 output[s]
[2015.07.28-14.55.09:257][  0]LogD3D11RHI: Found D3D11 adapter 2: Microsoft Basic Render Driver (Feature Level 11_0)
[2015.07.28-14.55.09:257][  0]LogD3D11RHI: Adapter has 0MB of dedicated video memory, 0MB of dedicated system memory, and 256MB of shared system memory, 0 output[s]
[2015.07.28-14.55.09:257][  0]LogD3D11RHI: Chosen D3D11 Adapter Id = 0
[2015.07.28-14.55.09:262][  0]LogD3D11RHI: InitD3DDevice
[2015.07.28-14.55.09:262][  0]LogD3D11RHI: !Direct3DDevice
[2015.07.28-14.55.09:262][  0]LogRHI: Texture pool is 1361 MB (70% of 1945 MB)
[2015.07.28-14.55.09:281][  0]LogD3D11RHI: Async texture creation enabled
[2015.07.28-14.55.09:737][  0]LogShaderCompilers:Display: Using Local Shader Compiler.
[2015.07.28-14.55.10:558][  0]LogTemp:Display: Loaded TP DesktopTargetPlatform
[2015.07.28-14.55.10:568][  0]LogTemp:Display: Loaded TP WindowsClientTargetPlatform
[2015.07.28-14.55.10:578][  0]LogTemp:Display: Loaded TP WindowsNoEditorTargetPlatform
[2015.07.28-14.55.10:587][  0]LogTemp:Display: Loaded TP WindowsServerTargetPlatform
[2015.07.28-14.55.10:598][  0]LogTemp:Display: Loaded TP WindowsTargetPlatform
[2015.07.28-14.55.10:606][  0]LogTemp:Display: Loaded TP AndroidTargetPlatform
[2015.07.28-14.55.10:615][  0]LogTemp:Display: Loaded TP Android_ASTCTargetPlatform
[2015.07.28-14.55.10:624][  0]LogTemp:Display: Loaded TP Android_ATCTargetPlatform
[2015.07.28-14.55.10:633][  0]LogTemp:Display: Loaded TP Android_DXTTargetPlatform
[2015.07.28-14.55.10:643][  0]LogTemp:Display: Loaded TP Android_ETC1TargetPlatform
[2015.07.28-14.55.10:653][  0]LogTemp:Display: Loaded TP Android_ETC2TargetPlatform
[2015.07.28-14.55.10:662][  0]LogTemp:Display: Loaded TP Android_PVRTCTargetPlatform
[2015.07.28-14.55.10:698][  0]LogTemp:Display: Loaded TP IOSTargetPlatform
[2015.07.28-14.55.10:706][  0]LogTemp:Display: Loaded TP LinuxNoEditorTargetPlatform
[2015.07.28-14.55.10:715][  0]LogTemp:Display: Loaded TP LinuxServerTargetPlatform
[2015.07.28-14.55.10:725][  0]LogTemp:Display: Loaded TP LinuxTargetPlatform
[2015.07.28-14.55.10:725][  0]LogTargetPlatformManager:Display: Building Assets For Windows
[2015.07.28-14.55.10:865][  0]LogDerivedDataCache:Display: Max Cache Size: 512 MB
[2015.07.28-14.55.10:998][  0]LogDerivedDataCache: Loaded boot cache 0.13s 53MB C:/Users/Adrien/AppData/Local/UnrealEngine/4.8/DerivedDataCache/Boot.ddc.
[2015.07.28-14.55.10:999][  0]LogDerivedDataCache:Display: Loaded Boot cache: C:/Users/Adrien/AppData/Local/UnrealEngine/4.8/DerivedDataCache/Boot.ddc
[2015.07.28-14.55.10:999][  0]LogDerivedDataCache: FDerivedDataBackendGraph:  Pak pak cache file ../../../../../UnrealEngineProject/ProjectTron/DerivedDataCache/DDC.ddp not found, will not use a pak cache.
[2015.07.28-14.55.10:999][  0]LogDerivedDataCache: Unable to find inner node Pak for hierarchical cache Hierarchy.
[2015.07.28-14.55.10:999][  0]LogDerivedDataCache: FDerivedDataBackendGraph:  CompressedPak pak cache file ../../../../../UnrealEngineProject/ProjectTron/DerivedDataCache/Compressed.ddp not found, will not use a pak cache.
[2015.07.28-14.55.10:999][  0]LogDerivedDataCache: Unable to find inner node CompressedPak for hierarchical cache Hierarchy.
[2015.07.28-14.55.11:198][  0]LogDerivedDataCache:Display: Pak cache opened for reading ../../../Engine/DerivedDataCache/Compressed.ddp.
[2015.07.28-14.55.11:210][  0]LogDerivedDataCache: Using Local data cache path C:/Users/Adrien/AppData/Local/UnrealEngine/Common/DerivedDataCache: Writable
[2015.07.28-14.55.14:089][  0]LogInit: Selected Device Profile: [Windows]
[2015.07.28-14.55.14:207][  0]ImportText (ComponentSweepMultiTests): Missing closing parenthesis: (RootShapeAsset="/Engine/BasicShapes/Cube.Cube",ShapeType="TriggerCapsule",HitResult=(Time=0.50,Location=(X=-100.000015,Y=0.0,Z=100.000015),ImpactPoint=(X=-50.0,Y=0.0,Z=50.0),Normal=(X=-1.0,Y=-0.0,Z=0.0),ImpactNormal=(X=0.0,Y=0.0,Z=1.0),TraceStart=(X=-200.0,Y=0.0,Z=200.0),TraceEnd=(X=0.0,Y=0.0,Z=0.0))
[2015.07.28-14.55.14:208][  0]ImportText (LineTraceSingleByChannelTests): Missing closing parenthesis: (RootShapeAsset="/Engine/BasicShapes/Cube.Cube",HitResult=(Time=0.50,Location=(X=-100.000015,Y=0.0,Z=100.000015),ImpactPoint=(X=-50.0,Y=0.0,Z=50.0),Normal=(X=-1.0,Y=-0.0,Z=0.0),ImpactNormal=(X=0.0,Y=0.0,Z=1.0),TraceStart=(X=-200.0,Y=0.0,Z=200.0),TraceEnd=(X=0.0,Y=0.0,Z=0.0))
[2015.07.28-14.55.14:259][  0]LogMeshUtilities: No automatic mesh reduction module available
[2015.07.28-14.55.14:259][  0]LogMeshUtilities: No automatic mesh merging module available
[2015.07.28-14.55.15:340][  0]LogInit: WinSock: version 1.1 (2.2), MaxSocks=32767, MaxUdp=65467
[2015.07.28-14.55.28:605][  0]UdpMessaging: Initializing bridge on interface 0.0.0.0:0 to multicast group 230.0.0.1:6666.
[2015.07.28-14.55.29:301][  0]SourceControl: Info Source control is disabled
[2015.07.28-14.55.29:308][  0]SourceControl: Info Source control is disabled
[2015.07.28-14.55.29:315][  0]SourceControl: Info Source control is disabled
[2015.07.28-14.55.29:321][  0]SourceControl: Info Source control is disabled
[2015.07.28-14.55.29:699][  0]LogObj: 26273 objects as part of root set at end of initial load.
[2015.07.28-14.55.29:699][  0]LogUObjectAllocator: 5409256 out of 0 bytes used by permanent object pool.
[2015.07.28-14.55.29:821][  0]LogEngine: Initializing Engine...
[2015.07.28-14.55.29:823][  0]LogHMD: Can't find Oculus library dev build: is proper Runtime installed? Version: 0.6.0.0
[2015.07.28-14.55.29:838][  0]LogHMD:Warning: SteamVR failed to initialize.  Error: 110
[2015.07.28-14.55.30:283][  0]LogAIModule: Creating AISystem for world NewWorld
[2015.07.28-14.55.30:288][  0]LogInit: XAudio2 using 'Haut-parleurs (2- Plantronics GameCom 780)' : 6 channels at 44.1 kHz using 16 bits per sample (channel mask 0x60f)
[2015.07.28-14.55.30:305][  0]LogInit: FAudioDevice initialized.
[2015.07.28-14.55.30:330][  0]LogDerivedDataCache: Saved boot cache 0.02s 53MB C:/Users/Adrien/AppData/Local/UnrealEngine/4.8/DerivedDataCache/Boot.ddc.
[2015.07.28-14.55.30:333][  0]LogInit: Texture streaming: Disabled
[2015.07.28-14.55.30:348][  0]LogAnalytics: Creating configured Analytics provider AnalyticsET
[2015.07.28-14.55.30:348][  0]LogAnalytics: [UEEditor.Rocket.Release] APIServer = http://et2.epicgames.com/ET2/. AppVersion = 4.8.2-2614606+++depot+UE4-Releases+4.8
[2015.07.28-14.55.30:348][  0]LogAnalytics: [UEEditor.Rocket.Release] SetUserId 2e87543741be94097c1db6846465a91d|d27d10dde35e45258d9f88e0d3b9cd63|7789eb87-d837-4324-a798-0149adb08d39
[2015.07.28-14.55.30:349][  0]LogAnalytics: [UEEditor.Rocket.Release] AnalyticsET::StartSession
[2015.07.28-14.55.30:387][  0]LogInit: Transaction tracking system initialized
[2015.07.28-14.55.30:478][  0]BlueprintLog: New page: Editor Load
[2015.07.28-14.55.30:503][  0]LogAssetRegistry: FAssetRegistry took 0.0106 seconds to start up
[2015.07.28-14.55.30:503][  0]LogDirectoryWatcher:Warning: Failed to begin reading directory changes for ../../../Engine/Plugins/Experimental/CharacterAI/Content/. Error: 0
[2015.07.28-14.55.31:928][  0]LogConsoleManager:Warning: Console variable 'r.VSync' wasn't set ('GameSetting' has a lower priority than 'SystemSettingsIni')
[2015.07.28-14.55.31:928][  0]LogConsoleResponse:Display: 
[2015.07.28-14.55.34:634][  0]LogCook:Display: Done creating registry. It took  0.00s.
[2015.07.28-14.55.35:082][  0]SourceControl: Info Source control is disabled
[2015.07.28-14.55.35:082][  0]Cmd: MAP LOAD FILE="../../../../../UnrealEngineProject/ProjectTron/Content/StarterContent/Maps/Minimal_Default.umap" TEMPLATE=0 SHOWPROGRESS=1 FEATURELEVEL=3
[2015.07.28-14.55.35:083][  0]LightingResults: New page: Lighting Build
[2015.07.28-14.55.35:090][  0]MapCheck: New page: Map Check
[2015.07.28-14.55.35:090][  0]LightingResults: New page: Lighting Build
[2015.07.28-14.55.35:101][  0]LogParticles: Destroying 0 GPU particle simulations for FXSystem 0x00000098F9708B80
[2015.07.28-14.55.37:778][  0]LogAIModule: Creating AISystem for world Minimal_Default
[2015.07.28-14.55.37:896][  0]LogEditorServer: Finished looking for orphan Actors (0.000 secs)
[2015.07.28-14.55.37:904][  0]Cmd: MAP CHECKDEP NOCLEARLOG
[2015.07.28-14.55.37:932][  0]MapCheck: Info Map check complete: 0 Error(s), 0 Warning(s), took 28,106ms to complete.
[2015.07.28-14.55.37:932][  0]LogFileHelpers: Loading map 'Minimal_Default' took 2.850
[2015.07.28-14.55.38:098][  0]LogCollectionManager: Loaded 0 collections in 0.001143 seconds
[2015.07.28-14.55.38:105][  0]LogContentBrowser: Native class hierarchy populated in 0.0063 seconds. Added 1792 classes and 301 folders.
[2015.07.28-14.55.38:181][  0]LogContentBrowser: Native class hierarchy updated for 'WidgetCarousel' in 0.0003 seconds. Added 0 classes and 0 folders.
[2015.07.28-14.55.38:969][  0]LogContentBrowser: Native class hierarchy updated for 'AddContentDialog' in 0.0004 seconds. Added 0 classes and 0 folders.
[2015.07.28-14.55.38:985][  0]LogContentBrowser: Native class hierarchy updated for 'SceneOutliner' in 0.0004 seconds. Added 1 classes and 2 folders.
[2015.07.28-14.55.39:344][  0]LogCrashTracker: Crashtracker disabled due to settings.
[2015.07.28-14.55.39:345][  0]LogD3D11RHI: InitD3DDevice
[2015.07.28-14.55.39:350][  0]LogUObjectGlobals:Warning: Failed to find object 'Class None.'
[2015.07.28-14.55.39:373][  0]LogLoad: Full Startup: 32.11 seconds (BP compile: 0.54 seconds)
[2015.07.28-14.55.39:775][  0]LogContentStreaming: Texture pool size is 0.000000MB
[2015.07.28-14.55.40:122][  0]LogContentStreaming: Texture pool size now 1000 MB
[2015.07.28-14.55.40:282][  0]LogRenderer: Reallocating scene render targets to support 1208x600 (Frame:2).
[2015.07.28-14.55.51:467][ 34]LogAssetRegistry: Asset discovery search completed in 20.9746 seconds
[2015.07.28-14.55.53:802][ 42]LogD3D11RHI: InitD3DDevice
[2015.07.28-14.55.59:721][508]LogD3D11RHI: InitD3DDevice
[2015.07.28-14.55.59:800][508]LogAIModule: Creating AISystem for world Multiplayer_Level
[2015.07.28-14.55.59:919][508]Cmd: MAP LOAD FILE="../../../../../UnrealEngineProject/ProjectTron/Content/Level/Multiplayer_Level.umap" TEMPLATE=0 SHOWPROGRESS=1 FEATURELEVEL=3
[2015.07.28-14.55.59:919][508]LightingResults: New page: Lighting Build
[2015.07.28-14.55.59:935][508]LoadErrors: New page: Loading map: Multiplayer_Level.umap
[2015.07.28-14.55.59:936][508]MapCheck: New page: Map Check
[2015.07.28-14.55.59:936][508]LightingResults: New page: Lighting Build
[2015.07.28-14.55.59:946][508]LogParticles: Destroying 0 GPU particle simulations for FXSystem 0x000000988BBF7920
[2015.07.28-14.56.00:036][508]LogAIModule: Creating AISystem for world Multiplayer_Level
[2015.07.28-14.56.00:037][508]LogEditorServer: Finished looking for orphan Actors (0.000 secs)
[2015.07.28-14.56.00:076][508]Cmd: MAP CHECKDEP NOCLEARLOG
[2015.07.28-14.56.00:108][508]MapCheck: Info Map check complete: 0 Error(s), 0 Warning(s), took 31,24ms to complete.
[2015.07.28-14.56.00:108][508]LogFileHelpers: Loading map 'Multiplayer_Level' took 0.200
[2015.07.28-14.56.03:360][819]LogD3D11RHI: InitD3DDevice
[2015.07.28-14.56.03:432][819]LogAIModule: Creating AISystem for world MenuLevel
[2015.07.28-14.56.03:469][819]Cmd: MAP LOAD FILE="../../../../../UnrealEngineProject/ProjectTron/Content/Level/MenuLevel.umap" TEMPLATE=0 SHOWPROGRESS=1 FEATURELEVEL=3
[2015.07.28-14.56.03:469][819]LightingResults: New page: Lighting Build
[2015.07.28-14.56.03:485][819]LoadErrors: New page: Loading map: MenuLevel.umap
[2015.07.28-14.56.03:485][819]MapCheck: New page: Map Check
[2015.07.28-14.56.03:485][819]LightingResults: New page: Lighting Build
[2015.07.28-14.56.03:504][819]LogParticles: Destroying 0 GPU particle simulations for FXSystem 0x00000098891D2F20
[2015.07.28-14.56.03:579][819]LogAIModule: Creating AISystem for world MenuLevel
[2015.07.28-14.56.03:580][819]LogEditorServer: Finished looking for orphan Actors (0.000 secs)
[2015.07.28-14.56.03:608][819]Cmd: MAP CHECKDEP NOCLEARLOG
[2015.07.28-14.56.03:636][819]MapCheck: Info Map check complete: 0 Error(s), 0 Warning(s), took 28,204ms to complete.
[2015.07.28-14.56.03:637][819]LogFileHelpers: Loading map 'MenuLevel' took 0.169
[2015.07.28-14.56.06:048][ 43]BlueprintLog: New page: Pre-PIE auto-recompile
[2015.07.28-14.56.06:048][ 43]LogPlayLevel: [PIE] Compiling MenuLevel before PIE...
[2015.07.28-14.56.06:108][ 43]LogPlayLevel: PIE:  Blueprint regeneration took 59 ms (1 blueprints)
[2015.07.28-14.56.06:176][ 43]PIE: New page: PIE session: MenuLevel (28 Jul 2015 18:56:06)
[2015.07.28-14.56.06:177][ 43]LogPlayLevel: Creating play world package: /Game/Level/UEDPIE_0_MenuLevel
[2015.07.28-14.56.06:180][ 43]LogPlayLevel: PIE: StaticDuplicateObject took: (0.002339s)
[2015.07.28-14.56.06:180][ 43]LogAIModule: Creating AISystem for world MenuLevel
[2015.07.28-14.56.06:181][ 43]LogPlayLevel: PIE: World Init took: (0.001027s)
[2015.07.28-14.56.06:181][ 43]LogPlayLevel: PIE: Created PIE world by copying editor world from /Game/Level/MenuLevel.MenuLevel to /Game/Level/UEDPIE_0_MenuLevel.MenuLevel (0.003558s)
[2015.07.28-14.56.06:203][ 43]LogInit: XAudio2 using 'Haut-parleurs (2- Plantronics GameCom 780)' : 6 channels at 44.1 kHz using 16 bits per sample (channel mask 0x60f)
[2015.07.28-14.56.06:209][ 43]LogInit: FAudioDevice initialized.
[2015.07.28-14.56.07:283][ 43]LogWorld: Game class is 'GameMode_BP_C'
[2015.07.28-14.56.07:286][ 43]LogWorld: Bringing World /Game/Level/UEDPIE_0_MenuLevel.MenuLevel up for play (max tick rate 0) at 2015.07.28-16.56.07
[2015.07.28-14.56.07:286][ 43]LogActor:Warning: GameSession /Game/Level/UEDPIE_0_MenuLevel.MenuLevel:PersistentLevel.GameSession_0 has natively added scene component(s), but none of them were set as the actor's RootComponent - picking one arbitrarily
[2015.07.28-14.56.07:286][ 43]LogActor:Warning: GameNetworkManager /Game/Level/UEDPIE_0_MenuLevel.MenuLevel:PersistentLevel.GameNetworkManager_0 has natively added scene component(s), but none of them were set as the actor's RootComponent - picking one arbitrarily
[2015.07.28-14.56.07:286][ 43]LogWorld: Bringing up level for play took: 0.000974
[2015.07.28-14.56.07:347][ 43]PIE: Info Play in editor start time for /Game/Level/UEDPIE_0_MenuLevel 0,59
[2015.07.28-14.56.09:181][220]LogPackageName: SearchForPackageOnDisk took   0.046s to resolve Minimal_Default.umap
[2015.07.28-14.56.09:232][220]LogPackageName: SearchForPackageOnDisk took   0.042s to resolve Minimal_Default.umap
[2015.07.28-14.56.09:232][220]LogNet: Browse: /Game/StarterContent/Maps/Minimal_Default
[2015.07.28-14.56.09:232][220]LogLoad: LoadMap: /Game/StarterContent/Maps/Minimal_Default
[2015.07.28-14.56.09:267][220]LogParticles: Destroying 0 GPU particle simulations for FXSystem 0x000000988FC891C0
[2015.07.28-14.56.09:320][220]Cmd: MEM
[2015.07.28-14.56.09:340][220]LogMemory: Platform Memory Stats for Windows
[2015.07.28-14.56.09:340][220]LogMemory: Process Physical Memory: 566.88 MB used, 616.08 MB peak
[2015.07.28-14.56.09:340][220]LogMemory: Process Virtual Memory: 1215.79 MB used, 1240.07 MB peak
[2015.07.28-14.56.09:340][220]LogMemory: Physical Memory: 4485.85 MB used, 16271.36 MB total
[2015.07.28-14.56.09:340][220]LogMemory: Virtual Memory: 1863.73 MB used, 134217728.00 MB total
[2015.07.28-14.56.09:340][220]LogMemory: 
[2015.07.28-14.56.09:340][220]Allocator Stats for TBB: (not implemented)
[2015.07.28-14.56.10:780][220]LogAIModule: Creating AISystem for world Minimal_Default
[2015.07.28-14.56.10:862][220]LogWorld: Game class is 'GameMode_BP_C'
[2015.07.28-14.56.10:878][220]LogWorld: Bringing World /Game/StarterContent/Maps/UEDPIE_0_Minimal_Default.Minimal_Default up for play (max tick rate 0) at 2015.07.28-16.56.10
[2015.07.28-14.56.10:878][220]LogActor:Warning: GameSession /Game/StarterContent/Maps/UEDPIE_0_Minimal_Default.Minimal_Default:PersistentLevel.GameSession_1 has natively added scene component(s), but none of them were set as the actor's RootComponent - picking one arbitrarily
[2015.07.28-14.56.10:878][220]LogActor:Warning: GameNetworkManager /Game/StarterContent/Maps/UEDPIE_0_Minimal_Default.Minimal_Default:PersistentLevel.GameNetworkManager_1 has natively added scene component(s), but none of them were set as the actor's RootComponent - picking one arbitrarily
[2015.07.28-14.56.10:878][220]LogWorld: Bringing up level for play took: 0.014038
[2015.07.28-14.56.32:093][ 91]LogParticles: Destroying 0 GPU particle simulations for FXSystem 0x00000098AA51BCE0
[2015.07.28-14.56.35:647][432]LogD3D11RHI: InitD3DDevice
[2015.07.28-14.56.39:918][830]BlueprintLog: New page: Pre-PIE auto-recompile
[2015.07.28-14.56.39:918][830]LogPlayLevel: [PIE] Compiling MenuLevel before PIE...
[2015.07.28-14.56.39:979][830]LogPlayLevel: PIE:  Blueprint regeneration took 61 ms (1 blueprints)
[2015.07.28-14.56.39:984][830]PIE: New page: PIE session: MenuLevel (28 Jul 2015 18:56:39)
[2015.07.28-14.56.39:984][830]LogPlayLevel: Creating play world package: /Game/Level/UEDPIE_1_MenuLevel
[2015.07.28-14.56.39:986][830]LogPlayLevel: PIE: StaticDuplicateObject took: (0.001707s)
[2015.07.28-14.56.39:986][830]LogAIModule: Creating AISystem for world MenuLevel
[2015.07.28-14.56.39:987][830]LogPlayLevel: PIE: World Init took: (0.001008s)
[2015.07.28-14.56.39:987][830]LogPlayLevel: PIE: Created PIE world by copying editor world from /Game/Level/MenuLevel.MenuLevel to /Game/Level/UEDPIE_1_MenuLevel.MenuLevel (0.002869s)
[2015.07.28-14.56.40:010][830]LogInit: XAudio2 using 'Haut-parleurs (2- Plantronics GameCom 780)' : 6 channels at 44.1 kHz using 16 bits per sample (channel mask 0x60f)
[2015.07.28-14.56.40:015][830]LogInit: FAudioDevice initialized.
[2015.07.28-14.56.40:048][830]LogWorld: Game class is 'GameMode_BP_C'
[2015.07.28-14.56.40:050][830]LogWorld: Bringing World /Game/Level/UEDPIE_1_MenuLevel.MenuLevel up for play (max tick rate 0) at 2015.07.28-16.56.40
[2015.07.28-14.56.40:050][830]LogActor:Warning: GameSession /Game/Level/UEDPIE_1_MenuLevel.MenuLevel:PersistentLevel.GameSession_2 has natively added scene component(s), but none of them were set as the actor's RootComponent - picking one arbitrarily
[2015.07.28-14.56.40:050][830]LogActor:Warning: GameNetworkManager /Game/Level/UEDPIE_1_MenuLevel.MenuLevel:PersistentLevel.GameNetworkManager_2 has natively added scene component(s), but none of them were set as the actor's RootComponent - picking one arbitrarily
[2015.07.28-14.56.40:050][830]LogWorld: Bringing up level for play took: 0.000850
[2015.07.28-14.56.40:051][830]LogInit: WinSock: Socket queue 131072 / 131072
[2015.07.28-14.56.40:053][830]LogInit: WinSock: I am Fieldrain-PC (192.168.0.13:0)
[2015.07.28-14.56.40:053][830]LogNet: GameNetDriver IpNetDriver_0 IpNetDriver listening on port 7777
[2015.07.28-14.56.40:056][830]PIE: Info Play in editor start time for /Game/Level/UEDPIE_1_MenuLevel -0,701
[2015.07.28-14.56.40:060][830]PIE: New page: PIE session: MenuLevel (28 Jul 2015 18:56:40)
[2015.07.28-14.56.40:067][830]LogD3D11RHI: InitD3DDevice
[2015.07.28-14.56.40:111][830]LogNet: Browse: 127.0.0.1//Game/StarterContent/Maps/Minimal_Default
[2015.07.28-14.56.40:112][830]LogInit: WinSock: Socket queue 32768 / 32768
[2015.07.28-14.56.40:112][830]LogNet: Game client on port 7777, rate 10000
[2015.07.28-14.56.40:112][830]LogNet: GetLocalNetworkVersion: GEngineNetVersion: 2614606, ProjectName: projecttron, ProjectVersion: 1.0.0.0, InternalProtocolVersion: 8, LocalNetworkVersion: 432835728
[2015.07.28-14.56.40:127][830]PIE: Info Play in editor start time for /Game/StarterContent/Maps/Minimal_Default -0,631
[2015.07.28-14.56.40:131][830]LogNet: NotifyAcceptingConnection: Server MenuLevel accept
[2015.07.28-14.56.40:131][830]LogNet: Open MenuLevel 07/28/15 16:56:40 127.0.0.1
[2015.07.28-14.56.40:131][830]LogNet: Added client connection.  Remote address = 127.0.0.1:61309
[2015.07.28-14.56.40:131][830]LogNet: NotifyAcceptingChannel Control 0 server World /Game/Level/UEDPIE_1_MenuLevel.MenuLevel: Accepted
[2015.07.28-14.56.40:131][830]LogNet: Remote platform little endian=1
[2015.07.28-14.56.40:131][830]LogNet: This platform little endian=1
[2015.07.28-14.56.40:131][830]LogNet: GetLocalNetworkVersion: GEngineNetVersion: 2614606, ProjectName: projecttron, ProjectVersion: 1.0.0.0, InternalProtocolVersion: 8, LocalNetworkVersion: 432835728
[2015.07.28-14.56.40:173][831]LogNet: Login request: /Game/StarterContent/Maps/Minimal_Default userId: Invalid
[2015.07.28-14.56.40:174][831]LogNet: Welcomed by server (Level: /Game/Level/UEDPIE_1_MenuLevel, Game: /Game/GameMode/GameMode_BP.GameMode_BP_C)
[2015.07.28-14.56.40:208][831]LogLoad: LoadMap: 127.0.0.1//Game/Level/UEDPIE_1_MenuLevel?game=/Game/GameMode/GameMode_BP.GameMode_BP_C
[2015.07.28-14.56.40:235][831]LogParticles: Destroying 0 GPU particle simulations for FXSystem 0x00000098F47CC7C0
[2015.07.28-14.56.40:243][831]Cmd: MEM
[2015.07.28-14.56.40:263][831]LogMemory: Platform Memory Stats for Windows
[2015.07.28-14.56.40:263][831]LogMemory: Process Physical Memory: 707.22 MB used, 755.79 MB peak
[2015.07.28-14.56.40:263][831]LogMemory: Process Virtual Memory: 1419.00 MB used, 1419.69 MB peak
[2015.07.28-14.56.40:263][831]LogMemory: Physical Memory: 4636.21 MB used, 16271.36 MB total
[2015.07.28-14.56.40:263][831]LogMemory: Virtual Memory: 2063.54 MB used, 134217728.00 MB total
[2015.07.28-14.56.40:263][831]LogMemory: 
[2015.07.28-14.56.40:263][831]Allocator Stats for TBB: (not implemented)
[2015.07.28-14.56.40:263][831]LogLinker: Can't find file for asset '/Game/Level/UEDPIE_1_MenuLevel' while loading NULL.
[2015.07.28-14.56.40:265][831]LogWorld: PIE: Copying PIE streaming level from /Game/Level/MenuLevel.MenuLevel to /Game/Level/UEDPIE_2_MenuLevel.MenuLevel. OwningWorld: None
[2015.07.28-14.56.40:266][831]LogAIModule: Creating AISystem for world MenuLevel
[2015.07.28-14.56.40:268][831]LogWorld: Bringing World /Game/Level/UEDPIE_2_MenuLevel.MenuLevel up for play (max tick rate 0) at 2015.07.28-16.56.40
[2015.07.28-14.56.40:268][831]LogWorld: Bringing up level for play took: 0.000637
[2015.07.28-14.56.40:284][832]LogRenderer: Reallocating scene render targets to support 1280x720 (Frame:3777).
[2015.07.28-14.56.40:284][832]LogNet: Client netspeed is 10000
[2015.07.28-14.56.40:284][832]LogNet: Join request: /Game/StarterContent/Maps/Minimal_Default?SplitscreenCount=1
[2015.07.28-14.56.40:286][832]LogGameMode:Warning: Couldn't spawn Pawn of type Character_BP_C at PlayerStartPIE_1
[2015.07.28-14.56.40:286][832]LogNet: Join succeeded: 259
[2015.07.28-14.56.41:259][887]LogPackageName: SearchForPackageOnDisk took   0.047s to resolve Multiplayer_Level.umap
[2015.07.28-14.56.41:303][887]LogPackageName: SearchForPackageOnDisk took   0.043s to resolve Multiplayer_Level.umap
[2015.07.28-14.56.41:303][887]LogNet: Browse: /Game/Level/Multiplayer_Level
[2015.07.28-14.56.41:303][887]LogLoad: LoadMap: /Game/Level/Multiplayer_Level
[2015.07.28-14.56.41:303][887]LogNet: World NetDriver shutdown IpNetDriver_1 [GameNetDriver]
[2015.07.28-14.56.41:303][887]LogNet: DestroyNamedNetDriver IpNetDriver_1 [GameNetDriver]
[2015.07.28-14.56.41:303][887]LogNet: UNetConnection::Close: Name: IpConnection_0, Driver: GameNetDriver IpNetDriver_1, PC: PlayerController_5, Owner: PlayerController_5, Channels: 10, RemoteAddr: 127.0.0.1:7777, Time: 2015.07.28-14.56.41
[2015.07.28-14.56.41:303][887]LogNet: UChannel::Close: Sending CloseBunch. ChIndex == 0. Name: ControlChannel_0
[2015.07.28-14.56.41:303][887]LogExit: GameNetDriver IpNetDriver_1 shut down
[2015.07.28-14.56.41:326][887]LogParticles: Destroying 0 GPU particle simulations for FXSystem 0x00000098F48EF600
[2015.07.28-14.56.41:326][887]Cmd: MEM
[2015.07.28-14.56.41:344][887]LogMemory: Platform Memory Stats for Windows
[2015.07.28-14.56.41:344][887]LogMemory: Process Physical Memory: 709.98 MB used, 755.79 MB peak
[2015.07.28-14.56.41:344][887]LogMemory: Process Virtual Memory: 1421.69 MB used, 1564.00 MB peak
[2015.07.28-14.56.41:344][887]LogMemory: Physical Memory: 4636.20 MB used, 16271.36 MB total
[2015.07.28-14.56.41:344][887]LogMemory: Virtual Memory: 2084.92 MB used, 134217728.00 MB total
[2015.07.28-14.56.41:344][887]LogMemory: 
[2015.07.28-14.56.41:344][887]Allocator Stats for TBB: (not implemented)
[2015.07.28-14.56.41:408][887]LogAIModule: Creating AISystem for world Multiplayer_Level
[2015.07.28-14.56.41:486][887]LogWorld: Game class is 'GameMode_BP_C'
[2015.07.28-14.56.41:488][887]LogWorld: Bringing World /Game/Level/UEDPIE_2_Multiplayer_Level.Multiplayer_Level up for play (max tick rate 0) at 2015.07.28-16.56.41
[2015.07.28-14.56.41:488][887]LogActor:Warning: GameSession /Game/Level/UEDPIE_2_Multiplayer_Level.Multiplayer_Level:PersistentLevel.GameSession_3 has natively added scene component(s), but none of them were set as the actor's RootComponent - picking one arbitrarily
[2015.07.28-14.56.41:488][887]LogActor:Warning: GameNetworkManager /Game/Level/UEDPIE_2_Multiplayer_Level.Multiplayer_Level:PersistentLevel.GameNetworkManager_3 has natively added scene component(s), but none of them were set as the actor's RootComponent - picking one arbitrarily
[2015.07.28-14.56.41:488][887]LogWorld: Bringing up level for play took: 0.001017
[2015.07.28-14.56.41:489][887]LogGameMode: Warning - PATHS NOT DEFINED or NO PLAYERSTART with positive rating
[2015.07.28-14.56.41:524][887]LogScript:Warning: FindSessions - Invalid or uninitialized OnlineSubsystem
[2015.07.28-14.56.41:524][887]LogScript:Warning: FindSessions - Cannot map local player to unique net ID
[2015.07.28-14.56.41:538][888]LogNet: UChannel::ReceivedSequencedBunch: Bunch.bClose == true. ChIndex == 0. Calling ConditionalCleanUp.
[2015.07.28-14.56.41:538][888]LogNet: UChannel::CleanUp: [GameNetDriver] [PlayerController_4] [PlayerController_4]. ChIndex == 0. Closing connection.
[2015.07.28-14.56.41:538][888]LogNet: UNetConnection::Close: Name: IpConnection_1, Driver: GameNetDriver IpNetDriver_0, PC: PlayerController_4, Owner: PlayerController_4, Channels: 10, RemoteAddr: 127.0.0.1:61309, Time: 2015.07.28-14.56.41
[2015.07.28-14.56.41:538][888]LogNet: UChannel::Close: Sending CloseBunch. ChIndex == 0. Name: ControlChannel_1
[2015.07.28-14.56.45:806][ 92]LogPackageName: SearchForPackageOnDisk took   0.045s to resolve Multiplayer_Level.umap
[2015.07.28-14.56.45:849][ 92]LogPackageName: SearchForPackageOnDisk took   0.042s to resolve Multiplayer_Level.umap
[2015.07.28-14.56.45:849][ 92]LogNet: Browse: /Game/Level/Multiplayer_Level
[2015.07.28-14.56.45:849][ 92]LogLoad: LoadMap: /Game/Level/Multiplayer_Level
[2015.07.28-14.56.45:878][ 92]LogParticles: Destroying 0 GPU particle simulations for FXSystem 0x00000098F49B1120
[2015.07.28-14.56.45:878][ 92]Cmd: MEM
[2015.07.28-14.56.45:896][ 92]LogMemory: Platform Memory Stats for Windows
[2015.07.28-14.56.45:896][ 92]LogMemory: Process Physical Memory: 713.41 MB used, 755.79 MB peak
[2015.07.28-14.56.45:896][ 92]LogMemory: Process Virtual Memory: 1431.83 MB used, 1564.00 MB peak
[2015.07.28-14.56.45:896][ 92]LogMemory: Physical Memory: 4638.21 MB used, 16271.36 MB total
[2015.07.28-14.56.45:896][ 92]LogMemory: Virtual Memory: 2087.54 MB used, 134217728.00 MB total
[2015.07.28-14.56.45:896][ 92]LogMemory: 
[2015.07.28-14.56.45:896][ 92]Allocator Stats for TBB: (not implemented)
[2015.07.28-14.56.45:943][ 92]LogAIModule: Creating AISystem for world Multiplayer_Level
[2015.07.28-14.56.46:023][ 92]LogWorld: Game class is 'GameMode_BP_C'
[2015.07.28-14.56.46:025][ 92]LogWorld: Bringing World /Game/Level/UEDPIE_2_Multiplayer_Level.Multiplayer_Level up for play (max tick rate 0) at 2015.07.28-16.56.46
[2015.07.28-14.56.46:025][ 92]LogActor:Warning: GameSession /Game/Level/UEDPIE_2_Multiplayer_Level.Multiplayer_Level:PersistentLevel.GameSession_4 has natively added scene component(s), but none of them were set as the actor's RootComponent - picking one arbitrarily
[2015.07.28-14.56.46:025][ 92]LogActor:Warning: GameNetworkManager /Game/Level/UEDPIE_2_Multiplayer_Level.Multiplayer_Level:PersistentLevel.GameNetworkManager_4 has natively added scene component(s), but none of them were set as the actor's RootComponent - picking one arbitrarily
[2015.07.28-14.56.46:025][ 92]LogWorld: Bringing up level for play took: 0.001003
[2015.07.28-14.56.46:026][ 92]LogGameMode: Warning - PATHS NOT DEFINED or NO PLAYERSTART with positive rating
[2015.07.28-14.56.46:028][ 92]LogScript:Warning: FindSessions - Invalid or uninitialized OnlineSubsystem
[2015.07.28-14.56.46:028][ 92]LogScript:Warning: FindSessions - Cannot map local player to unique net ID
[2015.07.28-14.56.48:408][245]LogScript:Warning: FindSessions - Invalid or uninitialized OnlineSubsystem
[2015.07.28-14.56.48:408][245]LogScript:Warning: FindSessions - Cannot map local player to unique net ID
[2015.07.28-14.56.52:834][461]LogPackageName: SearchForPackageOnDisk took   0.044s to resolve Minimal_Default.umap
[2015.07.28-14.56.52:876][461]LogPackageName: SearchForPackageOnDisk took   0.041s to resolve Minimal_Default.umap
[2015.07.28-14.56.52:876][461]LogNet: Browse: /Game/StarterContent/Maps/Minimal_Default
[2015.07.28-14.56.52:876][461]LogLoad: LoadMap: /Game/StarterContent/Maps/Minimal_Default
[2015.07.28-14.56.52:876][461]LogNet: World NetDriver shutdown IpNetDriver_0 [GameNetDriver]
[2015.07.28-14.56.52:876][461]LogNet: DestroyNamedNetDriver IpNetDriver_0 [GameNetDriver]
[2015.07.28-14.56.52:877][461]LogExit: GameNetDriver IpNetDriver_0 shut down
[2015.07.28-14.56.52:907][461]LogParticles: Destroying 0 GPU particle simulations for FXSystem 0x00000098F442BBA0
[2015.07.28-14.56.52:907][461]Cmd: MEM
[2015.07.28-14.56.52:926][461]LogMemory: Platform Memory Stats for Windows
[2015.07.28-14.56.52:926][461]LogMemory: Process Physical Memory: 711.35 MB used, 755.79 MB peak
[2015.07.28-14.56.52:926][461]LogMemory: Process Virtual Memory: 1436.11 MB used, 1564.00 MB peak
[2015.07.28-14.56.52:926][461]LogMemory: Physical Memory: 4632.10 MB used, 16271.36 MB total
[2015.07.28-14.56.52:926][461]LogMemory: Virtual Memory: 2095.04 MB used, 134217728.00 MB total
[2015.07.28-14.56.52:926][461]LogMemory: 
[2015.07.28-14.56.52:926][461]Allocator Stats for TBB: (not implemented)
[2015.07.28-14.56.53:033][461]LogAIModule: Creating AISystem for world Minimal_Default
[2015.07.28-14.56.53:107][461]LogWorld: Game class is 'GameMode_BP_C'
[2015.07.28-14.56.53:117][461]LogWorld: Bringing World /Game/StarterContent/Maps/UEDPIE_1_Minimal_Default.Minimal_Default up for play (max tick rate 0) at 2015.07.28-16.56.53
[2015.07.28-14.56.53:117][461]LogActor:Warning: GameSession /Game/StarterContent/Maps/UEDPIE_1_Minimal_Default.Minimal_Default:PersistentLevel.GameSession_5 has natively added scene component(s), but none of them were set as the actor's RootComponent - picking one arbitrarily
[2015.07.28-14.56.53:117][461]LogActor:Warning: GameNetworkManager /Game/StarterContent/Maps/UEDPIE_1_Minimal_Default.Minimal_Default:PersistentLevel.GameNetworkManager_5 has natively added scene component(s), but none of them were set as the actor's RootComponent - picking one arbitrarily
[2015.07.28-14.56.53:118][461]LogWorld: Bringing up level for play took: 0.008684
[2015.07.28-14.57.04:453][933]LogPackageName: SearchForPackageOnDisk took   0.044s to resolve Multiplayer_Level.umap
[2015.07.28-14.57.04:501][933]LogPackageName: SearchForPackageOnDisk took   0.046s to resolve Multiplayer_Level.umap
[2015.07.28-14.57.04:501][933]LogNet: Browse: /Game/Level/Multiplayer_Level
[2015.07.28-14.57.04:501][933]LogLoad: LoadMap: /Game/Level/Multiplayer_Level
[2015.07.28-14.57.04:517][933]LogParticles: Destroying 0 GPU particle simulations for FXSystem 0x00000098F489A5C0
[2015.07.28-14.57.04:534][933]Cmd: MEM
[2015.07.28-14.57.04:554][933]LogMemory: Platform Memory Stats for Windows
[2015.07.28-14.57.04:554][933]LogMemory: Process Physical Memory: 721.04 MB used, 755.79 MB peak
[2015.07.28-14.57.04:554][933]LogMemory: Process Virtual Memory: 1440.33 MB used, 1564.00 MB peak
[2015.07.28-14.57.04:554][933]LogMemory: Physical Memory: 4653.23 MB used, 16271.36 MB total
[2015.07.28-14.57.04:554][933]LogMemory: Virtual Memory: 2108.60 MB used, 134217728.00 MB total
[2015.07.28-14.57.04:554][933]LogMemory: 
[2015.07.28-14.57.04:554][933]Allocator Stats for TBB: (not implemented)
[2015.07.28-14.57.04:598][933]LogAIModule: Creating AISystem for world Multiplayer_Level
[2015.07.28-14.57.04:672][933]LogWorld: Game class is 'GameMode_BP_C'
[2015.07.28-14.57.04:674][933]LogWorld: Bringing World /Game/Level/UEDPIE_2_Multiplayer_Level.Multiplayer_Level up for play (max tick rate 0) at 2015.07.28-16.57.04
[2015.07.28-14.57.04:674][933]LogActor:Warning: GameSession /Game/Level/UEDPIE_2_Multiplayer_Level.Multiplayer_Level:PersistentLevel.GameSession_6 has natively added scene component(s), but none of them were set as the actor's RootComponent - picking one arbitrarily
[2015.07.28-14.57.04:674][933]LogActor:Warning: GameNetworkManager /Game/Level/UEDPIE_2_Multiplayer_Level.Multiplayer_Level:PersistentLevel.GameNetworkManager_6 has natively added scene component(s), but none of them were set as the actor's RootComponent - picking one arbitrarily
[2015.07.28-14.57.04:675][933]LogWorld: Bringing up level for play took: 0.000999
[2015.07.28-14.57.04:675][933]LogGameMode: Warning - PATHS NOT DEFINED or NO PLAYERSTART with positive rating
[2015.07.28-14.57.04:677][933]LogScript:Warning: FindSessions - Invalid or uninitialized OnlineSubsystem
[2015.07.28-14.57.04:677][933]LogScript:Warning: FindSessions - Cannot map local player to unique net ID
[2015.07.28-14.57.05:706][991]LogScript:Warning: FindSessions - Invalid or uninitialized OnlineSubsystem
[2015.07.28-14.57.05:706][991]LogScript:Warning: FindSessions - Cannot map local player to unique net ID
[2015.07.28-14.57.07:707][ 82]LogScript:Warning: FindSessions - Invalid or uninitialized OnlineSubsystem
[2015.07.28-14.57.07:707][ 82]LogScript:Warning: FindSessions - Cannot map local player to unique net ID
[2015.07.28-14.57.08:141][107]LogScript:Warning: FindSessions - Invalid or uninitialized OnlineSubsystem
[2015.07.28-14.57.08:141][107]LogScript:Warning: FindSessions - Cannot map local player to unique net ID
[2015.07.28-14.57.08:293][116]LogScript:Warning: FindSessions - Invalid or uninitialized OnlineSubsystem
[2015.07.28-14.57.08:293][116]LogScript:Warning: FindSessions - Cannot map local player to unique net ID
[2015.07.28-14.57.13:741][425]Cmd: r.setRes 1920x1080
[2015.07.28-14.57.13:742][425]r.SetRes = "1920x1080"
[2015.07.28-14.57.13:778][425]LogRenderer: Reallocating scene render targets to support 1912x1048 (Frame:6966).
[2015.07.28-14.57.13:911][425]LogRenderer: Reallocating scene render targets to support 1920x1080 (Frame:6967).
[2015.07.28-14.57.18:719][555]LogSpawn:Warning: SpawnActor failed because we are in the process of tearing down the world
[2015.07.28-14.57.18:758][555]LogParticles: Destroying 0 GPU particle simulations for FXSystem 0x00000098F4898D60
[2015.07.28-14.57.18:793][556]LogParticles: Destroying 0 GPU particle simulations for FXSystem 0x00000098F4428900
[2015.07.28-14.57.22:802][935]LogEditorViewport: Clicking Background
[2015.07.28-14.57.35:998][996]LogD3D11RHI: InitD3DDevice
[2015.07.28-14.57.36:104][996]LogAIModule: Creating AISystem for world Minimal_Default
[2015.07.28-14.57.36:143][996]Cmd: MAP LOAD FILE="../../../../../UnrealEngineProject/ProjectTron/Content/StarterContent/Maps/Minimal_Default.umap" TEMPLATE=0 SHOWPROGRESS=1 FEATURELEVEL=3
[2015.07.28-14.57.36:143][996]LightingResults: New page: Lighting Build
[2015.07.28-14.57.36:165][996]LoadErrors: New page: Loading map: Minimal_Default.umap
[2015.07.28-14.57.36:165][996]MapCheck: New page: Map Check
[2015.07.28-14.57.36:165][996]LightingResults: New page: Lighting Build
[2015.07.28-14.57.36:175][996]LogParticles: Destroying 0 GPU particle simulations for FXSystem 0x000000988FC88720
[2015.07.28-14.57.36:283][996]LogAIModule: Creating AISystem for world Minimal_Default
[2015.07.28-14.57.36:288][996]LogEditorServer: Finished looking for orphan Actors (0.000 secs)
[2015.07.28-14.57.36:321][996]Cmd: MAP CHECKDEP NOCLEARLOG
[2015.07.28-14.57.36:355][996]MapCheck: Info Map check complete: 0 Error(s), 0 Warning(s), took 33,206ms to complete.
[2015.07.28-14.57.36:355][996]LogFileHelpers: Loading map 'Minimal_Default' took 0.213
[2015.07.28-14.57.36:360][996]LogAudio:Warning: Detected orphaned looping sound 'Starter_Background_Cue'.
[2015.07.28-14.57.47:011][833]LogD3D11RHI: InitD3DDevice
[2015.07.28-14.57.47:785][922]LogD3D11RHI: InitD3DDevice
[2015.07.28-14.57.47:821][924]LogD3D11RHI: InitD3DDevice
[2015.07.28-14.57.47:840][925]LogD3D11RHI: InitD3DDevice
[2015.07.28-14.57.47:858][926]LogD3D11RHI: InitD3DDevice
[2015.07.28-14.57.58:009][771]LogD3D11RHI: InitD3DDevice
[2015.07.28-14.57.58:361][811]LogD3D11RHI: InitD3DDevice
[2015.07.28-14.58.08:108][652]LogD3D11RHI: InitD3DDevice
[2015.07.28-14.58.30:366][521]LogD3D11RHI: InitD3DDevice
[2015.07.28-14.58.30:490][521]LogContentBrowser: Native class hierarchy updated for 'Cascade' in 0.0004 seconds. Added 2 classes and 2 folders.
[2015.07.28-14.58.30:572][521]LogPhysics:Warning: PHYSX: ..\..\PhysXExtensions\src\ExtRigidBodyExt.cpp (217) 4 : computeMassAndInertia: Dynamic actor with illegal collision shapes
[2015.07.28-14.58.30:572][521]LogPhysics:Warning: PHYSX: ..\..\PhysXExtensions\src\ExtRigidBodyExt.cpp (266) 4 : PxRigidBodyExt::updateMassAndInertia: Mass and inertia computation failed, setting mass to 1 and inertia to (1,1,1)
[2015.07.28-14.58.30:670][521]LogD3D11RHI: InitD3DDevice
[2015.07.28-14.58.38:188][945]LogCascade: Quitting Cascade. FXSystem=0x000000988FCF32E0
[2015.07.28-14.59.08:041][286]LogD3D11RHI: InitD3DDevice
[2015.07.28-14.59.08:087][286]LogPhysics:Warning: PHYSX: ..\..\PhysXExtensions\src\ExtRigidBodyExt.cpp (217) 4 : computeMassAndInertia: Dynamic actor with illegal collision shapes
[2015.07.28-14.59.08:087][286]LogPhysics:Warning: PHYSX: ..\..\PhysXExtensions\src\ExtRigidBodyExt.cpp (266) 4 : PxRigidBodyExt::updateMassAndInertia: Mass and inertia computation failed, setting mass to 1 and inertia to (1,1,1)
[2015.07.28-14.59.08:125][286]LogD3D11RHI: InitD3DDevice
[2015.07.28-15.01.46:576][369]LogCascade: Quitting Cascade. FXSystem=0x00000098F755B1A0
[2015.07.28-15.03.37:129][127]LogParticles: Destroying 0 GPU particle simulations for FXSystem 0x00000098F755B1A0
[2015.07.28-15.03.37:129][127]LogParticles: Destroying 0 GPU particle simulations for FXSystem 0x000000988FCF32E0
[2015.07.28-15.03.37:232][127]LogWindowsTextInputMethodSystem:Display: IME system now deactivated.
[2015.07.28-15.03.37:501][128]Cmd: QUIT_EDITOR
[2015.07.28-15.03.38:758][128]LogExit: Preparing to exit.
[2015.07.28-15.03.39:044][128]LogExit: Editor shut down
[2015.07.28-15.03.39:044][128]LogExit: Transaction tracking system shut down
[2015.07.28-15.03.39:046][128]LogParticles: Destroying 0 GPU particle simulations for FXSystem 0x000000988FC8BBA0
[2015.07.28-15.03.39:046][128]LogParticles: Destroying 0 GPU particle simulations for FXSystem 0x000000988FA814E0
[2015.07.28-15.03.39:046][128]LogParticles: Destroying 0 GPU particle simulations for FXSystem 0x00000098F421EAC0
[2015.07.28-15.03.39:046][128]LogParticles: Destroying 0 GPU particle simulations for FXSystem 0x00000098F421ECA0
[2015.07.28-15.03.39:046][128]LogParticles: Destroying 0 GPU particle simulations for FXSystem 0x00000098F5977BA0
[2015.07.28-15.03.39:208][128]LogParticles: Destroying 0 GPU particle simulations for FXSystem 0x00000098F49C20C0
[2015.07.28-15.03.39:208][128]LogExit: Object subsystem successfully closed.
[2015.07.28-15.03.39:219][128]LogD3D11RHI: Shutdown
[2015.07.28-15.03.39:219][128]LogD3D11RHI: CleanupD3DDevice
[2015.07.28-15.03.39:326][128]LogD3D11RHI: ~FD3D11DynamicRHI
[2015.07.28-15.03.39:338][128]LogModuleManager: Shutting down and abandoning module DistCurveEditor (190)
[2015.07.28-15.03.39:338][128]LogModuleManager: Shutting down and abandoning module Cascade (189)
[2015.07.28-15.03.39:338][128]LogModuleManager: Shutting down and abandoning module CrashTracker (188)
[2015.07.28-15.03.39:338][128]LogModuleManager: Shutting down and abandoning module SceneOutliner (187)
[2015.07.28-15.03.39:338][128]LogModuleManager: Shutting down and abandoning module SuperSearch (186)
[2015.07.28-15.03.39:339][128]LogModuleManager: Shutting down and abandoning module WidgetCarousel (185)
[2015.07.28-15.03.39:339][128]LogModuleManager: Shutting down and abandoning module AddContentDialog (184)
[2015.07.28-15.03.39:339][128]LogModuleManager: Shutting down and abandoning module EditorWidgets (183)
[2015.07.28-15.03.39:339][128]LogModuleManager: Shutting down and abandoning module CollectionManager (182)
[2015.07.28-15.03.39:339][128]LogModuleManager: Shutting down and abandoning module StatsViewer (181)
[2015.07.28-15.03.39:339][128]LogModuleManager: Shutting down and abandoning module FoliageEdit (180)
[2015.07.28-15.03.39:339][128]LogModuleManager: Shutting down and abandoning module LandscapeEditor (179)
[2015.07.28-15.03.39:339][128]LogModuleManager: Shutting down and abandoning module ActorPickerMode (178)
[2015.07.28-15.03.39:339][128]LogModuleManager: Shutting down and abandoning module GeometryMode (177)
[2015.07.28-15.03.39:339][128]LogModuleManager: Shutting down and abandoning module TextureAlignMode (176)
[2015.07.28-15.03.39:339][128]LogModuleManager: Shutting down and abandoning module BspMode (175)
[2015.07.28-15.03.39:339][128]LogModuleManager: Shutting down and abandoning module PlacementMode (174)
[2015.07.28-15.03.39:339][128]LogModuleManager: Shutting down and abandoning module AutomationWorker (173)
[2015.07.28-15.03.39:339][128]LogModuleManager: Shutting down and abandoning module CharacterAI (172)
[2015.07.28-15.03.39:340][128]LogModuleManager: Shutting down and abandoning module SmartSnapping (171)
[2015.07.28-15.03.39:340][128]LogModuleManager: Shutting down and abandoning module ViewportSnapping (170)
[2015.07.28-15.03.39:340][128]LogModuleManager: Shutting down and abandoning module LogVisualizer (169)
[2015.07.28-15.03.39:340][128]LogModuleManager: Shutting down and abandoning module GameProjectGeneration (168)
[2015.07.28-15.03.39:340][128]LogModuleManager: Shutting down and abandoning module IntroTutorials (167)
[2015.07.28-15.03.39:340][128]LogModuleManager: Shutting down and abandoning module EditorLiveStreaming (166)
[2015.07.28-15.03.39:340][128]LogModuleManager: Shutting down and abandoning module IOSPlatformEditor (165)
[2015.07.28-15.03.39:361][128]LogModuleManager: Shutting down and abandoning module HTML5PlatformEditor (164)
[2015.07.28-15.03.39:361][128]LogModuleManager: Shutting down and abandoning module AndroidDeviceDetection (163)
[2015.07.28-15.03.39:809][128]LogModuleManager: Shutting down and abandoning module AndroidPlatformEditor (162)
[2015.07.28-15.03.39:809][128]LogModuleManager: Shutting down and abandoning module IOSRuntimeSettings (161)
[2015.07.28-15.03.39:809][128]LogModuleManager: Shutting down and abandoning module AndroidRuntimeSettings (160)
[2015.07.28-15.03.39:809][128]LogModuleManager: Shutting down and abandoning module MergeActors (159)
[2015.07.28-15.03.39:827][128]LogModuleManager: Shutting down and abandoning module SizeMap (158)
[2015.07.28-15.03.39:827][128]LogModuleManager: Shutting down and abandoning module TreeMap (157)
[2015.07.28-15.03.39:827][128]LogModuleManager: Shutting down and abandoning module ReferenceViewer (156)
[2015.07.28-15.03.39:827][128]LogModuleManager: Shutting down and abandoning module LocalizationDashboard (155)
[2015.07.28-15.03.39:827][128]LogModuleManager: Shutting down and abandoning module HardwareTargeting (154)
[2015.07.28-15.03.39:827][128]LogModuleManager: Shutting down and abandoning module DeviceProfileEditor (153)
[2015.07.28-15.03.39:827][128]LogModuleManager: Shutting down and abandoning module UndoHistory (152)
[2015.07.28-15.03.39:827][128]LogModuleManager: Shutting down and abandoning module GameplayTagsEditor (151)
[2015.07.28-15.03.39:827][128]LogModuleManager: Shutting down and abandoning module UserFeedback (150)
[2015.07.28-15.03.39:827][128]LogModuleManager: Shutting down and abandoning module XmlParser (149)
[2015.07.28-15.03.39:827][128]LogModuleManager: Shutting down and abandoning module Blutility (148)
[2015.07.28-15.03.39:827][128]LogModuleManager: Shutting down and abandoning module ProjectTargetPlatformEditor (147)
[2015.07.28-15.03.39:827][128]LogModuleManager: Shutting down and abandoning module ProjectSettingsViewer (146)
[2015.07.28-15.03.39:827][128]LogModuleManager: Shutting down and abandoning module InputBindingEditor (145)
[2015.07.28-15.03.39:827][128]LogModuleManager: Shutting down and abandoning module EditorSettingsViewer (144)
[2015.07.28-15.03.39:828][128]LogModuleManager: Shutting down and abandoning module SettingsEditor (143)
[2015.07.28-15.03.39:828][128]LogModuleManager: Shutting down and abandoning module ProjectLauncher (142)
[2015.07.28-15.03.39:844][128]LogModuleManager: Shutting down and abandoning module SessionFrontend (141)
[2015.07.28-15.03.39:853][128]LogModuleManager: Shutting down and abandoning module ProfilerClient (140)
[2015.07.28-15.03.39:859][128]LogModuleManager: Shutting down and abandoning module TargetDeviceServices (139)
[2015.07.28-15.03.39:859][128]LogModuleManager: Shutting down and abandoning module DeviceManager (138)
[2015.07.28-15.03.39:859][128]LogModuleManager: Shutting down and abandoning module AutomationController (137)
[2015.07.28-15.03.39:860][128]LogModuleManager: Shutting down and abandoning module AutomationWindow (136)
[2015.07.28-15.03.39:867][128]LogModuleManager: Shutting down and abandoning module Layers (135)
[2015.07.28-15.03.39:884][128]LogModuleManager: Shutting down and abandoning module ComponentVisualizers (134)
[2015.07.28-15.03.39:884][128]LogModuleManager: Shutting down and abandoning module DetailCustomizations (133)
[2015.07.28-15.03.39:884][128]LogModuleManager: Shutting down and abandoning module PackagesDialog (132)
[2015.07.28-15.03.39:884][128]LogModuleManager: Shutting down and abandoning module AssetRegistry (131)
[2015.07.28-15.03.39:954][128]LogModuleManager: Shutting down and abandoning module Persona (130)
[2015.07.28-15.03.39:954][128]LogModuleManager: Shutting down and abandoning module Kismet (129)
[2015.07.28-15.03.39:954][128]LogModuleManager: Shutting down and abandoning module GraphEditor (128)
[2015.07.28-15.03.39:954][128]LogModuleManager: Shutting down and abandoning module ClassViewer (127)
[2015.07.28-15.03.39:954][128]LogModuleManager: Shutting down and abandoning module Toolbox (126)
[2015.07.28-15.03.39:954][128]LogModuleManager: Shutting down and abandoning module ModuleUI (125)
[2015.07.28-15.03.39:954][128]LogModuleManager: Shutting down and abandoning module MovieSceneTools (124)
[2015.07.28-15.03.39:954][128]LogModuleManager: Shutting down and abandoning module OutputLog (123)
[2015.07.28-15.03.39:954][128]LogModuleManager: Shutting down and abandoning module GammaUI (122)
[2015.07.28-15.03.39:954][128]LogModuleManager: Shutting down and abandoning module Documentation (121)
[2015.07.28-15.03.39:954][128]LogModuleManager: Shutting down and abandoning module GameLiveStreaming (120)
[2015.07.28-15.03.39:954][128]LogModuleManager: Shutting down and abandoning module StreamingPauseRendering (119)
[2015.07.28-15.03.39:954][128]LogModuleManager: Shutting down and abandoning module AnalyticsET (118)
[2015.07.28-15.03.39:954][128]LogModuleManager: Shutting down and abandoning module Analytics (117)
[2015.07.28-15.03.39:954][128]LogModuleManager: Shutting down and abandoning module AITestSuite (116)
[2015.07.28-15.03.39:954][128]LogModuleManager: Shutting down and abandoning module GameplayDebugger (115)
[2015.07.28-15.03.39:954][128]LogModuleManager: Shutting down and abandoning module AIModule (114)
[2015.07.28-15.03.39:954][128]LogModuleManager: Shutting down and abandoning module ProfilerService (113)
[2015.07.28-15.03.40:084][128]LogModuleManager: Shutting down and abandoning module TaskGraph (112)
[2015.07.28-15.03.40:084][128]LogModuleManager: Shutting down and abandoning module SlateRemote (111)
[2015.07.28-15.03.40:084][128]LogModuleManager: Shutting down and abandoning module SteamVRController (110)
[2015.07.28-15.03.40:084][128]LogModuleManager: Shutting down and abandoning module SteamVR (109)
[2015.07.28-15.03.40:084][128]LogModuleManager: Shutting down and abandoning module ProceduralMeshComponent (108)
[2015.07.28-15.03.40:084][128]LogModuleManager: Shutting down and abandoning module OculusRift (107)
[2015.07.28-15.03.40:084][128]LogModuleManager: Shutting down and abandoning module LeapMotionController (106)
[2015.07.28-15.03.40:094][128]LogModuleManager: Shutting down and abandoning module CustomMeshComponent (105)
[2015.07.28-15.03.40:094][128]LogModuleManager: Shutting down and abandoning module CableComponent (104)
[2015.07.28-15.03.40:094][128]LogModuleManager: Shutting down and abandoning module MessagingDebugger (103)
[2015.07.28-15.03.40:094][128]LogModuleManager: Shutting down and abandoning module MediaPlayerEditor (102)
[2015.07.28-15.03.40:094][128]LogModuleManager: Shutting down and abandoning module SpeedTreeImporter (101)
[2015.07.28-15.03.40:094][128]LogModuleManager: Shutting down and abandoning module PluginBrowser (100)
[2015.07.28-15.03.40:094][128]LogModuleManager: Shutting down and abandoning module EpicSurvey (99)
[2015.07.28-15.03.40:094][128]LogModuleManager: Shutting down and abandoning module DesktopPlatform (98)
[2015.07.28-15.03.40:094][128]LogModuleManager: Shutting down and abandoning module VisualStudioSourceCodeAccess (97)
[2015.07.28-15.03.40:094][128]LogModuleManager: Shutting down and abandoning module UObjectPlugin (96)
[2015.07.28-15.03.40:094][128]LogModuleManager: Shutting down and abandoning module SubversionSourceControl (95)
[2015.07.28-15.03.40:094][128]LogModuleManager: Shutting down and abandoning module PerforceSourceControl (94)
[2015.07.28-15.03.40:094][128]LogModuleManager: Shutting down and abandoning module SourceControl (93)
[2015.07.28-15.03.40:094][128]LogModuleManager: Shutting down and abandoning module GitSourceControl (92)
[2015.07.28-15.03.40:094][128]LogModuleManager: Shutting down and abandoning module BlankPlugin (91)
[2015.07.28-15.03.40:094][128]LogModuleManager: Shutting down and abandoning module PaperTiledImporter (90)
[2015.07.28-15.03.40:094][128]LogModuleManager: Shutting down and abandoning module PaperSpriteSheetImporter (89)
[2015.07.28-15.03.40:094][128]LogModuleManager: Shutting down and abandoning module MeshPaint (88)
[2015.07.28-15.03.40:094][128]LogModuleManager: Shutting down and abandoning module SlateReflector (87)
[2015.07.28-15.03.40:106][128]LogModuleManager: Shutting down and abandoning module DirectoryWatcher (86)
[2015.07.28-15.03.40:106][128]LogModuleManager: Shutting down and abandoning module HotReload (85)
[2015.07.28-15.03.40:106][128]LogModuleManager: Shutting down and abandoning module MainFrame (84)
[2015.07.28-15.03.40:106][128]LogModuleManager: Shutting down and abandoning module LevelEditor (83)
[2015.07.28-15.03.40:107][128]LogModuleManager: Shutting down and abandoning module ContentBrowser (82)
[2015.07.28-15.03.40:108][128]LogModuleManager: Shutting down and abandoning module Paper2DEditor (81)
[2015.07.28-15.03.40:108][128]LogModuleManager: Shutting down and abandoning module UdpMessaging (80)
[2015.07.28-15.03.40:209][128]LogModuleManager: Shutting down and abandoning module Paper2D (79)
[2015.07.28-15.03.40:209][128]LogModuleManager: Shutting down and abandoning module WindowsMoviePlayer (78)
[2015.07.28-15.03.40:211][128]LogModuleManager: Shutting down and abandoning module Media (77)
[2015.07.28-15.03.40:211][128]LogModuleManager: Shutting down and abandoning module WmfMedia (76)
[2015.07.28-15.03.40:211][128]LogModuleManager: Shutting down and abandoning module OnlineBlueprintSupport (75)
[2015.07.28-15.03.40:211][128]LogModuleManager: Shutting down and abandoning module PropertyEditor (74)
[2015.07.28-15.03.40:211][128]LogModuleManager: Shutting down and abandoning module BehaviorTreeEditor (73)
[2015.07.28-15.03.40:211][128]LogModuleManager: Shutting down and abandoning module FunctionalTesting (72)
[2015.07.28-15.03.40:211][128]LogModuleManager: Shutting down and abandoning module CollisionAnalyzer (71)
[2015.07.28-15.03.40:211][128]LogModuleManager: Shutting down and abandoning module WorkspaceMenuStructure (70)
[2015.07.28-15.03.40:211][128]LogModuleManager: Shutting down and abandoning module MessageLog (69)
[2015.07.28-15.03.40:211][128]LogModuleManager: Shutting down and abandoning module Sequencer (68)
[2015.07.28-15.03.40:211][128]LogModuleManager: Shutting down and abandoning module AssetTools (67)
[2015.07.28-15.03.40:211][128]LogModuleManager: Shutting down and abandoning module UMGEditor (66)
[2015.07.28-15.03.40:212][128]LogModuleManager: Shutting down and abandoning module UMG (65)
[2015.07.28-15.03.40:212][128]LogModuleManager: Shutting down and abandoning module Slate (64)
[2015.07.28-15.03.40:212][128]LogModuleManager: Shutting down and abandoning module EditorStyle (63)
[2015.07.28-15.03.40:213][128]LogModuleManager: Shutting down and abandoning module SessionServices (62)
[2015.07.28-15.03.40:213][128]LogModuleManager: Shutting down and abandoning module SourceCodeAccess (61)
[2015.07.28-15.03.40:214][128]LogModuleManager: Shutting down and abandoning module HeadMountedDisplay (60)
[2015.07.28-15.03.40:214][128]LogModuleManager: Shutting down and abandoning module XAudio2 (59)
[2015.07.28-15.03.40:214][128]LogModuleManager: Shutting down and abandoning module Networking (57)
[2015.07.28-15.03.40:214][128]LogModuleManager: Shutting down and abandoning module Core (56)
[2015.07.28-15.03.40:214][128]LogModuleManager: Shutting down and abandoning module KismetCompiler (55)
[2015.07.28-15.03.40:214][128]LogModuleManager: Shutting down and abandoning module PhysXFormats (54)
[2015.07.28-15.03.40:214][128]LogModuleManager: Shutting down and abandoning module MeshUtilities (53)
[2015.07.28-15.03.40:214][128]LogModuleManager: Shutting down and abandoning module DerivedDataCache (52)
[2015.07.28-15.03.40:312][128]LogDerivedDataCache: Shutdown
[2015.07.28-15.03.40:312][128]LogModuleManager: Shutting down and abandoning module ShaderFormatOpenGL (51)
[2015.07.28-15.03.40:322][128]LogModuleManager: Shutting down and abandoning module ShaderFormatD3D (50)
[2015.07.28-15.03.40:322][128]LogModuleManager: Shutting down and abandoning module MetalShaderFormat (49)
[2015.07.28-15.03.40:337][128]LogModuleManager: Shutting down and abandoning module TextureFormatUncompressed (48)
[2015.07.28-15.03.40:337][128]LogModuleManager: Shutting down and abandoning module TextureFormatPVR (47)
[2015.07.28-15.03.40:337][128]LogModuleManager: Shutting down and abandoning module TextureFormatIntelISPCTexComp (46)
[2015.07.28-15.03.40:337][128]LogModuleManager: Shutting down and abandoning module TextureFormatDXT (45)
[2015.07.28-15.03.40:337][128]LogModuleManager: Shutting down and abandoning module ImageWrapper (44)
[2015.07.28-15.03.40:337][128]LogModuleManager: Shutting down and abandoning module TextureFormatASTC (43)
[2015.07.28-15.03.40:337][128]LogModuleManager: Shutting down and abandoning module TextureFormatAndroid (42)
[2015.07.28-15.03.40:337][128]LogModuleManager: Shutting down and abandoning module AudioFormatOpus (41)
[2015.07.28-15.03.40:347][128]LogModuleManager: Shutting down and abandoning module AudioFormatOgg (40)
[2015.07.28-15.03.40:347][128]LogModuleManager: Shutting down and abandoning module AudioFormatADPCM (39)
[2015.07.28-15.03.40:347][128]LogModuleManager: Shutting down and abandoning module LinuxTargetPlatform (38)
[2015.07.28-15.03.40:347][128]LogModuleManager: Shutting down and abandoning module LinuxServerTargetPlatform (37)
[2015.07.28-15.03.40:347][128]LogModuleManager: Shutting down and abandoning module LinuxNoEditorTargetPlatform (36)
[2015.07.28-15.03.40:347][128]LogModuleManager: Shutting down and abandoning module Messaging (35)
[2015.07.28-15.03.40:347][128]LogModuleManager: Shutting down and abandoning module IOSTargetPlatform (34)
[2015.07.28-15.03.40:347][128]LogModuleManager: Shutting down and abandoning module HTML5TargetPlatform (33)
[2015.07.28-15.03.40:347][128]LogModuleManager: Shutting down and abandoning module Android_PVRTCTargetPlatform (32)
[2015.07.28-15.03.40:347][128]LogModuleManager: Shutting down and abandoning module Android_ETC2TargetPlatform (31)
[2015.07.28-15.03.40:347][128]LogModuleManager: Shutting down and abandoning module Android_ETC1TargetPlatform (30)
[2015.07.28-15.03.40:347][128]LogModuleManager: Shutting down and abandoning module Android_DXTTargetPlatform (29)
[2015.07.28-15.03.40:347][128]LogModuleManager: Shutting down and abandoning module Android_ATCTargetPlatform (28)
[2015.07.28-15.03.40:347][128]LogModuleManager: Shutting down and abandoning module Android_ASTCTargetPlatform (27)
[2015.07.28-15.03.40:347][128]LogModuleManager: Shutting down and abandoning module AndroidTargetPlatform (26)
[2015.07.28-15.03.40:347][128]LogModuleManager: Shutting down and abandoning module WindowsTargetPlatform (25)
[2015.07.28-15.03.40:348][128]LogModuleManager: Shutting down and abandoning module WindowsServerTargetPlatform (24)
[2015.07.28-15.03.40:348][128]LogModuleManager: Shutting down and abandoning module WindowsNoEditorTargetPlatform (23)
[2015.07.28-15.03.40:348][128]LogModuleManager: Shutting down and abandoning module WindowsClientTargetPlatform (22)
[2015.07.28-15.03.40:348][128]LogModuleManager: Shutting down and abandoning module DesktopTargetPlatform (21)
[2015.07.28-15.03.40:348][128]LogModuleManager: Shutting down and abandoning module TargetPlatform (20)
[2015.07.28-15.03.40:348][128]LogModuleManager: Shutting down and abandoning module InputCore (19)
[2015.07.28-15.03.40:348][128]LogModuleManager: Shutting down and abandoning module Settings (18)
[2015.07.28-15.03.40:348][128]LogModuleManager: Shutting down and abandoning module OnlineSubsystem (16)
[2015.07.28-15.03.40:348][128]LogModuleManager: Shutting down and abandoning module HTTP (15)
[2015.07.28-15.03.40:348][128]LogModuleManager: Shutting down and abandoning module ExampleDeviceProfileSelector (14)
[2015.07.28-15.03.40:348][128]LogModuleManager: Shutting down and abandoning module TextureCompressor (13)
[2015.07.28-15.03.40:348][128]LogModuleManager: Shutting down and abandoning module ShaderCore (12)
[2015.07.28-15.03.40:348][128]LogModuleManager: Shutting down and abandoning module Landscape (11)
[2015.07.28-15.03.40:348][128]LogModuleManager: Shutting down and abandoning module SlateRHIRenderer (10)
[2015.07.28-15.03.40:351][128]LogModuleManager: Shutting down and abandoning module OpenGLDrv (9)
[2015.07.28-15.03.40:351][128]LogModuleManager: Shutting down and abandoning module D3D11RHI (8)
[2015.07.28-15.03.40:351][128]LogModuleManager: Shutting down and abandoning module Renderer (7)
[2015.07.28-15.03.40:351][128]LogModuleManager: Shutting down and abandoning module Engine (6)
[2015.07.28-15.03.40:351][128]LogModuleManager: Shutting down and abandoning module CoreUObject (5)
[2015.07.28-15.03.40:351][128]LogModuleManager: Shutting down and abandoning module NetworkFile (4)
[2015.07.28-15.03.40:351][128]LogModuleManager: Shutting down and abandoning module StreamingFile (3)
[2015.07.28-15.03.40:351][128]LogModuleManager: Shutting down and abandoning module SandboxFile (2)
[2015.07.28-15.03.40:357][128]LogModuleManager: Shutting down and abandoning module PakFile (1)
[2015.07.28-15.03.40:357][128]LogExit: Exiting.
[2015.07.28-15.03.40:372][128]Log file closed, 07/28/15 17:03:40
