[2015.07.24-09.43.54:063][  0]Log file open, 07/24/15 11:43:54
[2015.07.24-09.43.54:063][  0]LogInit:Display: Running engine for game: ProjectTron
[2015.07.24-09.43.54:063][  0]LogInit:Display: RandInit(67946923) SRandInit(67946923).
[2015.07.24-09.43.54:063][  0]LogTaskGraph: Started task graph with 4 named threads and 5 total threads.
[2015.07.24-09.43.54:063][  0]LogStats: Stats thread started
[2015.07.24-09.43.54:063][  0]LogInit: Version: 4.8.2-2614606+++depot+UE4-Releases+4.8
[2015.07.24-09.43.54:063][  0]LogInit: API Version: 2579680
[2015.07.24-09.43.54:063][  0]LogInit: Compiled (64-bit): Jul  8 2015 23:43:41
[2015.07.24-09.43.54:063][  0]LogInit: Compiled with Visual C++: 18.00.21005.01
[2015.07.24-09.43.54:063][  0]LogInit: Build Configuration: Development
[2015.07.24-09.43.54:063][  0]LogInit: Branch Name: ++depot+UE4-Releases+4.8
[2015.07.24-09.43.54:063][  0]LogInit: Command line:  
[2015.07.24-09.43.54:063][  0]LogInit: Base directory: C:/Program Files/Epic Games/4.8/Engine/Binaries/Win64/
[2015.07.24-09.43.54:063][  0]LogInit: Rocket: 1
[2015.07.24-09.43.54:080][  0]LogInit: Using libcurl 7.41.0
[2015.07.24-09.43.54:080][  0]LogInit:  - built for x86_64-pc-win32
[2015.07.24-09.43.54:080][  0]LogInit:  - supports SSL with WinSSL
[2015.07.24-09.43.54:080][  0]LogInit:  - other features:
[2015.07.24-09.43.54:080][  0]LogInit:      CURL_VERSION_SSL
[2015.07.24-09.43.54:080][  0]LogInit:      CURL_VERSION_IPV6
[2015.07.24-09.43.54:080][  0]LogInit:      CURL_VERSION_ASYNCHDNS
[2015.07.24-09.43.54:080][  0]LogInit:      CURL_VERSION_LARGEFILE
[2015.07.24-09.43.54:080][  0]LogInit:      CURL_VERSION_IDN
[2015.07.24-09.43.54:080][  0]LogInit:  CurlRequestOptions (configurable via config and command line):
[2015.07.24-09.43.54:080][  0]LogInit:  - bVerifyPeer = true  - Libcurl will verify peer certificate
[2015.07.24-09.43.54:080][  0]LogInit:  - bUseHttpProxy = false  - Libcurl will NOT use HTTP proxy
[2015.07.24-09.43.54:080][  0]LogInit:  - bDontReuseConnections = false  - Libcurl will reuse connections
[2015.07.24-09.43.54:080][  0]LogInit:  - CertBundlePath = nullptr  - Libcurl will use whatever was configured at build time.
[2015.07.24-09.43.54:093][  0]LogOnline:Warning: No default platform service specified for OnlineSubsystem
[2015.07.24-09.43.54:225][  0]LogInit: Presizing for 0 objects not considered by GC, pre-allocating 0 bytes.
[2015.07.24-09.43.54:234][  0]LogInit: Object subsystem initialized
[2015.07.24-09.43.54:235][  0]LogConsoleResponse:Warning: Skipping Unknown console variable: 'TranslucentSortAxis = (X=0.000000,Y=-1.000000,Z=0.000000)'
[2015.07.24-09.43.54:235][  0]LogConsoleResponse:Warning:   Found in ini file 'C:/Users/Quentin/Desktop/ProjectTron/Saved/Config/Windows/Engine.ini', in section '[/Script/Engine.RendererSettings]'
[2015.07.24-09.43.54:235][  0]LogConsoleResponse:Warning: Skipping Unknown console variable: 'UIScaleRule = ShortestSide'
[2015.07.24-09.43.54:235][  0]LogConsoleResponse:Warning:   Found in ini file 'C:/Users/Quentin/Desktop/ProjectTron/Saved/Config/Windows/Engine.ini', in section '[/Script/Engine.RendererSettings]'
[2015.07.24-09.43.54:235][  0]LogConsoleResponse:Warning: Skipping Unknown console variable: 'UIScaleCurve = (EditorCurveData=(Keys=),ExternalCurve=None)'
[2015.07.24-09.43.54:235][  0]LogConsoleResponse:Warning:   Found in ini file 'C:/Users/Quentin/Desktop/ProjectTron/Saved/Config/Windows/Engine.ini', in section '[/Script/Engine.RendererSettings]'
[2015.07.24-09.43.54:235][  0]LogInit: Selected Device Profile: [Windows]
[2015.07.24-09.43.54:235][  0]LogInit: Applying CVar settings loaded from the selected device profile: [Windows]
[2015.07.24-09.43.54:267][  0]LogInit: Computer: ASUS
[2015.07.24-09.43.54:267][  0]LogInit: User: Quentin
[2015.07.24-09.43.54:267][  0]LogInit: CPU Page size=4096, Cores=2
[2015.07.24-09.43.54:267][  0]LogInit: High frequency timer resolution =2.533323 MHz
[2015.07.24-09.43.54:267][  0]LogMemory: Memory total: Physical=7.9GB (8GB approx)
[2015.07.24-09.43.54:267][  0]LogMemory: Platform Memory Stats for Windows
[2015.07.24-09.43.54:267][  0]LogMemory: Process Physical Memory: 49.84 MB used, 49.84 MB peak
[2015.07.24-09.43.54:267][  0]LogMemory: Process Virtual Memory: 22.29 MB used, 22.29 MB peak
[2015.07.24-09.43.54:267][  0]LogMemory: Physical Memory: 3056.06 MB used, 8069.54 MB total
[2015.07.24-09.43.54:267][  0]LogMemory: Virtual Memory: 294.85 MB used, 134217728.00 MB total
[2015.07.24-09.43.54:744][  0]LogTextLocalizationManager: The requested culture ('fr_FR') has no localization data; falling back to 'en' for localization and internationalization data.
[2015.07.24-09.43.55:090][  0]LogTextLocalizationManager:Warning: Loaded localization resources contain conflicting entries for (Namespace:ContentBrowser, Key:ImportAssetToolTip):
Localization Resource: (C:/Program Files/Epic Games/4.8/Engine/Content/Localization/Editor/en/Editor.locres) Source String Hash: (-630476809) Localized String: (Import to {0}...)
Localization Resource: (C:/Program Files/Epic Games/4.8/Engine/Content/Localization/Editor/en/Editor.locres) Source String Hash: (1271782899) Localized String: (Imports an asset from file to this folder.)
[2015.07.24-09.43.55:705][  0]LogD3D11RHI: Found D3D11 adapter 0: Intel(R) HD Graphics 4000 (Feature Level 11_0)
[2015.07.24-09.43.55:705][  0]LogD3D11RHI: Adapter has 32MB of dedicated video memory, 0MB of dedicated system memory, and 1760MB of shared system memory, 1 output[s]
[2015.07.24-09.43.55:723][  0]LogD3D11RHI: Found D3D11 adapter 1: NVIDIA GeForce GT 635M    (Feature Level 11_0)
[2015.07.24-09.43.55:723][  0]LogD3D11RHI: Adapter has 1996MB of dedicated video memory, 0MB of dedicated system memory, and 2047MB of shared system memory, 0 output[s]
[2015.07.24-09.43.55:724][  0]LogD3D11RHI: Found D3D11 adapter 2: Microsoft Basic Render Driver (Feature Level 11_0)
[2015.07.24-09.43.55:724][  0]LogD3D11RHI: Adapter has 0MB of dedicated video memory, 0MB of dedicated system memory, and 256MB of shared system memory, 0 output[s]
[2015.07.24-09.43.55:724][  0]LogD3D11RHI: Chosen D3D11 Adapter Id = 0
[2015.07.24-09.43.55:729][  0]LogD3D11RHI: InitD3DDevice
[2015.07.24-09.43.55:729][  0]LogD3D11RHI: !Direct3DDevice
[2015.07.24-09.43.55:729][  0]LogRHI: Texture pool is 1361 MB (70% of 1945 MB)
[2015.07.24-09.43.55:741][  0]LogD3D11RHI: Async texture creation enabled
[2015.07.24-09.43.55:758][  0]LogShaderCompilers:Display: Using Local Shader Compiler.
[2015.07.24-09.43.59:334][  0]LogTemp:Display: Loaded TP DesktopTargetPlatform
[2015.07.24-09.43.59:351][  0]LogTemp:Display: Loaded TP WindowsClientTargetPlatform
[2015.07.24-09.43.59:370][  0]LogTemp:Display: Loaded TP WindowsNoEditorTargetPlatform
[2015.07.24-09.43.59:386][  0]LogTemp:Display: Loaded TP WindowsServerTargetPlatform
[2015.07.24-09.43.59:406][  0]LogTemp:Display: Loaded TP WindowsTargetPlatform
[2015.07.24-09.43.59:423][  0]LogTemp:Display: Loaded TP AndroidTargetPlatform
[2015.07.24-09.43.59:437][  0]LogTemp:Display: Loaded TP Android_ASTCTargetPlatform
[2015.07.24-09.43.59:452][  0]LogTemp:Display: Loaded TP Android_ATCTargetPlatform
[2015.07.24-09.43.59:466][  0]LogTemp:Display: Loaded TP Android_DXTTargetPlatform
[2015.07.24-09.43.59:480][  0]LogTemp:Display: Loaded TP Android_ETC1TargetPlatform
[2015.07.24-09.43.59:495][  0]LogTemp:Display: Loaded TP Android_ETC2TargetPlatform
[2015.07.24-09.43.59:509][  0]LogTemp:Display: Loaded TP Android_PVRTCTargetPlatform
[2015.07.24-09.43.59:630][  0]LogTemp:Display: Loaded TP IOSTargetPlatform
[2015.07.24-09.43.59:644][  0]LogTemp:Display: Loaded TP LinuxNoEditorTargetPlatform
[2015.07.24-09.43.59:660][  0]LogTemp:Display: Loaded TP LinuxServerTargetPlatform
[2015.07.24-09.43.59:679][  0]LogTemp:Display: Loaded TP LinuxTargetPlatform
[2015.07.24-09.43.59:679][  0]LogTargetPlatformManager:Display: Building Assets For Windows
[2015.07.24-09.44.01:320][  0]LogDerivedDataCache:Display: Max Cache Size: 512 MB
[2015.07.24-09.44.01:984][  0]LogDerivedDataCache: Loaded boot cache 0.65s 53MB C:/Users/Quentin/AppData/Local/UnrealEngine/4.8/DerivedDataCache/Boot.ddc.
[2015.07.24-09.44.01:984][  0]LogDerivedDataCache:Display: Loaded Boot cache: C:/Users/Quentin/AppData/Local/UnrealEngine/4.8/DerivedDataCache/Boot.ddc
[2015.07.24-09.44.01:984][  0]LogDerivedDataCache: FDerivedDataBackendGraph:  Pak pak cache file ../../../../../../Users/Quentin/Desktop/ProjectTron/DerivedDataCache/DDC.ddp not found, will not use a pak cache.
[2015.07.24-09.44.01:984][  0]LogDerivedDataCache: Unable to find inner node Pak for hierarchical cache Hierarchy.
[2015.07.24-09.44.01:984][  0]LogDerivedDataCache: FDerivedDataBackendGraph:  CompressedPak pak cache file ../../../../../../Users/Quentin/Desktop/ProjectTron/DerivedDataCache/Compressed.ddp not found, will not use a pak cache.
[2015.07.24-09.44.01:984][  0]LogDerivedDataCache: Unable to find inner node CompressedPak for hierarchical cache Hierarchy.
[2015.07.24-09.44.02:325][  0]LogDerivedDataCache:Display: Pak cache opened for reading ../../../Engine/DerivedDataCache/Compressed.ddp.
[2015.07.24-09.44.02:337][  0]LogDerivedDataCache: Using Local data cache path C:/Users/Quentin/AppData/Local/UnrealEngine/Common/DerivedDataCache: Writable
[2015.07.24-09.44.19:183][  0]LogInit: Selected Device Profile: [Windows]
[2015.07.24-09.44.20:829][  0]ImportText (ComponentSweepMultiTests): Missing closing parenthesis: (RootShapeAsset="/Engine/BasicShapes/Cube.Cube",ShapeType="TriggerCapsule",HitResult=(Time=0.50,Location=(X=-100.000015,Y=0.0,Z=100.000015),ImpactPoint=(X=-50.0,Y=0.0,Z=50.0),Normal=(X=-1.0,Y=-0.0,Z=0.0),ImpactNormal=(X=0.0,Y=0.0,Z=1.0),TraceStart=(X=-200.0,Y=0.0,Z=200.0),TraceEnd=(X=0.0,Y=0.0,Z=0.0))
[2015.07.24-09.44.20:829][  0]ImportText (LineTraceSingleByChannelTests): Missing closing parenthesis: (RootShapeAsset="/Engine/BasicShapes/Cube.Cube",HitResult=(Time=0.50,Location=(X=-100.000015,Y=0.0,Z=100.000015),ImpactPoint=(X=-50.0,Y=0.0,Z=50.0),Normal=(X=-1.0,Y=-0.0,Z=0.0),ImpactNormal=(X=0.0,Y=0.0,Z=1.0),TraceStart=(X=-200.0,Y=0.0,Z=200.0),TraceEnd=(X=0.0,Y=0.0,Z=0.0))
[2015.07.24-09.44.21:054][  0]LogMeshUtilities: No automatic mesh reduction module available
[2015.07.24-09.44.21:054][  0]LogMeshUtilities: No automatic mesh merging module available
[2015.07.24-09.44.25:268][  0]LogInit: WinSock: version 1.1 (2.2), MaxSocks=32767, MaxUdp=65467
[2015.07.24-09.44.54:058][  0]UdpMessaging: Initializing bridge on interface 0.0.0.0:0 to multicast group 230.0.0.1:6666.
[2015.07.24-09.44.56:582][  0]SourceControl: Info Source control is disabled
[2015.07.24-09.44.57:767][  0]SourceControl: Info Source control is disabled
[2015.07.24-09.44.57:859][  0]SourceControl: Info Source control is disabled
[2015.07.24-09.44.57:940][  0]SourceControl: Info Source control is disabled
[2015.07.24-09.44.59:460][  0]LogObj: 26273 objects as part of root set at end of initial load.
[2015.07.24-09.44.59:460][  0]LogUObjectAllocator: 5409248 out of 0 bytes used by permanent object pool.
[2015.07.24-09.45.00:609][  0]LogEngine: Initializing Engine...
[2015.07.24-09.45.00:656][  0]LogHMD: Can't find Oculus library dev build: is proper Runtime installed? Version: 0.6.0.0
[2015.07.24-09.45.00:707][  0]LogHMD:Warning: SteamVR failed to initialize.  Error: 100
[2015.07.24-09.45.02:159][  0]LogAIModule: Creating AISystem for world NewWorld
[2015.07.24-09.45.02:292][  0]LogInit: XAudio2 using 'Speakers (Realtek High Definition Audio)' : 2 channels at 48 kHz using 32 bits per sample (channel mask 0x3)
[2015.07.24-09.45.02:321][  0]LogInit: FAudioDevice initialized.
[2015.07.24-09.45.02:358][  0]LogDerivedDataCache: Saved boot cache 0.04s 53MB C:/Users/Quentin/AppData/Local/UnrealEngine/4.8/DerivedDataCache/Boot.ddc.
[2015.07.24-09.45.02:745][  0]LogInit: Texture streaming: Disabled
[2015.07.24-09.45.02:970][  0]LogAnalytics: Creating configured Analytics provider AnalyticsET
[2015.07.24-09.45.02:970][  0]LogAnalytics: [UEEditor.Rocket.Release] APIServer = http://et2.epicgames.com/ET2/. AppVersion = 4.8.2-2614606+++depot+UE4-Releases+4.8
[2015.07.24-09.45.02:970][  0]LogAnalytics: [UEEditor.Rocket.Release] SetUserId 2d3bc0f041f185fa28a8c7b684d10d16|5321c04d5e864f15b49acee236f509ea|73d0ac54-4603-4a09-8685-17c06caaac3e
[2015.07.24-09.45.02:984][  0]LogAnalytics: [UEEditor.Rocket.Release] AnalyticsET::StartSession
[2015.07.24-09.45.03:491][  0]LogInit: Transaction tracking system initialized
[2015.07.24-09.45.04:728][  0]BlueprintLog: New page: Editor Load
[2015.07.24-09.45.04:895][  0]LogAssetRegistry: FAssetRegistry took 0.0151 seconds to start up
[2015.07.24-09.45.04:932][  0]LogDirectoryWatcher:Warning: Failed to begin reading directory changes for ../../../Engine/Plugins/Experimental/CharacterAI/Content/. Error: 0
[2015.07.24-09.45.11:608][  0]LogLinker:Warning: Can't find file '/Game/2DSideScrollerBP/2DSideScrollerOverview'
[2015.07.24-09.45.11:613][  0]LogLinker:Warning: Can't find file '/Game/2DSideScrollerBP/2DSideScrollerOverview'
[2015.07.24-09.45.11:614][  0]LogLinker:Warning: Can't find file '/Game/2DSideScrollerBP/2DSideScrollerOverview'
[2015.07.24-09.45.11:619][  0]LogUObjectGlobals:Warning: Failed to find object 'Class /Game/2DSideScrollerBP/2DSideScrollerOverview.2DSideScrollerOverview_C'
[2015.07.24-09.45.12:160][  0]LogConsoleManager:Warning: Console variable 'r.VSync' wasn't set ('GameSetting' has a lower priority than 'SystemSettingsIni')
[2015.07.24-09.45.12:160][  0]LogConsoleResponse:Display: 
[2015.07.24-09.45.16:731][  0]LogCook:Display: Done creating registry. It took  0.00s.
[2015.07.24-09.45.17:672][  0]SourceControl: Info Source control is disabled
[2015.07.24-09.45.17:720][  0]Cmd: MAP LOAD FILE="../../../../../../Users/Quentin/Desktop/ProjectTron/Content/StarterContent/Maps/Minimal_Default.umap" TEMPLATE=0 SHOWPROGRESS=1 FEATURELEVEL=3
[2015.07.24-09.45.17:755][  0]LightingResults: New page: Lighting Build
[2015.07.24-09.45.17:917][  0]MapCheck: New page: Map Check
[2015.07.24-09.45.17:917][  0]LightingResults: New page: Lighting Build
[2015.07.24-09.45.18:079][  0]LogParticles: Destroying 0 GPU particle simulations for FXSystem 0x000000EB5F1849A0
[2015.07.24-09.45.23:016][  0]LogAIModule: Creating AISystem for world Minimal_Default
[2015.07.24-09.45.24:133][  0]LogEditorServer: Finished looking for orphan Actors (0.005 secs)
[2015.07.24-09.45.24:298][  0]Cmd: MAP CHECKDEP NOCLEARLOG
[2015.07.24-09.45.24:387][  0]MapCheck: Info Map check complete: 0 Error(s), 0 Warning(s), took 87.675ms to complete.
[2015.07.24-09.45.24:397][  0]LogFileHelpers: Loading map 'Minimal_Default' took 6.689
[2015.07.24-09.45.25:501][  0]LogCollectionManager: Loaded 0 collections in 0.002449 seconds
[2015.07.24-09.45.25:547][  0]LogContentBrowser: Native class hierarchy populated in 0.0455 seconds. Added 1792 classes and 301 folders.
[2015.07.24-09.45.25:871][  0]LogContentBrowser: Native class hierarchy updated for 'WidgetCarousel' in 0.0003 seconds. Added 0 classes and 0 folders.
[2015.07.24-09.45.26:545][  0]LogContentBrowser: Native class hierarchy updated for 'AddContentDialog' in 0.0004 seconds. Added 0 classes and 0 folders.
[2015.07.24-09.45.27:080][  0]LogContentBrowser: Native class hierarchy updated for 'SceneOutliner' in 0.0004 seconds. Added 1 classes and 2 folders.
[2015.07.24-09.45.27:710][  0]LogCrashTracker: Crashtracker disabled due to settings.
[2015.07.24-09.45.27:817][  0]LogD3D11RHI: InitD3DDevice
[2015.07.24-09.45.27:851][  0]LogUObjectGlobals:Warning: Failed to find object 'Class None.'
[2015.07.24-09.45.27:914][  0]LogLoad: Full Startup: 97.08 seconds (BP compile: 1.45 seconds)
[2015.07.24-09.45.28:693][  0]LogContentStreaming: Texture pool size is 0.000000MB
[2015.07.24-09.45.28:860][  0]LogContentStreaming: Texture pool size now 1000 MB
[2015.07.24-09.45.29:275][  0]LogRenderer: Reallocating scene render targets to support 872x704 (Frame:2).
[2015.07.24-09.45.30:301][  2]LogD3D11RHI: InitD3DDevice
[2015.07.24-09.45.32:338][  8]LogAssetRegistry: Asset discovery search completed in 27.4588 seconds
[2015.07.24-09.46.01:990][ 97]LogD3D11RHI: InitD3DDevice
[2015.07.24-09.46.04:682][119]LogD3D11RHI: InitD3DDevice
[2015.07.24-09.46.04:958][119]LogAIModule: Creating AISystem for world MenuLevel
[2015.07.24-09.46.05:311][119]Cmd: MAP LOAD FILE="../../../../../../Users/Quentin/Desktop/ProjectTron/Content/Level/MenuLevel.umap" TEMPLATE=0 SHOWPROGRESS=1 FEATURELEVEL=3
[2015.07.24-09.46.05:312][119]LightingResults: New page: Lighting Build
[2015.07.24-09.46.05:333][119]LoadErrors: New page: Loading map: MenuLevel.umap
[2015.07.24-09.46.05:386][119]MapCheck: New page: Map Check
[2015.07.24-09.46.05:386][119]LightingResults: New page: Lighting Build
[2015.07.24-09.46.05:454][119]LogParticles: Destroying 0 GPU particle simulations for FXSystem 0x000000EB697A2FC0
[2015.07.24-09.46.05:655][119]LogAIModule: Creating AISystem for world MenuLevel
[2015.07.24-09.46.05:709][119]LogEditorServer: Finished looking for orphan Actors (0.000 secs)
[2015.07.24-09.46.05:750][119]Cmd: MAP CHECKDEP NOCLEARLOG
[2015.07.24-09.46.05:802][119]MapCheck: Info Map check complete: 0 Error(s), 0 Warning(s), took 51.362ms to complete.
[2015.07.24-09.46.05:802][119]LogFileHelpers: Loading map 'MenuLevel' took 0.492
[2015.07.24-09.46.11:609][170]LogD3D11RHI: InitD3DDevice
[2015.07.24-09.46.12:275][206]LogD3D11RHI: InitD3DDevice
[2015.07.24-09.46.13:114][222]LogD3D11RHI: InitD3DDevice
[2015.07.24-09.46.13:875][222]LogLinker:Warning: Asset '../../../Engine/Content/ArtTools/RenderToTexture/Macros/RenderToTextureMacros.uasset' has been saved with empty engine version. The asset will be loaded but may be incompatible.
[2015.07.24-09.46.14:130][222]LogLinker:Warning: Asset '../../../Engine/Content/ArtTools/RenderToTexture/Enums/RenderToTexture_Enum.uasset' has been saved with empty engine version. The asset will be loaded but may be incompatible.
[2015.07.24-09.46.21:353][508]BlueprintLog: New page: Pre-PIE auto-recompile
[2015.07.24-09.46.21:379][508]LogPlayLevel: [PIE] Compiling MenuLevel before PIE...
[2015.07.24-09.46.21:611][508]LogActorComponent: UnregisterComponent: (/Engine/Transient.CharMoveComp) Not registered. Aborting.
[2015.07.24-09.46.21:794][508]LogPlayLevel: PIE:  Blueprint regeneration took 464 ms (1 blueprints)
[2015.07.24-09.46.22:056][508]PIE: New page: SIE session: MenuLevel (Jul 24, 2015, 1:46:21 PM)
[2015.07.24-09.46.22:056][508]LogPlayLevel: Creating play world package: /Game/Level/UEDPIE_0_MenuLevel
[2015.07.24-09.46.22:107][508]LogPlayLevel: PIE: StaticDuplicateObject took: (0.050397s)
[2015.07.24-09.46.22:113][508]LogAIModule: Creating AISystem for world MenuLevel
[2015.07.24-09.46.22:114][508]LogPlayLevel: PIE: World Init took: (0.001142s)
[2015.07.24-09.46.22:114][508]LogPlayLevel: PIE: Created PIE world by copying editor world from /Game/Level/MenuLevel.MenuLevel to /Game/Level/UEDPIE_0_MenuLevel.MenuLevel (0.057571s)
[2015.07.24-09.46.22:155][508]LogInit: XAudio2 using 'Speakers (Realtek High Definition Audio)' : 2 channels at 48 kHz using 32 bits per sample (channel mask 0x3)
[2015.07.24-09.46.22:162][508]LogInit: FAudioDevice initialized.
[2015.07.24-09.46.22:385][508]LogWorld: Game class is 'GameMode_BP_C'
[2015.07.24-09.46.22:493][508]LogWorld: Bringing World /Game/Level/UEDPIE_0_MenuLevel.MenuLevel up for play (max tick rate 60) at 2015.07.24-11.46.22
[2015.07.24-09.46.22:493][508]LogActor:Warning: GameSession /Game/Level/UEDPIE_0_MenuLevel.MenuLevel:PersistentLevel.GameSession_0 has natively added scene component(s), but none of them were set as the actor's RootComponent - picking one arbitrarily
[2015.07.24-09.46.22:498][508]LogActor:Warning: GameNetworkManager /Game/Level/UEDPIE_0_MenuLevel.MenuLevel:PersistentLevel.GameNetworkManager_0 has natively added scene component(s), but none of them were set as the actor's RootComponent - picking one arbitrarily
[2015.07.24-09.46.22:529][508]LogWorld: Bringing up level for play took: 0.036166
[2015.07.24-09.46.22:814][508]PIE: Info Play in editor start time for /Game/Level/UEDPIE_0_MenuLevel 2.22
[2015.07.24-09.46.27:455][745]LogParticles: Destroying 0 GPU particle simulations for FXSystem 0x000000EB69685620
[2015.07.24-09.46.28:652][816]LogD3D11RHI: InitD3DDevice
[2015.07.24-09.46.29:376][858]BlueprintLog: New page: Pre-PIE auto-recompile
[2015.07.24-09.46.29:390][858]LogPlayLevel: [PIE] Compiling MenuLevel before PIE...
[2015.07.24-09.46.29:505][858]LogPlayLevel: PIE:  Blueprint regeneration took 129 ms (1 blueprints)
[2015.07.24-09.46.29:505][858]PIE: New page: PIE session: MenuLevel (Jul 24, 2015, 1:46:29 PM)
[2015.07.24-09.46.29:505][858]LogPlayLevel: Creating play world package: /Game/Level/UEDPIE_0_MenuLevel
[2015.07.24-09.46.29:508][858]LogPlayLevel: PIE: StaticDuplicateObject took: (0.003183s)
[2015.07.24-09.46.29:509][858]LogAIModule: Creating AISystem for world MenuLevel
[2015.07.24-09.46.29:509][858]LogPlayLevel: PIE: World Init took: (0.001126s)
[2015.07.24-09.46.29:510][858]LogPlayLevel: PIE: Created PIE world by copying editor world from /Game/Level/MenuLevel.MenuLevel to /Game/Level/UEDPIE_0_MenuLevel.MenuLevel (0.004497s)
[2015.07.24-09.46.29:553][858]LogInit: XAudio2 using 'Speakers (Realtek High Definition Audio)' : 2 channels at 48 kHz using 32 bits per sample (channel mask 0x3)
[2015.07.24-09.46.29:559][858]LogInit: FAudioDevice initialized.
[2015.07.24-09.46.29:580][858]LogD3D11RHI: InitD3DDevice
[2015.07.24-09.46.29:668][858]LogWorld: Game class is 'GameMode_BP_C'
[2015.07.24-09.46.29:670][858]LogWorld: Bringing World /Game/Level/UEDPIE_0_MenuLevel.MenuLevel up for play (max tick rate 60) at 2015.07.24-11.46.29
[2015.07.24-09.46.29:670][858]LogActor:Warning: GameSession /Game/Level/UEDPIE_0_MenuLevel.MenuLevel:PersistentLevel.GameSession_1 has natively added scene component(s), but none of them were set as the actor's RootComponent - picking one arbitrarily
[2015.07.24-09.46.29:671][858]LogActor:Warning: GameNetworkManager /Game/Level/UEDPIE_0_MenuLevel.MenuLevel:PersistentLevel.GameNetworkManager_1 has natively added scene component(s), but none of them were set as the actor's RootComponent - picking one arbitrarily
[2015.07.24-09.46.29:671][858]LogWorld: Bringing up level for play took: 0.001667
[2015.07.24-09.46.29:967][858]PIE: Info Play in editor start time for /Game/Level/UEDPIE_0_MenuLevel 1.374
[2015.07.24-09.46.30:173][858]LogRenderer: Reallocating scene render targets to support 1296x760 (Frame:78).
[2015.07.24-09.46.33:468][932]LogParticles: Destroying 0 GPU particle simulations for FXSystem 0x000000EB6B60C540
[2015.07.24-09.46.41:316][219]LogD3D11RHI: InitD3DDevice
[2015.07.24-09.46.41:337][219]LogD3D11RHI: InitD3DDevice
[2015.07.24-09.53.34:159][576]LogD3D11RHI: InitD3DDevice
[2015.07.24-09.53.34:182][576]LogD3D11RHI: InitD3DDevice
[2015.07.24-09.53.58:491][ 61]LogD3D11RHI: InitD3DDevice
[2015.07.24-09.54.03:811][238]BlueprintLog: New page: Compile Character_BP
[2015.07.24-09.54.04:160][238]LogActorComponent: UnregisterComponent: (/Engine/Transient.CharMoveComp) Not registered. Aborting.
[2015.07.24-09.54.04:224][238]LogParticles: Destroying 0 GPU particle simulations for FXSystem 0x000000EB56F34220
[2015.07.24-09.54.04:299][238]BlueprintEditorCompileResults: Info [0613.47] Compile of Character_BP successful! [in 487 ms]
[2015.07.24-09.54.04:520][240]LogD3D11RHI: InitD3DDevice
[2015.07.24-09.54.04:617][240]Cmd: OBJ SAVEPACKAGE PACKAGE="/Game/Character/Blueprint/Character_BP" FILE="../../../../../../Users/Quentin/Desktop/ProjectTron/Content/Character/Blueprint/Character_BP.uasset" SILENT=true
[2015.07.24-09.54.04:849][240]LogSavePackage: Save=183.430222ms
[2015.07.24-09.54.04:849][240]LogSavePackage: Moving '../../../../../../Users/Quentin/Desktop/ProjectTron/Saved/Character_BP7A226FFC4FC88718D30C71A59F358DF4.tmp' to '../../../../../../Users/Quentin/Desktop/ProjectTron/Content/Character/Blueprint/Character_BP.uasset'
[2015.07.24-09.54.07:073][283]BlueprintLog: New page: Pre-PIE auto-recompile
[2015.07.24-09.54.07:084][283]LogPlayLevel: [PIE] Compiling MenuLevel before PIE...
[2015.07.24-09.54.07:152][283]LogActorComponent: UnregisterComponent: (/Engine/Transient.CharMoveComp) Not registered. Aborting.
[2015.07.24-09.54.07:194][283]LogParticles: Destroying 0 GPU particle simulations for FXSystem 0x000000EB1AFA6C00
[2015.07.24-09.54.07:232][283]LogPlayLevel: PIE:  Blueprint regeneration took 159 ms (1 blueprints)
[2015.07.24-09.54.07:232][283]PIE: New page: PIE session: MenuLevel (Jul 24, 2015, 1:54:07 PM)
[2015.07.24-09.54.07:233][283]LogPlayLevel: Creating play world package: /Game/Level/UEDPIE_0_MenuLevel
[2015.07.24-09.54.07:236][283]LogPlayLevel: PIE: StaticDuplicateObject took: (0.003219s)
[2015.07.24-09.54.07:270][283]LogAIModule: Creating AISystem for world MenuLevel
[2015.07.24-09.54.07:270][283]LogPlayLevel: PIE: World Init took: (0.034495s)
[2015.07.24-09.54.07:271][283]LogPlayLevel: PIE: Created PIE world by copying editor world from /Game/Level/MenuLevel.MenuLevel to /Game/Level/UEDPIE_0_MenuLevel.MenuLevel (0.037908s)
[2015.07.24-09.54.07:318][283]LogInit: XAudio2 using 'Speakers (Realtek High Definition Audio)' : 2 channels at 48 kHz using 32 bits per sample (channel mask 0x3)
[2015.07.24-09.54.07:328][283]LogInit: FAudioDevice initialized.
[2015.07.24-09.54.07:370][283]LogWorld: Game class is 'GameMode_BP_C'
[2015.07.24-09.54.07:372][283]LogWorld: Bringing World /Game/Level/UEDPIE_0_MenuLevel.MenuLevel up for play (max tick rate 60) at 2015.07.24-11.54.07
[2015.07.24-09.54.07:372][283]LogActor:Warning: GameSession /Game/Level/UEDPIE_0_MenuLevel.MenuLevel:PersistentLevel.GameSession_2 has natively added scene component(s), but none of them were set as the actor's RootComponent - picking one arbitrarily
[2015.07.24-09.54.07:373][283]LogActor:Warning: GameNetworkManager /Game/Level/UEDPIE_0_MenuLevel.MenuLevel:PersistentLevel.GameNetworkManager_2 has natively added scene component(s), but none of them were set as the actor's RootComponent - picking one arbitrarily
[2015.07.24-09.54.07:373][283]LogWorld: Bringing up level for play took: 0.001759
[2015.07.24-09.54.07:377][283]PIE: Info Play in editor start time for /Game/Level/UEDPIE_0_MenuLevel 0.783
[2015.07.24-09.54.11:258][372]LogParticles: Destroying 0 GPU particle simulations for FXSystem 0x000000EB57003880
[2015.07.24-09.54.20:579][724]LogD3D11RHI: InitD3DDevice
[2015.07.24-09.54.25:146][980]LogD3D11RHI: InitD3DDevice
[2015.07.24-09.54.42:195][999]LogD3D11RHI: InitD3DDevice
[2015.07.24-09.54.45:535][199]BlueprintLog: New page: Compile ProjectTronInstance
[2015.07.24-09.54.45:758][199]BlueprintEditorCompileResults: Info [0654.92] Compile of ProjectTronInstance successful! [in 222 ms]
[2015.07.24-09.54.48:006][331]BlueprintLog: New page: Pre-PIE auto-recompile
[2015.07.24-09.54.48:022][331]LogPlayLevel: [PIE] Compiling MenuLevel before PIE...
[2015.07.24-09.54.48:159][331]LogPlayLevel: PIE:  Blueprint regeneration took 152 ms (1 blueprints)
[2015.07.24-09.54.48:159][331]PIE: New page: PIE session: MenuLevel (Jul 24, 2015, 1:54:48 PM)
[2015.07.24-09.54.48:160][331]LogPlayLevel: Creating play world package: /Game/Level/UEDPIE_0_MenuLevel
[2015.07.24-09.54.48:164][331]LogPlayLevel: PIE: StaticDuplicateObject took: (0.004011s)
[2015.07.24-09.54.48:164][331]LogAIModule: Creating AISystem for world MenuLevel
[2015.07.24-09.54.48:165][331]LogPlayLevel: PIE: World Init took: (0.001179s)
[2015.07.24-09.54.48:165][331]LogPlayLevel: PIE: Created PIE world by copying editor world from /Game/Level/MenuLevel.MenuLevel to /Game/Level/UEDPIE_0_MenuLevel.MenuLevel (0.005396s)
[2015.07.24-09.54.48:216][331]LogInit: XAudio2 using 'Speakers (Realtek High Definition Audio)' : 2 channels at 48 kHz using 32 bits per sample (channel mask 0x3)
[2015.07.24-09.54.48:223][331]LogInit: FAudioDevice initialized.
[2015.07.24-09.54.48:226][331]LogD3D11RHI: InitD3DDevice
[2015.07.24-09.54.48:263][331]LogWorld: Game class is 'GameMode_BP_C'
[2015.07.24-09.54.48:267][331]LogWorld: Bringing World /Game/Level/UEDPIE_0_MenuLevel.MenuLevel up for play (max tick rate 60) at 2015.07.24-11.54.48
[2015.07.24-09.54.48:267][331]LogActor:Warning: GameSession /Game/Level/UEDPIE_0_MenuLevel.MenuLevel:PersistentLevel.GameSession_3 has natively added scene component(s), but none of them were set as the actor's RootComponent - picking one arbitrarily
[2015.07.24-09.54.48:267][331]LogActor:Warning: GameNetworkManager /Game/Level/UEDPIE_0_MenuLevel.MenuLevel:PersistentLevel.GameNetworkManager_3 has natively added scene component(s), but none of them were set as the actor's RootComponent - picking one arbitrarily
[2015.07.24-09.54.48:268][331]LogWorld: Bringing up level for play took: 0.002284
[2015.07.24-09.54.48:292][331]PIE: Info Play in editor start time for /Game/Level/UEDPIE_0_MenuLevel -0.302
[2015.07.24-09.54.50:547][374]LogParticles: Destroying 0 GPU particle simulations for FXSystem 0x000000EB1AFF72E0
[2015.07.24-09.56.12:643][932]LogD3D11RHI: InitD3DDevice
[2015.07.24-09.56.21:632][466]LogD3D11RHI: InitD3DDevice
[2015.07.24-09.56.21:818][466]LogFileHelpers: Editor autosave (incl. sublevels) for '/Game/Level/MenuLevel' took 0.051
[2015.07.24-09.56.21:824][466]OBJ SavePackage: Generating thumbnails for [0] asset(s) in package [/Game/ProjectTronInstance] ([1] browsable assets)...
[2015.07.24-09.56.21:824][466]OBJ SavePackage: Finished generating thumbnails for package [/Game/ProjectTronInstance]
[2015.07.24-09.56.21:824][466]Cmd: OBJ SAVEPACKAGE PACKAGE="/Game/ProjectTronInstance" FILE="../../../../../../Users/Quentin/Desktop/ProjectTron/Saved/Autosaves/Game/ProjectTronInstance_Auto1.uasset" SILENT=false AUTOSAVING=true
[2015.07.24-09.56.21:937][466]LogSavePackage: Save=67.019485ms
[2015.07.24-09.56.21:937][466]LogSavePackage: Moving '../../../../../../Users/Quentin/Desktop/ProjectTron/Saved/ProjectTronInstance_Auto19E69461A4FB5EF1D130E9D8DEA5EE3F8.tmp' to '../../../../../../Users/Quentin/Desktop/ProjectTron/Saved/Autosaves/Game/ProjectTronInstance_Auto1.uasset'
[2015.07.24-09.56.21:939][466]LogFileHelpers: Auto-saving content packages took 0.120
[2015.07.24-10.17.04:826][298]LogEditorActor: Deleted Actor: PlayerStart
[2015.07.24-10.17.04:842][298]LogEditorActor: Deleted Actor: Brush
[2015.07.24-10.17.04:921][298]LogEditorActor: Deleted 2 Actors (0.099 secs)
[2015.07.24-10.17.07:269][356]LogD3D11RHI: InitD3DDevice
[2015.07.24-10.17.08:399][382]LogD3D11RHI: InitD3DDevice
[2015.07.24-10.17.08:835][392]LogD3D11RHI: InitD3DDevice
[2015.07.24-10.17.11:317][503]LogD3D11RHI: InitD3DDevice
[2015.07.24-10.17.12:397][566]BlueprintLog: New page: Pre-PIE auto-recompile
[2015.07.24-10.17.12:414][566]LogPlayLevel: [PIE] Compiling MenuLevel before PIE...
[2015.07.24-10.17.12:490][566]LogActorComponent: UnregisterComponent: (/Engine/Transient.CharMoveComp) Not registered. Aborting.
[2015.07.24-10.17.12:541][566]LogPlayLevel: PIE:  Blueprint regeneration took 143 ms (1 blueprints)
[2015.07.24-10.17.12:541][566]PIE: New page: SIE session: MenuLevel (Jul 24, 2015, 2:17:12 PM)
[2015.07.24-10.17.12:541][566]LogPlayLevel: Creating play world package: /Game/Level/UEDPIE_0_MenuLevel
[2015.07.24-10.17.12:545][566]LogPlayLevel: PIE: StaticDuplicateObject took: (0.003393s)
[2015.07.24-10.17.12:545][566]LogAIModule: Creating AISystem for world MenuLevel
[2015.07.24-10.17.12:546][566]LogPlayLevel: PIE: World Init took: (0.001774s)
[2015.07.24-10.17.12:547][566]LogPlayLevel: PIE: Created PIE world by copying editor world from /Game/Level/MenuLevel.MenuLevel to /Game/Level/UEDPIE_0_MenuLevel.MenuLevel (0.005456s)
[2015.07.24-10.17.12:599][566]LogInit: XAudio2 using 'Speakers (Realtek High Definition Audio)' : 2 channels at 48 kHz using 32 bits per sample (channel mask 0x3)
[2015.07.24-10.17.12:606][566]LogInit: FAudioDevice initialized.
[2015.07.24-10.17.12:635][566]LogWorld: Game class is 'GameMode_BP_C'
[2015.07.24-10.17.12:638][566]LogWorld: Bringing World /Game/Level/UEDPIE_0_MenuLevel.MenuLevel up for play (max tick rate 60) at 2015.07.24-12.17.12
[2015.07.24-10.17.12:638][566]LogActor:Warning: GameSession /Game/Level/UEDPIE_0_MenuLevel.MenuLevel:PersistentLevel.GameSession_4 has natively added scene component(s), but none of them were set as the actor's RootComponent - picking one arbitrarily
[2015.07.24-10.17.12:638][566]LogActor:Warning: GameNetworkManager /Game/Level/UEDPIE_0_MenuLevel.MenuLevel:PersistentLevel.GameNetworkManager_4 has natively added scene component(s), but none of them were set as the actor's RootComponent - picking one arbitrarily
[2015.07.24-10.17.12:639][566]LogWorld: Bringing up level for play took: 0.001373
[2015.07.24-10.17.12:639][566]LogGameMode: Warning - PATHS NOT DEFINED or NO PLAYERSTART with positive rating
[2015.07.24-10.17.12:641][566]PIE: Info Play in editor start time for /Game/Level/UEDPIE_0_MenuLevel 0.047
[2015.07.24-10.17.15:846][753]LogParticles: Destroying 0 GPU particle simulations for FXSystem 0x000000EB54F7FF60
[2015.07.24-10.17.35:487][ 76]LogD3D11RHI: InitD3DDevice
[2015.07.24-10.17.44:488][103]LogD3D11RHI: InitD3DDevice
[2015.07.24-10.17.44:693][103]Cmd: OBJ SAVEPACKAGE PACKAGE="/Game/Level/MenuLevel" FILE="../../../../../../Users/Quentin/Desktop/ProjectTron/Saved/Autosaves/Game/Level/MenuLevel_Auto2.umap" SILENT=true AUTOSAVING=true KEEPDIRTY=false
[2015.07.24-10.17.44:847][103]LogSavePackage: Save=101.211334ms
[2015.07.24-10.17.44:847][103]LogSavePackage: Moving '../../../../../../Users/Quentin/Desktop/ProjectTron/Saved/MenuLevel_Auto2D64C0BD046C8524028A51DB5DA537003.tmp' to '../../../../../../Users/Quentin/Desktop/ProjectTron/Saved/Autosaves/Game/Level/MenuLevel_Auto2.umap'
[2015.07.24-10.17.44:871][103]LogFileHelpers: Editor autosave (incl. sublevels) for '/Game/Level/MenuLevel' took 0.241
[2015.07.24-10.17.44:871][103]LogFileHelpers: Editor autosave (incl. sublevels) for all levels took 0.241
[2015.07.24-10.18.04:021][301]LogD3D11RHI: InitD3DDevice
[2015.07.24-10.18.04:048][301]Cmd: OBJ SAVEPACKAGE PACKAGE="/Game/ProjectTronInstance" FILE="../../../../../../Users/Quentin/Desktop/ProjectTron/Content/ProjectTronInstance.uasset" SILENT=true
[2015.07.24-10.18.04:138][301]LogSavePackage: Save=65.826187ms
[2015.07.24-10.18.04:138][301]LogSavePackage: Moving '../../../../../../Users/Quentin/Desktop/ProjectTron/Saved/ProjectTronInstance7405C73140C0D1A6D185B5B02DBDE32F.tmp' to '../../../../../../Users/Quentin/Desktop/ProjectTron/Content/ProjectTronInstance.uasset'
[2015.07.24-10.18.29:647][469]LogD3D11RHI: InitD3DDevice
[2015.07.24-10.18.31:933][606]LogD3D11RHI: InitD3DDevice
[2015.07.24-10.18.35:703][832]BlueprintLog: New page: Compile ProjectTronInstance
[2015.07.24-10.18.35:943][832]BlueprintEditorCompileResults: Info [2085.11] Compile of ProjectTronInstance successful! [in 239 ms]
[2015.07.24-10.18.39:233][ 28]BlueprintLog: New page: Pre-PIE auto-recompile
[2015.07.24-10.18.39:248][ 28]LogPlayLevel: [PIE] Compiling MenuLevel before PIE...
[2015.07.24-10.18.39:368][ 28]LogPlayLevel: PIE:  Blueprint regeneration took 134 ms (1 blueprints)
[2015.07.24-10.18.39:368][ 28]PIE: New page: SIE session: MenuLevel (Jul 24, 2015, 2:18:39 PM)
[2015.07.24-10.18.39:368][ 28]LogPlayLevel: Creating play world package: /Game/Level/UEDPIE_0_MenuLevel
[2015.07.24-10.18.39:371][ 28]LogPlayLevel: PIE: StaticDuplicateObject took: (0.002254s)
[2015.07.24-10.18.39:371][ 28]LogAIModule: Creating AISystem for world MenuLevel
[2015.07.24-10.18.39:372][ 28]LogPlayLevel: PIE: World Init took: (0.001180s)
[2015.07.24-10.18.39:372][ 28]LogPlayLevel: PIE: Created PIE world by copying editor world from /Game/Level/MenuLevel.MenuLevel to /Game/Level/UEDPIE_0_MenuLevel.MenuLevel (0.003619s)
[2015.07.24-10.18.39:417][ 28]LogInit: XAudio2 using 'Speakers (Realtek High Definition Audio)' : 2 channels at 48 kHz using 32 bits per sample (channel mask 0x3)
[2015.07.24-10.18.39:423][ 28]LogInit: FAudioDevice initialized.
[2015.07.24-10.18.39:449][ 28]LogWorld: Game class is 'GameMode_BP_C'
[2015.07.24-10.18.39:451][ 28]LogWorld: Bringing World /Game/Level/UEDPIE_0_MenuLevel.MenuLevel up for play (max tick rate 60) at 2015.07.24-12.18.39
[2015.07.24-10.18.39:451][ 28]LogActor:Warning: GameSession /Game/Level/UEDPIE_0_MenuLevel.MenuLevel:PersistentLevel.GameSession_5 has natively added scene component(s), but none of them were set as the actor's RootComponent - picking one arbitrarily
[2015.07.24-10.18.39:452][ 28]LogActor:Warning: GameNetworkManager /Game/Level/UEDPIE_0_MenuLevel.MenuLevel:PersistentLevel.GameNetworkManager_5 has natively added scene component(s), but none of them were set as the actor's RootComponent - picking one arbitrarily
[2015.07.24-10.18.39:452][ 28]LogWorld: Bringing up level for play took: 0.001176
[2015.07.24-10.18.39:453][ 28]LogGameMode: Warning - PATHS NOT DEFINED or NO PLAYERSTART with positive rating
[2015.07.24-10.18.39:454][ 28]PIE: Info Play in editor start time for /Game/Level/UEDPIE_0_MenuLevel 0.86
[2015.07.24-10.18.43:411][260]LogParticles: Destroying 0 GPU particle simulations for FXSystem 0x000000EB694C2B60
[2015.07.24-10.19.06:704][622]LogActorComponent: UnregisterComponent: (/Engine/Transient.CharMoveComp) Not registered. Aborting.
[2015.07.24-10.19.06:784][622]LogD3D11RHI: InitD3DDevice
[2015.07.24-10.19.07:980][622]LogD3D11RHI: InitD3DDevice
[2015.07.24-10.19.08:064][622]Cmd: OBJ SAVEPACKAGE PACKAGE="/Game/Level/MenuLevel" FILE="../../../../../../Users/Quentin/Desktop/ProjectTron/Content/Level/MenuLevel.umap" SILENT=true AUTOSAVING=false KEEPDIRTY=false
[2015.07.24-10.19.08:217][622]LogSavePackage: Save=88.315620ms
[2015.07.24-10.19.08:217][622]LogSavePackage: Moving '../../../../../../Users/Quentin/Desktop/ProjectTron/Saved/MenuLevelF4D2ABFC428741072A75B197E14CBD88.tmp' to '../../../../../../Users/Quentin/Desktop/ProjectTron/Content/Level/MenuLevel.umap'
[2015.07.24-10.19.08:255][622]LogFileHelpers: Saving map 'MenuLevel' took 0.256
[2015.07.24-10.19.08:262][622]Cmd: OBJ SAVEPACKAGE PACKAGE="/Game/ProjectTronInstance" FILE="../../../../../../Users/Quentin/Desktop/ProjectTron/Content/ProjectTronInstance.uasset" SILENT=true
[2015.07.24-10.19.08:338][622]LogSavePackage: Save=60.093010ms
[2015.07.24-10.19.08:338][622]LogSavePackage: Moving '../../../../../../Users/Quentin/Desktop/ProjectTron/Saved/ProjectTronInstance5D57DAD347800D16BC63CF98E8E6C2BC.tmp' to '../../../../../../Users/Quentin/Desktop/ProjectTron/Content/ProjectTronInstance.uasset'
[2015.07.24-10.19.16:755][818]LogD3D11RHI: InitD3DDevice
[2015.07.24-10.19.31:224][675]LogD3D11RHI: InitD3DDevice
[2015.07.24-10.19.31:237][675]Cmd: OBJ SAVEPACKAGE PACKAGE="/Game/StateEnum" FILE="../../../../../../Users/Quentin/Desktop/ProjectTron/Content/StateEnum.uasset" SILENT=true
[2015.07.24-10.19.31:261][675]LogSavePackage: Save=4.622387ms
[2015.07.24-10.19.31:261][675]LogSavePackage: Moving '../../../../../../Users/Quentin/Desktop/ProjectTron/Saved/StateEnum68E738644EFB58122C21D28B4BD7B91A.tmp' to '../../../../../../Users/Quentin/Desktop/ProjectTron/Content/StateEnum.uasset'
[2015.07.24-10.19.34:177][847]LogD3D11RHI: InitD3DDevice
[2015.07.24-10.19.34:187][847]Cmd: OBJ SAVEPACKAGE PACKAGE="/Game/ProjectTronInstance" FILE="../../../../../../Users/Quentin/Desktop/ProjectTron/Content/ProjectTronInstance.uasset" SILENT=true
[2015.07.24-10.19.34:263][847]LogSavePackage: Save=59.476032ms
[2015.07.24-10.19.34:263][847]LogSavePackage: Moving '../../../../../../Users/Quentin/Desktop/ProjectTron/Saved/ProjectTronInstanceF397A80F4BFE4892C70C10808D579DFA.tmp' to '../../../../../../Users/Quentin/Desktop/ProjectTron/Content/ProjectTronInstance.uasset'
[2015.07.24-10.19.34:758][877]BlueprintLog: New page: Compile ProjectTronInstance
[2015.07.24-10.19.34:883][877]LogActorComponent: UnregisterComponent: (/Engine/Transient.CharMoveComp) Not registered. Aborting.
[2015.07.24-10.19.34:950][877]BlueprintEditorCompileResults: Info [2144.12] Compile of ProjectTronInstance successful! [in 191 ms]
[2015.07.24-10.19.55:147][252]LogD3D11RHI: InitD3DDevice
[2015.07.24-10.20.05:140][566]LogD3D11RHI: InitD3DDevice
[2015.07.24-10.20.13:812][ 86]BlueprintLog: New page: Compile ProjectTronInstance
[2015.07.24-10.20.14:005][ 86]BlueprintEditorCompileResults: Info [2183.17] Compile of ProjectTronInstance successful! [in 192 ms]
[2015.07.24-10.20.14:467][113]LogD3D11RHI: InitD3DDevice
[2015.07.24-10.20.14:493][113]Cmd: OBJ SAVEPACKAGE PACKAGE="/Game/ProjectTronInstance" FILE="../../../../../../Users/Quentin/Desktop/ProjectTron/Content/ProjectTronInstance.uasset" SILENT=true
[2015.07.24-10.20.14:570][113]LogSavePackage: Save=60.930248ms
[2015.07.24-10.20.14:570][113]LogSavePackage: Moving '../../../../../../Users/Quentin/Desktop/ProjectTron/Saved/ProjectTronInstance1C3F906C4A2822DF825B2785960A6386.tmp' to '../../../../../../Users/Quentin/Desktop/ProjectTron/Content/ProjectTronInstance.uasset'
[2015.07.24-10.20.17:314][273]LogD3D11RHI: InitD3DDevice
[2015.07.24-10.20.28:734][803]BlueprintLog: New page: Pre-PIE auto-recompile
[2015.07.24-10.20.28:748][803]LogPlayLevel: [PIE] Compiling MenuLevel before PIE...
[2015.07.24-10.20.28:869][803]LogPlayLevel: PIE:  Blueprint regeneration took 135 ms (1 blueprints)
[2015.07.24-10.20.28:870][803]PIE: New page: SIE session: MenuLevel (Jul 24, 2015, 2:20:28 PM)
[2015.07.24-10.20.28:870][803]LogPlayLevel: Creating play world package: /Game/Level/UEDPIE_0_MenuLevel
[2015.07.24-10.20.28:872][803]LogPlayLevel: PIE: StaticDuplicateObject took: (0.002356s)
[2015.07.24-10.20.28:873][803]LogAIModule: Creating AISystem for world MenuLevel
[2015.07.24-10.20.28:874][803]LogPlayLevel: PIE: World Init took: (0.001213s)
[2015.07.24-10.20.28:874][803]LogPlayLevel: PIE: Created PIE world by copying editor world from /Game/Level/MenuLevel.MenuLevel to /Game/Level/UEDPIE_0_MenuLevel.MenuLevel (0.003757s)
[2015.07.24-10.20.28:918][803]LogInit: XAudio2 using 'Speakers (Realtek High Definition Audio)' : 2 channels at 48 kHz using 32 bits per sample (channel mask 0x3)
[2015.07.24-10.20.28:925][803]LogInit: FAudioDevice initialized.
[2015.07.24-10.20.28:957][803]LogWorld: Game class is 'GameMode_BP_C'
[2015.07.24-10.20.28:959][803]LogWorld: Bringing World /Game/Level/UEDPIE_0_MenuLevel.MenuLevel up for play (max tick rate 60) at 2015.07.24-12.20.28
[2015.07.24-10.20.28:959][803]LogActor:Warning: GameSession /Game/Level/UEDPIE_0_MenuLevel.MenuLevel:PersistentLevel.GameSession_6 has natively added scene component(s), but none of them were set as the actor's RootComponent - picking one arbitrarily
[2015.07.24-10.20.28:959][803]LogActor:Warning: GameNetworkManager /Game/Level/UEDPIE_0_MenuLevel.MenuLevel:PersistentLevel.GameNetworkManager_6 has natively added scene component(s), but none of them were set as the actor's RootComponent - picking one arbitrarily
[2015.07.24-10.20.28:959][803]LogWorld: Bringing up level for play took: 0.001059
[2015.07.24-10.20.28:960][803]LogGameMode: Warning - PATHS NOT DEFINED or NO PLAYERSTART with positive rating
[2015.07.24-10.20.28:961][803]PIE: Info Play in editor start time for /Game/Level/UEDPIE_0_MenuLevel 0.367
[2015.07.24-10.20.30:701][903]LogParticles: Destroying 0 GPU particle simulations for FXSystem 0x000000EB69534AE0
[2015.07.24-10.20.32:439][  6]BlueprintLog: New page: Pre-PIE auto-recompile
[2015.07.24-10.20.32:453][  6]LogPlayLevel: [PIE] Compiling MenuLevel before PIE...
[2015.07.24-10.20.32:568][  6]LogPlayLevel: PIE:  Blueprint regeneration took 129 ms (1 blueprints)
[2015.07.24-10.20.32:568][  6]PIE: New page: SIE session: MenuLevel (Jul 24, 2015, 2:20:32 PM)
[2015.07.24-10.20.32:569][  6]LogPlayLevel: Creating play world package: /Game/Level/UEDPIE_0_MenuLevel
[2015.07.24-10.20.32:571][  6]LogPlayLevel: PIE: StaticDuplicateObject took: (0.002182s)
[2015.07.24-10.20.32:571][  6]LogAIModule: Creating AISystem for world MenuLevel
[2015.07.24-10.20.32:572][  6]LogPlayLevel: PIE: World Init took: (0.001166s)
[2015.07.24-10.20.32:572][  6]LogPlayLevel: PIE: Created PIE world by copying editor world from /Game/Level/MenuLevel.MenuLevel to /Game/Level/UEDPIE_0_MenuLevel.MenuLevel (0.003535s)
[2015.07.24-10.20.32:616][  6]LogInit: XAudio2 using 'Speakers (Realtek High Definition Audio)' : 2 channels at 48 kHz using 32 bits per sample (channel mask 0x3)
[2015.07.24-10.20.32:622][  6]LogInit: FAudioDevice initialized.
[2015.07.24-10.20.32:652][  6]LogWorld: Game class is 'GameMode_BP_C'
[2015.07.24-10.20.32:654][  6]LogWorld: Bringing World /Game/Level/UEDPIE_0_MenuLevel.MenuLevel up for play (max tick rate 60) at 2015.07.24-12.20.32
[2015.07.24-10.20.32:654][  6]LogActor:Warning: GameSession /Game/Level/UEDPIE_0_MenuLevel.MenuLevel:PersistentLevel.GameSession_7 has natively added scene component(s), but none of them were set as the actor's RootComponent - picking one arbitrarily
[2015.07.24-10.20.32:655][  6]LogActor:Warning: GameNetworkManager /Game/Level/UEDPIE_0_MenuLevel.MenuLevel:PersistentLevel.GameNetworkManager_7 has natively added scene component(s), but none of them were set as the actor's RootComponent - picking one arbitrarily
[2015.07.24-10.20.32:655][  6]LogWorld: Bringing up level for play took: 0.001114
[2015.07.24-10.20.32:655][  6]LogGameMode: Warning - PATHS NOT DEFINED or NO PLAYERSTART with positive rating
[2015.07.24-10.20.32:656][  6]PIE: Info Play in editor start time for /Game/Level/UEDPIE_0_MenuLevel 0.063
[2015.07.24-10.20.36:053][205]LogParticles: Destroying 0 GPU particle simulations for FXSystem 0x000000EB57001300
[2015.07.24-10.20.37:267][276]LogD3D11RHI: InitD3DDevice
[2015.07.24-10.20.43:962][677]LogD3D11RHI: InitD3DDevice
[2015.07.24-10.20.44:720][721]BlueprintLog: New page: Pre-PIE auto-recompile
[2015.07.24-10.20.44:733][721]LogPlayLevel: [PIE] Compiling MenuLevel before PIE...
[2015.07.24-10.20.44:849][721]LogPlayLevel: PIE:  Blueprint regeneration took 128 ms (1 blueprints)
[2015.07.24-10.20.44:849][721]PIE: New page: PIE session: MenuLevel (Jul 24, 2015, 2:20:44 PM)
[2015.07.24-10.20.44:849][721]LogPlayLevel: Creating play world package: /Game/Level/UEDPIE_0_MenuLevel
[2015.07.24-10.20.44:852][721]LogPlayLevel: PIE: StaticDuplicateObject took: (0.002357s)
[2015.07.24-10.20.44:852][721]LogAIModule: Creating AISystem for world MenuLevel
[2015.07.24-10.20.44:853][721]LogPlayLevel: PIE: World Init took: (0.001077s)
[2015.07.24-10.20.44:853][721]LogPlayLevel: PIE: Created PIE world by copying editor world from /Game/Level/MenuLevel.MenuLevel to /Game/Level/UEDPIE_0_MenuLevel.MenuLevel (0.003619s)
[2015.07.24-10.20.44:897][721]LogInit: XAudio2 using 'Speakers (Realtek High Definition Audio)' : 2 channels at 48 kHz using 32 bits per sample (channel mask 0x3)
[2015.07.24-10.20.44:903][721]LogInit: FAudioDevice initialized.
[2015.07.24-10.20.44:906][721]LogD3D11RHI: InitD3DDevice
[2015.07.24-10.20.44:940][721]LogWorld: Game class is 'GameMode_BP_C'
[2015.07.24-10.20.44:942][721]LogWorld: Bringing World /Game/Level/UEDPIE_0_MenuLevel.MenuLevel up for play (max tick rate 60) at 2015.07.24-12.20.44
[2015.07.24-10.20.44:942][721]LogActor:Warning: GameSession /Game/Level/UEDPIE_0_MenuLevel.MenuLevel:PersistentLevel.GameSession_8 has natively added scene component(s), but none of them were set as the actor's RootComponent - picking one arbitrarily
[2015.07.24-10.20.44:942][721]LogActor:Warning: GameNetworkManager /Game/Level/UEDPIE_0_MenuLevel.MenuLevel:PersistentLevel.GameNetworkManager_8 has natively added scene component(s), but none of them were set as the actor's RootComponent - picking one arbitrarily
[2015.07.24-10.20.44:943][721]LogWorld: Bringing up level for play took: 0.001114
[2015.07.24-10.20.44:943][721]LogGameMode: Warning - PATHS NOT DEFINED or NO PLAYERSTART with positive rating
[2015.07.24-10.20.44:952][721]PIE: Info Play in editor start time for /Game/Level/UEDPIE_0_MenuLevel 0.359
[2015.07.24-10.20.49:116][817]LogParticles: Destroying 0 GPU particle simulations for FXSystem 0x000000EB694C0CC0
[2015.07.24-10.20.53:822][ 98]BlueprintLog: New page: Pre-PIE auto-recompile
[2015.07.24-10.20.53:841][ 98]LogPlayLevel: [PIE] Compiling MenuLevel before PIE...
[2015.07.24-10.20.53:956][ 98]LogPlayLevel: PIE:  Blueprint regeneration took 134 ms (1 blueprints)
[2015.07.24-10.20.53:956][ 98]PIE: New page: PIE session: MenuLevel (Jul 24, 2015, 2:20:53 PM)
[2015.07.24-10.20.53:957][ 98]LogPlayLevel: Creating play world package: /Game/Level/UEDPIE_0_MenuLevel
[2015.07.24-10.20.53:959][ 98]LogPlayLevel: PIE: StaticDuplicateObject took: (0.002209s)
[2015.07.24-10.20.53:959][ 98]LogAIModule: Creating AISystem for world MenuLevel
[2015.07.24-10.20.53:960][ 98]LogPlayLevel: PIE: World Init took: (0.001073s)
[2015.07.24-10.20.53:960][ 98]LogPlayLevel: PIE: Created PIE world by copying editor world from /Game/Level/MenuLevel.MenuLevel to /Game/Level/UEDPIE_0_MenuLevel.MenuLevel (0.003478s)
[2015.07.24-10.20.54:004][ 98]LogInit: XAudio2 using 'Speakers (Realtek High Definition Audio)' : 2 channels at 48 kHz using 32 bits per sample (channel mask 0x3)
[2015.07.24-10.20.54:010][ 98]LogInit: FAudioDevice initialized.
[2015.07.24-10.20.54:013][ 98]LogD3D11RHI: InitD3DDevice
[2015.07.24-10.20.54:044][ 98]LogWorld: Game class is 'GameMode_BP_C'
[2015.07.24-10.20.54:046][ 98]LogWorld: Bringing World /Game/Level/UEDPIE_0_MenuLevel.MenuLevel up for play (max tick rate 60) at 2015.07.24-12.20.54
[2015.07.24-10.20.54:046][ 98]LogActor:Warning: GameSession /Game/Level/UEDPIE_0_MenuLevel.MenuLevel:PersistentLevel.GameSession_9 has natively added scene component(s), but none of them were set as the actor's RootComponent - picking one arbitrarily
[2015.07.24-10.20.54:046][ 98]LogActor:Warning: GameNetworkManager /Game/Level/UEDPIE_0_MenuLevel.MenuLevel:PersistentLevel.GameNetworkManager_9 has natively added scene component(s), but none of them were set as the actor's RootComponent - picking one arbitrarily
[2015.07.24-10.20.54:046][ 98]LogWorld: Bringing up level for play took: 0.001081
[2015.07.24-10.20.54:047][ 98]LogGameMode: Warning - PATHS NOT DEFINED or NO PLAYERSTART with positive rating
[2015.07.24-10.20.54:056][ 98]PIE: Info Play in editor start time for /Game/Level/UEDPIE_0_MenuLevel -0.537
[2015.07.24-10.20.56:392][152]LogParticles: Destroying 0 GPU particle simulations for FXSystem 0x000000EB0059B4C0
[2015.07.24-10.20.59:653][347]LogD3D11RHI: InitD3DDevice
[2015.07.24-10.20.59:664][347]Cmd: OBJ SAVEPACKAGE PACKAGE="/Game/ProjectTronInstance" FILE="../../../../../../Users/Quentin/Desktop/ProjectTron/Content/ProjectTronInstance.uasset" SILENT=true
[2015.07.24-10.20.59:740][347]LogSavePackage: Save=60.459324ms
[2015.07.24-10.20.59:740][347]LogSavePackage: Moving '../../../../../../Users/Quentin/Desktop/ProjectTron/Saved/ProjectTronInstance7A60967A4162D18F988AAABF36C850EE.tmp' to '../../../../../../Users/Quentin/Desktop/ProjectTron/Content/ProjectTronInstance.uasset'
[2015.07.24-10.21.36:534][533]LogD3D11RHI: InitD3DDevice
[2015.07.24-10.21.46:118][102]LogD3D11RHI: InitD3DDevice
[2015.07.24-10.21.46:137][102]Cmd: OBJ SAVEPACKAGE PACKAGE="/Game/ProjectTronInstance" FILE="../../../../../../Users/Quentin/Desktop/ProjectTron/Content/ProjectTronInstance.uasset" SILENT=true
[2015.07.24-10.21.46:247][102]LogSavePackage: Save=92.680244ms
[2015.07.24-10.21.46:247][102]LogSavePackage: Moving '../../../../../../Users/Quentin/Desktop/ProjectTron/Saved/ProjectTronInstance1C3A3F34491849D230D169B6863EFA6D.tmp' to '../../../../../../Users/Quentin/Desktop/ProjectTron/Content/ProjectTronInstance.uasset'
[2015.07.24-10.22.00:059][672]LogD3D11RHI: InitD3DDevice
[2015.07.24-10.23.16:192][866]LogD3D11RHI: InitD3DDevice
[2015.07.24-10.23.16:215][866]Cmd: OBJ SAVEPACKAGE PACKAGE="/Game/ProjectTronInstance" FILE="../../../../../../Users/Quentin/Desktop/ProjectTron/Content/ProjectTronInstance.uasset" SILENT=true
[2015.07.24-10.23.16:301][866]LogSavePackage: Save=61.484856ms
[2015.07.24-10.23.16:301][866]LogSavePackage: Moving '../../../../../../Users/Quentin/Desktop/ProjectTron/Saved/ProjectTronInstanceD5EADF3246663DCF62FF489C6120E4DF.tmp' to '../../../../../../Users/Quentin/Desktop/ProjectTron/Content/ProjectTronInstance.uasset'
[2015.07.24-10.23.22:841][257]BlueprintLog: New page: Pre-PIE auto-recompile
[2015.07.24-10.23.22:852][257]LogPlayLevel: [PIE] Compiling MenuLevel before PIE...
[2015.07.24-10.23.22:971][257]LogParticles: Destroying 0 GPU particle simulations for FXSystem 0x000000EB6C350540
[2015.07.24-10.23.22:971][257]LogPlayLevel: PIE:  Blueprint regeneration took 130 ms (1 blueprints)
[2015.07.24-10.23.22:971][257]PIE: New page: SIE session: MenuLevel (Jul 24, 2015, 2:23:22 PM)
[2015.07.24-10.23.22:972][257]LogPlayLevel: Creating play world package: /Game/Level/UEDPIE_0_MenuLevel
[2015.07.24-10.23.22:974][257]LogPlayLevel: PIE: StaticDuplicateObject took: (0.002110s)
[2015.07.24-10.23.22:974][257]LogAIModule: Creating AISystem for world MenuLevel
[2015.07.24-10.23.22:975][257]LogPlayLevel: PIE: World Init took: (0.001150s)
[2015.07.24-10.23.22:975][257]LogPlayLevel: PIE: Created PIE world by copying editor world from /Game/Level/MenuLevel.MenuLevel to /Game/Level/UEDPIE_0_MenuLevel.MenuLevel (0.003453s)
[2015.07.24-10.23.23:024][257]LogInit: XAudio2 using 'Speakers (Realtek High Definition Audio)' : 2 channels at 48 kHz using 32 bits per sample (channel mask 0x3)
[2015.07.24-10.23.23:031][257]LogInit: FAudioDevice initialized.
[2015.07.24-10.23.23:063][257]LogWorld: Game class is 'GameMode_BP_C'
[2015.07.24-10.23.23:065][257]LogWorld: Bringing World /Game/Level/UEDPIE_0_MenuLevel.MenuLevel up for play (max tick rate 60) at 2015.07.24-12.23.23
[2015.07.24-10.23.23:065][257]LogActor:Warning: GameSession /Game/Level/UEDPIE_0_MenuLevel.MenuLevel:PersistentLevel.GameSession_10 has natively added scene component(s), but none of them were set as the actor's RootComponent - picking one arbitrarily
[2015.07.24-10.23.23:066][257]LogActor:Warning: GameNetworkManager /Game/Level/UEDPIE_0_MenuLevel.MenuLevel:PersistentLevel.GameNetworkManager_10 has natively added scene component(s), but none of them were set as the actor's RootComponent - picking one arbitrarily
[2015.07.24-10.23.23:066][257]LogWorld: Bringing up level for play took: 0.001119
[2015.07.24-10.23.23:066][257]LogGameMode: Warning - PATHS NOT DEFINED or NO PLAYERSTART with positive rating
[2015.07.24-10.23.23:068][257]PIE: Info Play in editor start time for /Game/Level/UEDPIE_0_MenuLevel 0.473
[2015.07.24-10.23.26:062][432]LogParticles: Destroying 0 GPU particle simulations for FXSystem 0x000000EB0059ACA0
[2015.07.24-10.23.30:323][659]Cmd: QUIT_EDITOR
[2015.07.24-10.23.31:069][659]LogWindowsTextInputMethodSystem:Display: IME system now deactivated.
[2015.07.24-10.23.31:194][659]LogExit: Preparing to exit.
[2015.07.24-10.23.31:701][659]LogExit: Editor shut down
[2015.07.24-10.23.31:702][659]LogExit: Transaction tracking system shut down
[2015.07.24-10.23.31:704][659]LogParticles: Destroying 0 GPU particle simulations for FXSystem 0x000000EB7129C860
[2015.07.24-10.23.31:704][659]LogParticles: Destroying 0 GPU particle simulations for FXSystem 0x000000EB6C28D940
[2015.07.24-10.23.31:704][659]LogParticles: Destroying 0 GPU particle simulations for FXSystem 0x000000EB7C583880
[2015.07.24-10.23.31:705][659]LogParticles: Destroying 0 GPU particle simulations for FXSystem 0x000000EB697A16C0
[2015.07.24-10.23.31:706][659]LogParticles: Destroying 0 GPU particle simulations for FXSystem 0x000000EB562C4C20
[2015.07.24-10.23.31:710][659]LogParticles: Destroying 0 GPU particle simulations for FXSystem 0x000000EB5849D8A0
[2015.07.24-10.23.31:879][659]LogExit: Object subsystem successfully closed.
[2015.07.24-10.23.31:894][659]LogD3D11RHI: Shutdown
[2015.07.24-10.23.31:894][659]LogD3D11RHI: CleanupD3DDevice
[2015.07.24-10.23.31:964][659]LogD3D11RHI: ~FD3D11DynamicRHI
[2015.07.24-10.23.32:081][659]LogModuleManager: Shutting down and abandoning module CrashTracker (188)
[2015.07.24-10.23.32:081][659]LogModuleManager: Shutting down and abandoning module SceneOutliner (187)
[2015.07.24-10.23.32:081][659]LogModuleManager: Shutting down and abandoning module SuperSearch (186)
[2015.07.24-10.23.32:081][659]LogModuleManager: Shutting down and abandoning module WidgetCarousel (185)
[2015.07.24-10.23.32:101][659]LogModuleManager: Shutting down and abandoning module AddContentDialog (184)
[2015.07.24-10.23.32:117][659]LogModuleManager: Shutting down and abandoning module EditorWidgets (183)
[2015.07.24-10.23.32:117][659]LogModuleManager: Shutting down and abandoning module CollectionManager (182)
[2015.07.24-10.23.32:128][659]LogModuleManager: Shutting down and abandoning module StatsViewer (181)
[2015.07.24-10.23.32:141][659]LogModuleManager: Shutting down and abandoning module FoliageEdit (180)
[2015.07.24-10.23.32:152][659]LogModuleManager: Shutting down and abandoning module LandscapeEditor (179)
[2015.07.24-10.23.32:178][659]LogModuleManager: Shutting down and abandoning module ActorPickerMode (178)
[2015.07.24-10.23.32:178][659]LogModuleManager: Shutting down and abandoning module GeometryMode (177)
[2015.07.24-10.23.32:178][659]LogModuleManager: Shutting down and abandoning module TextureAlignMode (176)
[2015.07.24-10.23.32:178][659]LogModuleManager: Shutting down and abandoning module BspMode (175)
[2015.07.24-10.23.32:178][659]LogModuleManager: Shutting down and abandoning module PlacementMode (174)
[2015.07.24-10.23.32:186][659]LogModuleManager: Shutting down and abandoning module AutomationWorker (173)
[2015.07.24-10.23.32:186][659]LogModuleManager: Shutting down and abandoning module CharacterAI (172)
[2015.07.24-10.23.32:186][659]LogModuleManager: Shutting down and abandoning module SmartSnapping (171)
[2015.07.24-10.23.32:186][659]LogModuleManager: Shutting down and abandoning module ViewportSnapping (170)
[2015.07.24-10.23.32:186][659]LogModuleManager: Shutting down and abandoning module LogVisualizer (169)
[2015.07.24-10.23.32:208][659]LogModuleManager: Shutting down and abandoning module GameProjectGeneration (168)
[2015.07.24-10.23.32:223][659]LogModuleManager: Shutting down and abandoning module IntroTutorials (167)
[2015.07.24-10.23.32:258][659]LogModuleManager: Shutting down and abandoning module EditorLiveStreaming (166)
[2015.07.24-10.23.32:263][659]LogModuleManager: Shutting down and abandoning module IOSPlatformEditor (165)
[2015.07.24-10.23.32:268][659]LogModuleManager: Shutting down and abandoning module HTML5PlatformEditor (164)
[2015.07.24-10.23.32:268][659]LogModuleManager: Shutting down and abandoning module AndroidDeviceDetection (163)
[2015.07.24-10.23.32:534][659]LogModuleManager: Shutting down and abandoning module AndroidPlatformEditor (162)
[2015.07.24-10.23.32:534][659]LogModuleManager: Shutting down and abandoning module IOSRuntimeSettings (161)
[2015.07.24-10.23.32:534][659]LogModuleManager: Shutting down and abandoning module AndroidRuntimeSettings (160)
[2015.07.24-10.23.32:534][659]LogModuleManager: Shutting down and abandoning module MergeActors (159)
[2015.07.24-10.23.32:558][659]LogModuleManager: Shutting down and abandoning module SizeMap (158)
[2015.07.24-10.23.32:558][659]LogModuleManager: Shutting down and abandoning module TreeMap (157)
[2015.07.24-10.23.32:568][659]LogModuleManager: Shutting down and abandoning module ReferenceViewer (156)
[2015.07.24-10.23.32:568][659]LogModuleManager: Shutting down and abandoning module LocalizationDashboard (155)
[2015.07.24-10.23.32:579][659]LogModuleManager: Shutting down and abandoning module HardwareTargeting (154)
[2015.07.24-10.23.32:579][659]LogModuleManager: Shutting down and abandoning module DeviceProfileEditor (153)
[2015.07.24-10.23.32:584][659]LogModuleManager: Shutting down and abandoning module UndoHistory (152)
[2015.07.24-10.23.32:595][659]LogModuleManager: Shutting down and abandoning module GameplayTagsEditor (151)
[2015.07.24-10.23.32:602][659]LogModuleManager: Shutting down and abandoning module UserFeedback (150)
[2015.07.24-10.23.32:603][659]LogModuleManager: Shutting down and abandoning module XmlParser (149)
[2015.07.24-10.23.32:614][659]LogModuleManager: Shutting down and abandoning module Blutility (148)
[2015.07.24-10.23.32:614][659]LogModuleManager: Shutting down and abandoning module ProjectTargetPlatformEditor (147)
[2015.07.24-10.23.32:614][659]LogModuleManager: Shutting down and abandoning module ProjectSettingsViewer (146)
[2015.07.24-10.23.32:614][659]LogModuleManager: Shutting down and abandoning module InputBindingEditor (145)
[2015.07.24-10.23.32:627][659]LogModuleManager: Shutting down and abandoning module EditorSettingsViewer (144)
[2015.07.24-10.23.32:627][659]LogModuleManager: Shutting down and abandoning module SettingsEditor (143)
[2015.07.24-10.23.32:627][659]LogModuleManager: Shutting down and abandoning module ProjectLauncher (142)
[2015.07.24-10.23.32:646][659]LogModuleManager: Shutting down and abandoning module SessionFrontend (141)
[2015.07.24-10.23.32:655][659]LogModuleManager: Shutting down and abandoning module ProfilerClient (140)
[2015.07.24-10.23.32:666][659]LogModuleManager: Shutting down and abandoning module TargetDeviceServices (139)
[2015.07.24-10.23.32:670][659]LogModuleManager: Shutting down and abandoning module DeviceManager (138)
[2015.07.24-10.23.32:678][659]LogModuleManager: Shutting down and abandoning module AutomationController (137)
[2015.07.24-10.23.32:687][659]LogModuleManager: Shutting down and abandoning module AutomationWindow (136)
[2015.07.24-10.23.32:698][659]LogModuleManager: Shutting down and abandoning module Layers (135)
[2015.07.24-10.23.32:715][659]LogModuleManager: Shutting down and abandoning module ComponentVisualizers (134)
[2015.07.24-10.23.32:715][659]LogModuleManager: Shutting down and abandoning module DetailCustomizations (133)
[2015.07.24-10.23.32:715][659]LogModuleManager: Shutting down and abandoning module PackagesDialog (132)
[2015.07.24-10.23.32:715][659]LogModuleManager: Shutting down and abandoning module AssetRegistry (131)
[2015.07.24-10.23.32:829][659]LogModuleManager: Shutting down and abandoning module Persona (130)
[2015.07.24-10.23.32:870][659]LogModuleManager: Shutting down and abandoning module Kismet (129)
[2015.07.24-10.23.32:870][659]LogModuleManager: Shutting down and abandoning module GraphEditor (128)
[2015.07.24-10.23.32:870][659]LogModuleManager: Shutting down and abandoning module ClassViewer (127)
[2015.07.24-10.23.32:870][659]LogModuleManager: Shutting down and abandoning module Toolbox (126)
[2015.07.24-10.23.32:870][659]LogModuleManager: Shutting down and abandoning module ModuleUI (125)
[2015.07.24-10.23.32:875][659]LogModuleManager: Shutting down and abandoning module MovieSceneTools (124)
[2015.07.24-10.23.32:875][659]LogModuleManager: Shutting down and abandoning module OutputLog (123)
[2015.07.24-10.23.32:875][659]LogModuleManager: Shutting down and abandoning module GammaUI (122)
[2015.07.24-10.23.32:880][659]LogModuleManager: Shutting down and abandoning module Documentation (121)
[2015.07.24-10.23.32:880][659]LogModuleManager: Shutting down and abandoning module GameLiveStreaming (120)
[2015.07.24-10.23.32:888][659]LogModuleManager: Shutting down and abandoning module StreamingPauseRendering (119)
[2015.07.24-10.23.32:888][659]LogModuleManager: Shutting down and abandoning module AnalyticsET (118)
[2015.07.24-10.23.32:888][659]LogModuleManager: Shutting down and abandoning module Analytics (117)
[2015.07.24-10.23.32:888][659]LogModuleManager: Shutting down and abandoning module AITestSuite (116)
[2015.07.24-10.23.32:897][659]LogModuleManager: Shutting down and abandoning module GameplayDebugger (115)
[2015.07.24-10.23.32:898][659]LogModuleManager: Shutting down and abandoning module AIModule (114)
[2015.07.24-10.23.32:898][659]LogModuleManager: Shutting down and abandoning module ProfilerService (113)
[2015.07.24-10.23.33:130][659]LogModuleManager: Shutting down and abandoning module TaskGraph (112)
[2015.07.24-10.23.33:143][659]LogModuleManager: Shutting down and abandoning module SlateRemote (111)
[2015.07.24-10.23.33:143][659]LogModuleManager: Shutting down and abandoning module SteamVRController (110)
[2015.07.24-10.23.33:143][659]LogModuleManager: Shutting down and abandoning module SteamVR (109)
[2015.07.24-10.23.33:143][659]LogModuleManager: Shutting down and abandoning module ProceduralMeshComponent (108)
[2015.07.24-10.23.33:143][659]LogModuleManager: Shutting down and abandoning module OculusRift (107)
[2015.07.24-10.23.33:143][659]LogModuleManager: Shutting down and abandoning module LeapMotionController (106)
[2015.07.24-10.23.33:180][659]LogModuleManager: Shutting down and abandoning module CustomMeshComponent (105)
[2015.07.24-10.23.33:180][659]LogModuleManager: Shutting down and abandoning module CableComponent (104)
[2015.07.24-10.23.33:189][659]LogModuleManager: Shutting down and abandoning module MessagingDebugger (103)
[2015.07.24-10.23.33:202][659]LogModuleManager: Shutting down and abandoning module MediaPlayerEditor (102)
[2015.07.24-10.23.33:219][659]LogModuleManager: Shutting down and abandoning module SpeedTreeImporter (101)
[2015.07.24-10.23.33:219][659]LogModuleManager: Shutting down and abandoning module PluginBrowser (100)
[2015.07.24-10.23.33:229][659]LogModuleManager: Shutting down and abandoning module EpicSurvey (99)
[2015.07.24-10.23.33:238][659]LogModuleManager: Shutting down and abandoning module DesktopPlatform (98)
[2015.07.24-10.23.33:254][659]LogModuleManager: Shutting down and abandoning module VisualStudioSourceCodeAccess (97)
[2015.07.24-10.23.33:263][659]LogModuleManager: Shutting down and abandoning module UObjectPlugin (96)
[2015.07.24-10.23.33:263][659]LogModuleManager: Shutting down and abandoning module SubversionSourceControl (95)
[2015.07.24-10.23.33:275][659]LogModuleManager: Shutting down and abandoning module PerforceSourceControl (94)
[2015.07.24-10.23.33:300][659]LogModuleManager: Shutting down and abandoning module SourceControl (93)
[2015.07.24-10.23.33:307][659]LogModuleManager: Shutting down and abandoning module GitSourceControl (92)
[2015.07.24-10.23.33:315][659]LogModuleManager: Shutting down and abandoning module BlankPlugin (91)
[2015.07.24-10.23.33:315][659]LogModuleManager: Shutting down and abandoning module PaperTiledImporter (90)
[2015.07.24-10.23.33:315][659]LogModuleManager: Shutting down and abandoning module PaperSpriteSheetImporter (89)
[2015.07.24-10.23.33:324][659]LogModuleManager: Shutting down and abandoning module MeshPaint (88)
[2015.07.24-10.23.33:328][659]LogModuleManager: Shutting down and abandoning module SlateReflector (87)
[2015.07.24-10.23.33:347][659]LogModuleManager: Shutting down and abandoning module DirectoryWatcher (86)
[2015.07.24-10.23.33:348][659]LogModuleManager: Shutting down and abandoning module HotReload (85)
[2015.07.24-10.23.33:348][659]LogModuleManager: Shutting down and abandoning module MainFrame (84)
[2015.07.24-10.23.33:348][659]LogModuleManager: Shutting down and abandoning module LevelEditor (83)
[2015.07.24-10.23.33:358][659]LogModuleManager: Shutting down and abandoning module ContentBrowser (82)
[2015.07.24-10.23.33:358][659]LogModuleManager: Shutting down and abandoning module Paper2DEditor (81)
[2015.07.24-10.23.33:403][659]LogModuleManager: Shutting down and abandoning module UdpMessaging (80)
[2015.07.24-10.23.33:511][659]LogModuleManager: Shutting down and abandoning module Paper2D (79)
[2015.07.24-10.23.33:519][659]LogModuleManager: Shutting down and abandoning module WindowsMoviePlayer (78)
[2015.07.24-10.23.33:536][659]LogModuleManager: Shutting down and abandoning module Media (77)
[2015.07.24-10.23.33:536][659]LogModuleManager: Shutting down and abandoning module WmfMedia (76)
[2015.07.24-10.23.33:554][659]LogModuleManager: Shutting down and abandoning module OnlineBlueprintSupport (75)
[2015.07.24-10.23.33:554][659]LogModuleManager: Shutting down and abandoning module PropertyEditor (74)
[2015.07.24-10.23.33:554][659]LogModuleManager: Shutting down and abandoning module BehaviorTreeEditor (73)
[2015.07.24-10.23.33:572][659]LogModuleManager: Shutting down and abandoning module FunctionalTesting (72)
[2015.07.24-10.23.33:582][659]LogModuleManager: Shutting down and abandoning module CollisionAnalyzer (71)
[2015.07.24-10.23.33:587][659]LogModuleManager: Shutting down and abandoning module WorkspaceMenuStructure (70)
[2015.07.24-10.23.33:587][659]LogModuleManager: Shutting down and abandoning module MessageLog (69)
[2015.07.24-10.23.33:587][659]LogModuleManager: Shutting down and abandoning module Sequencer (68)
[2015.07.24-10.23.33:587][659]LogModuleManager: Shutting down and abandoning module AssetTools (67)
[2015.07.24-10.23.33:604][659]LogModuleManager: Shutting down and abandoning module UMGEditor (66)
[2015.07.24-10.23.33:604][659]LogModuleManager: Shutting down and abandoning module UMG (65)
[2015.07.24-10.23.33:604][659]LogModuleManager: Shutting down and abandoning module Slate (64)
[2015.07.24-10.23.33:604][659]LogModuleManager: Shutting down and abandoning module EditorStyle (63)
[2015.07.24-10.23.33:606][659]LogModuleManager: Shutting down and abandoning module SessionServices (62)
[2015.07.24-10.23.33:606][659]LogModuleManager: Shutting down and abandoning module SourceCodeAccess (61)
[2015.07.24-10.23.33:606][659]LogModuleManager: Shutting down and abandoning module HeadMountedDisplay (60)
[2015.07.24-10.23.33:606][659]LogModuleManager: Shutting down and abandoning module XAudio2 (59)
[2015.07.24-10.23.33:606][659]LogModuleManager: Shutting down and abandoning module Networking (57)
[2015.07.24-10.23.33:606][659]LogModuleManager: Shutting down and abandoning module Core (56)
[2015.07.24-10.23.33:606][659]LogModuleManager: Shutting down and abandoning module KismetCompiler (55)
[2015.07.24-10.23.33:621][659]LogModuleManager: Shutting down and abandoning module PhysXFormats (54)
[2015.07.24-10.23.33:621][659]LogModuleManager: Shutting down and abandoning module MeshUtilities (53)
[2015.07.24-10.23.33:637][659]LogModuleManager: Shutting down and abandoning module DerivedDataCache (52)
[2015.07.24-10.23.33:717][659]LogDerivedDataCache: Shutdown
[2015.07.24-10.23.33:717][659]LogModuleManager: Shutting down and abandoning module ShaderFormatOpenGL (51)
[2015.07.24-10.23.33:731][659]LogModuleManager: Shutting down and abandoning module ShaderFormatD3D (50)
[2015.07.24-10.23.33:737][659]LogModuleManager: Shutting down and abandoning module MetalShaderFormat (49)
[2015.07.24-10.23.33:750][659]LogModuleManager: Shutting down and abandoning module TextureFormatUncompressed (48)
[2015.07.24-10.23.33:750][659]LogModuleManager: Shutting down and abandoning module TextureFormatPVR (47)
[2015.07.24-10.23.33:759][659]LogModuleManager: Shutting down and abandoning module TextureFormatIntelISPCTexComp (46)
[2015.07.24-10.23.33:768][659]LogModuleManager: Shutting down and abandoning module TextureFormatDXT (45)
[2015.07.24-10.23.33:768][659]LogModuleManager: Shutting down and abandoning module ImageWrapper (44)
[2015.07.24-10.23.33:768][659]LogModuleManager: Shutting down and abandoning module TextureFormatASTC (43)
[2015.07.24-10.23.33:769][659]LogModuleManager: Shutting down and abandoning module TextureFormatAndroid (42)
[2015.07.24-10.23.33:769][659]LogModuleManager: Shutting down and abandoning module AudioFormatOpus (41)
[2015.07.24-10.23.33:774][659]LogModuleManager: Shutting down and abandoning module AudioFormatOgg (40)
[2015.07.24-10.23.33:780][659]LogModuleManager: Shutting down and abandoning module AudioFormatADPCM (39)
[2015.07.24-10.23.33:780][659]LogModuleManager: Shutting down and abandoning module LinuxTargetPlatform (38)
[2015.07.24-10.23.33:780][659]LogModuleManager: Shutting down and abandoning module LinuxServerTargetPlatform (37)
[2015.07.24-10.23.33:783][659]LogModuleManager: Shutting down and abandoning module LinuxNoEditorTargetPlatform (36)
[2015.07.24-10.23.33:796][659]LogModuleManager: Shutting down and abandoning module Messaging (35)
[2015.07.24-10.23.33:796][659]LogModuleManager: Shutting down and abandoning module IOSTargetPlatform (34)
[2015.07.24-10.23.33:796][659]LogModuleManager: Shutting down and abandoning module HTML5TargetPlatform (33)
[2015.07.24-10.23.33:796][659]LogModuleManager: Shutting down and abandoning module Android_PVRTCTargetPlatform (32)
[2015.07.24-10.23.33:796][659]LogModuleManager: Shutting down and abandoning module Android_ETC2TargetPlatform (31)
[2015.07.24-10.23.33:796][659]LogModuleManager: Shutting down and abandoning module Android_ETC1TargetPlatform (30)
[2015.07.24-10.23.33:796][659]LogModuleManager: Shutting down and abandoning module Android_DXTTargetPlatform (29)
[2015.07.24-10.23.33:796][659]LogModuleManager: Shutting down and abandoning module Android_ATCTargetPlatform (28)
[2015.07.24-10.23.33:796][659]LogModuleManager: Shutting down and abandoning module Android_ASTCTargetPlatform (27)
[2015.07.24-10.23.33:796][659]LogModuleManager: Shutting down and abandoning module AndroidTargetPlatform (26)
[2015.07.24-10.23.33:796][659]LogModuleManager: Shutting down and abandoning module WindowsTargetPlatform (25)
[2015.07.24-10.23.33:796][659]LogModuleManager: Shutting down and abandoning module WindowsServerTargetPlatform (24)
[2015.07.24-10.23.33:796][659]LogModuleManager: Shutting down and abandoning module WindowsNoEditorTargetPlatform (23)
[2015.07.24-10.23.33:796][659]LogModuleManager: Shutting down and abandoning module WindowsClientTargetPlatform (22)
[2015.07.24-10.23.33:796][659]LogModuleManager: Shutting down and abandoning module DesktopTargetPlatform (21)
[2015.07.24-10.23.33:796][659]LogModuleManager: Shutting down and abandoning module TargetPlatform (20)
[2015.07.24-10.23.33:796][659]LogModuleManager: Shutting down and abandoning module InputCore (19)
[2015.07.24-10.23.33:796][659]LogModuleManager: Shutting down and abandoning module Settings (18)
[2015.07.24-10.23.33:796][659]LogModuleManager: Shutting down and abandoning module OnlineSubsystem (16)
[2015.07.24-10.23.33:796][659]LogModuleManager: Shutting down and abandoning module HTTP (15)
[2015.07.24-10.23.33:796][659]LogModuleManager: Shutting down and abandoning module ExampleDeviceProfileSelector (14)
[2015.07.24-10.23.33:796][659]LogModuleManager: Shutting down and abandoning module TextureCompressor (13)
[2015.07.24-10.23.33:796][659]LogModuleManager: Shutting down and abandoning module ShaderCore (12)
[2015.07.24-10.23.33:796][659]LogModuleManager: Shutting down and abandoning module Landscape (11)
[2015.07.24-10.23.33:796][659]LogModuleManager: Shutting down and abandoning module SlateRHIRenderer (10)
[2015.07.24-10.23.33:812][659]LogModuleManager: Shutting down and abandoning module OpenGLDrv (9)
[2015.07.24-10.23.33:824][659]LogModuleManager: Shutting down and abandoning module D3D11RHI (8)
[2015.07.24-10.23.33:824][659]LogModuleManager: Shutting down and abandoning module Renderer (7)
[2015.07.24-10.23.33:824][659]LogModuleManager: Shutting down and abandoning module Engine (6)
[2015.07.24-10.23.33:824][659]LogModuleManager: Shutting down and abandoning module CoreUObject (5)
[2015.07.24-10.23.33:824][659]LogModuleManager: Shutting down and abandoning module NetworkFile (4)
[2015.07.24-10.23.33:832][659]LogModuleManager: Shutting down and abandoning module StreamingFile (3)
[2015.07.24-10.23.33:846][659]LogModuleManager: Shutting down and abandoning module SandboxFile (2)
[2015.07.24-10.23.33:856][659]LogModuleManager: Shutting down and abandoning module PakFile (1)
[2015.07.24-10.23.33:864][659]LogExit: Exiting.
[2015.07.24-10.23.33:874][659]Log file closed, 07/24/15 12:23:33
