[2015.07.22-16.36.21:086][  0]Log file open, 07/22/15 18:36:21
[2015.07.22-16.36.21:086][  0]LogInit:Display: Running engine for game: ProjectTron
[2015.07.22-16.36.21:086][  0]LogInit:Display: RandInit(1089094747) SRandInit(1089094748).
[2015.07.22-16.36.21:086][  0]LogTaskGraph: Started task graph with 4 named threads and 7 total threads.
[2015.07.22-16.36.21:086][  0]LogStats: Stats thread started
[2015.07.22-16.36.21:086][  0]LogInit: Version: 4.8.2-2614606+++depot+UE4-Releases+4.8
[2015.07.22-16.36.21:086][  0]LogInit: API Version: 2579680
[2015.07.22-16.36.21:086][  0]LogInit: Compiled (64-bit): Jul  8 2015 23:43:41
[2015.07.22-16.36.21:086][  0]LogInit: Compiled with Visual C++: 18.00.21005.01
[2015.07.22-16.36.21:086][  0]LogInit: Build Configuration: Development
[2015.07.22-16.36.21:086][  0]LogInit: Branch Name: ++depot+UE4-Releases+4.8
[2015.07.22-16.36.21:086][  0]LogInit: Command line:  
[2015.07.22-16.36.21:086][  0]LogInit: Base directory: D:/UnrealEngine/4.8/Engine/Binaries/Win64/
[2015.07.22-16.36.21:086][  0]LogInit: Rocket: 1
[2015.07.22-16.36.21:095][  0]LogInit: Using libcurl 7.41.0
[2015.07.22-16.36.21:095][  0]LogInit:  - built for x86_64-pc-win32
[2015.07.22-16.36.21:095][  0]LogInit:  - supports SSL with WinSSL
[2015.07.22-16.36.21:095][  0]LogInit:  - other features:
[2015.07.22-16.36.21:095][  0]LogInit:      CURL_VERSION_SSL
[2015.07.22-16.36.21:095][  0]LogInit:      CURL_VERSION_IPV6
[2015.07.22-16.36.21:095][  0]LogInit:      CURL_VERSION_ASYNCHDNS
[2015.07.22-16.36.21:095][  0]LogInit:      CURL_VERSION_LARGEFILE
[2015.07.22-16.36.21:095][  0]LogInit:      CURL_VERSION_IDN
[2015.07.22-16.36.21:095][  0]LogInit:  CurlRequestOptions (configurable via config and command line):
[2015.07.22-16.36.21:095][  0]LogInit:  - bVerifyPeer = true  - Libcurl will verify peer certificate
[2015.07.22-16.36.21:095][  0]LogInit:  - bUseHttpProxy = false  - Libcurl will NOT use HTTP proxy
[2015.07.22-16.36.21:095][  0]LogInit:  - bDontReuseConnections = false  - Libcurl will reuse connections
[2015.07.22-16.36.21:095][  0]LogInit:  - CertBundlePath = nullptr  - Libcurl will use whatever was configured at build time.
[2015.07.22-16.36.21:102][  0]LogOnline:Warning: No default platform service specified for OnlineSubsystem
[2015.07.22-16.36.21:112][  0]LogInit: Presizing for 0 objects not considered by GC, pre-allocating 0 bytes.
[2015.07.22-16.36.21:118][  0]LogInit: Object subsystem initialized
[2015.07.22-16.36.21:119][  0]LogConsoleResponse:Warning: Skipping Unknown console variable: 'TranslucentSortAxis = (X=0.000000,Y=-1.000000,Z=0.000000)'
[2015.07.22-16.36.21:119][  0]LogConsoleResponse:Warning:   Found in ini file 'D:/UnrealEngineProject/ProjectTron/Saved/Config/Windows/Engine.ini', in section '[/Script/Engine.RendererSettings]'
[2015.07.22-16.36.21:119][  0]LogConsoleResponse:Warning: Skipping Unknown console variable: 'UIScaleRule = ShortestSide'
[2015.07.22-16.36.21:119][  0]LogConsoleResponse:Warning:   Found in ini file 'D:/UnrealEngineProject/ProjectTron/Saved/Config/Windows/Engine.ini', in section '[/Script/Engine.RendererSettings]'
[2015.07.22-16.36.21:119][  0]LogConsoleResponse:Warning: Skipping Unknown console variable: 'UIScaleCurve = (EditorCurveData=(Keys=),ExternalCurve=None)'
[2015.07.22-16.36.21:119][  0]LogConsoleResponse:Warning:   Found in ini file 'D:/UnrealEngineProject/ProjectTron/Saved/Config/Windows/Engine.ini', in section '[/Script/Engine.RendererSettings]'
[2015.07.22-16.36.21:120][  0]LogInit: Selected Device Profile: [Windows]
[2015.07.22-16.36.21:120][  0]LogInit: Applying CVar settings loaded from the selected device profile: [Windows]
[2015.07.22-16.36.21:126][  0]LogInit: Computer: FIELDRAIN-PC
[2015.07.22-16.36.21:126][  0]LogInit: User: Adrien
[2015.07.22-16.36.21:126][  0]LogInit: CPU Page size=4096, Cores=4
[2015.07.22-16.36.21:126][  0]LogInit: High frequency timer resolution =2.338343 MHz
[2015.07.22-16.36.21:126][  0]LogMemory: Memory total: Physical=15.9GB (16GB approx)
[2015.07.22-16.36.21:126][  0]LogMemory: Platform Memory Stats for Windows
[2015.07.22-16.36.21:126][  0]LogMemory: Process Physical Memory: 49.01 MB used, 49.01 MB peak
[2015.07.22-16.36.21:126][  0]LogMemory: Process Virtual Memory: 22.34 MB used, 22.34 MB peak
[2015.07.22-16.36.21:126][  0]LogMemory: Physical Memory: 4373.37 MB used, 16271.36 MB total
[2015.07.22-16.36.21:126][  0]LogMemory: Virtual Memory: 291.79 MB used, 134217728.00 MB total
[2015.07.22-16.36.21:160][  0]LogTextLocalizationManager: The requested culture ('en_150') has no localization data; parent culture's ('en') localization data will be used.
[2015.07.22-16.36.21:379][  0]LogTextLocalizationManager:Warning: Loaded localization resources contain conflicting entries for (Namespace:ContentBrowser, Key:ImportAssetToolTip):
Localization Resource: (D:/UnrealEngine/4.8/Engine/Content/Localization/Editor/en/Editor.locres) Source String Hash: (-630476809) Localized String: (Import to {0}...)
Localization Resource: (D:/UnrealEngine/4.8/Engine/Content/Localization/Editor/en/Editor.locres) Source String Hash: (1271782899) Localized String: (Imports an asset from file to this folder.)
[2015.07.22-16.36.21:934][  0]LogD3D11RHI: Found D3D11 adapter 0: Intel(R) HD Graphics 4600 (Feature Level 11_0)
[2015.07.22-16.36.21:934][  0]LogD3D11RHI: Adapter has 0MB of dedicated video memory, 0MB of dedicated system memory, and 1792MB of shared system memory, 2 output[s]
[2015.07.22-16.36.21:969][  0]LogD3D11RHI: Found D3D11 adapter 1: NVIDIA GeForce GTX 780M (Feature Level 11_0)
[2015.07.22-16.36.21:969][  0]LogD3D11RHI: Adapter has 3995MB of dedicated video memory, 0MB of dedicated system memory, and 8135MB of shared system memory, 0 output[s]
[2015.07.22-16.36.21:973][  0]LogD3D11RHI: Found D3D11 adapter 2: Microsoft Basic Render Driver (Feature Level 11_0)
[2015.07.22-16.36.21:973][  0]LogD3D11RHI: Adapter has 0MB of dedicated video memory, 0MB of dedicated system memory, and 256MB of shared system memory, 0 output[s]
[2015.07.22-16.36.21:973][  0]LogD3D11RHI: Chosen D3D11 Adapter Id = 0
[2015.07.22-16.36.21:991][  0]LogD3D11RHI: InitD3DDevice
[2015.07.22-16.36.21:991][  0]LogD3D11RHI: !Direct3DDevice
[2015.07.22-16.36.21:991][  0]LogRHI: Texture pool is 1361 MB (70% of 1945 MB)
[2015.07.22-16.36.22:022][  0]LogD3D11RHI: Async texture creation enabled
[2015.07.22-16.36.22:472][  0]LogShaderCompilers:Display: Using Local Shader Compiler.
[2015.07.22-16.36.23:239][  0]LogTemp:Display: Loaded TP DesktopTargetPlatform
[2015.07.22-16.36.23:251][  0]LogTemp:Display: Loaded TP WindowsClientTargetPlatform
[2015.07.22-16.36.23:261][  0]LogTemp:Display: Loaded TP WindowsNoEditorTargetPlatform
[2015.07.22-16.36.23:270][  0]LogTemp:Display: Loaded TP WindowsServerTargetPlatform
[2015.07.22-16.36.23:281][  0]LogTemp:Display: Loaded TP WindowsTargetPlatform
[2015.07.22-16.36.23:290][  0]LogTemp:Display: Loaded TP AndroidTargetPlatform
[2015.07.22-16.36.23:300][  0]LogTemp:Display: Loaded TP Android_ASTCTargetPlatform
[2015.07.22-16.36.23:310][  0]LogTemp:Display: Loaded TP Android_ATCTargetPlatform
[2015.07.22-16.36.23:319][  0]LogTemp:Display: Loaded TP Android_DXTTargetPlatform
[2015.07.22-16.36.23:327][  0]LogTemp:Display: Loaded TP Android_ETC1TargetPlatform
[2015.07.22-16.36.23:335][  0]LogTemp:Display: Loaded TP Android_ETC2TargetPlatform
[2015.07.22-16.36.23:345][  0]LogTemp:Display: Loaded TP Android_PVRTCTargetPlatform
[2015.07.22-16.36.23:383][  0]LogTemp:Display: Loaded TP IOSTargetPlatform
[2015.07.22-16.36.23:391][  0]LogTemp:Display: Loaded TP LinuxNoEditorTargetPlatform
[2015.07.22-16.36.23:400][  0]LogTemp:Display: Loaded TP LinuxServerTargetPlatform
[2015.07.22-16.36.23:410][  0]LogTemp:Display: Loaded TP LinuxTargetPlatform
[2015.07.22-16.36.23:410][  0]LogTargetPlatformManager:Display: Building Assets For Windows
[2015.07.22-16.36.23:548][  0]LogDerivedDataCache:Display: Max Cache Size: 512 MB
[2015.07.22-16.36.23:597][  0]LogDerivedDataCache: Loaded boot cache 0.05s 53MB C:/Users/Adrien/AppData/Local/UnrealEngine/4.8/DerivedDataCache/Boot.ddc.
[2015.07.22-16.36.23:597][  0]LogDerivedDataCache:Display: Loaded Boot cache: C:/Users/Adrien/AppData/Local/UnrealEngine/4.8/DerivedDataCache/Boot.ddc
[2015.07.22-16.36.23:597][  0]LogDerivedDataCache: FDerivedDataBackendGraph:  Pak pak cache file ../../../../../UnrealEngineProject/ProjectTron/DerivedDataCache/DDC.ddp not found, will not use a pak cache.
[2015.07.22-16.36.23:597][  0]LogDerivedDataCache: Unable to find inner node Pak for hierarchical cache Hierarchy.
[2015.07.22-16.36.23:597][  0]LogDerivedDataCache: FDerivedDataBackendGraph:  CompressedPak pak cache file ../../../../../UnrealEngineProject/ProjectTron/DerivedDataCache/Compressed.ddp not found, will not use a pak cache.
[2015.07.22-16.36.23:597][  0]LogDerivedDataCache: Unable to find inner node CompressedPak for hierarchical cache Hierarchy.
[2015.07.22-16.36.23:746][  0]LogDerivedDataCache:Display: Pak cache opened for reading ../../../Engine/DerivedDataCache/Compressed.ddp.
[2015.07.22-16.36.23:758][  0]LogDerivedDataCache: Using Local data cache path C:/Users/Adrien/AppData/Local/UnrealEngine/Common/DerivedDataCache: Writable
[2015.07.22-16.36.23:947][  0]LogInit: Selected Device Profile: [Windows]
[2015.07.22-16.36.24:025][  0]ImportText (ComponentSweepMultiTests): Missing closing parenthesis: (RootShapeAsset="/Engine/BasicShapes/Cube.Cube",ShapeType="TriggerCapsule",HitResult=(Time=0.50,Location=(X=-100.000015,Y=0.0,Z=100.000015),ImpactPoint=(X=-50.0,Y=0.0,Z=50.0),Normal=(X=-1.0,Y=-0.0,Z=0.0),ImpactNormal=(X=0.0,Y=0.0,Z=1.0),TraceStart=(X=-200.0,Y=0.0,Z=200.0),TraceEnd=(X=0.0,Y=0.0,Z=0.0))
[2015.07.22-16.36.24:025][  0]ImportText (LineTraceSingleByChannelTests): Missing closing parenthesis: (RootShapeAsset="/Engine/BasicShapes/Cube.Cube",HitResult=(Time=0.50,Location=(X=-100.000015,Y=0.0,Z=100.000015),ImpactPoint=(X=-50.0,Y=0.0,Z=50.0),Normal=(X=-1.0,Y=-0.0,Z=0.0),ImpactNormal=(X=0.0,Y=0.0,Z=1.0),TraceStart=(X=-200.0,Y=0.0,Z=200.0),TraceEnd=(X=0.0,Y=0.0,Z=0.0))
[2015.07.22-16.36.24:043][  0]LogMeshUtilities: No automatic mesh reduction module available
[2015.07.22-16.36.24:043][  0]LogMeshUtilities: No automatic mesh merging module available
[2015.07.22-16.36.24:304][  0]LogInit: WinSock: version 1.1 (2.2), MaxSocks=32767, MaxUdp=65467
[2015.07.22-16.36.25:089][  0]UdpMessaging: Initializing bridge on interface 0.0.0.0:0 to multicast group 230.0.0.1:6666.
[2015.07.22-16.36.25:349][  0]SourceControl: Info Source control is disabled
[2015.07.22-16.36.25:356][  0]SourceControl: Info Source control is disabled
[2015.07.22-16.36.25:362][  0]SourceControl: Info Source control is disabled
[2015.07.22-16.36.25:368][  0]SourceControl: Info Source control is disabled
[2015.07.22-16.36.25:520][  0]LogObj: 26273 objects as part of root set at end of initial load.
[2015.07.22-16.36.25:520][  0]LogUObjectAllocator: 5409248 out of 0 bytes used by permanent object pool.
[2015.07.22-16.36.25:579][  0]LogEngine: Initializing Engine...
[2015.07.22-16.36.25:580][  0]LogHMD: Can't find Oculus library dev build: is proper Runtime installed? Version: 0.6.0.0
[2015.07.22-16.36.25:581][  0]LogHMD:Warning: SteamVR failed to initialize.  Error: 110
[2015.07.22-16.36.25:711][  0]LogAIModule: Creating AISystem for world NewWorld
[2015.07.22-16.36.25:716][  0]LogInit: XAudio2 using 'Haut-parleurs (2- Plantronics GameCom 780)' : 6 channels at 44.1 kHz using 16 bits per sample (channel mask 0x60f)
[2015.07.22-16.36.25:736][  0]LogInit: FAudioDevice initialized.
[2015.07.22-16.36.25:761][  0]LogDerivedDataCache: Saved boot cache 0.03s 53MB C:/Users/Adrien/AppData/Local/UnrealEngine/4.8/DerivedDataCache/Boot.ddc.
[2015.07.22-16.36.25:764][  0]LogInit: Texture streaming: Disabled
[2015.07.22-16.36.25:780][  0]LogAnalytics: Creating configured Analytics provider AnalyticsET
[2015.07.22-16.36.25:781][  0]LogAnalytics: [UEEditor.Rocket.Release] APIServer = http://et2.epicgames.com/ET2/. AppVersion = 4.8.2-2614606+++depot+UE4-Releases+4.8
[2015.07.22-16.36.25:781][  0]LogAnalytics: [UEEditor.Rocket.Release] SetUserId 2e87543741be94097c1db6846465a91d|d27d10dde35e45258d9f88e0d3b9cd63|7789eb87-d837-4324-a798-0149adb08d39
[2015.07.22-16.36.25:781][  0]LogAnalytics: [UEEditor.Rocket.Release] AnalyticsET::StartSession
[2015.07.22-16.36.25:803][  0]LogInit: Transaction tracking system initialized
[2015.07.22-16.36.25:897][  0]BlueprintLog: New page: Editor Load
[2015.07.22-16.36.25:928][  0]LogAssetRegistry: FAssetRegistry took 0.0108 seconds to start up
[2015.07.22-16.36.25:928][  0]LogDirectoryWatcher:Warning: Failed to begin reading directory changes for ../../../Engine/Plugins/Experimental/CharacterAI/Content/. Error: 0
[2015.07.22-16.36.26:406][  0]LogConsoleManager:Warning: Console variable 'r.VSync' wasn't set ('GameSetting' has a lower priority than 'SystemSettingsIni')
[2015.07.22-16.36.26:406][  0]LogConsoleResponse:Display: 
[2015.07.22-16.36.26:497][  0]LogCook:Display: Done creating registry. It took  0.00s.
[2015.07.22-16.36.26:625][  0]SourceControl: Info Source control is disabled
[2015.07.22-16.36.26:625][  0]Cmd: MAP LOAD FILE="../../../../../UnrealEngineProject/ProjectTron/Content/StarterContent/Maps/Minimal_Default.umap" TEMPLATE=0 SHOWPROGRESS=1 FEATURELEVEL=3
[2015.07.22-16.36.26:625][  0]LightingResults: New page: Lighting Build
[2015.07.22-16.36.26:633][  0]MapCheck: New page: Map Check
[2015.07.22-16.36.26:633][  0]LightingResults: New page: Lighting Build
[2015.07.22-16.36.26:643][  0]LogParticles: Destroying 0 GPU particle simulations for FXSystem 0x000000FA32CA0B80
[2015.07.22-16.36.27:084][  0]LogAIModule: Creating AISystem for world Minimal_Default
[2015.07.22-16.36.27:096][  0]LogEditorServer: Finished looking for orphan Actors (0.000 secs)
[2015.07.22-16.36.27:103][  0]Cmd: MAP CHECKDEP NOCLEARLOG
[2015.07.22-16.36.27:136][  0]MapCheck: Info Map check complete: 0 Error(s), 0 Warning(s), took 32,835ms to complete.
[2015.07.22-16.36.27:136][  0]LogFileHelpers: Loading map 'Minimal_Default' took 0.511
[2015.07.22-16.36.27:272][  0]LogCollectionManager: Loaded 0 collections in 0.001135 seconds
[2015.07.22-16.36.27:278][  0]LogContentBrowser: Native class hierarchy populated in 0.0061 seconds. Added 1792 classes and 301 folders.
[2015.07.22-16.36.27:315][  0]LogContentBrowser: Native class hierarchy updated for 'WidgetCarousel' in 0.0005 seconds. Added 0 classes and 0 folders.
[2015.07.22-16.36.27:337][  0]LogContentBrowser: Native class hierarchy updated for 'AddContentDialog' in 0.0003 seconds. Added 0 classes and 0 folders.
[2015.07.22-16.36.27:352][  0]LogContentBrowser: Native class hierarchy updated for 'SceneOutliner' in 0.0005 seconds. Added 1 classes and 2 folders.
[2015.07.22-16.36.27:386][  0]LogCrashTracker: Crashtracker disabled due to settings.
[2015.07.22-16.36.27:387][  0]LogD3D11RHI: InitD3DDevice
[2015.07.22-16.36.27:408][  0]LogUObjectGlobals:Warning: Failed to find object 'Class None.'
[2015.07.22-16.36.27:432][  0]LogLoad: Full Startup: 7.49 seconds (BP compile: 0.14 seconds)
[2015.07.22-16.36.27:441][  0]LogWindowsTextInputMethodSystem:Display: IME system now deactivated.
[2015.07.22-16.36.27:478][  0]LogContentStreaming: Texture pool size is 0.000000MB
[2015.07.22-16.36.27:530][  0]LogContentStreaming: Texture pool size now 1000 MB
[2015.07.22-16.36.27:668][  0]LogRenderer: Reallocating scene render targets to support 1208x600 (Frame:2).
[2015.07.22-16.36.34:305][536]LogD3D11RHI: InitD3DDevice
[2015.07.22-16.36.36:758][576]LogAssetRegistry: Asset discovery search completed in 10.8408 seconds
[2015.07.22-16.38.02:759][834]LogD3D11RHI: InitD3DDevice
[2015.07.22-16.38.03:588][903]LogPlayLevel: PIE:  No blueprints needed recompiling
[2015.07.22-16.38.03:590][903]PIE: New page: PIE session: Minimal_Default (22 Jul 2015 20:38:03)
[2015.07.22-16.38.03:591][903]LogPlayLevel: Creating play world package: /Game/StarterContent/Maps/UEDPIE_0_Minimal_Default
[2015.07.22-16.38.03:596][903]LogPlayLevel: PIE: StaticDuplicateObject took: (0.004964s)
[2015.07.22-16.38.03:597][903]LogAIModule: Creating AISystem for world Minimal_Default
[2015.07.22-16.38.03:598][903]LogPlayLevel: PIE: World Init took: (0.001531s)
[2015.07.22-16.38.03:598][903]LogPlayLevel: PIE: Created PIE world by copying editor world from /Game/StarterContent/Maps/Minimal_Default.Minimal_Default to /Game/StarterContent/Maps/UEDPIE_0_Minimal_Default.Minimal_Default (0.006732s)
[2015.07.22-16.38.03:640][903]LogInit: XAudio2 using 'Haut-parleurs (2- Plantronics GameCom 780)' : 6 channels at 44.1 kHz using 16 bits per sample (channel mask 0x60f)
[2015.07.22-16.38.03:645][903]LogInit: FAudioDevice initialized.
[2015.07.22-16.38.04:034][903]LogWorld: Game class is 'GameMode_BP_C'
[2015.07.22-16.38.04:061][903]LogWorld: Bringing World /Game/StarterContent/Maps/UEDPIE_0_Minimal_Default.Minimal_Default up for play (max tick rate 0) at 2015.07.22-18.38.04
[2015.07.22-16.38.04:061][903]LogActor:Warning: GameSession /Game/StarterContent/Maps/UEDPIE_0_Minimal_Default.Minimal_Default:PersistentLevel.GameSession_0 has natively added scene component(s), but none of them were set as the actor's RootComponent - picking one arbitrarily
[2015.07.22-16.38.04:061][903]LogActor:Warning: GameNetworkManager /Game/StarterContent/Maps/UEDPIE_0_Minimal_Default.Minimal_Default:PersistentLevel.GameNetworkManager_0 has natively added scene component(s), but none of them were set as the actor's RootComponent - picking one arbitrarily
[2015.07.22-16.38.04:062][903]LogWorld: Bringing up level for play took: 0.025775
[2015.07.22-16.38.04:065][903]PIE: Info Play in editor start time for /Game/StarterContent/Maps/UEDPIE_0_Minimal_Default 0,922
[2015.07.22-16.38.06:625][129]LogBlueprintUserMessages: Plateforme_BP7
[2015.07.22-16.38.06:625][129]LogBlueprintUserMessages: Projectile_BP
[2015.07.22-16.38.10:004][435]LogParticles: Destroying 0 GPU particle simulations for FXSystem 0x000000FA18079B20
[2015.07.22-16.38.13:033][677]LogWindowsTextInputMethodSystem:Display: IME system now deactivated.
[2015.07.22-16.38.13:033][677]LogWindowsTextInputMethodSystem:Display: IME system now deactivated.
[2015.07.22-16.38.15:202][858]LogEditorViewport: Clicking on Actor (LMB): Plateforme_BP_C (Plateforme_BP7)
[2015.07.22-16.38.23:942][502]LogPlayLevel: PIE:  No blueprints needed recompiling
[2015.07.22-16.38.23:942][502]PIE: New page: PIE session: Minimal_Default (22 Jul 2015 20:38:23)
[2015.07.22-16.38.23:943][502]LogPlayLevel: Creating play world package: /Game/StarterContent/Maps/UEDPIE_0_Minimal_Default
[2015.07.22-16.38.23:948][502]LogPlayLevel: PIE: StaticDuplicateObject took: (0.005330s)
[2015.07.22-16.38.23:949][502]LogAIModule: Creating AISystem for world Minimal_Default
[2015.07.22-16.38.23:949][502]LogPlayLevel: PIE: World Init took: (0.001082s)
[2015.07.22-16.38.23:949][502]LogPlayLevel: PIE: Created PIE world by copying editor world from /Game/StarterContent/Maps/Minimal_Default.Minimal_Default to /Game/StarterContent/Maps/UEDPIE_0_Minimal_Default.Minimal_Default (0.006591s)
[2015.07.22-16.38.23:973][502]LogInit: XAudio2 using 'Haut-parleurs (2- Plantronics GameCom 780)' : 6 channels at 44.1 kHz using 16 bits per sample (channel mask 0x60f)
[2015.07.22-16.38.23:979][502]LogInit: FAudioDevice initialized.
[2015.07.22-16.38.24:014][502]LogWorld: Game class is 'GameMode_BP_C'
[2015.07.22-16.38.24:019][502]LogWorld: Bringing World /Game/StarterContent/Maps/UEDPIE_0_Minimal_Default.Minimal_Default up for play (max tick rate 0) at 2015.07.22-18.38.24
[2015.07.22-16.38.24:019][502]LogActor:Warning: GameSession /Game/StarterContent/Maps/UEDPIE_0_Minimal_Default.Minimal_Default:PersistentLevel.GameSession_1 has natively added scene component(s), but none of them were set as the actor's RootComponent - picking one arbitrarily
[2015.07.22-16.38.24:019][502]LogActor:Warning: GameNetworkManager /Game/StarterContent/Maps/UEDPIE_0_Minimal_Default.Minimal_Default:PersistentLevel.GameNetworkManager_1 has natively added scene component(s), but none of them were set as the actor's RootComponent - picking one arbitrarily
[2015.07.22-16.38.24:020][502]LogWorld: Bringing up level for play took: 0.004185
[2015.07.22-16.38.24:022][502]PIE: Info Play in editor start time for /Game/StarterContent/Maps/UEDPIE_0_Minimal_Default 0,88
[2015.07.22-16.38.26:672][747]LogBlueprintUserMessages: Plateforme_BP7
[2015.07.22-16.38.26:672][747]LogBlueprintUserMessages: Projectile_BP
[2015.07.22-16.38.28:678][932]LogParticles: Destroying 0 GPU particle simulations for FXSystem 0x000000FA24890E00
[2015.07.22-16.38.32:114][201]LogPlayLevel: PIE:  No blueprints needed recompiling
[2015.07.22-16.38.32:114][201]PIE: New page: PIE session: Minimal_Default (22 Jul 2015 20:38:32)
[2015.07.22-16.38.32:114][201]LogPlayLevel: Creating play world package: /Game/StarterContent/Maps/UEDPIE_0_Minimal_Default
[2015.07.22-16.38.32:119][201]LogPlayLevel: PIE: StaticDuplicateObject took: (0.004550s)
[2015.07.22-16.38.32:119][201]LogAIModule: Creating AISystem for world Minimal_Default
[2015.07.22-16.38.32:120][201]LogPlayLevel: PIE: World Init took: (0.000934s)
[2015.07.22-16.38.32:120][201]LogPlayLevel: PIE: Created PIE world by copying editor world from /Game/StarterContent/Maps/Minimal_Default.Minimal_Default to /Game/StarterContent/Maps/UEDPIE_0_Minimal_Default.Minimal_Default (0.005648s)
[2015.07.22-16.38.32:142][201]LogInit: XAudio2 using 'Haut-parleurs (2- Plantronics GameCom 780)' : 6 channels at 44.1 kHz using 16 bits per sample (channel mask 0x60f)
[2015.07.22-16.38.32:148][201]LogInit: FAudioDevice initialized.
[2015.07.22-16.38.32:178][201]LogWorld: Game class is 'GameMode_BP_C'
[2015.07.22-16.38.32:183][201]LogWorld: Bringing World /Game/StarterContent/Maps/UEDPIE_0_Minimal_Default.Minimal_Default up for play (max tick rate 0) at 2015.07.22-18.38.32
[2015.07.22-16.38.32:183][201]LogActor:Warning: GameSession /Game/StarterContent/Maps/UEDPIE_0_Minimal_Default.Minimal_Default:PersistentLevel.GameSession_2 has natively added scene component(s), but none of them were set as the actor's RootComponent - picking one arbitrarily
[2015.07.22-16.38.32:183][201]LogActor:Warning: GameNetworkManager /Game/StarterContent/Maps/UEDPIE_0_Minimal_Default.Minimal_Default:PersistentLevel.GameNetworkManager_2 has natively added scene component(s), but none of them were set as the actor's RootComponent - picking one arbitrarily
[2015.07.22-16.38.32:183][201]LogWorld: Bringing up level for play took: 0.003718
[2015.07.22-16.38.32:185][201]PIE: Info Play in editor start time for /Game/StarterContent/Maps/UEDPIE_0_Minimal_Default 1,043
[2015.07.22-16.38.34:843][442]LogBlueprintUserMessages: Plateforme_BP7
[2015.07.22-16.38.34:843][442]LogBlueprintUserMessages: Projectile_BP
[2015.07.22-16.38.38:035][744]LogParticles: Destroying 0 GPU particle simulations for FXSystem 0x000000FA391E18A0
[2015.07.22-16.38.51:889][857]LogD3D11RHI: InitD3DDevice
[2015.07.22-16.38.51:944][857]LogLinker:Warning: Asset '../../../Engine/Content/ArtTools/RenderToTexture/Macros/RenderToTextureMacros.uasset' has been saved with empty engine version. The asset will be loaded but may be incompatible.
[2015.07.22-16.38.52:015][857]LogLinker:Warning: Asset '../../../Engine/Content/ArtTools/RenderToTexture/Enums/RenderToTexture_Enum.uasset' has been saved with empty engine version. The asset will be loaded but may be incompatible.
[2015.07.22-16.39.19:478][630]LogD3D11RHI: InitD3DDevice
[2015.07.22-16.39.19:499][630]Cmd: OBJ SAVEPACKAGE PACKAGE="/Game/Projectile/Blueprint/Projectile_BP" FILE="../../../../../UnrealEngineProject/ProjectTron/Content/Projectile/Blueprint/Projectile_BP.uasset" SILENT=true
[2015.07.22-16.39.19:515][630]LogSavePackage: Save=9.174018ms
[2015.07.22-16.39.19:515][630]LogSavePackage: Moving '../../../../../UnrealEngineProject/ProjectTron/Saved/Projectile_BP3471EA0F49223B096B651791691D8155.tmp' to '../../../../../UnrealEngineProject/ProjectTron/Content/Projectile/Blueprint/Projectile_BP.uasset'
[2015.07.22-16.39.20:231][716]BlueprintLog: New page: Compile Projectile_BP
[2015.07.22-16.39.20:331][716]BlueprintEditorCompileResults: Info [0180,39] Compile of Projectile_BP successful! [in 99 ms]
[2015.07.22-16.39.26:919][496]LogRenderer: Reallocating scene render targets to support 1208x744 (Frame:6980).
[2015.07.22-16.39.30:500][904]LogWindowsTextInputMethodSystem:Display: IME system now deactivated.
[2015.07.22-16.39.30:500][904]LogWindowsTextInputMethodSystem:Display: IME system now deactivated.
[2015.07.22-16.39.32:374][107]LogWindowsTextInputMethodSystem:Display: IME system now deactivated.
[2015.07.22-16.39.32:374][107]LogWindowsTextInputMethodSystem:Display: IME system now deactivated.
[2015.07.22-16.39.48:055][854]LogD3D11RHI: InitD3DDevice
[2015.07.22-16.39.59:077][ 46]LogD3D11RHI: InitD3DDevice
[2015.07.22-16.40.01:196][ 46]LogD3D11RHI: InitD3DDevice
[2015.07.22-16.40.01:369][ 46]LogSavePackage: Save=78.129684ms
[2015.07.22-16.40.01:369][ 46]LogSavePackage: Moving '../../../../../UnrealEngineProject/ProjectTron/Saved/Minimal_DefaultCF8628E34ED1EA5C0DC20AB3483C7383.tmp' to '../../../../../UnrealEngineProject/ProjectTron/Content/StarterContent/Maps/Minimal_Default.umap'
[2015.07.22-16.40.01:394][ 46]LogFileHelpers: Saving map 'Minimal_Default' took 0.176
[2015.07.22-16.40.01:517][ 46]LogWindowsTextInputMethodSystem:Display: IME system now deactivated.
[2015.07.22-16.40.01:761][ 47]Cmd: QUIT_EDITOR
[2015.07.22-16.40.02:364][ 47]LogExit: Preparing to exit.
[2015.07.22-16.40.03:304][ 47]LogExit: Editor shut down
[2015.07.22-16.40.03:304][ 47]LogExit: Transaction tracking system shut down
[2015.07.22-16.40.03:305][ 47]LogParticles: Destroying 0 GPU particle simulations for FXSystem 0x000000FA3B2365C0
[2015.07.22-16.40.03:305][ 47]LogParticles: Destroying 0 GPU particle simulations for FXSystem 0x000000FA3E270860
[2015.07.22-16.40.03:305][ 47]LogParticles: Destroying 0 GPU particle simulations for FXSystem 0x000000FA3E21A200
[2015.07.22-16.40.03:305][ 47]LogParticles: Destroying 0 GPU particle simulations for FXSystem 0x000000FA2564C540
[2015.07.22-16.40.03:306][ 47]LogParticles: Destroying 0 GPU particle simulations for FXSystem 0x000000FA257DAE80
[2015.07.22-16.40.03:308][ 47]LogParticles: Destroying 0 GPU particle simulations for FXSystem 0x000000FA510853A0
[2015.07.22-16.40.03:309][ 47]LogParticles: Destroying 0 GPU particle simulations for FXSystem 0x000000FA542B1F80
[2015.07.22-16.40.03:465][ 47]LogExit: Object subsystem successfully closed.
[2015.07.22-16.40.03:483][ 47]LogD3D11RHI: Shutdown
[2015.07.22-16.40.03:483][ 47]LogD3D11RHI: CleanupD3DDevice
[2015.07.22-16.40.03:571][ 47]LogD3D11RHI: ~FD3D11DynamicRHI
[2015.07.22-16.40.03:583][ 47]LogModuleManager: Shutting down and abandoning module CrashTracker (188)
[2015.07.22-16.40.03:583][ 47]LogModuleManager: Shutting down and abandoning module SceneOutliner (187)
[2015.07.22-16.40.03:583][ 47]LogModuleManager: Shutting down and abandoning module SuperSearch (186)
[2015.07.22-16.40.03:583][ 47]LogModuleManager: Shutting down and abandoning module WidgetCarousel (185)
[2015.07.22-16.40.03:583][ 47]LogModuleManager: Shutting down and abandoning module AddContentDialog (184)
[2015.07.22-16.40.03:584][ 47]LogModuleManager: Shutting down and abandoning module EditorWidgets (183)
[2015.07.22-16.40.03:584][ 47]LogModuleManager: Shutting down and abandoning module CollectionManager (182)
[2015.07.22-16.40.03:584][ 47]LogModuleManager: Shutting down and abandoning module StatsViewer (181)
[2015.07.22-16.40.03:584][ 47]LogModuleManager: Shutting down and abandoning module FoliageEdit (180)
[2015.07.22-16.40.03:584][ 47]LogModuleManager: Shutting down and abandoning module LandscapeEditor (179)
[2015.07.22-16.40.03:584][ 47]LogModuleManager: Shutting down and abandoning module ActorPickerMode (178)
[2015.07.22-16.40.03:584][ 47]LogModuleManager: Shutting down and abandoning module GeometryMode (177)
[2015.07.22-16.40.03:584][ 47]LogModuleManager: Shutting down and abandoning module TextureAlignMode (176)
[2015.07.22-16.40.03:584][ 47]LogModuleManager: Shutting down and abandoning module BspMode (175)
[2015.07.22-16.40.03:584][ 47]LogModuleManager: Shutting down and abandoning module PlacementMode (174)
[2015.07.22-16.40.03:584][ 47]LogModuleManager: Shutting down and abandoning module AutomationWorker (173)
[2015.07.22-16.40.03:584][ 47]LogModuleManager: Shutting down and abandoning module CharacterAI (172)
[2015.07.22-16.40.03:584][ 47]LogModuleManager: Shutting down and abandoning module SmartSnapping (171)
[2015.07.22-16.40.03:584][ 47]LogModuleManager: Shutting down and abandoning module ViewportSnapping (170)
[2015.07.22-16.40.03:584][ 47]LogModuleManager: Shutting down and abandoning module LogVisualizer (169)
[2015.07.22-16.40.03:584][ 47]LogModuleManager: Shutting down and abandoning module GameProjectGeneration (168)
[2015.07.22-16.40.03:584][ 47]LogModuleManager: Shutting down and abandoning module IntroTutorials (167)
[2015.07.22-16.40.03:584][ 47]LogModuleManager: Shutting down and abandoning module EditorLiveStreaming (166)
[2015.07.22-16.40.03:584][ 47]LogModuleManager: Shutting down and abandoning module IOSPlatformEditor (165)
[2015.07.22-16.40.03:584][ 47]LogModuleManager: Shutting down and abandoning module HTML5PlatformEditor (164)
[2015.07.22-16.40.03:584][ 47]LogModuleManager: Shutting down and abandoning module AndroidDeviceDetection (163)
[2015.07.22-16.40.04:411][ 47]LogModuleManager: Shutting down and abandoning module AndroidPlatformEditor (162)
[2015.07.22-16.40.04:411][ 47]LogModuleManager: Shutting down and abandoning module IOSRuntimeSettings (161)
[2015.07.22-16.40.04:411][ 47]LogModuleManager: Shutting down and abandoning module AndroidRuntimeSettings (160)
[2015.07.22-16.40.04:411][ 47]LogModuleManager: Shutting down and abandoning module MergeActors (159)
[2015.07.22-16.40.04:411][ 47]LogModuleManager: Shutting down and abandoning module SizeMap (158)
[2015.07.22-16.40.04:411][ 47]LogModuleManager: Shutting down and abandoning module TreeMap (157)
[2015.07.22-16.40.04:411][ 47]LogModuleManager: Shutting down and abandoning module ReferenceViewer (156)
[2015.07.22-16.40.04:411][ 47]LogModuleManager: Shutting down and abandoning module LocalizationDashboard (155)
[2015.07.22-16.40.04:411][ 47]LogModuleManager: Shutting down and abandoning module HardwareTargeting (154)
[2015.07.22-16.40.04:411][ 47]LogModuleManager: Shutting down and abandoning module DeviceProfileEditor (153)
[2015.07.22-16.40.04:411][ 47]LogModuleManager: Shutting down and abandoning module UndoHistory (152)
[2015.07.22-16.40.04:411][ 47]LogModuleManager: Shutting down and abandoning module GameplayTagsEditor (151)
[2015.07.22-16.40.04:411][ 47]LogModuleManager: Shutting down and abandoning module UserFeedback (150)
[2015.07.22-16.40.04:411][ 47]LogModuleManager: Shutting down and abandoning module XmlParser (149)
[2015.07.22-16.40.04:411][ 47]LogModuleManager: Shutting down and abandoning module Blutility (148)
[2015.07.22-16.40.04:411][ 47]LogModuleManager: Shutting down and abandoning module ProjectTargetPlatformEditor (147)
[2015.07.22-16.40.04:411][ 47]LogModuleManager: Shutting down and abandoning module ProjectSettingsViewer (146)
[2015.07.22-16.40.04:411][ 47]LogModuleManager: Shutting down and abandoning module InputBindingEditor (145)
[2015.07.22-16.40.04:411][ 47]LogModuleManager: Shutting down and abandoning module EditorSettingsViewer (144)
[2015.07.22-16.40.04:411][ 47]LogModuleManager: Shutting down and abandoning module SettingsEditor (143)
[2015.07.22-16.40.04:411][ 47]LogModuleManager: Shutting down and abandoning module ProjectLauncher (142)
[2015.07.22-16.40.04:411][ 47]LogModuleManager: Shutting down and abandoning module SessionFrontend (141)
[2015.07.22-16.40.04:411][ 47]LogModuleManager: Shutting down and abandoning module ProfilerClient (140)
[2015.07.22-16.40.04:411][ 47]LogModuleManager: Shutting down and abandoning module TargetDeviceServices (139)
[2015.07.22-16.40.04:411][ 47]LogModuleManager: Shutting down and abandoning module DeviceManager (138)
[2015.07.22-16.40.04:411][ 47]LogModuleManager: Shutting down and abandoning module AutomationController (137)
[2015.07.22-16.40.04:411][ 47]LogModuleManager: Shutting down and abandoning module AutomationWindow (136)
[2015.07.22-16.40.04:411][ 47]LogModuleManager: Shutting down and abandoning module Layers (135)
[2015.07.22-16.40.04:411][ 47]LogModuleManager: Shutting down and abandoning module ComponentVisualizers (134)
[2015.07.22-16.40.04:411][ 47]LogModuleManager: Shutting down and abandoning module DetailCustomizations (133)
[2015.07.22-16.40.04:411][ 47]LogModuleManager: Shutting down and abandoning module PackagesDialog (132)
[2015.07.22-16.40.04:411][ 47]LogModuleManager: Shutting down and abandoning module AssetRegistry (131)
[2015.07.22-16.40.04:464][ 47]LogModuleManager: Shutting down and abandoning module Persona (130)
[2015.07.22-16.40.04:464][ 47]LogModuleManager: Shutting down and abandoning module Kismet (129)
[2015.07.22-16.40.04:464][ 47]LogModuleManager: Shutting down and abandoning module GraphEditor (128)
[2015.07.22-16.40.04:464][ 47]LogModuleManager: Shutting down and abandoning module ClassViewer (127)
[2015.07.22-16.40.04:464][ 47]LogModuleManager: Shutting down and abandoning module Toolbox (126)
[2015.07.22-16.40.04:464][ 47]LogModuleManager: Shutting down and abandoning module ModuleUI (125)
[2015.07.22-16.40.04:464][ 47]LogModuleManager: Shutting down and abandoning module MovieSceneTools (124)
[2015.07.22-16.40.04:464][ 47]LogModuleManager: Shutting down and abandoning module OutputLog (123)
[2015.07.22-16.40.04:464][ 47]LogModuleManager: Shutting down and abandoning module GammaUI (122)
[2015.07.22-16.40.04:464][ 47]LogModuleManager: Shutting down and abandoning module Documentation (121)
[2015.07.22-16.40.04:464][ 47]LogModuleManager: Shutting down and abandoning module GameLiveStreaming (120)
[2015.07.22-16.40.04:464][ 47]LogModuleManager: Shutting down and abandoning module StreamingPauseRendering (119)
[2015.07.22-16.40.04:464][ 47]LogModuleManager: Shutting down and abandoning module AnalyticsET (118)
[2015.07.22-16.40.04:464][ 47]LogModuleManager: Shutting down and abandoning module Analytics (117)
[2015.07.22-16.40.04:464][ 47]LogModuleManager: Shutting down and abandoning module AITestSuite (116)
[2015.07.22-16.40.04:464][ 47]LogModuleManager: Shutting down and abandoning module GameplayDebugger (115)
[2015.07.22-16.40.04:464][ 47]LogModuleManager: Shutting down and abandoning module AIModule (114)
[2015.07.22-16.40.04:464][ 47]LogModuleManager: Shutting down and abandoning module ProfilerService (113)
[2015.07.22-16.40.04:691][ 47]LogModuleManager: Shutting down and abandoning module TaskGraph (112)
[2015.07.22-16.40.04:691][ 47]LogModuleManager: Shutting down and abandoning module SlateRemote (111)
[2015.07.22-16.40.04:691][ 47]LogModuleManager: Shutting down and abandoning module SteamVRController (110)
[2015.07.22-16.40.04:691][ 47]LogModuleManager: Shutting down and abandoning module SteamVR (109)
[2015.07.22-16.40.04:691][ 47]LogModuleManager: Shutting down and abandoning module ProceduralMeshComponent (108)
[2015.07.22-16.40.04:691][ 47]LogModuleManager: Shutting down and abandoning module OculusRift (107)
[2015.07.22-16.40.04:691][ 47]LogModuleManager: Shutting down and abandoning module LeapMotionController (106)
[2015.07.22-16.40.04:702][ 47]LogModuleManager: Shutting down and abandoning module CustomMeshComponent (105)
[2015.07.22-16.40.04:702][ 47]LogModuleManager: Shutting down and abandoning module CableComponent (104)
[2015.07.22-16.40.04:702][ 47]LogModuleManager: Shutting down and abandoning module MessagingDebugger (103)
[2015.07.22-16.40.04:702][ 47]LogModuleManager: Shutting down and abandoning module MediaPlayerEditor (102)
[2015.07.22-16.40.04:702][ 47]LogModuleManager: Shutting down and abandoning module SpeedTreeImporter (101)
[2015.07.22-16.40.04:702][ 47]LogModuleManager: Shutting down and abandoning module PluginBrowser (100)
[2015.07.22-16.40.04:702][ 47]LogModuleManager: Shutting down and abandoning module EpicSurvey (99)
[2015.07.22-16.40.04:702][ 47]LogModuleManager: Shutting down and abandoning module DesktopPlatform (98)
[2015.07.22-16.40.04:702][ 47]LogModuleManager: Shutting down and abandoning module VisualStudioSourceCodeAccess (97)
[2015.07.22-16.40.04:702][ 47]LogModuleManager: Shutting down and abandoning module UObjectPlugin (96)
[2015.07.22-16.40.04:702][ 47]LogModuleManager: Shutting down and abandoning module SubversionSourceControl (95)
[2015.07.22-16.40.04:702][ 47]LogModuleManager: Shutting down and abandoning module PerforceSourceControl (94)
[2015.07.22-16.40.04:702][ 47]LogModuleManager: Shutting down and abandoning module SourceControl (93)
[2015.07.22-16.40.04:702][ 47]LogModuleManager: Shutting down and abandoning module GitSourceControl (92)
[2015.07.22-16.40.04:702][ 47]LogModuleManager: Shutting down and abandoning module BlankPlugin (91)
[2015.07.22-16.40.04:702][ 47]LogModuleManager: Shutting down and abandoning module PaperTiledImporter (90)
[2015.07.22-16.40.04:702][ 47]LogModuleManager: Shutting down and abandoning module PaperSpriteSheetImporter (89)
[2015.07.22-16.40.04:702][ 47]LogModuleManager: Shutting down and abandoning module MeshPaint (88)
[2015.07.22-16.40.04:702][ 47]LogModuleManager: Shutting down and abandoning module SlateReflector (87)
[2015.07.22-16.40.04:702][ 47]LogModuleManager: Shutting down and abandoning module DirectoryWatcher (86)
[2015.07.22-16.40.04:702][ 47]LogModuleManager: Shutting down and abandoning module HotReload (85)
[2015.07.22-16.40.04:702][ 47]LogModuleManager: Shutting down and abandoning module MainFrame (84)
[2015.07.22-16.40.04:703][ 47]LogModuleManager: Shutting down and abandoning module LevelEditor (83)
[2015.07.22-16.40.04:703][ 47]LogModuleManager: Shutting down and abandoning module ContentBrowser (82)
[2015.07.22-16.40.04:704][ 47]LogModuleManager: Shutting down and abandoning module Paper2DEditor (81)
[2015.07.22-16.40.04:704][ 47]LogModuleManager: Shutting down and abandoning module UdpMessaging (80)
[2015.07.22-16.40.04:805][ 47]LogModuleManager: Shutting down and abandoning module Paper2D (79)
[2015.07.22-16.40.04:805][ 47]LogModuleManager: Shutting down and abandoning module WindowsMoviePlayer (78)
[2015.07.22-16.40.04:807][ 47]LogModuleManager: Shutting down and abandoning module Media (77)
[2015.07.22-16.40.04:807][ 47]LogModuleManager: Shutting down and abandoning module WmfMedia (76)
[2015.07.22-16.40.04:807][ 47]LogModuleManager: Shutting down and abandoning module OnlineBlueprintSupport (75)
[2015.07.22-16.40.04:807][ 47]LogModuleManager: Shutting down and abandoning module PropertyEditor (74)
[2015.07.22-16.40.04:807][ 47]LogModuleManager: Shutting down and abandoning module BehaviorTreeEditor (73)
[2015.07.22-16.40.04:807][ 47]LogModuleManager: Shutting down and abandoning module FunctionalTesting (72)
[2015.07.22-16.40.04:807][ 47]LogModuleManager: Shutting down and abandoning module CollisionAnalyzer (71)
[2015.07.22-16.40.04:807][ 47]LogModuleManager: Shutting down and abandoning module WorkspaceMenuStructure (70)
[2015.07.22-16.40.04:807][ 47]LogModuleManager: Shutting down and abandoning module MessageLog (69)
[2015.07.22-16.40.04:807][ 47]LogModuleManager: Shutting down and abandoning module Sequencer (68)
[2015.07.22-16.40.04:807][ 47]LogModuleManager: Shutting down and abandoning module AssetTools (67)
[2015.07.22-16.40.04:807][ 47]LogModuleManager: Shutting down and abandoning module UMGEditor (66)
[2015.07.22-16.40.04:807][ 47]LogModuleManager: Shutting down and abandoning module UMG (65)
[2015.07.22-16.40.04:807][ 47]LogModuleManager: Shutting down and abandoning module Slate (64)
[2015.07.22-16.40.04:808][ 47]LogModuleManager: Shutting down and abandoning module EditorStyle (63)
[2015.07.22-16.40.04:809][ 47]LogModuleManager: Shutting down and abandoning module SessionServices (62)
[2015.07.22-16.40.04:809][ 47]LogModuleManager: Shutting down and abandoning module SourceCodeAccess (61)
[2015.07.22-16.40.04:809][ 47]LogModuleManager: Shutting down and abandoning module HeadMountedDisplay (60)
[2015.07.22-16.40.04:809][ 47]LogModuleManager: Shutting down and abandoning module XAudio2 (59)
[2015.07.22-16.40.04:809][ 47]LogModuleManager: Shutting down and abandoning module Networking (57)
[2015.07.22-16.40.04:809][ 47]LogModuleManager: Shutting down and abandoning module Core (56)
[2015.07.22-16.40.04:809][ 47]LogModuleManager: Shutting down and abandoning module KismetCompiler (55)
[2015.07.22-16.40.04:809][ 47]LogModuleManager: Shutting down and abandoning module PhysXFormats (54)
[2015.07.22-16.40.04:809][ 47]LogModuleManager: Shutting down and abandoning module MeshUtilities (53)
[2015.07.22-16.40.04:809][ 47]LogModuleManager: Shutting down and abandoning module DerivedDataCache (52)
[2015.07.22-16.40.04:906][ 47]LogDerivedDataCache: Shutdown
[2015.07.22-16.40.04:906][ 47]LogModuleManager: Shutting down and abandoning module ShaderFormatOpenGL (51)
[2015.07.22-16.40.04:906][ 47]LogModuleManager: Shutting down and abandoning module ShaderFormatD3D (50)
[2015.07.22-16.40.04:906][ 47]LogModuleManager: Shutting down and abandoning module MetalShaderFormat (49)
[2015.07.22-16.40.04:906][ 47]LogModuleManager: Shutting down and abandoning module TextureFormatUncompressed (48)
[2015.07.22-16.40.04:906][ 47]LogModuleManager: Shutting down and abandoning module TextureFormatPVR (47)
[2015.07.22-16.40.04:906][ 47]LogModuleManager: Shutting down and abandoning module TextureFormatIntelISPCTexComp (46)
[2015.07.22-16.40.04:906][ 47]LogModuleManager: Shutting down and abandoning module TextureFormatDXT (45)
[2015.07.22-16.40.04:906][ 47]LogModuleManager: Shutting down and abandoning module ImageWrapper (44)
[2015.07.22-16.40.04:906][ 47]LogModuleManager: Shutting down and abandoning module TextureFormatASTC (43)
[2015.07.22-16.40.04:906][ 47]LogModuleManager: Shutting down and abandoning module TextureFormatAndroid (42)
[2015.07.22-16.40.04:906][ 47]LogModuleManager: Shutting down and abandoning module AudioFormatOpus (41)
[2015.07.22-16.40.04:906][ 47]LogModuleManager: Shutting down and abandoning module AudioFormatOgg (40)
[2015.07.22-16.40.04:906][ 47]LogModuleManager: Shutting down and abandoning module AudioFormatADPCM (39)
[2015.07.22-16.40.04:906][ 47]LogModuleManager: Shutting down and abandoning module LinuxTargetPlatform (38)
[2015.07.22-16.40.04:906][ 47]LogModuleManager: Shutting down and abandoning module LinuxServerTargetPlatform (37)
[2015.07.22-16.40.04:906][ 47]LogModuleManager: Shutting down and abandoning module LinuxNoEditorTargetPlatform (36)
[2015.07.22-16.40.04:906][ 47]LogModuleManager: Shutting down and abandoning module Messaging (35)
[2015.07.22-16.40.04:906][ 47]LogModuleManager: Shutting down and abandoning module IOSTargetPlatform (34)
[2015.07.22-16.40.04:906][ 47]LogModuleManager: Shutting down and abandoning module HTML5TargetPlatform (33)
[2015.07.22-16.40.04:906][ 47]LogModuleManager: Shutting down and abandoning module Android_PVRTCTargetPlatform (32)
[2015.07.22-16.40.04:906][ 47]LogModuleManager: Shutting down and abandoning module Android_ETC2TargetPlatform (31)
[2015.07.22-16.40.04:906][ 47]LogModuleManager: Shutting down and abandoning module Android_ETC1TargetPlatform (30)
[2015.07.22-16.40.04:906][ 47]LogModuleManager: Shutting down and abandoning module Android_DXTTargetPlatform (29)
[2015.07.22-16.40.04:906][ 47]LogModuleManager: Shutting down and abandoning module Android_ATCTargetPlatform (28)
[2015.07.22-16.40.04:906][ 47]LogModuleManager: Shutting down and abandoning module Android_ASTCTargetPlatform (27)
[2015.07.22-16.40.04:906][ 47]LogModuleManager: Shutting down and abandoning module AndroidTargetPlatform (26)
[2015.07.22-16.40.04:906][ 47]LogModuleManager: Shutting down and abandoning module WindowsTargetPlatform (25)
[2015.07.22-16.40.04:906][ 47]LogModuleManager: Shutting down and abandoning module WindowsServerTargetPlatform (24)
[2015.07.22-16.40.04:906][ 47]LogModuleManager: Shutting down and abandoning module WindowsNoEditorTargetPlatform (23)
[2015.07.22-16.40.04:906][ 47]LogModuleManager: Shutting down and abandoning module WindowsClientTargetPlatform (22)
[2015.07.22-16.40.04:906][ 47]LogModuleManager: Shutting down and abandoning module DesktopTargetPlatform (21)
[2015.07.22-16.40.04:906][ 47]LogModuleManager: Shutting down and abandoning module TargetPlatform (20)
[2015.07.22-16.40.04:906][ 47]LogModuleManager: Shutting down and abandoning module InputCore (19)
[2015.07.22-16.40.04:906][ 47]LogModuleManager: Shutting down and abandoning module Settings (18)
[2015.07.22-16.40.04:906][ 47]LogModuleManager: Shutting down and abandoning module OnlineSubsystem (16)
[2015.07.22-16.40.04:906][ 47]LogModuleManager: Shutting down and abandoning module HTTP (15)
[2015.07.22-16.40.04:907][ 47]LogModuleManager: Shutting down and abandoning module ExampleDeviceProfileSelector (14)
[2015.07.22-16.40.04:907][ 47]LogModuleManager: Shutting down and abandoning module TextureCompressor (13)
[2015.07.22-16.40.04:907][ 47]LogModuleManager: Shutting down and abandoning module ShaderCore (12)
[2015.07.22-16.40.04:907][ 47]LogModuleManager: Shutting down and abandoning module Landscape (11)
[2015.07.22-16.40.04:907][ 47]LogModuleManager: Shutting down and abandoning module SlateRHIRenderer (10)
[2015.07.22-16.40.04:908][ 47]LogModuleManager: Shutting down and abandoning module OpenGLDrv (9)
[2015.07.22-16.40.04:908][ 47]LogModuleManager: Shutting down and abandoning module D3D11RHI (8)
[2015.07.22-16.40.04:908][ 47]LogModuleManager: Shutting down and abandoning module Renderer (7)
[2015.07.22-16.40.04:908][ 47]LogModuleManager: Shutting down and abandoning module Engine (6)
[2015.07.22-16.40.04:908][ 47]LogModuleManager: Shutting down and abandoning module CoreUObject (5)
[2015.07.22-16.40.04:908][ 47]LogModuleManager: Shutting down and abandoning module NetworkFile (4)
[2015.07.22-16.40.04:908][ 47]LogModuleManager: Shutting down and abandoning module StreamingFile (3)
[2015.07.22-16.40.04:908][ 47]LogModuleManager: Shutting down and abandoning module SandboxFile (2)
[2015.07.22-16.40.04:908][ 47]LogModuleManager: Shutting down and abandoning module PakFile (1)
[2015.07.22-16.40.04:909][ 47]LogExit: Exiting.
[2015.07.22-16.40.04:921][ 47]Log file closed, 07/22/15 18:40:04
