[2015.07.24-11.29.47:289][  0]Log file open, 07/24/15 13:29:47
[2015.07.24-11.29.47:289][  0]LogInit:Display: Running engine for game: ProjectTron
[2015.07.24-11.29.47:289][  0]LogInit:Display: RandInit(-1014282001) SRandInit(-1014282000).
[2015.07.24-11.29.47:289][  0]LogTaskGraph: Started task graph with 4 named threads and 5 total threads.
[2015.07.24-11.29.47:289][  0]LogStats: Stats thread started
[2015.07.24-11.29.47:289][  0]LogInit: Version: 4.8.2-2614606+++depot+UE4-Releases+4.8
[2015.07.24-11.29.47:289][  0]LogInit: API Version: 2579680
[2015.07.24-11.29.47:289][  0]LogInit: Compiled (64-bit): Jul  8 2015 23:43:41
[2015.07.24-11.29.47:289][  0]LogInit: Compiled with Visual C++: 18.00.21005.01
[2015.07.24-11.29.47:289][  0]LogInit: Build Configuration: Development
[2015.07.24-11.29.47:289][  0]LogInit: Branch Name: ++depot+UE4-Releases+4.8
[2015.07.24-11.29.47:289][  0]LogInit: Command line:  
[2015.07.24-11.29.47:289][  0]LogInit: Base directory: C:/Program Files/Epic Games/4.8/Engine/Binaries/Win64/
[2015.07.24-11.29.47:289][  0]LogInit: Rocket: 1
[2015.07.24-11.29.47:311][  0]LogInit: Using libcurl 7.41.0
[2015.07.24-11.29.47:311][  0]LogInit:  - built for x86_64-pc-win32
[2015.07.24-11.29.47:311][  0]LogInit:  - supports SSL with WinSSL
[2015.07.24-11.29.47:311][  0]LogInit:  - other features:
[2015.07.24-11.29.47:311][  0]LogInit:      CURL_VERSION_SSL
[2015.07.24-11.29.47:311][  0]LogInit:      CURL_VERSION_IPV6
[2015.07.24-11.29.47:311][  0]LogInit:      CURL_VERSION_ASYNCHDNS
[2015.07.24-11.29.47:311][  0]LogInit:      CURL_VERSION_LARGEFILE
[2015.07.24-11.29.47:311][  0]LogInit:      CURL_VERSION_IDN
[2015.07.24-11.29.47:311][  0]LogInit:  CurlRequestOptions (configurable via config and command line):
[2015.07.24-11.29.47:311][  0]LogInit:  - bVerifyPeer = true  - Libcurl will verify peer certificate
[2015.07.24-11.29.47:311][  0]LogInit:  - bUseHttpProxy = false  - Libcurl will NOT use HTTP proxy
[2015.07.24-11.29.47:311][  0]LogInit:  - bDontReuseConnections = false  - Libcurl will reuse connections
[2015.07.24-11.29.47:311][  0]LogInit:  - CertBundlePath = nullptr  - Libcurl will use whatever was configured at build time.
[2015.07.24-11.29.47:327][  0]LogOnline:Warning: No default platform service specified for OnlineSubsystem
[2015.07.24-11.29.47:349][  0]LogInit: Presizing for 0 objects not considered by GC, pre-allocating 0 bytes.
[2015.07.24-11.29.47:358][  0]LogInit: Object subsystem initialized
[2015.07.24-11.29.47:360][  0]LogConsoleResponse:Warning: Skipping Unknown console variable: 'TranslucentSortAxis = (X=0.000000,Y=-1.000000,Z=0.000000)'
[2015.07.24-11.29.47:360][  0]LogConsoleResponse:Warning:   Found in ini file 'C:/Users/Quentin/Desktop/ProjectTron/Saved/Config/Windows/Engine.ini', in section '[/Script/Engine.RendererSettings]'
[2015.07.24-11.29.47:360][  0]LogConsoleResponse:Warning: Skipping Unknown console variable: 'UIScaleRule = ShortestSide'
[2015.07.24-11.29.47:360][  0]LogConsoleResponse:Warning:   Found in ini file 'C:/Users/Quentin/Desktop/ProjectTron/Saved/Config/Windows/Engine.ini', in section '[/Script/Engine.RendererSettings]'
[2015.07.24-11.29.47:360][  0]LogConsoleResponse:Warning: Skipping Unknown console variable: 'UIScaleCurve = (EditorCurveData=(Keys=),ExternalCurve=None)'
[2015.07.24-11.29.47:360][  0]LogConsoleResponse:Warning:   Found in ini file 'C:/Users/Quentin/Desktop/ProjectTron/Saved/Config/Windows/Engine.ini', in section '[/Script/Engine.RendererSettings]'
[2015.07.24-11.29.47:360][  0]LogInit: Selected Device Profile: [Windows]
[2015.07.24-11.29.47:360][  0]LogInit: Applying CVar settings loaded from the selected device profile: [Windows]
[2015.07.24-11.29.47:393][  0]LogInit: Computer: ASUS
[2015.07.24-11.29.47:393][  0]LogInit: User: Quentin
[2015.07.24-11.29.47:393][  0]LogInit: CPU Page size=4096, Cores=2
[2015.07.24-11.29.47:393][  0]LogInit: High frequency timer resolution =2.533323 MHz
[2015.07.24-11.29.47:393][  0]LogMemory: Memory total: Physical=7.9GB (8GB approx)
[2015.07.24-11.29.47:393][  0]LogMemory: Platform Memory Stats for Windows
[2015.07.24-11.29.47:393][  0]LogMemory: Process Physical Memory: 51.73 MB used, 51.73 MB peak
[2015.07.24-11.29.47:393][  0]LogMemory: Process Virtual Memory: 24.38 MB used, 24.38 MB peak
[2015.07.24-11.29.47:393][  0]LogMemory: Physical Memory: 3072.01 MB used, 8069.54 MB total
[2015.07.24-11.29.47:393][  0]LogMemory: Virtual Memory: 296.91 MB used, 134217728.00 MB total
[2015.07.24-11.29.47:440][  0]LogTextLocalizationManager: The requested culture ('fr_FR') has no localization data; falling back to 'en' for localization and internationalization data.
[2015.07.24-11.29.47:752][  0]LogTextLocalizationManager:Warning: Loaded localization resources contain conflicting entries for (Namespace:ContentBrowser, Key:ImportAssetToolTip):
Localization Resource: (C:/Program Files/Epic Games/4.8/Engine/Content/Localization/Editor/en/Editor.locres) Source String Hash: (-630476809) Localized String: (Import to {0}...)
Localization Resource: (C:/Program Files/Epic Games/4.8/Engine/Content/Localization/Editor/en/Editor.locres) Source String Hash: (1271782899) Localized String: (Imports an asset from file to this folder.)
[2015.07.24-11.29.48:329][  0]LogD3D11RHI: Found D3D11 adapter 0: Intel(R) HD Graphics 4000 (Feature Level 11_0)
[2015.07.24-11.29.48:329][  0]LogD3D11RHI: Adapter has 32MB of dedicated video memory, 0MB of dedicated system memory, and 1760MB of shared system memory, 1 output[s]
[2015.07.24-11.29.48:346][  0]LogD3D11RHI: Found D3D11 adapter 1: NVIDIA GeForce GT 635M    (Feature Level 11_0)
[2015.07.24-11.29.48:346][  0]LogD3D11RHI: Adapter has 1996MB of dedicated video memory, 0MB of dedicated system memory, and 2047MB of shared system memory, 0 output[s]
[2015.07.24-11.29.48:347][  0]LogD3D11RHI: Found D3D11 adapter 2: Microsoft Basic Render Driver (Feature Level 11_0)
[2015.07.24-11.29.48:347][  0]LogD3D11RHI: Adapter has 0MB of dedicated video memory, 0MB of dedicated system memory, and 256MB of shared system memory, 0 output[s]
[2015.07.24-11.29.48:347][  0]LogD3D11RHI: Chosen D3D11 Adapter Id = 0
[2015.07.24-11.29.48:352][  0]LogD3D11RHI: InitD3DDevice
[2015.07.24-11.29.48:352][  0]LogD3D11RHI: !Direct3DDevice
[2015.07.24-11.29.48:352][  0]LogRHI: Texture pool is 1361 MB (70% of 1945 MB)
[2015.07.24-11.29.48:364][  0]LogD3D11RHI: Async texture creation enabled
[2015.07.24-11.29.48:382][  0]LogShaderCompilers:Display: Using Local Shader Compiler.
[2015.07.24-11.29.49:513][  0]LogTemp:Display: Loaded TP DesktopTargetPlatform
[2015.07.24-11.29.49:531][  0]LogTemp:Display: Loaded TP WindowsClientTargetPlatform
[2015.07.24-11.29.49:549][  0]LogTemp:Display: Loaded TP WindowsNoEditorTargetPlatform
[2015.07.24-11.29.49:568][  0]LogTemp:Display: Loaded TP WindowsServerTargetPlatform
[2015.07.24-11.29.49:589][  0]LogTemp:Display: Loaded TP WindowsTargetPlatform
[2015.07.24-11.29.49:603][  0]LogTemp:Display: Loaded TP AndroidTargetPlatform
[2015.07.24-11.29.49:619][  0]LogTemp:Display: Loaded TP Android_ASTCTargetPlatform
[2015.07.24-11.29.49:634][  0]LogTemp:Display: Loaded TP Android_ATCTargetPlatform
[2015.07.24-11.29.49:650][  0]LogTemp:Display: Loaded TP Android_DXTTargetPlatform
[2015.07.24-11.29.49:666][  0]LogTemp:Display: Loaded TP Android_ETC1TargetPlatform
[2015.07.24-11.29.49:682][  0]LogTemp:Display: Loaded TP Android_ETC2TargetPlatform
[2015.07.24-11.29.49:696][  0]LogTemp:Display: Loaded TP Android_PVRTCTargetPlatform
[2015.07.24-11.29.49:753][  0]LogTemp:Display: Loaded TP IOSTargetPlatform
[2015.07.24-11.29.49:771][  0]LogTemp:Display: Loaded TP LinuxNoEditorTargetPlatform
[2015.07.24-11.29.49:789][  0]LogTemp:Display: Loaded TP LinuxServerTargetPlatform
[2015.07.24-11.29.49:810][  0]LogTemp:Display: Loaded TP LinuxTargetPlatform
[2015.07.24-11.29.49:810][  0]LogTargetPlatformManager:Display: Building Assets For Windows
[2015.07.24-11.29.50:084][  0]LogDerivedDataCache:Display: Max Cache Size: 512 MB
[2015.07.24-11.29.50:701][  0]LogDerivedDataCache: Loaded boot cache 0.62s 53MB C:/Users/Quentin/AppData/Local/UnrealEngine/4.8/DerivedDataCache/Boot.ddc.
[2015.07.24-11.29.50:701][  0]LogDerivedDataCache:Display: Loaded Boot cache: C:/Users/Quentin/AppData/Local/UnrealEngine/4.8/DerivedDataCache/Boot.ddc
[2015.07.24-11.29.50:702][  0]LogDerivedDataCache: FDerivedDataBackendGraph:  Pak pak cache file ../../../../../../Users/Quentin/Desktop/ProjectTron/DerivedDataCache/DDC.ddp not found, will not use a pak cache.
[2015.07.24-11.29.50:702][  0]LogDerivedDataCache: Unable to find inner node Pak for hierarchical cache Hierarchy.
[2015.07.24-11.29.50:702][  0]LogDerivedDataCache: FDerivedDataBackendGraph:  CompressedPak pak cache file ../../../../../../Users/Quentin/Desktop/ProjectTron/DerivedDataCache/Compressed.ddp not found, will not use a pak cache.
[2015.07.24-11.29.50:702][  0]LogDerivedDataCache: Unable to find inner node CompressedPak for hierarchical cache Hierarchy.
[2015.07.24-11.29.50:876][  0]LogDerivedDataCache:Display: Pak cache opened for reading ../../../Engine/DerivedDataCache/Compressed.ddp.
[2015.07.24-11.29.50:888][  0]LogDerivedDataCache: Using Local data cache path C:/Users/Quentin/AppData/Local/UnrealEngine/Common/DerivedDataCache: Writable
[2015.07.24-11.29.51:173][  0]LogInit: Selected Device Profile: [Windows]
[2015.07.24-11.29.51:277][  0]ImportText (ComponentSweepMultiTests): Missing closing parenthesis: (RootShapeAsset="/Engine/BasicShapes/Cube.Cube",ShapeType="TriggerCapsule",HitResult=(Time=0.50,Location=(X=-100.000015,Y=0.0,Z=100.000015),ImpactPoint=(X=-50.0,Y=0.0,Z=50.0),Normal=(X=-1.0,Y=-0.0,Z=0.0),ImpactNormal=(X=0.0,Y=0.0,Z=1.0),TraceStart=(X=-200.0,Y=0.0,Z=200.0),TraceEnd=(X=0.0,Y=0.0,Z=0.0))
[2015.07.24-11.29.51:278][  0]ImportText (LineTraceSingleByChannelTests): Missing closing parenthesis: (RootShapeAsset="/Engine/BasicShapes/Cube.Cube",HitResult=(Time=0.50,Location=(X=-100.000015,Y=0.0,Z=100.000015),ImpactPoint=(X=-50.0,Y=0.0,Z=50.0),Normal=(X=-1.0,Y=-0.0,Z=0.0),ImpactNormal=(X=0.0,Y=0.0,Z=1.0),TraceStart=(X=-200.0,Y=0.0,Z=200.0),TraceEnd=(X=0.0,Y=0.0,Z=0.0))
[2015.07.24-11.29.51:310][  0]LogMeshUtilities: No automatic mesh reduction module available
[2015.07.24-11.29.51:310][  0]LogMeshUtilities: No automatic mesh merging module available
[2015.07.24-11.29.51:706][  0]LogInit: WinSock: version 1.1 (2.2), MaxSocks=32767, MaxUdp=65467
[2015.07.24-11.29.52:878][  0]UdpMessaging: Initializing bridge on interface 0.0.0.0:0 to multicast group 230.0.0.1:6666.
[2015.07.24-11.29.53:355][  0]SourceControl: Info Source control is disabled
[2015.07.24-11.29.53:379][  0]SourceControl: Info Source control is disabled
[2015.07.24-11.29.53:390][  0]SourceControl: Info Source control is disabled
[2015.07.24-11.29.53:401][  0]SourceControl: Info Source control is disabled
[2015.07.24-11.29.53:676][  0]LogObj: 26273 objects as part of root set at end of initial load.
[2015.07.24-11.29.53:676][  0]LogUObjectAllocator: 5409248 out of 0 bytes used by permanent object pool.
[2015.07.24-11.29.53:755][  0]LogEngine: Initializing Engine...
[2015.07.24-11.29.53:758][  0]LogHMD: Can't find Oculus library dev build: is proper Runtime installed? Version: 0.6.0.0
[2015.07.24-11.29.53:759][  0]LogHMD:Warning: SteamVR failed to initialize.  Error: 100
[2015.07.24-11.29.53:956][  0]LogAIModule: Creating AISystem for world NewWorld
[2015.07.24-11.29.53:961][  0]LogInit: XAudio2 using 'Haut-parleurs (3- Plantronics GameCom 780)' : 8 channels at 44.1 kHz using 16 bits per sample (channel mask 0x63f)
[2015.07.24-11.29.54:017][  0]LogInit: FAudioDevice initialized.
[2015.07.24-11.29.54:044][  0]LogDerivedDataCache: Saved boot cache 0.03s 53MB C:/Users/Quentin/AppData/Local/UnrealEngine/4.8/DerivedDataCache/Boot.ddc.
[2015.07.24-11.29.54:064][  0]LogInit: Texture streaming: Disabled
[2015.07.24-11.29.54:093][  0]LogAnalytics: Creating configured Analytics provider AnalyticsET
[2015.07.24-11.29.54:093][  0]LogAnalytics: [UEEditor.Rocket.Release] APIServer = http://et2.epicgames.com/ET2/. AppVersion = 4.8.2-2614606+++depot+UE4-Releases+4.8
[2015.07.24-11.29.54:093][  0]LogAnalytics: [UEEditor.Rocket.Release] SetUserId 2d3bc0f041f185fa28a8c7b684d10d16|5321c04d5e864f15b49acee236f509ea|73d0ac54-4603-4a09-8685-17c06caaac3e
[2015.07.24-11.29.54:093][  0]LogAnalytics: [UEEditor.Rocket.Release] AnalyticsET::StartSession
[2015.07.24-11.29.54:127][  0]LogInit: Transaction tracking system initialized
[2015.07.24-11.29.54:322][  0]BlueprintLog: New page: Editor Load
[2015.07.24-11.29.54:366][  0]LogAssetRegistry: FAssetRegistry took 0.0104 seconds to start up
[2015.07.24-11.29.54:366][  0]LogDirectoryWatcher:Warning: Failed to begin reading directory changes for ../../../Engine/Plugins/Experimental/CharacterAI/Content/. Error: 0
[2015.07.24-11.29.55:556][  0]LogLinker:Warning: Can't find file '/Game/2DSideScrollerBP/2DSideScrollerOverview'
[2015.07.24-11.29.55:556][  0]LogLinker:Warning: Can't find file '/Game/2DSideScrollerBP/2DSideScrollerOverview'
[2015.07.24-11.29.55:556][  0]LogLinker:Warning: Can't find file '/Game/2DSideScrollerBP/2DSideScrollerOverview'
[2015.07.24-11.29.55:556][  0]LogUObjectGlobals:Warning: Failed to find object 'Class /Game/2DSideScrollerBP/2DSideScrollerOverview.2DSideScrollerOverview_C'
[2015.07.24-11.29.55:644][  0]LogConsoleManager:Warning: Console variable 'r.VSync' wasn't set ('GameSetting' has a lower priority than 'SystemSettingsIni')
[2015.07.24-11.29.55:644][  0]LogConsoleResponse:Display: 
[2015.07.24-11.29.55:809][  0]LogCook:Display: Done creating registry. It took  0.00s.
[2015.07.24-11.29.56:107][  0]SourceControl: Info Source control is disabled
[2015.07.24-11.29.56:108][  0]Cmd: MAP LOAD FILE="../../../../../../Users/Quentin/Desktop/ProjectTron/Content/StarterContent/Maps/Minimal_Default.umap" TEMPLATE=0 SHOWPROGRESS=1 FEATURELEVEL=3
[2015.07.24-11.29.56:108][  0]LightingResults: New page: Lighting Build
[2015.07.24-11.29.56:129][  0]MapCheck: New page: Map Check
[2015.07.24-11.29.56:129][  0]LightingResults: New page: Lighting Build
[2015.07.24-11.29.56:157][  0]LogParticles: Destroying 0 GPU particle simulations for FXSystem 0x000000B6B8CD89A0
[2015.07.24-11.29.57:540][  0]LogAIModule: Creating AISystem for world Minimal_Default
[2015.07.24-11.29.57:559][  0]LogEditorServer: Finished looking for orphan Actors (0.000 secs)
[2015.07.24-11.29.57:571][  0]Cmd: MAP CHECKDEP NOCLEARLOG
[2015.07.24-11.29.57:643][  0]MapCheck: Info Map check complete: 0 Error(s), 0 Warning(s), took 72.286ms to complete.
[2015.07.24-11.29.57:643][  0]LogFileHelpers: Loading map 'Minimal_Default' took 1.536
[2015.07.24-11.29.57:731][  0]LogCollectionManager: Loaded 0 collections in 0.003934 seconds
[2015.07.24-11.29.57:745][  0]LogContentBrowser: Native class hierarchy populated in 0.0142 seconds. Added 1792 classes and 301 folders.
[2015.07.24-11.29.57:814][  0]LogContentBrowser: Native class hierarchy updated for 'WidgetCarousel' in 0.0005 seconds. Added 0 classes and 0 folders.
[2015.07.24-11.29.57:856][  0]LogContentBrowser: Native class hierarchy updated for 'AddContentDialog' in 0.0006 seconds. Added 0 classes and 0 folders.
[2015.07.24-11.29.57:940][  0]LogContentBrowser: Native class hierarchy updated for 'SceneOutliner' in 0.0006 seconds. Added 1 classes and 2 folders.
[2015.07.24-11.29.57:997][  0]LogCrashTracker: Crashtracker disabled due to settings.
[2015.07.24-11.29.57:998][  0]LogD3D11RHI: InitD3DDevice
[2015.07.24-11.29.58:006][  0]LogUObjectGlobals:Warning: Failed to find object 'Class None.'
[2015.07.24-11.29.58:029][  0]LogLoad: Full Startup: 12.78 seconds (BP compile: 0.81 seconds)
[2015.07.24-11.29.58:466][  0]LogContentStreaming: Texture pool size is 0.000000MB
[2015.07.24-11.29.58:548][  0]LogContentStreaming: Texture pool size now 1000 MB
[2015.07.24-11.29.58:735][  0]LogRenderer: Reallocating scene render targets to support 872x704 (Frame:2).
[2015.07.24-11.29.59:239][  3]LogD3D11RHI: InitD3DDevice
[2015.07.24-11.30.01:847][ 10]LogAssetRegistry: Asset discovery search completed in 7.4916 seconds
[2015.07.24-11.30.15:887][ 55]LogD3D11RHI: InitD3DDevice
[2015.07.24-11.30.21:502][191]LogD3D11RHI: InitD3DDevice
[2015.07.24-11.30.21:623][191]LogAIModule: Creating AISystem for world MenuLevel
[2015.07.24-11.30.21:756][191]Cmd: MAP LOAD FILE="../../../../../../Users/Quentin/Desktop/ProjectTron/Content/Level/MenuLevel.umap" TEMPLATE=0 SHOWPROGRESS=1 FEATURELEVEL=3
[2015.07.24-11.30.21:756][191]LightingResults: New page: Lighting Build
[2015.07.24-11.30.21:778][191]LoadErrors: New page: Loading map: MenuLevel.umap
[2015.07.24-11.30.21:779][191]MapCheck: New page: Map Check
[2015.07.24-11.30.21:779][191]LightingResults: New page: Lighting Build
[2015.07.24-11.30.21:798][191]LogParticles: Destroying 0 GPU particle simulations for FXSystem 0x000000B6BE1F3560
[2015.07.24-11.30.21:938][191]LogAIModule: Creating AISystem for world MenuLevel
[2015.07.24-11.30.21:939][191]LogEditorServer: Finished looking for orphan Actors (0.000 secs)
[2015.07.24-11.30.21:985][191]Cmd: MAP CHECKDEP NOCLEARLOG
[2015.07.24-11.30.22:038][191]MapCheck: Info Map check complete: 0 Error(s), 0 Warning(s), took 52.715ms to complete.
[2015.07.24-11.30.22:039][191]LogFileHelpers: Loading map 'MenuLevel' took 0.284
[2015.07.24-11.30.25:838][277]LogD3D11RHI: InitD3DDevice
[2015.07.24-11.30.26:018][284]LogD3D11RHI: InitD3DDevice
[2015.07.24-11.30.26:169][293]LogD3D11RHI: InitD3DDevice
[2015.07.24-11.30.26:891][333]LogD3D11RHI: InitD3DDevice
[2015.07.24-11.30.26:996][333]LogLinker:Warning: Asset '../../../Engine/Content/ArtTools/RenderToTexture/Macros/RenderToTextureMacros.uasset' has been saved with empty engine version. The asset will be loaded but may be incompatible.
[2015.07.24-11.30.27:078][333]LogLinker:Warning: Asset '../../../Engine/Content/ArtTools/RenderToTexture/Enums/RenderToTexture_Enum.uasset' has been saved with empty engine version. The asset will be loaded but may be incompatible.
[2015.07.24-11.30.29:886][430]LogD3D11RHI: InitD3DDevice
[2015.07.24-11.30.30:626][442]LogD3D11RHI: InitD3DDevice
[2015.07.24-11.30.41:434][ 75]BlueprintLog: New page: Compile MenuLevel
[2015.07.24-11.30.41:503][ 75]LogActorComponent: UnregisterComponent: (/Engine/Transient.CharMoveComp) Not registered. Aborting.
[2015.07.24-11.30.41:681][ 75]BlueprintEditorCompileResults: Info [0056.43] Compile of MenuLevel successful! [in 246 ms]
[2015.07.24-11.30.43:099][158]BlueprintLog: New page: Pre-PIE auto-recompile
[2015.07.24-11.30.43:122][158]LogPlayLevel: [PIE] Compiling MenuLevel before PIE...
[2015.07.24-11.30.43:270][158]LogPlayLevel: PIE:  Blueprint regeneration took 171 ms (1 blueprints)
[2015.07.24-11.30.43:273][158]PIE: New page: SIE session: MenuLevel (Jul 24, 2015, 3:30:43 PM)
[2015.07.24-11.30.43:274][158]LogPlayLevel: Creating play world package: /Game/Level/UEDPIE_0_MenuLevel
[2015.07.24-11.30.43:277][158]LogPlayLevel: PIE: StaticDuplicateObject took: (0.003104s)
[2015.07.24-11.30.43:278][158]LogAIModule: Creating AISystem for world MenuLevel
[2015.07.24-11.30.43:278][158]LogPlayLevel: PIE: World Init took: (0.001362s)
[2015.07.24-11.30.43:279][158]LogPlayLevel: PIE: Created PIE world by copying editor world from /Game/Level/MenuLevel.MenuLevel to /Game/Level/UEDPIE_0_MenuLevel.MenuLevel (0.005205s)
[2015.07.24-11.30.43:332][158]LogInit: XAudio2 using 'Haut-parleurs (3- Plantronics GameCom 780)' : 8 channels at 44.1 kHz using 16 bits per sample (channel mask 0x63f)
[2015.07.24-11.30.43:340][158]LogInit: FAudioDevice initialized.
[2015.07.24-11.30.43:403][158]LogWorld: Game class is 'GameMode_BP_C'
[2015.07.24-11.30.43:406][158]LogWorld: Bringing World /Game/Level/UEDPIE_0_MenuLevel.MenuLevel up for play (max tick rate 60) at 2015.07.24-13.30.43
[2015.07.24-11.30.43:406][158]LogActor:Warning: GameSession /Game/Level/UEDPIE_0_MenuLevel.MenuLevel:PersistentLevel.GameSession_0 has natively added scene component(s), but none of them were set as the actor's RootComponent - picking one arbitrarily
[2015.07.24-11.30.43:406][158]LogActor:Warning: GameNetworkManager /Game/Level/UEDPIE_0_MenuLevel.MenuLevel:PersistentLevel.GameNetworkManager_0 has natively added scene component(s), but none of them were set as the actor's RootComponent - picking one arbitrarily
[2015.07.24-11.30.43:407][158]LogWorld: Bringing up level for play took: 0.001934
[2015.07.24-11.30.43:408][158]LogGameMode: Warning - PATHS NOT DEFINED or NO PLAYERSTART with positive rating
[2015.07.24-11.30.43:429][158]LogBlueprintUserMessages: nope
[2015.07.24-11.30.43:434][158]PIE: Info Play in editor start time for /Game/Level/UEDPIE_0_MenuLevel 0.84
[2015.07.24-11.30.46:986][360]LogParticles: Destroying 0 GPU particle simulations for FXSystem 0x000000B6ED0AADE0
[2015.07.24-11.30.49:434][474]LogD3D11RHI: InitD3DDevice
[2015.07.24-11.30.56:173][831]LogD3D11RHI: InitD3DDevice
[2015.07.24-11.30.56:229][831]LogD3D11RHI: InitD3DDevice
[2015.07.24-11.31.01:422][141]LogD3D11RHI: InitD3DDevice
[2015.07.24-11.31.05:245][369]LogD3D11RHI: InitD3DDevice
[2015.07.24-11.31.06:455][439]LogD3D11RHI: InitD3DDevice
[2015.07.24-11.31.09:159][601]LogD3D11RHI: InitD3DDevice
[2015.07.24-11.31.11:740][755]LogD3D11RHI: InitD3DDevice
[2015.07.24-11.31.16:825][979]LogD3D11RHI: InitD3DDevice
[2015.07.24-11.31.16:855][979]Cmd: OBJ SAVEPACKAGE PACKAGE="/Game/Level/MenuLevel" FILE="../../../../../../Users/Quentin/Desktop/ProjectTron/Content/Level/MenuLevel.umap" SILENT=true AUTOSAVING=false KEEPDIRTY=false
[2015.07.24-11.31.17:013][979]LogSavePackage: Save=89.384972ms
[2015.07.24-11.31.17:013][979]LogSavePackage: Moving '../../../../../../Users/Quentin/Desktop/ProjectTron/Saved/MenuLevel054C837E4DDE61FC0B9C91AC8C3208B2.tmp' to '../../../../../../Users/Quentin/Desktop/ProjectTron/Content/Level/MenuLevel.umap'
[2015.07.24-11.31.23:570][287]BlueprintLog: New page: Pre-PIE auto-recompile
[2015.07.24-11.31.23:586][287]LogPlayLevel: [PIE] Compiling MenuLevel before PIE...
[2015.07.24-11.31.23:714][287]LogPlayLevel: PIE:  Blueprint regeneration took 142 ms (1 blueprints)
[2015.07.24-11.31.23:714][287]PIE: New page: SIE session: MenuLevel (Jul 24, 2015, 3:31:23 PM)
[2015.07.24-11.31.23:715][287]LogPlayLevel: Creating play world package: /Game/Level/UEDPIE_0_MenuLevel
[2015.07.24-11.31.23:717][287]LogPlayLevel: PIE: StaticDuplicateObject took: (0.002366s)
[2015.07.24-11.31.23:718][287]LogAIModule: Creating AISystem for world MenuLevel
[2015.07.24-11.31.23:718][287]LogPlayLevel: PIE: World Init took: (0.001117s)
[2015.07.24-11.31.23:718][287]LogPlayLevel: PIE: Created PIE world by copying editor world from /Game/Level/MenuLevel.MenuLevel to /Game/Level/UEDPIE_0_MenuLevel.MenuLevel (0.003669s)
[2015.07.24-11.31.23:763][287]LogInit: XAudio2 using 'Haut-parleurs (3- Plantronics GameCom 780)' : 8 channels at 44.1 kHz using 16 bits per sample (channel mask 0x63f)
[2015.07.24-11.31.23:769][287]LogInit: FAudioDevice initialized.
[2015.07.24-11.31.23:800][287]LogWorld: Game class is 'GameMode_BP_C'
[2015.07.24-11.31.23:802][287]LogWorld: Bringing World /Game/Level/UEDPIE_0_MenuLevel.MenuLevel up for play (max tick rate 60) at 2015.07.24-13.31.23
[2015.07.24-11.31.23:802][287]LogActor:Warning: GameSession /Game/Level/UEDPIE_0_MenuLevel.MenuLevel:PersistentLevel.GameSession_1 has natively added scene component(s), but none of them were set as the actor's RootComponent - picking one arbitrarily
[2015.07.24-11.31.23:803][287]LogActor:Warning: GameNetworkManager /Game/Level/UEDPIE_0_MenuLevel.MenuLevel:PersistentLevel.GameNetworkManager_1 has natively added scene component(s), but none of them were set as the actor's RootComponent - picking one arbitrarily
[2015.07.24-11.31.23:803][287]LogWorld: Bringing up level for play took: 0.001182
[2015.07.24-11.31.23:803][287]LogGameMode: Warning - PATHS NOT DEFINED or NO PLAYERSTART with positive rating
[2015.07.24-11.31.23:805][287]PIE: Info Play in editor start time for /Game/Level/UEDPIE_0_MenuLevel 1.211
[2015.07.24-11.31.25:808][402]LogParticles: Destroying 0 GPU particle simulations for FXSystem 0x000000B6ED0AB420
[2015.07.24-11.31.30:508][684]BlueprintLog: New page: Compile MenuLevel
[2015.07.24-11.31.30:622][684]BlueprintEditorCompileResults: Info [0105.37] Compile of MenuLevel successful! [in 113 ms]
[2015.07.24-11.31.31:686][748]LogD3D11RHI: InitD3DDevice
[2015.07.24-11.31.32:608][802]BlueprintLog: New page: Pre-PIE auto-recompile
[2015.07.24-11.31.32:627][802]LogPlayLevel: [PIE] Compiling MenuLevel before PIE...
[2015.07.24-11.31.32:749][802]LogPlayLevel: PIE:  Blueprint regeneration took 140 ms (1 blueprints)
[2015.07.24-11.31.32:749][802]PIE: New page: PIE session: MenuLevel (Jul 24, 2015, 3:31:32 PM)
[2015.07.24-11.31.32:750][802]LogPlayLevel: Creating play world package: /Game/Level/UEDPIE_0_MenuLevel
[2015.07.24-11.31.32:752][802]LogPlayLevel: PIE: StaticDuplicateObject took: (0.002000s)
[2015.07.24-11.31.32:752][802]LogAIModule: Creating AISystem for world MenuLevel
[2015.07.24-11.31.32:753][802]LogPlayLevel: PIE: World Init took: (0.001067s)
[2015.07.24-11.31.32:753][802]LogPlayLevel: PIE: Created PIE world by copying editor world from /Game/Level/MenuLevel.MenuLevel to /Game/Level/UEDPIE_0_MenuLevel.MenuLevel (0.003251s)
[2015.07.24-11.31.32:801][802]LogInit: XAudio2 using 'Haut-parleurs (3- Plantronics GameCom 780)' : 8 channels at 44.1 kHz using 16 bits per sample (channel mask 0x63f)
[2015.07.24-11.31.32:807][802]LogInit: FAudioDevice initialized.
[2015.07.24-11.31.32:809][802]LogD3D11RHI: InitD3DDevice
[2015.07.24-11.31.32:844][802]LogWorld: Game class is 'GameMode_BP_C'
[2015.07.24-11.31.32:846][802]LogWorld: Bringing World /Game/Level/UEDPIE_0_MenuLevel.MenuLevel up for play (max tick rate 60) at 2015.07.24-13.31.32
[2015.07.24-11.31.32:846][802]LogActor:Warning: GameSession /Game/Level/UEDPIE_0_MenuLevel.MenuLevel:PersistentLevel.GameSession_2 has natively added scene component(s), but none of them were set as the actor's RootComponent - picking one arbitrarily
[2015.07.24-11.31.32:846][802]LogActor:Warning: GameNetworkManager /Game/Level/UEDPIE_0_MenuLevel.MenuLevel:PersistentLevel.GameNetworkManager_2 has natively added scene component(s), but none of them were set as the actor's RootComponent - picking one arbitrarily
[2015.07.24-11.31.32:846][802]LogWorld: Bringing up level for play took: 0.001220
[2015.07.24-11.31.32:847][802]LogGameMode: Warning - PATHS NOT DEFINED or NO PLAYERSTART with positive rating
[2015.07.24-11.31.32:879][802]PIE: Info Play in editor start time for /Game/Level/UEDPIE_0_MenuLevel 0.285
[2015.07.24-11.31.32:900][802]LogRenderer: Reallocating scene render targets to support 1296x760 (Frame:372).
[2015.07.24-11.31.38:364][935]LogParticles: Destroying 0 GPU particle simulations for FXSystem 0x000000B6E3EBBD80
[2015.07.24-11.31.41:640][ 70]LogD3D11RHI: InitD3DDevice
[2015.07.24-11.31.41:655][ 70]Cmd: OBJ SAVEPACKAGE PACKAGE="/Game/Level/MenuLevel" FILE="../../../../../../Users/Quentin/Desktop/ProjectTron/Content/Level/MenuLevel.umap" SILENT=true AUTOSAVING=false KEEPDIRTY=false
[2015.07.24-11.31.41:803][ 70]LogSavePackage: Save=85.887192ms
[2015.07.24-11.31.41:803][ 70]LogSavePackage: Moving '../../../../../../Users/Quentin/Desktop/ProjectTron/Saved/MenuLevel13272EEA452ADF8DEC37E29BAB5FA8CA.tmp' to '../../../../../../Users/Quentin/Desktop/ProjectTron/Content/Level/MenuLevel.umap'
[2015.07.24-11.31.47:543][215]LogD3D11RHI: InitD3DDevice
[2015.07.24-11.31.47:669][215]LogAIModule: Creating AISystem for world Minimal_Default
[2015.07.24-11.31.47:755][215]Cmd: MAP LOAD FILE="../../../../../../Users/Quentin/Desktop/ProjectTron/Content/StarterContent/Maps/Minimal_Default.umap" TEMPLATE=0 SHOWPROGRESS=1 FEATURELEVEL=3
[2015.07.24-11.31.47:756][215]LightingResults: New page: Lighting Build
[2015.07.24-11.31.47:776][215]LoadErrors: New page: Loading map: Minimal_Default.umap
[2015.07.24-11.31.47:808][215]MapCheck: New page: Map Check
[2015.07.24-11.31.47:808][215]LightingResults: New page: Lighting Build
[2015.07.24-11.31.47:847][215]LogParticles: Destroying 0 GPU particle simulations for FXSystem 0x000000B6A9701580
[2015.07.24-11.31.47:847][215]LogParticles: Destroying 0 GPU particle simulations for FXSystem 0x000000B6AAC06520
[2015.07.24-11.31.48:052][215]LogAIModule: Creating AISystem for world Minimal_Default
[2015.07.24-11.31.48:071][215]LogEditorServer: Finished looking for orphan Actors (0.000 secs)
[2015.07.24-11.31.48:125][215]Cmd: MAP CHECKDEP NOCLEARLOG
[2015.07.24-11.31.48:184][215]MapCheck: Info Map check complete: 0 Error(s), 0 Warning(s), took 59.013ms to complete.
[2015.07.24-11.31.48:184][215]LogFileHelpers: Loading map 'Minimal_Default' took 0.430
[2015.07.24-11.31.48:195][215]LogAudio:Warning: Detected orphaned looping sound 'Starter_Background_Cue'.
[2015.07.24-11.31.49:043][233]BlueprintLog: New page: Pre-PIE auto-recompile
[2015.07.24-11.31.49:056][233]LogPlayLevel: [PIE] Compiling Minimal_Default before PIE...
[2015.07.24-11.31.49:201][233]LogPlayLevel: PIE:  Blueprint regeneration took 158 ms (1 blueprints)
[2015.07.24-11.31.49:201][233]PIE: New page: PIE session: Minimal_Default (Jul 24, 2015, 3:31:49 PM)
[2015.07.24-11.31.49:202][233]LogPlayLevel: Creating play world package: /Game/StarterContent/Maps/UEDPIE_0_Minimal_Default
[2015.07.24-11.31.49:208][233]LogPlayLevel: PIE: StaticDuplicateObject took: (0.006570s)
[2015.07.24-11.31.49:209][233]LogAIModule: Creating AISystem for world Minimal_Default
[2015.07.24-11.31.49:210][233]LogPlayLevel: PIE: World Init took: (0.001307s)
[2015.07.24-11.31.49:210][233]LogPlayLevel: PIE: Created PIE world by copying editor world from /Game/StarterContent/Maps/Minimal_Default.Minimal_Default to /Game/StarterContent/Maps/UEDPIE_0_Minimal_Default.Minimal_Default (0.008095s)
[2015.07.24-11.31.49:254][233]LogInit: XAudio2 using 'Haut-parleurs (3- Plantronics GameCom 780)' : 8 channels at 44.1 kHz using 16 bits per sample (channel mask 0x63f)
[2015.07.24-11.31.49:261][233]LogInit: FAudioDevice initialized.
[2015.07.24-11.31.49:304][233]LogWorld: Game class is 'GameMode_BP_C'
[2015.07.24-11.31.49:317][233]LogWorld: Bringing World /Game/StarterContent/Maps/UEDPIE_0_Minimal_Default.Minimal_Default up for play (max tick rate 60) at 2015.07.24-13.31.49
[2015.07.24-11.31.49:317][233]LogActor:Warning: GameSession /Game/StarterContent/Maps/UEDPIE_0_Minimal_Default.Minimal_Default:PersistentLevel.GameSession_3 has natively added scene component(s), but none of them were set as the actor's RootComponent - picking one arbitrarily
[2015.07.24-11.31.49:318][233]LogActor:Warning: GameNetworkManager /Game/StarterContent/Maps/UEDPIE_0_Minimal_Default.Minimal_Default:PersistentLevel.GameNetworkManager_3 has natively added scene component(s), but none of them were set as the actor's RootComponent - picking one arbitrarily
[2015.07.24-11.31.49:318][233]LogWorld: Bringing up level for play took: 0.012692
[2015.07.24-11.31.49:321][233]LogBlueprintUserMessages: Déjà dans l'état désiré
[2015.07.24-11.31.49:322][233]PIE: Info Play in editor start time for /Game/StarterContent/Maps/UEDPIE_0_Minimal_Default 0.729
[2015.07.24-11.31.58:180][454]LogParticles: Destroying 0 GPU particle simulations for FXSystem 0x000000B6BDDD0220
[2015.07.24-11.32.13:076][822]LogD3D11RHI: InitD3DDevice
[2015.07.24-11.32.13:628][833]LogD3D11RHI: InitD3DDevice
[2015.07.24-11.32.16:891][902]LogD3D11RHI: InitD3DDevice
[2015.07.24-11.32.16:989][902]LogAIModule: Creating AISystem for world MenuLevel
[2015.07.24-11.32.17:004][902]LogActorComponent: UnregisterComponent: (/Engine/Transient.CharMoveComp) Not registered. Aborting.
[2015.07.24-11.32.17:061][902]Cmd: MAP LOAD FILE="../../../../../../Users/Quentin/Desktop/ProjectTron/Content/Level/MenuLevel.umap" TEMPLATE=0 SHOWPROGRESS=1 FEATURELEVEL=3
[2015.07.24-11.32.17:061][902]LightingResults: New page: Lighting Build
[2015.07.24-11.32.17:081][902]LoadErrors: New page: Loading map: MenuLevel.umap
[2015.07.24-11.32.17:082][902]MapCheck: New page: Map Check
[2015.07.24-11.32.17:082][902]LightingResults: New page: Lighting Build
[2015.07.24-11.32.17:126][902]LogParticles: Destroying 0 GPU particle simulations for FXSystem 0x000000B6ED0AB6A0
[2015.07.24-11.32.17:299][902]LogAIModule: Creating AISystem for world MenuLevel
[2015.07.24-11.32.17:311][902]LogEditorServer: Finished looking for orphan Actors (0.000 secs)
[2015.07.24-11.32.17:365][902]Cmd: MAP CHECKDEP NOCLEARLOG
[2015.07.24-11.32.17:428][902]MapCheck: Info Map check complete: 0 Error(s), 0 Warning(s), took 62.84ms to complete.
[2015.07.24-11.32.17:429][902]LogFileHelpers: Loading map 'MenuLevel' took 0.370
[2015.07.24-11.32.18:685][932]LogD3D11RHI: InitD3DDevice
[2015.07.24-11.32.19:320][947]LogD3D11RHI: InitD3DDevice
[2015.07.24-11.32.19:861][959]LogD3D11RHI: InitD3DDevice
[2015.07.24-11.32.22:163][ 82]LogD3D11RHI: InitD3DDevice
[2015.07.24-11.32.23:104][137]BlueprintLog: New page: Pre-PIE auto-recompile
[2015.07.24-11.32.23:118][137]LogPlayLevel: [PIE] Compiling MenuLevel before PIE...
[2015.07.24-11.32.23:194][137]LogActorComponent: UnregisterComponent: (/Engine/Transient.CharMoveComp) Not registered. Aborting.
[2015.07.24-11.32.23:255][137]LogPlayLevel: PIE:  Blueprint regeneration took 151 ms (1 blueprints)
[2015.07.24-11.32.23:255][137]PIE: New page: SIE session: MenuLevel (Jul 24, 2015, 3:32:23 PM)
[2015.07.24-11.32.23:255][137]LogPlayLevel: Creating play world package: /Game/Level/UEDPIE_0_MenuLevel
[2015.07.24-11.32.23:257][137]LogPlayLevel: PIE: StaticDuplicateObject took: (0.002014s)
[2015.07.24-11.32.23:258][137]LogAIModule: Creating AISystem for world MenuLevel
[2015.07.24-11.32.23:259][137]LogPlayLevel: PIE: World Init took: (0.001091s)
[2015.07.24-11.32.23:259][137]LogPlayLevel: PIE: Created PIE world by copying editor world from /Game/Level/MenuLevel.MenuLevel to /Game/Level/UEDPIE_0_MenuLevel.MenuLevel (0.003286s)
[2015.07.24-11.32.23:304][137]LogInit: XAudio2 using 'Haut-parleurs (3- Plantronics GameCom 780)' : 8 channels at 44.1 kHz using 16 bits per sample (channel mask 0x63f)
[2015.07.24-11.32.23:309][137]LogInit: FAudioDevice initialized.
[2015.07.24-11.32.23:340][137]LogWorld: Game class is 'GameMode_BP_C'
[2015.07.24-11.32.23:342][137]LogWorld: Bringing World /Game/Level/UEDPIE_0_MenuLevel.MenuLevel up for play (max tick rate 60) at 2015.07.24-13.32.23
[2015.07.24-11.32.23:342][137]LogActor:Warning: GameSession /Game/Level/UEDPIE_0_MenuLevel.MenuLevel:PersistentLevel.GameSession_4 has natively added scene component(s), but none of them were set as the actor's RootComponent - picking one arbitrarily
[2015.07.24-11.32.23:342][137]LogActor:Warning: GameNetworkManager /Game/Level/UEDPIE_0_MenuLevel.MenuLevel:PersistentLevel.GameNetworkManager_4 has natively added scene component(s), but none of them were set as the actor's RootComponent - picking one arbitrarily
[2015.07.24-11.32.23:342][137]LogWorld: Bringing up level for play took: 0.001032
[2015.07.24-11.32.23:343][137]LogGameMode: Warning - PATHS NOT DEFINED or NO PLAYERSTART with positive rating
[2015.07.24-11.32.23:344][137]PIE: Info Play in editor start time for /Game/Level/UEDPIE_0_MenuLevel 0.751
[2015.07.24-11.32.28:707][439]LogParticles: Destroying 0 GPU particle simulations for FXSystem 0x000000B6A0D8F1A0
[2015.07.24-11.32.29:712][498]BlueprintLog: New page: Pre-PIE auto-recompile
[2015.07.24-11.32.29:724][498]LogPlayLevel: [PIE] Compiling MenuLevel before PIE...
[2015.07.24-11.32.29:843][498]LogPlayLevel: PIE:  Blueprint regeneration took 130 ms (1 blueprints)
[2015.07.24-11.32.29:843][498]PIE: New page: SIE session: MenuLevel (Jul 24, 2015, 3:32:29 PM)
[2015.07.24-11.32.29:844][498]LogPlayLevel: Creating play world package: /Game/Level/UEDPIE_0_MenuLevel
[2015.07.24-11.32.29:846][498]LogPlayLevel: PIE: StaticDuplicateObject took: (0.002002s)
[2015.07.24-11.32.29:846][498]LogAIModule: Creating AISystem for world MenuLevel
[2015.07.24-11.32.29:847][498]LogPlayLevel: PIE: World Init took: (0.001036s)
[2015.07.24-11.32.29:847][498]LogPlayLevel: PIE: Created PIE world by copying editor world from /Game/Level/MenuLevel.MenuLevel to /Game/Level/UEDPIE_0_MenuLevel.MenuLevel (0.003225s)
[2015.07.24-11.32.29:892][498]LogInit: XAudio2 using 'Haut-parleurs (3- Plantronics GameCom 780)' : 8 channels at 44.1 kHz using 16 bits per sample (channel mask 0x63f)
[2015.07.24-11.32.29:897][498]LogInit: FAudioDevice initialized.
[2015.07.24-11.32.29:928][498]LogWorld: Game class is 'GameMode_BP_C'
[2015.07.24-11.32.29:930][498]LogWorld: Bringing World /Game/Level/UEDPIE_0_MenuLevel.MenuLevel up for play (max tick rate 60) at 2015.07.24-13.32.29
[2015.07.24-11.32.29:930][498]LogActor:Warning: GameSession /Game/Level/UEDPIE_0_MenuLevel.MenuLevel:PersistentLevel.GameSession_5 has natively added scene component(s), but none of them were set as the actor's RootComponent - picking one arbitrarily
[2015.07.24-11.32.29:931][498]LogActor:Warning: GameNetworkManager /Game/Level/UEDPIE_0_MenuLevel.MenuLevel:PersistentLevel.GameNetworkManager_5 has natively added scene component(s), but none of them were set as the actor's RootComponent - picking one arbitrarily
[2015.07.24-11.32.29:931][498]LogWorld: Bringing up level for play took: 0.001206
[2015.07.24-11.32.29:932][498]LogGameMode: Warning - PATHS NOT DEFINED or NO PLAYERSTART with positive rating
[2015.07.24-11.32.29:933][498]PIE: Info Play in editor start time for /Game/Level/UEDPIE_0_MenuLevel -0.66
[2015.07.24-11.32.34:569][772]LogParticles: Destroying 0 GPU particle simulations for FXSystem 0x000000B6E3EBAB60
[2015.07.24-11.32.38:494][  6]BlueprintLog: New page: Pre-PIE auto-recompile
[2015.07.24-11.32.38:512][  6]LogPlayLevel: [PIE] Compiling MenuLevel before PIE...
[2015.07.24-11.32.38:633][  6]LogPlayLevel: PIE:  Blueprint regeneration took 138 ms (1 blueprints)
[2015.07.24-11.32.38:633][  6]PIE: New page: SIE session: MenuLevel (Jul 24, 2015, 3:32:38 PM)
[2015.07.24-11.32.38:634][  6]LogPlayLevel: Creating play world package: /Game/Level/UEDPIE_0_MenuLevel
[2015.07.24-11.32.38:636][  6]LogPlayLevel: PIE: StaticDuplicateObject took: (0.002017s)
[2015.07.24-11.32.38:636][  6]LogAIModule: Creating AISystem for world MenuLevel
[2015.07.24-11.32.38:637][  6]LogPlayLevel: PIE: World Init took: (0.001177s)
[2015.07.24-11.32.38:637][  6]LogPlayLevel: PIE: Created PIE world by copying editor world from /Game/Level/MenuLevel.MenuLevel to /Game/Level/UEDPIE_0_MenuLevel.MenuLevel (0.003389s)
[2015.07.24-11.32.38:684][  6]LogInit: XAudio2 using 'Haut-parleurs (3- Plantronics GameCom 780)' : 8 channels at 44.1 kHz using 16 bits per sample (channel mask 0x63f)
[2015.07.24-11.32.38:690][  6]LogInit: FAudioDevice initialized.
[2015.07.24-11.32.38:719][  6]LogWorld: Game class is 'GameMode_BP_C'
[2015.07.24-11.32.38:721][  6]LogWorld: Bringing World /Game/Level/UEDPIE_0_MenuLevel.MenuLevel up for play (max tick rate 60) at 2015.07.24-13.32.38
[2015.07.24-11.32.38:721][  6]LogActor:Warning: GameSession /Game/Level/UEDPIE_0_MenuLevel.MenuLevel:PersistentLevel.GameSession_6 has natively added scene component(s), but none of them were set as the actor's RootComponent - picking one arbitrarily
[2015.07.24-11.32.38:721][  6]LogActor:Warning: GameNetworkManager /Game/Level/UEDPIE_0_MenuLevel.MenuLevel:PersistentLevel.GameNetworkManager_6 has natively added scene component(s), but none of them were set as the actor's RootComponent - picking one arbitrarily
[2015.07.24-11.32.38:721][  6]LogWorld: Bringing up level for play took: 0.001056
[2015.07.24-11.32.38:722][  6]LogGameMode: Warning - PATHS NOT DEFINED or NO PLAYERSTART with positive rating
[2015.07.24-11.32.38:723][  6]PIE: Info Play in editor start time for /Game/Level/UEDPIE_0_MenuLevel 0.13
[2015.07.24-11.32.44:453][345]LogParticles: Destroying 0 GPU particle simulations for FXSystem 0x000000B6E3EBADE0
[2015.07.24-11.32.47:693][538]BlueprintLog: New page: Pre-PIE auto-recompile
[2015.07.24-11.32.47:711][538]LogPlayLevel: [PIE] Compiling MenuLevel before PIE...
[2015.07.24-11.32.47:832][538]LogPlayLevel: PIE:  Blueprint regeneration took 139 ms (1 blueprints)
[2015.07.24-11.32.47:832][538]PIE: New page: SIE session: MenuLevel (Jul 24, 2015, 3:32:47 PM)
[2015.07.24-11.32.47:833][538]LogPlayLevel: Creating play world package: /Game/Level/UEDPIE_0_MenuLevel
[2015.07.24-11.32.47:835][538]LogPlayLevel: PIE: StaticDuplicateObject took: (0.002090s)
[2015.07.24-11.32.47:836][538]LogAIModule: Creating AISystem for world MenuLevel
[2015.07.24-11.32.47:836][538]LogPlayLevel: PIE: World Init took: (0.001053s)
[2015.07.24-11.32.47:836][538]LogPlayLevel: PIE: Created PIE world by copying editor world from /Game/Level/MenuLevel.MenuLevel to /Game/Level/UEDPIE_0_MenuLevel.MenuLevel (0.003328s)
[2015.07.24-11.32.47:881][538]LogInit: XAudio2 using 'Haut-parleurs (3- Plantronics GameCom 780)' : 8 channels at 44.1 kHz using 16 bits per sample (channel mask 0x63f)
[2015.07.24-11.32.47:887][538]LogInit: FAudioDevice initialized.
[2015.07.24-11.32.47:918][538]LogWorld: Game class is 'GameMode_BP_C'
[2015.07.24-11.32.47:920][538]LogWorld: Bringing World /Game/Level/UEDPIE_0_MenuLevel.MenuLevel up for play (max tick rate 60) at 2015.07.24-13.32.47
[2015.07.24-11.32.47:920][538]LogActor:Warning: GameSession /Game/Level/UEDPIE_0_MenuLevel.MenuLevel:PersistentLevel.GameSession_7 has natively added scene component(s), but none of them were set as the actor's RootComponent - picking one arbitrarily
[2015.07.24-11.32.47:921][538]LogActor:Warning: GameNetworkManager /Game/Level/UEDPIE_0_MenuLevel.MenuLevel:PersistentLevel.GameNetworkManager_7 has natively added scene component(s), but none of them were set as the actor's RootComponent - picking one arbitrarily
[2015.07.24-11.32.47:921][538]LogWorld: Bringing up level for play took: 0.001098
[2015.07.24-11.32.47:921][538]LogGameMode: Warning - PATHS NOT DEFINED or NO PLAYERSTART with positive rating
[2015.07.24-11.32.47:923][538]PIE: Info Play in editor start time for /Game/Level/UEDPIE_0_MenuLevel -0.671
[2015.07.24-11.32.51:957][776]LogParticles: Destroying 0 GPU particle simulations for FXSystem 0x000000B6D8BEB1A0
[2015.07.24-11.32.57:264][ 92]BlueprintLog: New page: Pre-PIE auto-recompile
[2015.07.24-11.32.57:277][ 92]LogPlayLevel: [PIE] Compiling MenuLevel before PIE...
[2015.07.24-11.32.57:398][ 92]LogPlayLevel: PIE:  Blueprint regeneration took 133 ms (1 blueprints)
[2015.07.24-11.32.57:398][ 92]PIE: New page: SIE session: MenuLevel (Jul 24, 2015, 3:32:57 PM)
[2015.07.24-11.32.57:398][ 92]LogPlayLevel: Creating play world package: /Game/Level/UEDPIE_0_MenuLevel
[2015.07.24-11.32.57:400][ 92]LogPlayLevel: PIE: StaticDuplicateObject took: (0.002008s)
[2015.07.24-11.32.57:401][ 92]LogAIModule: Creating AISystem for world MenuLevel
[2015.07.24-11.32.57:402][ 92]LogPlayLevel: PIE: World Init took: (0.001100s)
[2015.07.24-11.32.57:402][ 92]LogPlayLevel: PIE: Created PIE world by copying editor world from /Game/Level/MenuLevel.MenuLevel to /Game/Level/UEDPIE_0_MenuLevel.MenuLevel (0.003321s)
[2015.07.24-11.32.57:447][ 92]LogInit: XAudio2 using 'Haut-parleurs (3- Plantronics GameCom 780)' : 8 channels at 44.1 kHz using 16 bits per sample (channel mask 0x63f)
[2015.07.24-11.32.57:453][ 92]LogInit: FAudioDevice initialized.
[2015.07.24-11.32.57:482][ 92]LogWorld: Game class is 'GameMode_BP_C'
[2015.07.24-11.32.57:484][ 92]LogWorld: Bringing World /Game/Level/UEDPIE_0_MenuLevel.MenuLevel up for play (max tick rate 60) at 2015.07.24-13.32.57
[2015.07.24-11.32.57:484][ 92]LogActor:Warning: GameSession /Game/Level/UEDPIE_0_MenuLevel.MenuLevel:PersistentLevel.GameSession_8 has natively added scene component(s), but none of them were set as the actor's RootComponent - picking one arbitrarily
[2015.07.24-11.32.57:484][ 92]LogActor:Warning: GameNetworkManager /Game/Level/UEDPIE_0_MenuLevel.MenuLevel:PersistentLevel.GameNetworkManager_8 has natively added scene component(s), but none of them were set as the actor's RootComponent - picking one arbitrarily
[2015.07.24-11.32.57:485][ 92]LogWorld: Bringing up level for play took: 0.001166
[2015.07.24-11.32.57:485][ 92]LogGameMode: Warning - PATHS NOT DEFINED or NO PLAYERSTART with positive rating
[2015.07.24-11.32.57:486][ 92]PIE: Info Play in editor start time for /Game/Level/UEDPIE_0_MenuLevel 0.892
[2015.07.24-11.33.00:371][260]LogParticles: Destroying 0 GPU particle simulations for FXSystem 0x000000B6ACD17560
[2015.07.24-11.33.05:647][575]BlueprintLog: New page: Pre-PIE auto-recompile
[2015.07.24-11.33.05:663][575]LogPlayLevel: [PIE] Compiling MenuLevel before PIE...
[2015.07.24-11.33.05:784][575]LogPlayLevel: PIE:  Blueprint regeneration took 136 ms (1 blueprints)
[2015.07.24-11.33.05:784][575]PIE: New page: SIE session: MenuLevel (Jul 24, 2015, 3:33:05 PM)
[2015.07.24-11.33.05:784][575]LogPlayLevel: Creating play world package: /Game/Level/UEDPIE_0_MenuLevel
[2015.07.24-11.33.05:787][575]LogPlayLevel: PIE: StaticDuplicateObject took: (0.002079s)
[2015.07.24-11.33.05:787][575]LogAIModule: Creating AISystem for world MenuLevel
[2015.07.24-11.33.05:788][575]LogPlayLevel: PIE: World Init took: (0.001091s)
[2015.07.24-11.33.05:788][575]LogPlayLevel: PIE: Created PIE world by copying editor world from /Game/Level/MenuLevel.MenuLevel to /Game/Level/UEDPIE_0_MenuLevel.MenuLevel (0.003398s)
[2015.07.24-11.33.05:833][575]LogInit: XAudio2 using 'Haut-parleurs (3- Plantronics GameCom 780)' : 8 channels at 44.1 kHz using 16 bits per sample (channel mask 0x63f)
[2015.07.24-11.33.05:840][575]LogInit: FAudioDevice initialized.
[2015.07.24-11.33.05:868][575]LogWorld: Game class is 'GameMode_BP_C'
[2015.07.24-11.33.05:870][575]LogWorld: Bringing World /Game/Level/UEDPIE_0_MenuLevel.MenuLevel up for play (max tick rate 60) at 2015.07.24-13.33.05
[2015.07.24-11.33.05:870][575]LogActor:Warning: GameSession /Game/Level/UEDPIE_0_MenuLevel.MenuLevel:PersistentLevel.GameSession_9 has natively added scene component(s), but none of them were set as the actor's RootComponent - picking one arbitrarily
[2015.07.24-11.33.05:871][575]LogActor:Warning: GameNetworkManager /Game/Level/UEDPIE_0_MenuLevel.MenuLevel:PersistentLevel.GameNetworkManager_9 has natively added scene component(s), but none of them were set as the actor's RootComponent - picking one arbitrarily
[2015.07.24-11.33.05:871][575]LogWorld: Bringing up level for play took: 0.001086
[2015.07.24-11.33.05:871][575]LogGameMode: Warning - PATHS NOT DEFINED or NO PLAYERSTART with positive rating
[2015.07.24-11.33.05:872][575]PIE: Info Play in editor start time for /Game/Level/UEDPIE_0_MenuLevel -0.721
[2015.07.24-11.33.08:219][712]LogParticles: Destroying 0 GPU particle simulations for FXSystem 0x000000B6EF65FE20
[2015.07.24-11.35.13:633][624]BlueprintLog: New page: Pre-PIE auto-recompile
[2015.07.24-11.35.13:650][624]LogPlayLevel: [PIE] Compiling MenuLevel before PIE...
[2015.07.24-11.35.13:815][624]LogPlayLevel: PIE:  Blueprint regeneration took 181 ms (1 blueprints)
[2015.07.24-11.35.13:816][624]PIE: New page: SIE session: MenuLevel (Jul 24, 2015, 3:35:13 PM)
[2015.07.24-11.35.13:816][624]LogPlayLevel: Creating play world package: /Game/Level/UEDPIE_0_MenuLevel
[2015.07.24-11.35.13:819][624]LogPlayLevel: PIE: StaticDuplicateObject took: (0.002950s)
[2015.07.24-11.35.13:820][624]LogAIModule: Creating AISystem for world MenuLevel
[2015.07.24-11.35.13:821][624]LogPlayLevel: PIE: World Init took: (0.001380s)
[2015.07.24-11.35.13:821][624]LogPlayLevel: PIE: Created PIE world by copying editor world from /Game/Level/MenuLevel.MenuLevel to /Game/Level/UEDPIE_0_MenuLevel.MenuLevel (0.004546s)
[2015.07.24-11.35.13:889][624]LogInit: XAudio2 using 'Haut-parleurs (3- Plantronics GameCom 780)' : 8 channels at 44.1 kHz using 16 bits per sample (channel mask 0x63f)
[2015.07.24-11.35.13:898][624]LogInit: FAudioDevice initialized.
[2015.07.24-11.35.13:927][624]LogWorld: Game class is 'GameMode_BP_C'
[2015.07.24-11.35.13:929][624]LogWorld: Bringing World /Game/Level/UEDPIE_0_MenuLevel.MenuLevel up for play (max tick rate 60) at 2015.07.24-13.35.13
[2015.07.24-11.35.13:929][624]LogActor:Warning: GameSession /Game/Level/UEDPIE_0_MenuLevel.MenuLevel:PersistentLevel.GameSession_10 has natively added scene component(s), but none of them were set as the actor's RootComponent - picking one arbitrarily
[2015.07.24-11.35.13:930][624]LogActor:Warning: GameNetworkManager /Game/Level/UEDPIE_0_MenuLevel.MenuLevel:PersistentLevel.GameNetworkManager_10 has natively added scene component(s), but none of them were set as the actor's RootComponent - picking one arbitrarily
[2015.07.24-11.35.13:930][624]LogWorld: Bringing up level for play took: 0.001536
[2015.07.24-11.35.13:931][624]LogGameMode: Warning - PATHS NOT DEFINED or NO PLAYERSTART with positive rating
[2015.07.24-11.35.13:933][624]PIE: Info Play in editor start time for /Game/Level/UEDPIE_0_MenuLevel -0.661
[2015.07.24-11.35.18:550][895]LogParticles: Destroying 0 GPU particle simulations for FXSystem 0x000000B6EF5245E0
[2015.07.24-11.35.19:055][924]BlueprintLog: New page: Pre-PIE auto-recompile
[2015.07.24-11.35.19:068][924]LogPlayLevel: [PIE] Compiling MenuLevel before PIE...
[2015.07.24-11.35.19:188][924]LogPlayLevel: PIE:  Blueprint regeneration took 133 ms (1 blueprints)
[2015.07.24-11.35.19:188][924]PIE: New page: SIE session: MenuLevel (Jul 24, 2015, 3:35:19 PM)
[2015.07.24-11.35.19:189][924]LogPlayLevel: Creating play world package: /Game/Level/UEDPIE_0_MenuLevel
[2015.07.24-11.35.19:191][924]LogPlayLevel: PIE: StaticDuplicateObject took: (0.001983s)
[2015.07.24-11.35.19:191][924]LogAIModule: Creating AISystem for world MenuLevel
[2015.07.24-11.35.19:192][924]LogPlayLevel: PIE: World Init took: (0.001097s)
[2015.07.24-11.35.19:192][924]LogPlayLevel: PIE: Created PIE world by copying editor world from /Game/Level/MenuLevel.MenuLevel to /Game/Level/UEDPIE_0_MenuLevel.MenuLevel (0.003263s)
[2015.07.24-11.35.19:237][924]LogInit: XAudio2 using 'Haut-parleurs (3- Plantronics GameCom 780)' : 8 channels at 44.1 kHz using 16 bits per sample (channel mask 0x63f)
[2015.07.24-11.35.19:242][924]LogInit: FAudioDevice initialized.
[2015.07.24-11.35.19:272][924]LogWorld: Game class is 'GameMode_BP_C'
[2015.07.24-11.35.19:275][924]LogWorld: Bringing World /Game/Level/UEDPIE_0_MenuLevel.MenuLevel up for play (max tick rate 60) at 2015.07.24-13.35.19
[2015.07.24-11.35.19:275][924]LogActor:Warning: GameSession /Game/Level/UEDPIE_0_MenuLevel.MenuLevel:PersistentLevel.GameSession_11 has natively added scene component(s), but none of them were set as the actor's RootComponent - picking one arbitrarily
[2015.07.24-11.35.19:275][924]LogActor:Warning: GameNetworkManager /Game/Level/UEDPIE_0_MenuLevel.MenuLevel:PersistentLevel.GameNetworkManager_11 has natively added scene component(s), but none of them were set as the actor's RootComponent - picking one arbitrarily
[2015.07.24-11.35.19:276][924]LogWorld: Bringing up level for play took: 0.001420
[2015.07.24-11.35.19:276][924]LogGameMode: Warning - PATHS NOT DEFINED or NO PLAYERSTART with positive rating
[2015.07.24-11.35.19:278][924]PIE: Info Play in editor start time for /Game/Level/UEDPIE_0_MenuLevel 0.684
[2015.07.24-11.35.20:796][ 11]LogParticles: Destroying 0 GPU particle simulations for FXSystem 0x000000B6EF65C680
[2015.07.24-11.39.06:834][ 90]BlueprintLog: New page: Pre-PIE auto-recompile
[2015.07.24-11.39.06:849][ 90]LogPlayLevel: [PIE] Compiling MenuLevel before PIE...
[2015.07.24-11.39.06:979][ 90]LogPlayLevel: PIE:  Blueprint regeneration took 145 ms (1 blueprints)
[2015.07.24-11.39.06:980][ 90]PIE: New page: SIE session: MenuLevel (Jul 24, 2015, 3:39:06 PM)
[2015.07.24-11.39.06:980][ 90]LogPlayLevel: Creating play world package: /Game/Level/UEDPIE_0_MenuLevel
[2015.07.24-11.39.06:983][ 90]LogPlayLevel: PIE: StaticDuplicateObject took: (0.002171s)
[2015.07.24-11.39.06:983][ 90]LogAIModule: Creating AISystem for world MenuLevel
[2015.07.24-11.39.06:984][ 90]LogPlayLevel: PIE: World Init took: (0.001209s)
[2015.07.24-11.39.06:984][ 90]LogPlayLevel: PIE: Created PIE world by copying editor world from /Game/Level/MenuLevel.MenuLevel to /Game/Level/UEDPIE_0_MenuLevel.MenuLevel (0.003623s)
[2015.07.24-11.39.07:037][ 90]LogInit: XAudio2 using 'Haut-parleurs (3- Plantronics GameCom 780)' : 8 channels at 44.1 kHz using 16 bits per sample (channel mask 0x63f)
[2015.07.24-11.39.07:043][ 90]LogInit: FAudioDevice initialized.
[2015.07.24-11.39.07:071][ 90]LogWorld: Game class is 'GameMode_BP_C'
[2015.07.24-11.39.07:073][ 90]LogWorld: Bringing World /Game/Level/UEDPIE_0_MenuLevel.MenuLevel up for play (max tick rate 60) at 2015.07.24-13.39.07
[2015.07.24-11.39.07:073][ 90]LogActor:Warning: GameSession /Game/Level/UEDPIE_0_MenuLevel.MenuLevel:PersistentLevel.GameSession_12 has natively added scene component(s), but none of them were set as the actor's RootComponent - picking one arbitrarily
[2015.07.24-11.39.07:074][ 90]LogActor:Warning: GameNetworkManager /Game/Level/UEDPIE_0_MenuLevel.MenuLevel:PersistentLevel.GameNetworkManager_12 has natively added scene component(s), but none of them were set as the actor's RootComponent - picking one arbitrarily
[2015.07.24-11.39.07:074][ 90]LogWorld: Bringing up level for play took: 0.001306
[2015.07.24-11.39.07:075][ 90]LogGameMode: Warning - PATHS NOT DEFINED or NO PLAYERSTART with positive rating
[2015.07.24-11.39.07:076][ 90]PIE: Info Play in editor start time for /Game/Level/UEDPIE_0_MenuLevel 0.483
[2015.07.24-11.39.08:596][177]LogParticles: Destroying 0 GPU particle simulations for FXSystem 0x000000B6EF527EC0
[2015.07.24-11.39.12:486][409]BlueprintLog: New page: Pre-PIE auto-recompile
[2015.07.24-11.39.12:501][409]LogPlayLevel: [PIE] Compiling MenuLevel before PIE...
[2015.07.24-11.39.12:623][409]LogPlayLevel: PIE:  Blueprint regeneration took 136 ms (1 blueprints)
[2015.07.24-11.39.12:623][409]PIE: New page: SIE session: MenuLevel (Jul 24, 2015, 3:39:12 PM)
[2015.07.24-11.39.12:623][409]LogPlayLevel: Creating play world package: /Game/Level/UEDPIE_0_MenuLevel
[2015.07.24-11.39.12:625][409]LogPlayLevel: PIE: StaticDuplicateObject took: (0.002000s)
[2015.07.24-11.39.12:626][409]LogAIModule: Creating AISystem for world MenuLevel
[2015.07.24-11.39.12:627][409]LogPlayLevel: PIE: World Init took: (0.001143s)
[2015.07.24-11.39.12:627][409]LogPlayLevel: PIE: Created PIE world by copying editor world from /Game/Level/MenuLevel.MenuLevel to /Game/Level/UEDPIE_0_MenuLevel.MenuLevel (0.003326s)
[2015.07.24-11.39.12:673][409]LogInit: XAudio2 using 'Speakers (Realtek High Definition Audio)' : 2 channels at 48 kHz using 32 bits per sample (channel mask 0x3)
[2015.07.24-11.39.12:745][409]LogInit: FAudioDevice initialized.
[2015.07.24-11.39.12:776][409]LogWorld: Game class is 'GameMode_BP_C'
[2015.07.24-11.39.12:778][409]LogWorld: Bringing World /Game/Level/UEDPIE_0_MenuLevel.MenuLevel up for play (max tick rate 60) at 2015.07.24-13.39.12
[2015.07.24-11.39.12:778][409]LogActor:Warning: GameSession /Game/Level/UEDPIE_0_MenuLevel.MenuLevel:PersistentLevel.GameSession_13 has natively added scene component(s), but none of them were set as the actor's RootComponent - picking one arbitrarily
[2015.07.24-11.39.12:779][409]LogActor:Warning: GameNetworkManager /Game/Level/UEDPIE_0_MenuLevel.MenuLevel:PersistentLevel.GameNetworkManager_13 has natively added scene component(s), but none of them were set as the actor's RootComponent - picking one arbitrarily
[2015.07.24-11.39.12:779][409]LogWorld: Bringing up level for play took: 0.001148
[2015.07.24-11.39.12:779][409]LogGameMode: Warning - PATHS NOT DEFINED or NO PLAYERSTART with positive rating
[2015.07.24-11.39.12:781][409]PIE: Info Play in editor start time for /Game/Level/UEDPIE_0_MenuLevel 0.187
[2015.07.24-11.39.17:873][614]LogParticles: Destroying 0 GPU particle simulations for FXSystem 0x000000B6ACD163E0
[2015.07.24-11.39.22:464][888]BlueprintLog: New page: Pre-PIE auto-recompile
[2015.07.24-11.39.22:478][888]LogPlayLevel: [PIE] Compiling MenuLevel before PIE...
[2015.07.24-11.39.22:602][888]LogPlayLevel: PIE:  Blueprint regeneration took 138 ms (1 blueprints)
[2015.07.24-11.39.22:602][888]PIE: New page: SIE session: MenuLevel (Jul 24, 2015, 3:39:22 PM)
[2015.07.24-11.39.22:603][888]LogPlayLevel: Creating play world package: /Game/Level/UEDPIE_0_MenuLevel
[2015.07.24-11.39.22:605][888]LogPlayLevel: PIE: StaticDuplicateObject took: (0.002039s)
[2015.07.24-11.39.22:605][888]LogAIModule: Creating AISystem for world MenuLevel
[2015.07.24-11.39.22:606][888]LogPlayLevel: PIE: World Init took: (0.001172s)
[2015.07.24-11.39.22:606][888]LogPlayLevel: PIE: Created PIE world by copying editor world from /Game/Level/MenuLevel.MenuLevel to /Game/Level/UEDPIE_0_MenuLevel.MenuLevel (0.003440s)
[2015.07.24-11.39.22:653][888]LogInit: XAudio2 using 'Speakers (Realtek High Definition Audio)' : 2 channels at 48 kHz using 32 bits per sample (channel mask 0x3)
[2015.07.24-11.39.22:664][888]LogInit: FAudioDevice initialized.
[2015.07.24-11.39.22:694][888]LogWorld: Game class is 'GameMode_BP_C'
[2015.07.24-11.39.22:696][888]LogWorld: Bringing World /Game/Level/UEDPIE_0_MenuLevel.MenuLevel up for play (max tick rate 60) at 2015.07.24-13.39.22
[2015.07.24-11.39.22:696][888]LogActor:Warning: GameSession /Game/Level/UEDPIE_0_MenuLevel.MenuLevel:PersistentLevel.GameSession_14 has natively added scene component(s), but none of them were set as the actor's RootComponent - picking one arbitrarily
[2015.07.24-11.39.22:697][888]LogActor:Warning: GameNetworkManager /Game/Level/UEDPIE_0_MenuLevel.MenuLevel:PersistentLevel.GameNetworkManager_14 has natively added scene component(s), but none of them were set as the actor's RootComponent - picking one arbitrarily
[2015.07.24-11.39.22:697][888]LogWorld: Bringing up level for play took: 0.001178
[2015.07.24-11.39.22:698][888]LogGameMode: Warning - PATHS NOT DEFINED or NO PLAYERSTART with positive rating
[2015.07.24-11.39.22:699][888]PIE: Info Play in editor start time for /Game/Level/UEDPIE_0_MenuLevel 0.105
[2015.07.24-11.39.26:625][118]LogParticles: Destroying 0 GPU particle simulations for FXSystem 0x000000B6EF4C3880
[2015.07.24-11.39.28:431][225]BlueprintLog: New page: Pre-PIE auto-recompile
[2015.07.24-11.39.28:448][225]LogPlayLevel: [PIE] Compiling MenuLevel before PIE...
[2015.07.24-11.39.28:569][225]LogPlayLevel: PIE:  Blueprint regeneration took 138 ms (1 blueprints)
[2015.07.24-11.39.28:569][225]PIE: New page: SIE session: MenuLevel (Jul 24, 2015, 3:39:28 PM)
[2015.07.24-11.39.28:570][225]LogPlayLevel: Creating play world package: /Game/Level/UEDPIE_0_MenuLevel
[2015.07.24-11.39.28:572][225]LogPlayLevel: PIE: StaticDuplicateObject took: (0.002085s)
[2015.07.24-11.39.28:573][225]LogAIModule: Creating AISystem for world MenuLevel
[2015.07.24-11.39.28:574][225]LogPlayLevel: PIE: World Init took: (0.001278s)
[2015.07.24-11.39.28:574][225]LogPlayLevel: PIE: Created PIE world by copying editor world from /Game/Level/MenuLevel.MenuLevel to /Game/Level/UEDPIE_0_MenuLevel.MenuLevel (0.003600s)
[2015.07.24-11.39.28:621][225]LogInit: XAudio2 using 'Speakers (Realtek High Definition Audio)' : 2 channels at 48 kHz using 32 bits per sample (channel mask 0x3)
[2015.07.24-11.39.28:633][225]LogInit: FAudioDevice initialized.
[2015.07.24-11.39.28:658][225]LogWorld: Game class is 'GameMode_BP_C'
[2015.07.24-11.39.28:660][225]LogWorld: Bringing World /Game/Level/UEDPIE_0_MenuLevel.MenuLevel up for play (max tick rate 60) at 2015.07.24-13.39.28
[2015.07.24-11.39.28:660][225]LogActor:Warning: GameSession /Game/Level/UEDPIE_0_MenuLevel.MenuLevel:PersistentLevel.GameSession_15 has natively added scene component(s), but none of them were set as the actor's RootComponent - picking one arbitrarily
[2015.07.24-11.39.28:660][225]LogActor:Warning: GameNetworkManager /Game/Level/UEDPIE_0_MenuLevel.MenuLevel:PersistentLevel.GameNetworkManager_15 has natively added scene component(s), but none of them were set as the actor's RootComponent - picking one arbitrarily
[2015.07.24-11.39.28:661][225]LogWorld: Bringing up level for play took: 0.001145
[2015.07.24-11.39.28:661][225]LogGameMode: Warning - PATHS NOT DEFINED or NO PLAYERSTART with positive rating
[2015.07.24-11.39.28:662][225]PIE: Info Play in editor start time for /Game/Level/UEDPIE_0_MenuLevel 0.069
[2015.07.24-11.39.30:387][323]LogParticles: Destroying 0 GPU particle simulations for FXSystem 0x000000B6EF65D3A0
[2015.07.24-11.39.35:780][417]BlueprintLog: New page: Pre-PIE auto-recompile
[2015.07.24-11.39.35:799][417]LogPlayLevel: [PIE] Compiling MenuLevel before PIE...
[2015.07.24-11.39.35:922][417]LogPlayLevel: PIE:  Blueprint regeneration took 141 ms (1 blueprints)
[2015.07.24-11.39.35:922][417]PIE: New page: SIE session: MenuLevel (Jul 24, 2015, 3:39:35 PM)
[2015.07.24-11.39.35:922][417]LogPlayLevel: Creating play world package: /Game/Level/UEDPIE_0_MenuLevel
[2015.07.24-11.39.35:924][417]LogPlayLevel: PIE: StaticDuplicateObject took: (0.002084s)
[2015.07.24-11.39.35:925][417]LogAIModule: Creating AISystem for world MenuLevel
[2015.07.24-11.39.35:926][417]LogPlayLevel: PIE: World Init took: (0.001161s)
[2015.07.24-11.39.35:926][417]LogPlayLevel: PIE: Created PIE world by copying editor world from /Game/Level/MenuLevel.MenuLevel to /Game/Level/UEDPIE_0_MenuLevel.MenuLevel (0.003461s)
[2015.07.24-11.39.35:974][417]LogInit: XAudio2 using 'Speakers (Realtek High Definition Audio)' : 2 channels at 48 kHz using 32 bits per sample (channel mask 0x3)
[2015.07.24-11.39.35:986][417]LogInit: FAudioDevice initialized.
[2015.07.24-11.39.36:015][417]LogWorld: Game class is 'GameMode_BP_C'
[2015.07.24-11.39.36:017][417]LogWorld: Bringing World /Game/Level/UEDPIE_0_MenuLevel.MenuLevel up for play (max tick rate 60) at 2015.07.24-13.39.36
[2015.07.24-11.39.36:017][417]LogActor:Warning: GameSession /Game/Level/UEDPIE_0_MenuLevel.MenuLevel:PersistentLevel.GameSession_16 has natively added scene component(s), but none of them were set as the actor's RootComponent - picking one arbitrarily
[2015.07.24-11.39.36:018][417]LogActor:Warning: GameNetworkManager /Game/Level/UEDPIE_0_MenuLevel.MenuLevel:PersistentLevel.GameNetworkManager_16 has natively added scene component(s), but none of them were set as the actor's RootComponent - picking one arbitrarily
[2015.07.24-11.39.36:018][417]LogWorld: Bringing up level for play took: 0.001138
[2015.07.24-11.39.36:019][417]LogGameMode: Warning - PATHS NOT DEFINED or NO PLAYERSTART with positive rating
[2015.07.24-11.39.36:020][417]PIE: Info Play in editor start time for /Game/Level/UEDPIE_0_MenuLevel -0.573
[2015.07.24-11.39.37:258][486]LogParticles: Destroying 0 GPU particle simulations for FXSystem 0x000000B6EEBF6CA0
[2015.07.24-11.39.53:084][434]BlueprintLog: New page: Pre-PIE auto-recompile
[2015.07.24-11.39.53:102][434]LogPlayLevel: [PIE] Compiling MenuLevel before PIE...
[2015.07.24-11.39.53:220][434]LogPlayLevel: PIE:  Blueprint regeneration took 136 ms (1 blueprints)
[2015.07.24-11.39.53:221][434]PIE: New page: SIE session: MenuLevel (Jul 24, 2015, 3:39:53 PM)
[2015.07.24-11.39.53:221][434]LogPlayLevel: Creating play world package: /Game/Level/UEDPIE_0_MenuLevel
[2015.07.24-11.39.53:224][434]LogPlayLevel: PIE: StaticDuplicateObject took: (0.002448s)
[2015.07.24-11.39.53:224][434]LogAIModule: Creating AISystem for world MenuLevel
[2015.07.24-11.39.53:225][434]LogPlayLevel: PIE: World Init took: (0.001228s)
[2015.07.24-11.39.53:225][434]LogPlayLevel: PIE: Created PIE world by copying editor world from /Game/Level/MenuLevel.MenuLevel to /Game/Level/UEDPIE_0_MenuLevel.MenuLevel (0.003872s)
[2015.07.24-11.39.53:269][434]LogInit: XAudio2 using 'Speakers (Realtek High Definition Audio)' : 2 channels at 48 kHz using 32 bits per sample (channel mask 0x3)
[2015.07.24-11.39.53:281][434]LogInit: FAudioDevice initialized.
[2015.07.24-11.39.53:307][434]LogWorld: Game class is 'GameMode_BP_C'
[2015.07.24-11.39.53:309][434]LogWorld: Bringing World /Game/Level/UEDPIE_0_MenuLevel.MenuLevel up for play (max tick rate 60) at 2015.07.24-13.39.53
[2015.07.24-11.39.53:309][434]LogActor:Warning: GameSession /Game/Level/UEDPIE_0_MenuLevel.MenuLevel:PersistentLevel.GameSession_17 has natively added scene component(s), but none of them were set as the actor's RootComponent - picking one arbitrarily
[2015.07.24-11.39.53:309][434]LogActor:Warning: GameNetworkManager /Game/Level/UEDPIE_0_MenuLevel.MenuLevel:PersistentLevel.GameNetworkManager_17 has natively added scene component(s), but none of them were set as the actor's RootComponent - picking one arbitrarily
[2015.07.24-11.39.53:310][434]LogWorld: Bringing up level for play took: 0.001063
[2015.07.24-11.39.53:310][434]LogGameMode: Warning - PATHS NOT DEFINED or NO PLAYERSTART with positive rating
[2015.07.24-11.39.53:312][434]PIE: Info Play in editor start time for /Game/Level/UEDPIE_0_MenuLevel 0.718
[2015.07.24-11.39.54:527][502]LogParticles: Destroying 0 GPU particle simulations for FXSystem 0x000000B6ACD17560
[2015.07.24-11.40.00:208][841]BlueprintLog: New page: Pre-PIE auto-recompile
[2015.07.24-11.40.00:226][841]LogPlayLevel: [PIE] Compiling MenuLevel before PIE...
[2015.07.24-11.40.00:371][841]LogPlayLevel: PIE:  Blueprint regeneration took 162 ms (1 blueprints)
[2015.07.24-11.40.00:371][841]PIE: New page: SIE session: MenuLevel (Jul 24, 2015, 3:40:00 PM)
[2015.07.24-11.40.00:372][841]LogPlayLevel: Creating play world package: /Game/Level/UEDPIE_0_MenuLevel
[2015.07.24-11.40.00:374][841]LogPlayLevel: PIE: StaticDuplicateObject took: (0.002040s)
[2015.07.24-11.40.00:374][841]LogAIModule: Creating AISystem for world MenuLevel
[2015.07.24-11.40.00:375][841]LogPlayLevel: PIE: World Init took: (0.001344s)
[2015.07.24-11.40.00:375][841]LogPlayLevel: PIE: Created PIE world by copying editor world from /Game/Level/MenuLevel.MenuLevel to /Game/Level/UEDPIE_0_MenuLevel.MenuLevel (0.003617s)
[2015.07.24-11.40.00:427][841]LogInit: XAudio2 using 'Speakers (Realtek High Definition Audio)' : 2 channels at 48 kHz using 32 bits per sample (channel mask 0x3)
[2015.07.24-11.40.00:438][841]LogInit: FAudioDevice initialized.
[2015.07.24-11.40.00:465][841]LogWorld: Game class is 'GameMode_BP_C'
[2015.07.24-11.40.00:468][841]LogWorld: Bringing World /Game/Level/UEDPIE_0_MenuLevel.MenuLevel up for play (max tick rate 60) at 2015.07.24-13.40.00
[2015.07.24-11.40.00:468][841]LogActor:Warning: GameSession /Game/Level/UEDPIE_0_MenuLevel.MenuLevel:PersistentLevel.GameSession_18 has natively added scene component(s), but none of them were set as the actor's RootComponent - picking one arbitrarily
[2015.07.24-11.40.00:469][841]LogActor:Warning: GameNetworkManager /Game/Level/UEDPIE_0_MenuLevel.MenuLevel:PersistentLevel.GameNetworkManager_18 has natively added scene component(s), but none of them were set as the actor's RootComponent - picking one arbitrarily
[2015.07.24-11.40.00:469][841]LogWorld: Bringing up level for play took: 0.001736
[2015.07.24-11.40.00:470][841]LogGameMode: Warning - PATHS NOT DEFINED or NO PLAYERSTART with positive rating
[2015.07.24-11.40.00:471][841]PIE: Info Play in editor start time for /Game/Level/UEDPIE_0_MenuLevel -0.122
[2015.07.24-11.40.01:591][902]LogParticles: Destroying 0 GPU particle simulations for FXSystem 0x000000B6ACD16FC0
[2015.07.24-11.40.21:333][401]BlueprintLog: New page: Pre-PIE auto-recompile
[2015.07.24-11.40.21:347][401]LogPlayLevel: [PIE] Compiling MenuLevel before PIE...
[2015.07.24-11.40.21:468][401]LogPlayLevel: PIE:  Blueprint regeneration took 134 ms (1 blueprints)
[2015.07.24-11.40.21:468][401]PIE: New page: SIE session: MenuLevel (Jul 24, 2015, 3:40:21 PM)
[2015.07.24-11.40.21:469][401]LogPlayLevel: Creating play world package: /Game/Level/UEDPIE_0_MenuLevel
[2015.07.24-11.40.21:471][401]LogPlayLevel: PIE: StaticDuplicateObject took: (0.002392s)
[2015.07.24-11.40.21:472][401]LogAIModule: Creating AISystem for world MenuLevel
[2015.07.24-11.40.21:472][401]LogPlayLevel: PIE: World Init took: (0.001438s)
[2015.07.24-11.40.21:473][401]LogPlayLevel: PIE: Created PIE world by copying editor world from /Game/Level/MenuLevel.MenuLevel to /Game/Level/UEDPIE_0_MenuLevel.MenuLevel (0.004095s)
[2015.07.24-11.40.21:516][401]LogInit: XAudio2 using 'Speakers (Realtek High Definition Audio)' : 2 channels at 48 kHz using 32 bits per sample (channel mask 0x3)
[2015.07.24-11.40.21:528][401]LogInit: FAudioDevice initialized.
[2015.07.24-11.40.21:561][401]LogWorld: Game class is 'GameMode_BP_C'
[2015.07.24-11.40.21:563][401]LogWorld: Bringing World /Game/Level/UEDPIE_0_MenuLevel.MenuLevel up for play (max tick rate 60) at 2015.07.24-13.40.21
[2015.07.24-11.40.21:563][401]LogActor:Warning: GameSession /Game/Level/UEDPIE_0_MenuLevel.MenuLevel:PersistentLevel.GameSession_19 has natively added scene component(s), but none of them were set as the actor's RootComponent - picking one arbitrarily
[2015.07.24-11.40.21:563][401]LogActor:Warning: GameNetworkManager /Game/Level/UEDPIE_0_MenuLevel.MenuLevel:PersistentLevel.GameNetworkManager_19 has natively added scene component(s), but none of them were set as the actor's RootComponent - picking one arbitrarily
[2015.07.24-11.40.21:564][401]LogWorld: Bringing up level for play took: 0.001109
[2015.07.24-11.40.21:564][401]LogGameMode: Warning - PATHS NOT DEFINED or NO PLAYERSTART with positive rating
[2015.07.24-11.40.21:565][401]PIE: Info Play in editor start time for /Game/Level/UEDPIE_0_MenuLevel 0.971
[2015.07.24-11.40.22:968][480]LogParticles: Destroying 0 GPU particle simulations for FXSystem 0x000000B6D008B420
[2015.07.24-11.40.26:358][568]BlueprintLog: New page: Pre-PIE auto-recompile
[2015.07.24-11.40.26:374][568]LogPlayLevel: [PIE] Compiling MenuLevel before PIE...
[2015.07.24-11.40.26:489][568]LogPlayLevel: PIE:  Blueprint regeneration took 131 ms (1 blueprints)
[2015.07.24-11.40.26:489][568]PIE: New page: SIE session: MenuLevel (Jul 24, 2015, 3:40:26 PM)
[2015.07.24-11.40.26:490][568]LogPlayLevel: Creating play world package: /Game/Level/UEDPIE_0_MenuLevel
[2015.07.24-11.40.26:492][568]LogPlayLevel: PIE: StaticDuplicateObject took: (0.002004s)
[2015.07.24-11.40.26:493][568]LogAIModule: Creating AISystem for world MenuLevel
[2015.07.24-11.40.26:493][568]LogPlayLevel: PIE: World Init took: (0.001049s)
[2015.07.24-11.40.26:493][568]LogPlayLevel: PIE: Created PIE world by copying editor world from /Game/Level/MenuLevel.MenuLevel to /Game/Level/UEDPIE_0_MenuLevel.MenuLevel (0.003236s)
[2015.07.24-11.40.26:537][568]LogInit: XAudio2 using 'Speakers (Realtek High Definition Audio)' : 2 channels at 48 kHz using 32 bits per sample (channel mask 0x3)
[2015.07.24-11.40.26:548][568]LogInit: FAudioDevice initialized.
[2015.07.24-11.40.26:579][568]LogWorld: Game class is 'GameMode_BP_C'
[2015.07.24-11.40.26:581][568]LogWorld: Bringing World /Game/Level/UEDPIE_0_MenuLevel.MenuLevel up for play (max tick rate 60) at 2015.07.24-13.40.26
[2015.07.24-11.40.26:581][568]LogActor:Warning: GameSession /Game/Level/UEDPIE_0_MenuLevel.MenuLevel:PersistentLevel.GameSession_20 has natively added scene component(s), but none of them were set as the actor's RootComponent - picking one arbitrarily
[2015.07.24-11.40.26:581][568]LogActor:Warning: GameNetworkManager /Game/Level/UEDPIE_0_MenuLevel.MenuLevel:PersistentLevel.GameNetworkManager_20 has natively added scene component(s), but none of them were set as the actor's RootComponent - picking one arbitrarily
[2015.07.24-11.40.26:582][568]LogWorld: Bringing up level for play took: 0.001074
[2015.07.24-11.40.26:582][568]LogGameMode: Warning - PATHS NOT DEFINED or NO PLAYERSTART with positive rating
[2015.07.24-11.40.26:583][568]PIE: Info Play in editor start time for /Game/Level/UEDPIE_0_MenuLevel -0.011
[2015.07.24-11.40.27:433][614]LogParticles: Destroying 0 GPU particle simulations for FXSystem 0x000000B6E42C1D00
[2015.07.24-11.40.43:230][820]Cmd: QUIT_EDITOR
[2015.07.24-11.40.44:337][820]LogWindowsTextInputMethodSystem:Display: IME system now deactivated.
[2015.07.24-11.40.44:482][820]LogExit: Preparing to exit.
[2015.07.24-11.40.45:436][820]LogExit: Editor shut down
[2015.07.24-11.40.45:437][820]LogExit: Transaction tracking system shut down
[2015.07.24-11.40.45:438][820]LogParticles: Destroying 0 GPU particle simulations for FXSystem 0x000000B6C5BC8860
[2015.07.24-11.40.45:438][820]LogParticles: Destroying 0 GPU particle simulations for FXSystem 0x000000B6C5C49940
[2015.07.24-11.40.45:439][820]LogParticles: Destroying 0 GPU particle simulations for FXSystem 0x000000B6A997F880
[2015.07.24-11.40.45:439][820]LogParticles: Destroying 0 GPU particle simulations for FXSystem 0x000000B6BDDD39C0
[2015.07.24-11.40.45:441][820]LogParticles: Destroying 0 GPU particle simulations for FXSystem 0x000000B6AAC06660
[2015.07.24-11.40.45:642][820]LogParticles: Destroying 0 GPU particle simulations for FXSystem 0x000000B6C5BCAF20
[2015.07.24-11.40.45:642][820]LogExit: Object subsystem successfully closed.
[2015.07.24-11.40.45:657][820]LogD3D11RHI: Shutdown
[2015.07.24-11.40.45:657][820]LogD3D11RHI: CleanupD3DDevice
[2015.07.24-11.40.45:718][820]LogD3D11RHI: ~FD3D11DynamicRHI
[2015.07.24-11.40.45:739][820]LogModuleManager: Shutting down and abandoning module ExternalImagePicker (189)
[2015.07.24-11.40.45:739][820]LogModuleManager: Shutting down and abandoning module CrashTracker (188)
[2015.07.24-11.40.45:739][820]LogModuleManager: Shutting down and abandoning module SceneOutliner (187)
[2015.07.24-11.40.45:739][820]LogModuleManager: Shutting down and abandoning module SuperSearch (186)
[2015.07.24-11.40.45:739][820]LogModuleManager: Shutting down and abandoning module WidgetCarousel (185)
[2015.07.24-11.40.45:739][820]LogModuleManager: Shutting down and abandoning module AddContentDialog (184)
[2015.07.24-11.40.45:740][820]LogModuleManager: Shutting down and abandoning module EditorWidgets (183)
[2015.07.24-11.40.45:740][820]LogModuleManager: Shutting down and abandoning module CollectionManager (182)
[2015.07.24-11.40.45:740][820]LogModuleManager: Shutting down and abandoning module StatsViewer (181)
[2015.07.24-11.40.45:740][820]LogModuleManager: Shutting down and abandoning module FoliageEdit (180)
[2015.07.24-11.40.45:740][820]LogModuleManager: Shutting down and abandoning module LandscapeEditor (179)
[2015.07.24-11.40.45:740][820]LogModuleManager: Shutting down and abandoning module ActorPickerMode (178)
[2015.07.24-11.40.45:740][820]LogModuleManager: Shutting down and abandoning module GeometryMode (177)
[2015.07.24-11.40.45:740][820]LogModuleManager: Shutting down and abandoning module TextureAlignMode (176)
[2015.07.24-11.40.45:740][820]LogModuleManager: Shutting down and abandoning module BspMode (175)
[2015.07.24-11.40.45:740][820]LogModuleManager: Shutting down and abandoning module PlacementMode (174)
[2015.07.24-11.40.45:740][820]LogModuleManager: Shutting down and abandoning module AutomationWorker (173)
[2015.07.24-11.40.45:740][820]LogModuleManager: Shutting down and abandoning module CharacterAI (172)
[2015.07.24-11.40.45:740][820]LogModuleManager: Shutting down and abandoning module SmartSnapping (171)
[2015.07.24-11.40.45:740][820]LogModuleManager: Shutting down and abandoning module ViewportSnapping (170)
[2015.07.24-11.40.45:740][820]LogModuleManager: Shutting down and abandoning module LogVisualizer (169)
[2015.07.24-11.40.45:740][820]LogModuleManager: Shutting down and abandoning module GameProjectGeneration (168)
[2015.07.24-11.40.45:740][820]LogModuleManager: Shutting down and abandoning module IntroTutorials (167)
[2015.07.24-11.40.45:740][820]LogModuleManager: Shutting down and abandoning module EditorLiveStreaming (166)
[2015.07.24-11.40.45:740][820]LogModuleManager: Shutting down and abandoning module IOSPlatformEditor (165)
[2015.07.24-11.40.45:740][820]LogModuleManager: Shutting down and abandoning module HTML5PlatformEditor (164)
[2015.07.24-11.40.45:740][820]LogModuleManager: Shutting down and abandoning module AndroidDeviceDetection (163)
[2015.07.24-11.40.46:431][820]LogModuleManager: Shutting down and abandoning module AndroidPlatformEditor (162)
[2015.07.24-11.40.46:431][820]LogModuleManager: Shutting down and abandoning module IOSRuntimeSettings (161)
[2015.07.24-11.40.46:431][820]LogModuleManager: Shutting down and abandoning module AndroidRuntimeSettings (160)
[2015.07.24-11.40.46:431][820]LogModuleManager: Shutting down and abandoning module MergeActors (159)
[2015.07.24-11.40.46:431][820]LogModuleManager: Shutting down and abandoning module SizeMap (158)
[2015.07.24-11.40.46:431][820]LogModuleManager: Shutting down and abandoning module TreeMap (157)
[2015.07.24-11.40.46:431][820]LogModuleManager: Shutting down and abandoning module ReferenceViewer (156)
[2015.07.24-11.40.46:431][820]LogModuleManager: Shutting down and abandoning module LocalizationDashboard (155)
[2015.07.24-11.40.46:431][820]LogModuleManager: Shutting down and abandoning module HardwareTargeting (154)
[2015.07.24-11.40.46:431][820]LogModuleManager: Shutting down and abandoning module DeviceProfileEditor (153)
[2015.07.24-11.40.46:431][820]LogModuleManager: Shutting down and abandoning module UndoHistory (152)
[2015.07.24-11.40.46:431][820]LogModuleManager: Shutting down and abandoning module GameplayTagsEditor (151)
[2015.07.24-11.40.46:431][820]LogModuleManager: Shutting down and abandoning module UserFeedback (150)
[2015.07.24-11.40.46:431][820]LogModuleManager: Shutting down and abandoning module XmlParser (149)
[2015.07.24-11.40.46:431][820]LogModuleManager: Shutting down and abandoning module Blutility (148)
[2015.07.24-11.40.46:431][820]LogModuleManager: Shutting down and abandoning module ProjectTargetPlatformEditor (147)
[2015.07.24-11.40.46:431][820]LogModuleManager: Shutting down and abandoning module ProjectSettingsViewer (146)
[2015.07.24-11.40.46:431][820]LogModuleManager: Shutting down and abandoning module InputBindingEditor (145)
[2015.07.24-11.40.46:431][820]LogModuleManager: Shutting down and abandoning module EditorSettingsViewer (144)
[2015.07.24-11.40.46:431][820]LogModuleManager: Shutting down and abandoning module SettingsEditor (143)
[2015.07.24-11.40.46:431][820]LogModuleManager: Shutting down and abandoning module ProjectLauncher (142)
[2015.07.24-11.40.46:431][820]LogModuleManager: Shutting down and abandoning module SessionFrontend (141)
[2015.07.24-11.40.46:431][820]LogModuleManager: Shutting down and abandoning module ProfilerClient (140)
[2015.07.24-11.40.46:431][820]LogModuleManager: Shutting down and abandoning module TargetDeviceServices (139)
[2015.07.24-11.40.46:431][820]LogModuleManager: Shutting down and abandoning module DeviceManager (138)
[2015.07.24-11.40.46:432][820]LogModuleManager: Shutting down and abandoning module AutomationController (137)
[2015.07.24-11.40.46:432][820]LogModuleManager: Shutting down and abandoning module AutomationWindow (136)
[2015.07.24-11.40.46:432][820]LogModuleManager: Shutting down and abandoning module Layers (135)
[2015.07.24-11.40.46:432][820]LogModuleManager: Shutting down and abandoning module ComponentVisualizers (134)
[2015.07.24-11.40.46:432][820]LogModuleManager: Shutting down and abandoning module DetailCustomizations (133)
[2015.07.24-11.40.46:432][820]LogModuleManager: Shutting down and abandoning module PackagesDialog (132)
[2015.07.24-11.40.46:432][820]LogModuleManager: Shutting down and abandoning module AssetRegistry (131)
[2015.07.24-11.40.46:559][820]LogModuleManager: Shutting down and abandoning module Persona (130)
[2015.07.24-11.40.46:560][820]LogModuleManager: Shutting down and abandoning module Kismet (129)
[2015.07.24-11.40.46:560][820]LogModuleManager: Shutting down and abandoning module GraphEditor (128)
[2015.07.24-11.40.46:560][820]LogModuleManager: Shutting down and abandoning module ClassViewer (127)
[2015.07.24-11.40.46:561][820]LogModuleManager: Shutting down and abandoning module Toolbox (126)
[2015.07.24-11.40.46:561][820]LogModuleManager: Shutting down and abandoning module ModuleUI (125)
[2015.07.24-11.40.46:561][820]LogModuleManager: Shutting down and abandoning module MovieSceneTools (124)
[2015.07.24-11.40.46:561][820]LogModuleManager: Shutting down and abandoning module OutputLog (123)
[2015.07.24-11.40.46:561][820]LogModuleManager: Shutting down and abandoning module GammaUI (122)
[2015.07.24-11.40.46:561][820]LogModuleManager: Shutting down and abandoning module Documentation (121)
[2015.07.24-11.40.46:561][820]LogModuleManager: Shutting down and abandoning module GameLiveStreaming (120)
[2015.07.24-11.40.46:561][820]LogModuleManager: Shutting down and abandoning module StreamingPauseRendering (119)
[2015.07.24-11.40.46:561][820]LogModuleManager: Shutting down and abandoning module AnalyticsET (118)
[2015.07.24-11.40.46:561][820]LogModuleManager: Shutting down and abandoning module Analytics (117)
[2015.07.24-11.40.46:561][820]LogModuleManager: Shutting down and abandoning module AITestSuite (116)
[2015.07.24-11.40.46:561][820]LogModuleManager: Shutting down and abandoning module GameplayDebugger (115)
[2015.07.24-11.40.46:561][820]LogModuleManager: Shutting down and abandoning module AIModule (114)
[2015.07.24-11.40.46:561][820]LogModuleManager: Shutting down and abandoning module ProfilerService (113)
[2015.07.24-11.40.46:638][820]LogModuleManager: Shutting down and abandoning module TaskGraph (112)
[2015.07.24-11.40.46:638][820]LogModuleManager: Shutting down and abandoning module SlateRemote (111)
[2015.07.24-11.40.46:638][820]LogModuleManager: Shutting down and abandoning module SteamVRController (110)
[2015.07.24-11.40.46:638][820]LogModuleManager: Shutting down and abandoning module SteamVR (109)
[2015.07.24-11.40.46:638][820]LogModuleManager: Shutting down and abandoning module ProceduralMeshComponent (108)
[2015.07.24-11.40.46:638][820]LogModuleManager: Shutting down and abandoning module OculusRift (107)
[2015.07.24-11.40.46:638][820]LogModuleManager: Shutting down and abandoning module LeapMotionController (106)
[2015.07.24-11.40.46:648][820]LogModuleManager: Shutting down and abandoning module CustomMeshComponent (105)
[2015.07.24-11.40.46:648][820]LogModuleManager: Shutting down and abandoning module CableComponent (104)
[2015.07.24-11.40.46:648][820]LogModuleManager: Shutting down and abandoning module MessagingDebugger (103)
[2015.07.24-11.40.46:648][820]LogModuleManager: Shutting down and abandoning module MediaPlayerEditor (102)
[2015.07.24-11.40.46:648][820]LogModuleManager: Shutting down and abandoning module SpeedTreeImporter (101)
[2015.07.24-11.40.46:648][820]LogModuleManager: Shutting down and abandoning module PluginBrowser (100)
[2015.07.24-11.40.46:648][820]LogModuleManager: Shutting down and abandoning module EpicSurvey (99)
[2015.07.24-11.40.46:648][820]LogModuleManager: Shutting down and abandoning module DesktopPlatform (98)
[2015.07.24-11.40.46:648][820]LogModuleManager: Shutting down and abandoning module VisualStudioSourceCodeAccess (97)
[2015.07.24-11.40.46:648][820]LogModuleManager: Shutting down and abandoning module UObjectPlugin (96)
[2015.07.24-11.40.46:648][820]LogModuleManager: Shutting down and abandoning module SubversionSourceControl (95)
[2015.07.24-11.40.46:648][820]LogModuleManager: Shutting down and abandoning module PerforceSourceControl (94)
[2015.07.24-11.40.46:648][820]LogModuleManager: Shutting down and abandoning module SourceControl (93)
[2015.07.24-11.40.46:648][820]LogModuleManager: Shutting down and abandoning module GitSourceControl (92)
[2015.07.24-11.40.46:648][820]LogModuleManager: Shutting down and abandoning module BlankPlugin (91)
[2015.07.24-11.40.46:648][820]LogModuleManager: Shutting down and abandoning module PaperTiledImporter (90)
[2015.07.24-11.40.46:648][820]LogModuleManager: Shutting down and abandoning module PaperSpriteSheetImporter (89)
[2015.07.24-11.40.46:648][820]LogModuleManager: Shutting down and abandoning module MeshPaint (88)
[2015.07.24-11.40.46:648][820]LogModuleManager: Shutting down and abandoning module SlateReflector (87)
[2015.07.24-11.40.46:648][820]LogModuleManager: Shutting down and abandoning module DirectoryWatcher (86)
[2015.07.24-11.40.46:649][820]LogModuleManager: Shutting down and abandoning module HotReload (85)
[2015.07.24-11.40.46:649][820]LogModuleManager: Shutting down and abandoning module MainFrame (84)
[2015.07.24-11.40.46:649][820]LogModuleManager: Shutting down and abandoning module LevelEditor (83)
[2015.07.24-11.40.46:650][820]LogModuleManager: Shutting down and abandoning module ContentBrowser (82)
[2015.07.24-11.40.46:651][820]LogModuleManager: Shutting down and abandoning module Paper2DEditor (81)
[2015.07.24-11.40.46:651][820]LogModuleManager: Shutting down and abandoning module UdpMessaging (80)
[2015.07.24-11.40.46:752][820]LogModuleManager: Shutting down and abandoning module Paper2D (79)
[2015.07.24-11.40.46:752][820]LogModuleManager: Shutting down and abandoning module WindowsMoviePlayer (78)
[2015.07.24-11.40.46:754][820]LogModuleManager: Shutting down and abandoning module Media (77)
[2015.07.24-11.40.46:754][820]LogModuleManager: Shutting down and abandoning module WmfMedia (76)
[2015.07.24-11.40.46:754][820]LogModuleManager: Shutting down and abandoning module OnlineBlueprintSupport (75)
[2015.07.24-11.40.46:754][820]LogModuleManager: Shutting down and abandoning module PropertyEditor (74)
[2015.07.24-11.40.46:754][820]LogModuleManager: Shutting down and abandoning module BehaviorTreeEditor (73)
[2015.07.24-11.40.46:754][820]LogModuleManager: Shutting down and abandoning module FunctionalTesting (72)
[2015.07.24-11.40.46:755][820]LogModuleManager: Shutting down and abandoning module CollisionAnalyzer (71)
[2015.07.24-11.40.46:755][820]LogModuleManager: Shutting down and abandoning module WorkspaceMenuStructure (70)
[2015.07.24-11.40.46:755][820]LogModuleManager: Shutting down and abandoning module MessageLog (69)
[2015.07.24-11.40.46:755][820]LogModuleManager: Shutting down and abandoning module Sequencer (68)
[2015.07.24-11.40.46:755][820]LogModuleManager: Shutting down and abandoning module AssetTools (67)
[2015.07.24-11.40.46:755][820]LogModuleManager: Shutting down and abandoning module UMGEditor (66)
[2015.07.24-11.40.46:755][820]LogModuleManager: Shutting down and abandoning module UMG (65)
[2015.07.24-11.40.46:755][820]LogModuleManager: Shutting down and abandoning module Slate (64)
[2015.07.24-11.40.46:755][820]LogModuleManager: Shutting down and abandoning module EditorStyle (63)
[2015.07.24-11.40.46:757][820]LogModuleManager: Shutting down and abandoning module SessionServices (62)
[2015.07.24-11.40.46:757][820]LogModuleManager: Shutting down and abandoning module SourceCodeAccess (61)
[2015.07.24-11.40.46:757][820]LogModuleManager: Shutting down and abandoning module HeadMountedDisplay (60)
[2015.07.24-11.40.46:757][820]LogModuleManager: Shutting down and abandoning module XAudio2 (59)
[2015.07.24-11.40.46:757][820]LogModuleManager: Shutting down and abandoning module Networking (57)
[2015.07.24-11.40.46:757][820]LogModuleManager: Shutting down and abandoning module Core (56)
[2015.07.24-11.40.46:757][820]LogModuleManager: Shutting down and abandoning module KismetCompiler (55)
[2015.07.24-11.40.46:757][820]LogModuleManager: Shutting down and abandoning module PhysXFormats (54)
[2015.07.24-11.40.46:757][820]LogModuleManager: Shutting down and abandoning module MeshUtilities (53)
[2015.07.24-11.40.46:757][820]LogModuleManager: Shutting down and abandoning module DerivedDataCache (52)
[2015.07.24-11.40.46:768][820]LogDerivedDataCache: Shutdown
[2015.07.24-11.40.46:768][820]LogModuleManager: Shutting down and abandoning module ShaderFormatOpenGL (51)
[2015.07.24-11.40.46:768][820]LogModuleManager: Shutting down and abandoning module ShaderFormatD3D (50)
[2015.07.24-11.40.46:768][820]LogModuleManager: Shutting down and abandoning module MetalShaderFormat (49)
[2015.07.24-11.40.46:768][820]LogModuleManager: Shutting down and abandoning module TextureFormatUncompressed (48)
[2015.07.24-11.40.46:768][820]LogModuleManager: Shutting down and abandoning module TextureFormatPVR (47)
[2015.07.24-11.40.46:768][820]LogModuleManager: Shutting down and abandoning module TextureFormatIntelISPCTexComp (46)
[2015.07.24-11.40.46:768][820]LogModuleManager: Shutting down and abandoning module TextureFormatDXT (45)
[2015.07.24-11.40.46:768][820]LogModuleManager: Shutting down and abandoning module ImageWrapper (44)
[2015.07.24-11.40.46:768][820]LogModuleManager: Shutting down and abandoning module TextureFormatASTC (43)
[2015.07.24-11.40.46:768][820]LogModuleManager: Shutting down and abandoning module TextureFormatAndroid (42)
[2015.07.24-11.40.46:768][820]LogModuleManager: Shutting down and abandoning module AudioFormatOpus (41)
[2015.07.24-11.40.46:768][820]LogModuleManager: Shutting down and abandoning module AudioFormatOgg (40)
[2015.07.24-11.40.46:768][820]LogModuleManager: Shutting down and abandoning module AudioFormatADPCM (39)
[2015.07.24-11.40.46:768][820]LogModuleManager: Shutting down and abandoning module LinuxTargetPlatform (38)
[2015.07.24-11.40.46:768][820]LogModuleManager: Shutting down and abandoning module LinuxServerTargetPlatform (37)
[2015.07.24-11.40.46:768][820]LogModuleManager: Shutting down and abandoning module LinuxNoEditorTargetPlatform (36)
[2015.07.24-11.40.46:768][820]LogModuleManager: Shutting down and abandoning module Messaging (35)
[2015.07.24-11.40.46:768][820]LogModuleManager: Shutting down and abandoning module IOSTargetPlatform (34)
[2015.07.24-11.40.46:768][820]LogModuleManager: Shutting down and abandoning module HTML5TargetPlatform (33)
[2015.07.24-11.40.46:768][820]LogModuleManager: Shutting down and abandoning module Android_PVRTCTargetPlatform (32)
[2015.07.24-11.40.46:768][820]LogModuleManager: Shutting down and abandoning module Android_ETC2TargetPlatform (31)
[2015.07.24-11.40.46:768][820]LogModuleManager: Shutting down and abandoning module Android_ETC1TargetPlatform (30)
[2015.07.24-11.40.46:768][820]LogModuleManager: Shutting down and abandoning module Android_DXTTargetPlatform (29)
[2015.07.24-11.40.46:768][820]LogModuleManager: Shutting down and abandoning module Android_ATCTargetPlatform (28)
[2015.07.24-11.40.46:768][820]LogModuleManager: Shutting down and abandoning module Android_ASTCTargetPlatform (27)
[2015.07.24-11.40.46:768][820]LogModuleManager: Shutting down and abandoning module AndroidTargetPlatform (26)
[2015.07.24-11.40.46:768][820]LogModuleManager: Shutting down and abandoning module WindowsTargetPlatform (25)
[2015.07.24-11.40.46:768][820]LogModuleManager: Shutting down and abandoning module WindowsServerTargetPlatform (24)
[2015.07.24-11.40.46:768][820]LogModuleManager: Shutting down and abandoning module WindowsNoEditorTargetPlatform (23)
[2015.07.24-11.40.46:768][820]LogModuleManager: Shutting down and abandoning module WindowsClientTargetPlatform (22)
[2015.07.24-11.40.46:768][820]LogModuleManager: Shutting down and abandoning module DesktopTargetPlatform (21)
[2015.07.24-11.40.46:768][820]LogModuleManager: Shutting down and abandoning module TargetPlatform (20)
[2015.07.24-11.40.46:768][820]LogModuleManager: Shutting down and abandoning module InputCore (19)
[2015.07.24-11.40.46:768][820]LogModuleManager: Shutting down and abandoning module Settings (18)
[2015.07.24-11.40.46:768][820]LogModuleManager: Shutting down and abandoning module OnlineSubsystem (16)
[2015.07.24-11.40.46:768][820]LogModuleManager: Shutting down and abandoning module HTTP (15)
[2015.07.24-11.40.46:769][820]LogModuleManager: Shutting down and abandoning module ExampleDeviceProfileSelector (14)
[2015.07.24-11.40.46:769][820]LogModuleManager: Shutting down and abandoning module TextureCompressor (13)
[2015.07.24-11.40.46:769][820]LogModuleManager: Shutting down and abandoning module ShaderCore (12)
[2015.07.24-11.40.46:769][820]LogModuleManager: Shutting down and abandoning module Landscape (11)
[2015.07.24-11.40.46:769][820]LogModuleManager: Shutting down and abandoning module SlateRHIRenderer (10)
[2015.07.24-11.40.46:771][820]LogModuleManager: Shutting down and abandoning module OpenGLDrv (9)
[2015.07.24-11.40.46:771][820]LogModuleManager: Shutting down and abandoning module D3D11RHI (8)
[2015.07.24-11.40.46:771][820]LogModuleManager: Shutting down and abandoning module Renderer (7)
[2015.07.24-11.40.46:771][820]LogModuleManager: Shutting down and abandoning module Engine (6)
[2015.07.24-11.40.46:771][820]LogModuleManager: Shutting down and abandoning module CoreUObject (5)
[2015.07.24-11.40.46:771][820]LogModuleManager: Shutting down and abandoning module NetworkFile (4)
[2015.07.24-11.40.46:771][820]LogModuleManager: Shutting down and abandoning module StreamingFile (3)
[2015.07.24-11.40.46:771][820]LogModuleManager: Shutting down and abandoning module SandboxFile (2)
[2015.07.24-11.40.46:771][820]LogModuleManager: Shutting down and abandoning module PakFile (1)
[2015.07.24-11.40.46:771][820]LogExit: Exiting.
[2015.07.24-11.40.46:773][820]Log file closed, 07/24/15 13:40:46
