[2015.07.22-13.13.27:663][  0]Log file open, 07/22/15 15:13:27
[2015.07.22-13.13.27:663][  0]LogInit:Display: Running engine for game: ProjectTron
[2015.07.22-13.13.27:663][  0]LogInit:Display: RandInit(-1606876845) SRandInit(-1606876844).
[2015.07.22-13.13.27:663][  0]LogTaskGraph: Started task graph with 4 named threads and 7 total threads.
[2015.07.22-13.13.27:663][  0]LogStats: Stats thread started
[2015.07.22-13.13.27:663][  0]LogInit: Version: 4.8.2-2614606+++depot+UE4-Releases+4.8
[2015.07.22-13.13.27:663][  0]LogInit: API Version: 2579680
[2015.07.22-13.13.27:663][  0]LogInit: Compiled (64-bit): Jul  8 2015 23:43:41
[2015.07.22-13.13.27:663][  0]LogInit: Compiled with Visual C++: 18.00.21005.01
[2015.07.22-13.13.27:663][  0]LogInit: Build Configuration: Development
[2015.07.22-13.13.27:663][  0]LogInit: Branch Name: ++depot+UE4-Releases+4.8
[2015.07.22-13.13.27:663][  0]LogInit: Command line:  
[2015.07.22-13.13.27:663][  0]LogInit: Base directory: D:/UnrealEngine/4.8/Engine/Binaries/Win64/
[2015.07.22-13.13.27:663][  0]LogInit: Rocket: 1
[2015.07.22-13.13.27:674][  0]LogInit: Using libcurl 7.41.0
[2015.07.22-13.13.27:674][  0]LogInit:  - built for x86_64-pc-win32
[2015.07.22-13.13.27:674][  0]LogInit:  - supports SSL with WinSSL
[2015.07.22-13.13.27:674][  0]LogInit:  - other features:
[2015.07.22-13.13.27:674][  0]LogInit:      CURL_VERSION_SSL
[2015.07.22-13.13.27:674][  0]LogInit:      CURL_VERSION_IPV6
[2015.07.22-13.13.27:674][  0]LogInit:      CURL_VERSION_ASYNCHDNS
[2015.07.22-13.13.27:674][  0]LogInit:      CURL_VERSION_LARGEFILE
[2015.07.22-13.13.27:674][  0]LogInit:      CURL_VERSION_IDN
[2015.07.22-13.13.27:674][  0]LogInit:  CurlRequestOptions (configurable via config and command line):
[2015.07.22-13.13.27:674][  0]LogInit:  - bVerifyPeer = true  - Libcurl will verify peer certificate
[2015.07.22-13.13.27:674][  0]LogInit:  - bUseHttpProxy = false  - Libcurl will NOT use HTTP proxy
[2015.07.22-13.13.27:674][  0]LogInit:  - bDontReuseConnections = false  - Libcurl will reuse connections
[2015.07.22-13.13.27:674][  0]LogInit:  - CertBundlePath = nullptr  - Libcurl will use whatever was configured at build time.
[2015.07.22-13.13.27:682][  0]LogOnline:Warning: No default platform service specified for OnlineSubsystem
[2015.07.22-13.13.27:691][  0]LogInit: Presizing for 0 objects not considered by GC, pre-allocating 0 bytes.
[2015.07.22-13.13.27:697][  0]LogInit: Object subsystem initialized
[2015.07.22-13.13.27:698][  0]LogConsoleResponse:Warning: Skipping Unknown console variable: 'TranslucentSortAxis = (X=0.000000,Y=-1.000000,Z=0.000000)'
[2015.07.22-13.13.27:698][  0]LogConsoleResponse:Warning:   Found in ini file 'D:/UnrealEngineProject/ProjectTron/Saved/Config/Windows/Engine.ini', in section '[/Script/Engine.RendererSettings]'
[2015.07.22-13.13.27:698][  0]LogConsoleResponse:Warning: Skipping Unknown console variable: 'UIScaleRule = ShortestSide'
[2015.07.22-13.13.27:698][  0]LogConsoleResponse:Warning:   Found in ini file 'D:/UnrealEngineProject/ProjectTron/Saved/Config/Windows/Engine.ini', in section '[/Script/Engine.RendererSettings]'
[2015.07.22-13.13.27:698][  0]LogConsoleResponse:Warning: Skipping Unknown console variable: 'UIScaleCurve = (EditorCurveData=(Keys=),ExternalCurve=None)'
[2015.07.22-13.13.27:698][  0]LogConsoleResponse:Warning:   Found in ini file 'D:/UnrealEngineProject/ProjectTron/Saved/Config/Windows/Engine.ini', in section '[/Script/Engine.RendererSettings]'
[2015.07.22-13.13.27:699][  0]LogInit: Selected Device Profile: [Windows]
[2015.07.22-13.13.27:699][  0]LogInit: Applying CVar settings loaded from the selected device profile: [Windows]
[2015.07.22-13.13.27:711][  0]LogInit: Computer: FIELDRAIN-PC
[2015.07.22-13.13.27:711][  0]LogInit: User: Adrien
[2015.07.22-13.13.27:711][  0]LogInit: CPU Page size=4096, Cores=4
[2015.07.22-13.13.27:711][  0]LogInit: High frequency timer resolution =2.338343 MHz
[2015.07.22-13.13.27:712][  0]LogMemory: Memory total: Physical=15.9GB (16GB approx)
[2015.07.22-13.13.27:712][  0]LogMemory: Platform Memory Stats for Windows
[2015.07.22-13.13.27:712][  0]LogMemory: Process Physical Memory: 47.92 MB used, 47.92 MB peak
[2015.07.22-13.13.27:712][  0]LogMemory: Process Virtual Memory: 22.34 MB used, 22.34 MB peak
[2015.07.22-13.13.27:712][  0]LogMemory: Physical Memory: 4212.23 MB used, 16271.36 MB total
[2015.07.22-13.13.27:712][  0]LogMemory: Virtual Memory: 291.79 MB used, 134217728.00 MB total
[2015.07.22-13.13.27:745][  0]LogTextLocalizationManager: The requested culture ('en_150') has no localization data; parent culture's ('en') localization data will be used.
[2015.07.22-13.13.27:958][  0]LogTextLocalizationManager:Warning: Loaded localization resources contain conflicting entries for (Namespace:ContentBrowser, Key:ImportAssetToolTip):
Localization Resource: (D:/UnrealEngine/4.8/Engine/Content/Localization/Editor/en/Editor.locres) Source String Hash: (-630476809) Localized String: (Import to {0}...)
Localization Resource: (D:/UnrealEngine/4.8/Engine/Content/Localization/Editor/en/Editor.locres) Source String Hash: (1271782899) Localized String: (Imports an asset from file to this folder.)
[2015.07.22-13.13.28:396][  0]LogD3D11RHI: Found D3D11 adapter 0: Intel(R) HD Graphics 4600 (Feature Level 11_0)
[2015.07.22-13.13.28:396][  0]LogD3D11RHI: Adapter has 0MB of dedicated video memory, 0MB of dedicated system memory, and 1792MB of shared system memory, 2 output[s]
[2015.07.22-13.13.28:424][  0]LogD3D11RHI: Found D3D11 adapter 1: NVIDIA GeForce GTX 780M (Feature Level 11_0)
[2015.07.22-13.13.28:424][  0]LogD3D11RHI: Adapter has 3995MB of dedicated video memory, 0MB of dedicated system memory, and 8135MB of shared system memory, 0 output[s]
[2015.07.22-13.13.28:425][  0]LogD3D11RHI: Found D3D11 adapter 2: Microsoft Basic Render Driver (Feature Level 11_0)
[2015.07.22-13.13.28:425][  0]LogD3D11RHI: Adapter has 0MB of dedicated video memory, 0MB of dedicated system memory, and 256MB of shared system memory, 0 output[s]
[2015.07.22-13.13.28:425][  0]LogD3D11RHI: Chosen D3D11 Adapter Id = 0
[2015.07.22-13.13.28:430][  0]LogD3D11RHI: InitD3DDevice
[2015.07.22-13.13.28:430][  0]LogD3D11RHI: !Direct3DDevice
[2015.07.22-13.13.28:430][  0]LogRHI: Texture pool is 1361 MB (70% of 1945 MB)
[2015.07.22-13.13.28:447][  0]LogD3D11RHI: Async texture creation enabled
[2015.07.22-13.13.28:927][  0]LogShaderCompilers:Display: Using Local Shader Compiler.
[2015.07.22-13.13.29:728][  0]LogTemp:Display: Loaded TP DesktopTargetPlatform
[2015.07.22-13.13.29:739][  0]LogTemp:Display: Loaded TP WindowsClientTargetPlatform
[2015.07.22-13.13.29:749][  0]LogTemp:Display: Loaded TP WindowsNoEditorTargetPlatform
[2015.07.22-13.13.29:759][  0]LogTemp:Display: Loaded TP WindowsServerTargetPlatform
[2015.07.22-13.13.29:769][  0]LogTemp:Display: Loaded TP WindowsTargetPlatform
[2015.07.22-13.13.29:778][  0]LogTemp:Display: Loaded TP AndroidTargetPlatform
[2015.07.22-13.13.29:787][  0]LogTemp:Display: Loaded TP Android_ASTCTargetPlatform
[2015.07.22-13.13.29:796][  0]LogTemp:Display: Loaded TP Android_ATCTargetPlatform
[2015.07.22-13.13.29:805][  0]LogTemp:Display: Loaded TP Android_DXTTargetPlatform
[2015.07.22-13.13.29:813][  0]LogTemp:Display: Loaded TP Android_ETC1TargetPlatform
[2015.07.22-13.13.29:822][  0]LogTemp:Display: Loaded TP Android_ETC2TargetPlatform
[2015.07.22-13.13.29:831][  0]LogTemp:Display: Loaded TP Android_PVRTCTargetPlatform
[2015.07.22-13.13.29:867][  0]LogTemp:Display: Loaded TP IOSTargetPlatform
[2015.07.22-13.13.29:876][  0]LogTemp:Display: Loaded TP LinuxNoEditorTargetPlatform
[2015.07.22-13.13.29:885][  0]LogTemp:Display: Loaded TP LinuxServerTargetPlatform
[2015.07.22-13.13.29:895][  0]LogTemp:Display: Loaded TP LinuxTargetPlatform
[2015.07.22-13.13.29:895][  0]LogTargetPlatformManager:Display: Building Assets For Windows
[2015.07.22-13.13.30:032][  0]LogDerivedDataCache:Display: Max Cache Size: 512 MB
[2015.07.22-13.13.30:161][  0]LogDerivedDataCache: Loaded boot cache 0.13s 61MB C:/Users/Adrien/AppData/Local/UnrealEngine/4.8/DerivedDataCache/Boot.ddc.
[2015.07.22-13.13.30:161][  0]LogDerivedDataCache:Display: Loaded Boot cache: C:/Users/Adrien/AppData/Local/UnrealEngine/4.8/DerivedDataCache/Boot.ddc
[2015.07.22-13.13.30:162][  0]LogDerivedDataCache: FDerivedDataBackendGraph:  Pak pak cache file ../../../../../UnrealEngineProject/ProjectTron/DerivedDataCache/DDC.ddp not found, will not use a pak cache.
[2015.07.22-13.13.30:162][  0]LogDerivedDataCache: Unable to find inner node Pak for hierarchical cache Hierarchy.
[2015.07.22-13.13.30:162][  0]LogDerivedDataCache: FDerivedDataBackendGraph:  CompressedPak pak cache file ../../../../../UnrealEngineProject/ProjectTron/DerivedDataCache/Compressed.ddp not found, will not use a pak cache.
[2015.07.22-13.13.30:162][  0]LogDerivedDataCache: Unable to find inner node CompressedPak for hierarchical cache Hierarchy.
[2015.07.22-13.13.30:303][  0]LogDerivedDataCache:Display: Pak cache opened for reading ../../../Engine/DerivedDataCache/Compressed.ddp.
[2015.07.22-13.13.30:315][  0]LogDerivedDataCache: Using Local data cache path C:/Users/Adrien/AppData/Local/UnrealEngine/Common/DerivedDataCache: Writable
[2015.07.22-13.13.31:939][  0]LogInit: Selected Device Profile: [Windows]
[2015.07.22-13.13.32:257][  0]ImportText (ComponentSweepMultiTests): Missing closing parenthesis: (RootShapeAsset="/Engine/BasicShapes/Cube.Cube",ShapeType="TriggerCapsule",HitResult=(Time=0.50,Location=(X=-100.000015,Y=0.0,Z=100.000015),ImpactPoint=(X=-50.0,Y=0.0,Z=50.0),Normal=(X=-1.0,Y=-0.0,Z=0.0),ImpactNormal=(X=0.0,Y=0.0,Z=1.0),TraceStart=(X=-200.0,Y=0.0,Z=200.0),TraceEnd=(X=0.0,Y=0.0,Z=0.0))
[2015.07.22-13.13.32:257][  0]ImportText (LineTraceSingleByChannelTests): Missing closing parenthesis: (RootShapeAsset="/Engine/BasicShapes/Cube.Cube",HitResult=(Time=0.50,Location=(X=-100.000015,Y=0.0,Z=100.000015),ImpactPoint=(X=-50.0,Y=0.0,Z=50.0),Normal=(X=-1.0,Y=-0.0,Z=0.0),ImpactNormal=(X=0.0,Y=0.0,Z=1.0),TraceStart=(X=-200.0,Y=0.0,Z=200.0),TraceEnd=(X=0.0,Y=0.0,Z=0.0))
[2015.07.22-13.13.32:276][  0]LogMeshUtilities: No automatic mesh reduction module available
[2015.07.22-13.13.32:276][  0]LogMeshUtilities: No automatic mesh merging module available
[2015.07.22-13.13.32:923][  0]LogInit: WinSock: version 1.1 (2.2), MaxSocks=32767, MaxUdp=65467
[2015.07.22-13.13.34:097][  0]UdpMessaging: Initializing bridge on interface 0.0.0.0:0 to multicast group 230.0.0.1:6666.
[2015.07.22-13.13.34:404][  0]SourceControl: Info Source control is disabled
[2015.07.22-13.13.34:412][  0]SourceControl: Info Source control is disabled
[2015.07.22-13.13.34:419][  0]SourceControl: Info Source control is disabled
[2015.07.22-13.13.34:426][  0]SourceControl: Info Source control is disabled
[2015.07.22-13.13.34:624][  0]LogObj: 26273 objects as part of root set at end of initial load.
[2015.07.22-13.13.34:624][  0]LogUObjectAllocator: 5409248 out of 0 bytes used by permanent object pool.
[2015.07.22-13.13.34:853][  0]LogEngine: Initializing Engine...
[2015.07.22-13.13.34:857][  0]LogHMD: Can't find Oculus library dev build: is proper Runtime installed? Version: 0.6.0.0
[2015.07.22-13.13.34:858][  0]LogHMD:Warning: SteamVR failed to initialize.  Error: 110
[2015.07.22-13.13.35:013][  0]LogAIModule: Creating AISystem for world NewWorld
[2015.07.22-13.13.35:033][  0]LogInit: XAudio2 using 'Haut-parleurs (2- Plantronics GameCom 780)' : 6 channels at 44.1 kHz using 16 bits per sample (channel mask 0x60f)
[2015.07.22-13.13.35:054][  0]LogInit: FAudioDevice initialized.
[2015.07.22-13.13.35:095][  0]LogDerivedDataCache: Saved boot cache 0.04s 61MB C:/Users/Adrien/AppData/Local/UnrealEngine/4.8/DerivedDataCache/Boot.ddc.
[2015.07.22-13.13.35:099][  0]LogInit: Texture streaming: Disabled
[2015.07.22-13.13.35:133][  0]LogAnalytics: Creating configured Analytics provider AnalyticsET
[2015.07.22-13.13.35:133][  0]LogAnalytics: [UEEditor.Rocket.Release] APIServer = http://et2.epicgames.com/ET2/. AppVersion = 4.8.2-2614606+++depot+UE4-Releases+4.8
[2015.07.22-13.13.35:133][  0]LogAnalytics: [UEEditor.Rocket.Release] SetUserId 2e87543741be94097c1db6846465a91d|d27d10dde35e45258d9f88e0d3b9cd63|7789eb87-d837-4324-a798-0149adb08d39
[2015.07.22-13.13.35:133][  0]LogAnalytics: [UEEditor.Rocket.Release] AnalyticsET::StartSession
[2015.07.22-13.13.35:167][  0]LogInit: Transaction tracking system initialized
[2015.07.22-13.13.35:289][  0]BlueprintLog: New page: Editor Load
[2015.07.22-13.13.35:343][  0]LogAssetRegistry: FAssetRegistry took 0.0109 seconds to start up
[2015.07.22-13.13.35:343][  0]LogDirectoryWatcher:Warning: Failed to begin reading directory changes for ../../../Engine/Plugins/Experimental/CharacterAI/Content/. Error: 0
[2015.07.22-13.13.36:166][  0]LogConsoleManager:Warning: Console variable 'r.VSync' wasn't set ('GameSetting' has a lower priority than 'SystemSettingsIni')
[2015.07.22-13.13.36:166][  0]LogConsoleResponse:Display: 
[2015.07.22-13.13.36:263][  0]LogCook:Display: Done creating registry. It took  0.00s.
[2015.07.22-13.13.36:448][  0]SourceControl: Info Source control is disabled
[2015.07.22-13.13.36:448][  0]Cmd: MAP LOAD FILE="../../../../../UnrealEngineProject/ProjectTron/Content/StarterContent/Maps/Minimal_Default.umap" TEMPLATE=0 SHOWPROGRESS=1 FEATURELEVEL=3
[2015.07.22-13.13.36:448][  0]LightingResults: New page: Lighting Build
[2015.07.22-13.13.36:456][  0]MapCheck: New page: Map Check
[2015.07.22-13.13.36:456][  0]LightingResults: New page: Lighting Build
[2015.07.22-13.13.36:470][  0]LogParticles: Destroying 0 GPU particle simulations for FXSystem 0x000000D563418B80
[2015.07.22-13.13.37:376][  0]LogAIModule: Creating AISystem for world Minimal_Default
[2015.07.22-13.13.37:399][  0]LogEditorServer: Finished looking for orphan Actors (0.000 secs)
[2015.07.22-13.13.37:426][  0]Cmd: MAP CHECKDEP NOCLEARLOG
[2015.07.22-13.13.37:457][  0]MapCheck: Info Map check complete: 0 Error(s), 0 Warning(s), took 31,235ms to complete.
[2015.07.22-13.13.37:457][  0]LogFileHelpers: Loading map 'Minimal_Default' took 1.010
[2015.07.22-13.13.37:597][  0]LogCollectionManager: Loaded 0 collections in 0.001976 seconds
[2015.07.22-13.13.37:604][  0]LogContentBrowser: Native class hierarchy populated in 0.0075 seconds. Added 1792 classes and 301 folders.
[2015.07.22-13.13.37:634][  0]LogContentBrowser: Native class hierarchy updated for 'WidgetCarousel' in 0.0003 seconds. Added 0 classes and 0 folders.
[2015.07.22-13.13.37:680][  0]LogContentBrowser: Native class hierarchy updated for 'AddContentDialog' in 0.0005 seconds. Added 0 classes and 0 folders.
[2015.07.22-13.13.37:701][  0]LogContentBrowser: Native class hierarchy updated for 'SceneOutliner' in 0.0003 seconds. Added 1 classes and 2 folders.
[2015.07.22-13.13.37:735][  0]LogCrashTracker: Crashtracker disabled due to settings.
[2015.07.22-13.13.37:736][  0]LogD3D11RHI: InitD3DDevice
[2015.07.22-13.13.37:741][  0]LogUObjectGlobals:Warning: Failed to find object 'Class None.'
[2015.07.22-13.13.37:764][  0]LogLoad: Full Startup: 11.30 seconds (BP compile: 0.23 seconds)
[2015.07.22-13.13.37:773][  0]LogWindowsTextInputMethodSystem:Display: IME system now deactivated.
[2015.07.22-13.13.37:874][  0]LogContentStreaming: Texture pool size is 0.000000MB
[2015.07.22-13.13.37:942][  0]LogContentStreaming: Texture pool size now 1000 MB
[2015.07.22-13.13.38:101][  0]LogRenderer: Reallocating scene render targets to support 1208x600 (Frame:2).
[2015.07.22-13.13.38:466][  7]LogAssetRegistry: Asset discovery search completed in 3.1340 seconds
[2015.07.22-13.13.40:480][164]LogD3D11RHI: InitD3DDevice
[2015.07.22-13.13.45:232][571]LogD3D11RHI: InitD3DDevice
[2015.07.22-13.13.46:568][708]LogD3D11RHI: InitD3DDevice
[2015.07.22-13.13.50:128][ 79]LogD3D11RHI: InitD3DDevice
[2015.07.22-13.13.50:852][158]LogD3D11RHI: InitD3DDevice
[2015.07.22-13.13.57:689][781]LogD3D11RHI: InitD3DDevice
[2015.07.22-13.14.26:654][  8]LogD3D11RHI: InitD3DDevice
[2015.07.22-13.14.32:041][514]LogD3D11RHI: InitD3DDevice
[2015.07.22-13.14.32:567][565]LogD3D11RHI: InitD3DDevice
[2015.07.22-13.14.39:521][176]LogD3D11RHI: InitD3DDevice
[2015.07.22-13.14.40:386][268]LogD3D11RHI: InitD3DDevice
[2015.07.22-13.14.42:696][467]LogD3D11RHI: InitD3DDevice
[2015.07.22-13.14.44:204][645]LogD3D11RHI: InitD3DDevice
[2015.07.22-13.14.45:048][742]LogD3D11RHI: InitD3DDevice
[2015.07.22-13.14.45:079][742]LogD3D11RHI: InitD3DDevice
[2015.07.22-13.14.45:094][742]LogD3D11RHI: InitD3DDevice
[2015.07.22-13.14.45:124][742]Cmd: OBJ SAVEPACKAGE PACKAGE="/Game/Plateforme/Floor_400x401" FILE="../../../../../UnrealEngineProject/ProjectTron/Content/Plateforme/Floor_400x401.uasset" SILENT=true
[2015.07.22-13.14.45:134][742]LogSavePackage: Save=8.942229ms
[2015.07.22-13.14.45:134][742]LogSavePackage: Moving '../../../../../UnrealEngineProject/ProjectTron/Saved/Floor_400x401479A574346234FC493B92C9E6061EB5E.tmp' to '../../../../../UnrealEngineProject/ProjectTron/Content/Plateforme/Floor_400x401.uasset'
[2015.07.22-13.14.45:144][742]LogD3D11RHI: InitD3DDevice
[2015.07.22-13.14.48:655][975]LogD3D11RHI: InitD3DDevice
[2015.07.22-13.14.49:030][ 19]LogD3D11RHI: InitD3DDevice
[2015.07.22-13.14.50:160][148]LogD3D11RHI: InitD3DDevice
[2015.07.22-13.14.50:177][148]LogD3D11RHI: InitD3DDevice
[2015.07.22-13.14.50:193][148]LogD3D11RHI: InitD3DDevice
[2015.07.22-13.14.50:224][148]Cmd: OBJ SAVEPACKAGE PACKAGE="/Game/Plateforme/Mesh/Floor_400x401" FILE="../../../../../UnrealEngineProject/ProjectTron/Content/Plateforme/Mesh/Floor_400x401.uasset" SILENT=true
[2015.07.22-13.14.50:234][148]LogSavePackage: Save=9.350211ms
[2015.07.22-13.14.50:234][148]LogSavePackage: Moving '../../../../../UnrealEngineProject/ProjectTron/Saved/Floor_400x401B17F1BEA43AC65011ED3B2BE583426D4.tmp' to '../../../../../UnrealEngineProject/ProjectTron/Content/Plateforme/Mesh/Floor_400x401.uasset'
[2015.07.22-13.14.50:243][148]LogD3D11RHI: InitD3DDevice
[2015.07.22-13.14.50:273][148]LogD3D11RHI: InitD3DDevice
[2015.07.22-13.14.51:656][251]LogD3D11RHI: InitD3DDevice
[2015.07.22-13.14.52:109][293]LogD3D11RHI: InitD3DDevice
[2015.07.22-13.14.55:822][591]LogD3D11RHI: InitD3DDevice
[2015.07.22-13.14.55:844][591]LogD3D11RHI: InitD3DDevice
[2015.07.22-13.14.55:857][591]LogD3D11RHI: InitD3DDevice
[2015.07.22-13.14.55:888][591]Cmd: OBJ SAVEPACKAGE PACKAGE="/Game/Plateforme/Mesh/Default" FILE="../../../../../UnrealEngineProject/ProjectTron/Content/Plateforme/Mesh/Default.uasset" SILENT=true
[2015.07.22-13.14.55:897][591]LogSavePackage: Save=8.681788ms
[2015.07.22-13.14.55:898][591]LogSavePackage: Moving '../../../../../UnrealEngineProject/ProjectTron/Saved/DefaultED692DED46903DAC96C2F48BC781F7D1.tmp' to '../../../../../UnrealEngineProject/ProjectTron/Content/Plateforme/Mesh/Default.uasset'
[2015.07.22-13.14.55:906][591]LogD3D11RHI: InitD3DDevice
[2015.07.22-13.14.55:933][591]LogD3D11RHI: InitD3DDevice
[2015.07.22-13.14.57:293][671]LogD3D11RHI: InitD3DDevice
[2015.07.22-13.14.57:303][671]Cmd: OBJ SAVEPACKAGE PACKAGE="/Game/StarterContent/Architecture/Floor_400x401" FILE="../../../../../UnrealEngineProject/ProjectTron/Content/StarterContent/Architecture/Floor_400x401.uasset" SILENT=true
[2015.07.22-13.14.57:305][671]LogSavePackage: Save=0.660297ms
[2015.07.22-13.14.57:305][671]LogSavePackage: Moving '../../../../../UnrealEngineProject/ProjectTron/Saved/Floor_400x401AAB18A15434ED1FBA73D8198D4B8CF8D.tmp' to '../../../../../UnrealEngineProject/ProjectTron/Content/StarterContent/Architecture/Floor_400x401.uasset'
[2015.07.22-13.15.10:179][976]LogD3D11RHI: InitD3DDevice
[2015.07.22-13.15.10:858][ 23]LogD3D11RHI: InitD3DDevice
[2015.07.22-13.15.17:509][650]LogD3D11RHI: InitD3DDevice
[2015.07.22-13.15.18:021][709]LogD3D11RHI: InitD3DDevice
[2015.07.22-13.15.18:943][783]LogD3D11RHI: InitD3DDevice
[2015.07.22-13.15.18:994][783]LogD3D11RHI: InitD3DDevice
[2015.07.22-13.15.28:341][425]LogD3D11RHI: InitD3DDevice
[2015.07.22-13.15.28:361][425]Cmd: OBJ SAVEPACKAGE PACKAGE="/Game/Plateforme/Blueprint/Plateforme_BP" FILE="../../../../../UnrealEngineProject/ProjectTron/Content/Plateforme/Blueprint/Plateforme_BP.uasset" SILENT=true
[2015.07.22-13.15.28:370][425]LogSavePackage: Save=6.885645ms
[2015.07.22-13.15.28:370][425]LogSavePackage: Moving '../../../../../UnrealEngineProject/ProjectTron/Saved/Plateforme_BP1B708AB44AA5BB6C55C730B3490E426B.tmp' to '../../../../../UnrealEngineProject/ProjectTron/Content/Plateforme/Blueprint/Plateforme_BP.uasset'
[2015.07.22-13.15.29:344][508]LogD3D11RHI: InitD3DDevice
[2015.07.22-13.15.29:382][508]LogD3D11RHI: InitD3DDevice
[2015.07.22-13.15.29:402][508]LogLinker:Warning: Asset '../../../Engine/Content/ArtTools/RenderToTexture/Macros/RenderToTextureMacros.uasset' has been saved with empty engine version. The asset will be loaded but may be incompatible.
[2015.07.22-13.15.29:475][508]LogLinker:Warning: Asset '../../../Engine/Content/ArtTools/RenderToTexture/Enums/RenderToTexture_Enum.uasset' has been saved with empty engine version. The asset will be loaded but may be incompatible.
[2015.07.22-13.15.30:387][508]LogRenderer: Reallocating scene render targets to support 1208x944 (Frame:6223).
[2015.07.22-13.15.41:392][151]LogD3D11RHI: InitD3DDevice
[2015.07.22-13.15.53:491][965]LogD3D11RHI: InitD3DDevice
[2015.07.22-13.16.07:698][913]LogD3D11RHI: InitD3DDevice
[2015.07.22-13.16.47:526][473]LogD3D11RHI: InitD3DDevice
[2015.07.22-13.16.49:771][635]LogD3D11RHI: InitD3DDevice
[2015.07.22-13.16.51:525][773]LogD3D11RHI: InitD3DDevice
[2015.07.22-13.16.53:579][926]LogD3D11RHI: InitD3DDevice
[2015.07.22-13.16.53:598][926]Cmd: OBJ SAVEPACKAGE PACKAGE="/Game/Plateforme/Blueprint/Plateforme_BP" FILE="../../../../../UnrealEngineProject/ProjectTron/Content/Plateforme/Blueprint/Plateforme_BP.uasset" SILENT=true
[2015.07.22-13.16.53:608][926]LogSavePackage: Save=6.309168ms
[2015.07.22-13.16.53:608][926]LogSavePackage: Moving '../../../../../UnrealEngineProject/ProjectTron/Saved/Plateforme_BPC7C0849346D6C0935F94978B94464876.tmp' to '../../../../../UnrealEngineProject/ProjectTron/Content/Plateforme/Blueprint/Plateforme_BP.uasset'
[2015.07.22-13.16.57:961][202]LogD3D11RHI: InitD3DDevice
[2015.07.22-13.16.57:981][202]Cmd: OBJ SAVEPACKAGE PACKAGE="/Game/Plateforme/Blueprint/Plateforme_BP" FILE="../../../../../UnrealEngineProject/ProjectTron/Content/Plateforme/Blueprint/Plateforme_BP.uasset" SILENT=true
[2015.07.22-13.16.57:990][202]LogSavePackage: Save=6.502468ms
[2015.07.22-13.16.57:990][202]LogSavePackage: Moving '../../../../../UnrealEngineProject/ProjectTron/Saved/Plateforme_BP298B51F442CD5E26BC7A398F68B6D390.tmp' to '../../../../../UnrealEngineProject/ProjectTron/Content/Plateforme/Blueprint/Plateforme_BP.uasset'
[2015.07.22-13.16.58:288][223]BlueprintLog: New page: Compile Plateforme_BP
[2015.07.22-13.16.58:369][223]BlueprintEditorCompileResults: Info [0211,91] Compile of Plateforme_BP successful! [in 81 ms]
[2015.07.22-13.17.31:952][417]LogD3D11RHI: InitD3DDevice
[2015.07.22-13.17.40:053][978]LogD3D11RHI: InitD3DDevice
[2015.07.22-13.17.44:009][265]LogD3D11RHI: InitD3DDevice
[2015.07.22-13.17.44:031][265]Cmd: OBJ SAVEPACKAGE PACKAGE="/Game/Plateforme/Blueprint/Plateforme_BP" FILE="../../../../../UnrealEngineProject/ProjectTron/Content/Plateforme/Blueprint/Plateforme_BP.uasset" SILENT=true
[2015.07.22-13.17.44:042][265]LogSavePackage: Save=7.320996ms
[2015.07.22-13.17.44:042][265]LogSavePackage: Moving '../../../../../UnrealEngineProject/ProjectTron/Saved/Plateforme_BP60499F004A7449BE9AEF74B476752B88.tmp' to '../../../../../UnrealEngineProject/ProjectTron/Content/Plateforme/Blueprint/Plateforme_BP.uasset'
[2015.07.22-13.17.46:216][410]LogD3D11RHI: InitD3DDevice
[2015.07.22-13.17.46:232][410]Cmd: OBJ SAVEPACKAGE PACKAGE="/Game/Plateforme/Blueprint/Plateforme_BP" FILE="../../../../../UnrealEngineProject/ProjectTron/Content/Plateforme/Blueprint/Plateforme_BP.uasset" SILENT=true
[2015.07.22-13.17.46:243][410]LogSavePackage: Save=6.638889ms
[2015.07.22-13.17.46:243][410]LogSavePackage: Moving '../../../../../UnrealEngineProject/ProjectTron/Saved/Plateforme_BPBA729EE841629E332F45EC9F1665388D.tmp' to '../../../../../UnrealEngineProject/ProjectTron/Content/Plateforme/Blueprint/Plateforme_BP.uasset'
[2015.07.22-13.17.46:564][433]BlueprintLog: New page: Compile Plateforme_BP
[2015.07.22-13.17.46:645][433]BlueprintEditorCompileResults: Info [0260,18] Compile of Plateforme_BP successful! [in 81 ms]
[2015.07.22-13.17.59:828][285]LogD3D11RHI: InitD3DDevice
[2015.07.22-13.17.59:843][285]Cmd: OBJ SAVEPACKAGE PACKAGE="/Game/Plateforme/Blueprint/Plateforme_BP" FILE="../../../../../UnrealEngineProject/ProjectTron/Content/Plateforme/Blueprint/Plateforme_BP.uasset" SILENT=true
[2015.07.22-13.17.59:853][285]LogSavePackage: Save=6.632474ms
[2015.07.22-13.17.59:853][285]LogSavePackage: Moving '../../../../../UnrealEngineProject/ProjectTron/Saved/Plateforme_BP0422BE674EE11B1230F63ABCA3F57FF7.tmp' to '../../../../../UnrealEngineProject/ProjectTron/Content/Plateforme/Blueprint/Plateforme_BP.uasset'
[2015.07.22-13.18.00:114][303]BlueprintLog: New page: Compile Plateforme_BP
[2015.07.22-13.18.00:193][303]BlueprintEditorCompileResults: Info [0273,73] Compile of Plateforme_BP successful! [in 79 ms]
[2015.07.22-13.18.05:934][680]LogD3D11RHI: InitD3DDevice
[2015.07.22-13.18.05:957][680]Cmd: OBJ SAVEPACKAGE PACKAGE="/Game/Plateforme/Blueprint/Plateforme_BP" FILE="../../../../../UnrealEngineProject/ProjectTron/Content/Plateforme/Blueprint/Plateforme_BP.uasset" SILENT=true
[2015.07.22-13.18.05:967][680]LogSavePackage: Save=6.865973ms
[2015.07.22-13.18.05:967][680]LogSavePackage: Moving '../../../../../UnrealEngineProject/ProjectTron/Saved/Plateforme_BP3B741DBE4D0178E8685AE98D26887CAE.tmp' to '../../../../../UnrealEngineProject/ProjectTron/Content/Plateforme/Blueprint/Plateforme_BP.uasset'
[2015.07.22-13.18.06:236][698]BlueprintLog: New page: Compile Plateforme_BP
[2015.07.22-13.18.06:313][698]BlueprintEditorCompileResults: Info [0279,85] Compile of Plateforme_BP successful! [in 77 ms]
[2015.07.22-13.18.14:037][188]LogD3D11RHI: InitD3DDevice
[2015.07.22-13.18.14:807][258]LogD3D11RHI: InitD3DDevice
[2015.07.22-13.18.17:246][461]LogD3D11RHI: InitD3DDevice
[2015.07.22-13.18.54:061][684]LogD3D11RHI: InitD3DDevice
[2015.07.22-13.18.54:075][684]Cmd: OBJ SAVEPACKAGE PACKAGE="/Game/Plateforme/Blueprint/Plateforme_BP" FILE="../../../../../UnrealEngineProject/ProjectTron/Content/Plateforme/Blueprint/Plateforme_BP.uasset" SILENT=true
[2015.07.22-13.18.54:086][684]LogSavePackage: Save=7.712727ms
[2015.07.22-13.18.54:086][684]LogSavePackage: Moving '../../../../../UnrealEngineProject/ProjectTron/Saved/Plateforme_BPEED243184663A16279A24E9B2B717A21.tmp' to '../../../../../UnrealEngineProject/ProjectTron/Content/Plateforme/Blueprint/Plateforme_BP.uasset'
[2015.07.22-13.18.54:845][729]BlueprintLog: New page: Compile Plateforme_BP
[2015.07.22-13.18.54:930][729]BlueprintEditorCompileResults: Info [0328,47] Compile of Plateforme_BP successful! [in 84 ms]
[2015.07.22-13.18.59:495][964]LogD3D11RHI: InitD3DDevice
[2015.07.22-13.19.00:000][ 10]LogD3D11RHI: InitD3DDevice
[2015.07.22-13.19.01:111][ 89]LogD3D11RHI: InitD3DDevice
[2015.07.22-13.19.18:319][ 89]LogD3D11RHI: InitD3DDevice
[2015.07.22-13.19.18:334][ 89]Cmd: OBJ SAVEPACKAGE PACKAGE="/Game/Plateforme/Blueprint/Plateforme_BP" FILE="../../../../../UnrealEngineProject/ProjectTron/Content/Plateforme/Blueprint/Plateforme_BP.uasset" SILENT=true
[2015.07.22-13.19.18:346][ 89]LogSavePackage: Save=8.620634ms
[2015.07.22-13.19.18:346][ 89]LogSavePackage: Moving '../../../../../UnrealEngineProject/ProjectTron/Saved/Plateforme_BP96032C3749846A0044B4EFB73E3A7F56.tmp' to '../../../../../UnrealEngineProject/ProjectTron/Content/Plateforme/Blueprint/Plateforme_BP.uasset'
[2015.07.22-13.19.18:696][110]BlueprintLog: New page: Compile Plateforme_BP
[2015.07.22-13.19.18:779][110]BlueprintEditorCompileResults: Info [0352,32] Compile of Plateforme_BP successful! [in 82 ms]
[2015.07.22-13.19.22:188][330]LogD3D11RHI: InitD3DDevice
[2015.07.22-13.19.22:554][350]LogD3D11RHI: InitD3DDevice
[2015.07.22-13.20.01:154][137]LogD3D11RHI: InitD3DDevice
[2015.07.22-13.20.01:518][155]LogD3D11RHI: InitD3DDevice
[2015.07.22-13.20.08:745][701]LogD3D11RHI: InitD3DDevice
[2015.07.22-13.20.12:968][ 24]LogD3D11RHI: InitD3DDevice
[2015.07.22-13.20.14:083][118]LogD3D11RHI: InitD3DDevice
[2015.07.22-13.22.48:186][ 12]LogD3D11RHI: InitD3DDevice
[2015.07.22-13.23.30:502][530]LogD3D11RHI: InitD3DDevice
[2015.07.22-13.24.19:720][371]LogD3D11RHI: InitD3DDevice
[2015.07.22-13.24.28:745][398]LogD3D11RHI: InitD3DDevice
[2015.07.22-13.24.28:930][398]LogFileHelpers: Editor autosave (incl. sublevels) for '/Game/StarterContent/Maps/Minimal_Default' took 0.037
[2015.07.22-13.24.28:935][398]OBJ SavePackage: Generating thumbnails for [0] asset(s) in package [/Game/Plateforme/Blueprint/Plateforme_BP] ([1] browsable assets)...
[2015.07.22-13.24.28:935][398]OBJ SavePackage: Finished generating thumbnails for package [/Game/Plateforme/Blueprint/Plateforme_BP]
[2015.07.22-13.24.28:951][398]LogSavePackage: Save=10.789692ms
[2015.07.22-13.24.28:951][398]LogSavePackage: Moving '../../../../../UnrealEngineProject/ProjectTron/Saved/Plateforme_BP_Auto1BBA9BA5F4D3F9AC203438EA668AB30F5.tmp' to '../../../../../UnrealEngineProject/ProjectTron/Saved/Autosaves/Game/Plateforme/Blueprint/Plateforme_BP_Auto1.uasset'
[2015.07.22-13.24.28:952][398]LogFileHelpers: Auto-saving content packages took 0.021
[2015.07.22-13.24.48:389][457]LogD3D11RHI: InitD3DDevice
[2015.07.22-13.24.58:136][149]LogD3D11RHI: InitD3DDevice
[2015.07.22-13.25.14:236][474]LogD3D11RHI: InitD3DDevice
[2015.07.22-13.25.16:473][630]LogD3D11RHI: InitD3DDevice
[2015.07.22-13.25.21:836][ 39]LogD3D11RHI: InitD3DDevice
[2015.07.22-13.25.22:152][ 66]LogD3D11RHI: InitD3DDevice
[2015.07.22-13.25.23:638][186]LogD3D11RHI: InitD3DDevice
[2015.07.22-13.25.54:491][606]LogD3D11RHI: InitD3DDevice
[2015.07.22-13.26.11:698][ 37]LogD3D11RHI: InitD3DDevice
[2015.07.22-13.26.22:609][919]LogD3D11RHI: InitD3DDevice
[2015.07.22-13.26.28:805][491]LogD3D11RHI: InitD3DDevice
[2015.07.22-13.26.32:642][826]LogD3D11RHI: InitD3DDevice
[2015.07.22-13.27.12:302][878]LogD3D11RHI: InitD3DDevice
[2015.07.22-13.27.18:000][250]LogD3D11RHI: InitD3DDevice
[2015.07.22-13.27.32:196][334]LogD3D11RHI: InitD3DDevice
[2015.07.22-13.28.02:905][204]LogD3D11RHI: InitD3DDevice
[2015.07.22-13.28.03:569][266]LogD3D11RHI: InitD3DDevice
[2015.07.22-13.28.07:544][620]LogD3D11RHI: InitD3DDevice
[2015.07.22-13.28.15:827][216]LogD3D11RHI: InitD3DDevice
[2015.07.22-13.28.36:376][  4]LogD3D11RHI: InitD3DDevice
[2015.07.22-13.28.36:385][  4]LogSlate:Warning: Prevented a slow task dialog from being summoned while a context menu was open
[2015.07.22-13.28.40:837][337]LogD3D11RHI: InitD3DDevice
[2015.07.22-13.28.48:500][881]LogD3D11RHI: InitD3DDevice
[2015.07.22-13.28.52:676][236]LogD3D11RHI: InitD3DDevice
[2015.07.22-13.28.52:687][236]Cmd: OBJ SAVEPACKAGE PACKAGE="/Game/Plateforme/Blueprint/Plateforme_BP" FILE="../../../../../UnrealEngineProject/ProjectTron/Content/Plateforme/Blueprint/Plateforme_BP.uasset" SILENT=true
[2015.07.22-13.28.52:700][236]LogSavePackage: Save=8.656985ms
[2015.07.22-13.28.52:700][236]LogSavePackage: Moving '../../../../../UnrealEngineProject/ProjectTron/Saved/Plateforme_BPD957E78B40367638D25306A99E3D7F45.tmp' to '../../../../../UnrealEngineProject/ProjectTron/Content/Plateforme/Blueprint/Plateforme_BP.uasset'
[2015.07.22-13.28.53:993][322]BlueprintLog: New page: Compile Plateforme_BP
[2015.07.22-13.28.54:076][322]BlueprintEditorCompileResults: Info [0927,61] Compile of Plateforme_BP successful! [in 82 ms]
[2015.07.22-13.28.54:403][345]LogD3D11RHI: InitD3DDevice
[2015.07.22-13.28.54:421][345]Cmd: OBJ SAVEPACKAGE PACKAGE="/Game/Plateforme/Blueprint/Plateforme_BP" FILE="../../../../../UnrealEngineProject/ProjectTron/Content/Plateforme/Blueprint/Plateforme_BP.uasset" SILENT=true
[2015.07.22-13.28.54:433][345]LogSavePackage: Save=8.526123ms
[2015.07.22-13.28.54:433][345]LogSavePackage: Moving '../../../../../UnrealEngineProject/ProjectTron/Saved/Plateforme_BPDC056E3E42B377188C7207A788EBEAFA.tmp' to '../../../../../UnrealEngineProject/ProjectTron/Content/Plateforme/Blueprint/Plateforme_BP.uasset'
[2015.07.22-13.28.58:146][624]LogD3D11RHI: InitD3DDevice
[2015.07.22-13.28.58:821][696]LogD3D11RHI: InitD3DDevice
[2015.07.22-13.28.59:660][761]LogD3D11RHI: InitD3DDevice
[2015.07.22-13.28.59:897][785]LogD3D11RHI: InitD3DDevice
[2015.07.22-13.29.01:873][ 16]LogD3D11RHI: InitD3DDevice
[2015.07.22-13.29.03:875][166]LogD3D11RHI: InitD3DDevice
[2015.07.22-13.29.04:460][226]LogD3D11RHI: InitD3DDevice
[2015.07.22-13.29.05:188][307]LogD3D11RHI: InitD3DDevice
[2015.07.22-13.29.06:257][422]LogContentBrowser: Native class hierarchy updated for 'DestructibleMeshEditor' in 0.0006 seconds. Added 1 classes and 2 folders.
[2015.07.22-13.29.06:280][422]LogDestructible:Warning: MainMesh Tris: 12
[2015.07.22-13.29.06:390][422]LogApexDestructibleAssetImport:Warning: Using default materials for material slot
[2015.07.22-13.29.06:402][422]LogApexDestructibleAssetImport:Warning: Bones digested - 2  Depth of hierarchy - 2
[2015.07.22-13.29.06:425][422]LogD3D11RHI: InitD3DDevice
[2015.07.22-13.29.06:446][422]LogSkeletalMesh: Chunk 0: 24 rigid vertices, 0 soft vertices, 1 active bones
[2015.07.22-13.29.06:449][422]LogSkeletalMesh: Section 0: Material=0, Chunk=0, 12 triangles
[2015.07.22-13.29.06:454][422]LogD3D11RHI: InitD3DDevice
[2015.07.22-13.29.06:488][422]LogMaterial:Warning: Material /Game/StarterContent/Materials/M_Basic_Floor.M_Basic_Floor needed to have new flag set bUsedWithSkeletalMesh !
[2015.07.22-13.29.06:489][422]LogMaterial: Missing cached shader map for material M_Basic_Floor, compiling. 
[2015.07.22-13.29.06:587][422]LogMaterial: 0.000115 seconds spent updating 1 materials, 1 interfaces, 0 instances, 0 with static permutations.
[2015.07.22-13.29.06:992][422]LogRenderer: Reallocating scene render targets to support 1208x968 (Frame:25761).
[2015.07.22-13.29.07:669][456]LogD3D11RHI: InitD3DDevice
[2015.07.22-13.29.16:447][917]LogWindowsTextInputMethodSystem:Display: IME system now deactivated.
[2015.07.22-13.29.16:447][917]LogWindowsTextInputMethodSystem:Display: IME system now deactivated.
[2015.07.22-13.29.18:876][ 11]LogDestructible:Warning: MainMesh Tris: 12
[2015.07.22-13.29.18:952][ 11]LogApexDestructibleAssetImport:Warning: Using default materials for material slot
[2015.07.22-13.29.18:952][ 11]LogApexDestructibleAssetImport:Warning: Bones digested - 27  Depth of hierarchy - 2
[2015.07.22-13.29.18:956][ 11]LogD3D11RHI: InitD3DDevice
[2015.07.22-13.29.18:977][ 11]LogSkeletalMesh: Chunk 0: 420 rigid vertices, 0 soft vertices, 26 active bones
[2015.07.22-13.29.18:977][ 11]LogSkeletalMesh: Chunk 1: 472 rigid vertices, 0 soft vertices, 25 active bones
[2015.07.22-13.29.18:978][ 11]LogSkeletalMesh: Section 0: Material=0, Chunk=0, 274 triangles
[2015.07.22-13.29.18:978][ 11]LogSkeletalMesh: Section 1: Material=1, Chunk=1, 236 triangles
[2015.07.22-13.29.25:511][404]LogD3D11RHI: InitD3DDevice
[2015.07.22-13.29.25:555][404]Cmd: OBJ SAVEPACKAGE PACKAGE="/Game/StarterContent/Materials/M_Basic_Floor" FILE="../../../../../UnrealEngineProject/ProjectTron/Content/StarterContent/Materials/M_Basic_Floor.uasset" SILENT=true
[2015.07.22-13.29.25:569][404]LogSavePackage: Save=10.785843ms
[2015.07.22-13.29.25:569][404]LogSavePackage: Moving '../../../../../UnrealEngineProject/ProjectTron/Saved/M_Basic_FloorA49EC87A4FBB5F2F75A172B86A261C13.tmp' to '../../../../../UnrealEngineProject/ProjectTron/Content/StarterContent/Materials/M_Basic_Floor.uasset'
[2015.07.22-13.29.25:593][404]Cmd: OBJ SAVEPACKAGE PACKAGE="/Game/Plateforme/Mesh/Default_DM" FILE="../../../../../UnrealEngineProject/ProjectTron/Content/Plateforme/Mesh/Default_DM.uasset" SILENT=true
[2015.07.22-13.29.25:669][404]LogSavePackage: Save=75.055710ms
[2015.07.22-13.29.25:669][404]LogSavePackage: Moving '../../../../../UnrealEngineProject/ProjectTron/Saved/Default_DMD0F904FA4A9E54FCF55CCC80ADA67B23.tmp' to '../../../../../UnrealEngineProject/ProjectTron/Content/Plateforme/Mesh/Default_DM.uasset'
[2015.07.22-13.29.27:428][518]LogD3D11RHI: InitD3DDevice
[2015.07.22-13.29.27:442][518]Cmd: OBJ SAVEPACKAGE PACKAGE="/Game/Plateforme/Mesh/Default_DM" FILE="../../../../../UnrealEngineProject/ProjectTron/Content/Plateforme/Mesh/Default_DM.uasset" SILENT=true
[2015.07.22-13.29.27:455][518]LogSavePackage: Save=9.432321ms
[2015.07.22-13.29.27:455][518]LogSavePackage: Moving '../../../../../UnrealEngineProject/ProjectTron/Saved/Default_DMB8EFFB704A2A0BFD8FC00F823707A7F8.tmp' to '../../../../../UnrealEngineProject/ProjectTron/Content/Plateforme/Mesh/Default_DM.uasset'
[2015.07.22-13.29.30:071][686]LogD3D11RHI: InitD3DDevice
[2015.07.22-13.29.33:046][910]LogD3D11RHI: InitD3DDevice
[2015.07.22-13.29.45:489][962]LogDestructible:Warning: MainMesh Tris: 12
[2015.07.22-13.29.45:514][962]LogApexDestructibleAssetImport:Warning: Using default materials for material slot
[2015.07.22-13.29.45:514][962]LogApexDestructibleAssetImport:Warning: Bones digested - 27  Depth of hierarchy - 2
[2015.07.22-13.29.45:518][962]LogD3D11RHI: InitD3DDevice
[2015.07.22-13.29.45:535][962]LogSkeletalMesh: Chunk 0: 420 rigid vertices, 0 soft vertices, 26 active bones
[2015.07.22-13.29.45:535][962]LogSkeletalMesh: Chunk 1: 472 rigid vertices, 0 soft vertices, 25 active bones
[2015.07.22-13.29.45:537][962]LogSkeletalMesh: Section 0: Material=0, Chunk=0, 274 triangles
[2015.07.22-13.29.45:537][962]LogSkeletalMesh: Section 1: Material=1, Chunk=1, 236 triangles
[2015.07.22-13.29.49:050][197]LogD3D11RHI: InitD3DDevice
[2015.07.22-13.29.49:082][197]Cmd: OBJ SAVEPACKAGE PACKAGE="/Game/Plateforme/Mesh/Default_DM" FILE="../../../../../UnrealEngineProject/ProjectTron/Content/Plateforme/Mesh/Default_DM.uasset" SILENT=true
[2015.07.22-13.29.49:102][197]LogSavePackage: Save=16.719532ms
[2015.07.22-13.29.49:102][197]LogSavePackage: Moving '../../../../../UnrealEngineProject/ProjectTron/Saved/Default_DM67FCED984AD4071CEDB20092C2289832.tmp' to '../../../../../UnrealEngineProject/ProjectTron/Content/Plateforme/Mesh/Default_DM.uasset'
[2015.07.22-13.30.36:394][788]LogD3D11RHI: InitD3DDevice
[2015.07.22-13.33.36:086][383]LogD3D11RHI: InitD3DDevice
[2015.07.22-13.33.36:802][456]LogD3D11RHI: InitD3DDevice
[2015.07.22-13.33.37:558][539]LogParticles: Destroying 0 GPU particle simulations for FXSystem 0x000000D52CAF7CE0
[2015.07.22-13.33.37:560][539]LogD3D11RHI: InitD3DDevice
[2015.07.22-13.33.39:173][539]LogD3D11RHI: InitD3DDevice
[2015.07.22-13.33.40:615][539]LogParticles: Destroying 0 GPU particle simulations for FXSystem 0x000000D5703D09A0
[2015.07.22-13.33.41:984][607]LogD3D11RHI: InitD3DDevice
[2015.07.22-13.33.42:043][607]LogD3D11RHI: InitD3DDevice
[2015.07.22-13.33.49:421][ 15]LogD3D11RHI: InitD3DDevice
[2015.07.22-13.33.53:385][352]LogD3D11RHI: InitD3DDevice
[2015.07.22-13.33.53:419][352]Cmd: OBJ SAVEPACKAGE PACKAGE="/Game/Plateforme/Mesh/Default_DM" FILE="../../../../../UnrealEngineProject/ProjectTron/Content/Plateforme/Mesh/Default_DM.uasset" SILENT=true
[2015.07.22-13.33.53:438][352]LogSavePackage: Save=15.360877ms
[2015.07.22-13.33.53:438][352]LogSavePackage: Moving '../../../../../UnrealEngineProject/ProjectTron/Saved/Default_DMB7C0987E4E2C28ABCD2EF28B482E5E37.tmp' to '../../../../../UnrealEngineProject/ProjectTron/Content/Plateforme/Mesh/Default_DM.uasset'
[2015.07.22-13.34.00:279][844]LogD3D11RHI: InitD3DDevice
[2015.07.22-13.34.01:518][982]LogD3D11RHI: InitD3DDevice
[2015.07.22-13.34.06:021][331]LogD3D11RHI: InitD3DDevice
[2015.07.22-13.34.06:051][331]LogD3D11RHI: InitD3DDevice
[2015.07.22-13.34.06:066][331]LogD3D11RHI: InitD3DDevice
[2015.07.22-13.34.06:095][331]Cmd: OBJ SAVEPACKAGE PACKAGE="/Game/Plateforme/Mesh/Default" FILE="../../../../../UnrealEngineProject/ProjectTron/Content/Plateforme/Mesh/Default.uasset" SILENT=true
[2015.07.22-13.34.06:113][331]LogSavePackage: Save=17.343477ms
[2015.07.22-13.34.06:113][331]LogSavePackage: Moving '../../../../../UnrealEngineProject/ProjectTron/Saved/Default2074AA0F42AC9A86B7A47AB98EF99DF3.tmp' to '../../../../../UnrealEngineProject/ProjectTron/Content/Plateforme/Mesh/Default.uasset'
[2015.07.22-13.34.06:122][331]LogD3D11RHI: InitD3DDevice
[2015.07.22-13.34.06:172][331]LogD3D11RHI: InitD3DDevice
[2015.07.22-13.34.06:201][331]LogParticles: Destroying 0 GPU particle simulations for FXSystem 0x000000D52A669D00
[2015.07.22-13.34.07:677][420]LogD3D11RHI: InitD3DDevice
[2015.07.22-13.34.08:056][458]LogD3D11RHI: InitD3DDevice
[2015.07.22-13.34.08:400][498]LogD3D11RHI: InitD3DDevice
[2015.07.22-13.34.12:841][855]LogD3D11RHI: InitD3DDevice
[2015.07.22-13.34.16:209][217]LogD3D11RHI: InitD3DDevice
[2015.07.22-13.34.16:508][251]LogD3D11RHI: InitD3DDevice
[2015.07.22-13.34.18:109][434]LogD3D11RHI: InitD3DDevice
[2015.07.22-13.34.21:804][434]LogD3D11RHI: InitD3DDevice
[2015.07.22-13.34.27:054][434]LogWindowsTextInputMethodSystem:Display: IME system now deactivated.
[2015.07.22-13.34.27:054][434]LogWindowsTextInputMethodSystem:Display: IME system now deactivated.
[2015.07.22-13.34.44:295][ 99]LogD3D11RHI: InitD3DDevice
[2015.07.22-13.34.44:341][ 99]LogD3D11RHI: InitD3DDevice
[2015.07.22-13.34.44:373][ 99]LogLinker:Warning: Asset '../../../Engine/Content/ArtTools/RenderToTexture/Macros/RenderToTextureMacros.uasset' has been saved with empty engine version. The asset will be loaded but may be incompatible.
[2015.07.22-13.34.44:380][ 99]LogLinker:Warning: Asset '../../../Engine/Content/ArtTools/RenderToTexture/Enums/RenderToTexture_Enum.uasset' has been saved with empty engine version. The asset will be loaded but may be incompatible.
[2015.07.22-13.34.47:661][238]LogD3D11RHI: InitD3DDevice
[2015.07.22-13.34.48:464][303]LogD3D11RHI: InitD3DDevice
[2015.07.22-13.34.51:390][450]LogD3D11RHI: InitD3DDevice
[2015.07.22-13.35.00:486][920]LogD3D11RHI: InitD3DDevice
[2015.07.22-13.35.00:511][920]Cmd: OBJ SAVEPACKAGE PACKAGE="/Game/Plateforme/Blueprint/Plateforme_BP" FILE="../../../../../UnrealEngineProject/ProjectTron/Content/Plateforme/Blueprint/Plateforme_BP.uasset" SILENT=true
[2015.07.22-13.35.00:525][920]LogSavePackage: Save=9.560616ms
[2015.07.22-13.35.00:525][920]LogSavePackage: Moving '../../../../../UnrealEngineProject/ProjectTron/Saved/Plateforme_BPDBD9C2874FBB67333ED398A757839924.tmp' to '../../../../../UnrealEngineProject/ProjectTron/Content/Plateforme/Blueprint/Plateforme_BP.uasset'
[2015.07.22-13.35.00:534][920]Cmd: OBJ SAVEPACKAGE PACKAGE="/Game/Plateforme/Mesh/Plateforme_Mesh" FILE="../../../../../UnrealEngineProject/ProjectTron/Content/Plateforme/Mesh/Plateforme_Mesh.uasset" SILENT=true
[2015.07.22-13.35.00:544][920]LogSavePackage: Save=9.120989ms
[2015.07.22-13.35.00:544][920]LogSavePackage: Moving '../../../../../UnrealEngineProject/ProjectTron/Saved/Plateforme_Mesh818D13454BE7138221D013986E1D0577.tmp' to '../../../../../UnrealEngineProject/ProjectTron/Content/Plateforme/Mesh/Plateforme_Mesh.uasset'
[2015.07.22-13.35.05:646][153]LogD3D11RHI: InitD3DDevice
[2015.07.22-13.35.06:314][204]LogD3D11RHI: InitD3DDevice
[2015.07.22-13.35.06:962][253]LogD3D11RHI: InitD3DDevice
[2015.07.22-13.35.06:980][253]LogD3D11RHI: InitD3DDevice
[2015.07.22-13.35.07:099][253]LogMetaData: Removing '/Game/Plateforme/Blueprint/Plateforme_Mesh.Plateforme_Mesh:UserConstructionScript.K2Node_FunctionEntry_16' ref from Metadata '/Game/Plateforme/Mesh/Plateforme_Mesh.PackageMetaData'
[2015.07.22-13.35.07:100][253]LogMetaData: Removing '/Game/Plateforme/Blueprint/Plateforme_Mesh.SKEL_Plateforme_Mesh_C' ref from Metadata '/Game/Plateforme/Mesh/Plateforme_Mesh.PackageMetaData'
[2015.07.22-13.35.07:100][253]LogMetaData: Removing '/Game/Plateforme/Blueprint/Plateforme_Mesh.Plateforme_Mesh_C' ref from Metadata '/Game/Plateforme/Mesh/Plateforme_Mesh.PackageMetaData'
[2015.07.22-13.35.07:100][253]LogMetaData: Removing '/Game/Plateforme/Blueprint/Plateforme_Mesh.Plateforme_Mesh:EventGraph.K2Node_Event_129' ref from Metadata '/Game/Plateforme/Mesh/Plateforme_Mesh.PackageMetaData'
[2015.07.22-13.35.07:100][253]LogMetaData: Removing '/Game/Plateforme/Blueprint/Plateforme_Mesh.Plateforme_Mesh:EventGraph.K2Node_Event_130' ref from Metadata '/Game/Plateforme/Mesh/Plateforme_Mesh.PackageMetaData'
[2015.07.22-13.35.07:100][253]LogMetaData: Removing '/Game/Plateforme/Blueprint/Plateforme_Mesh.Plateforme_Mesh:EventGraph.K2Node_Event_131' ref from Metadata '/Game/Plateforme/Mesh/Plateforme_Mesh.PackageMetaData'
[2015.07.22-13.35.07:110][253]LogD3D11RHI: InitD3DDevice
[2015.07.22-13.35.07:127][253]Cmd: OBJ SAVEPACKAGE PACKAGE="/Game/Plateforme/Blueprint/Plateforme_Mesh" FILE="../../../../../UnrealEngineProject/ProjectTron/Content/Plateforme/Blueprint/Plateforme_Mesh.uasset" SILENT=true
[2015.07.22-13.35.07:137][253]LogSavePackage: Save=8.823770ms
[2015.07.22-13.35.07:137][253]LogSavePackage: Moving '../../../../../UnrealEngineProject/ProjectTron/Saved/Plateforme_Mesh1EE874A94A71B29F1411B6840CA80726.tmp' to '../../../../../UnrealEngineProject/ProjectTron/Content/Plateforme/Blueprint/Plateforme_Mesh.uasset'
[2015.07.22-13.35.07:147][253]LogD3D11RHI: InitD3DDevice
[2015.07.22-13.35.07:237][253]LogD3D11RHI: InitD3DDevice
[2015.07.22-13.35.17:636][776]LogD3D11RHI: InitD3DDevice
[2015.07.22-13.35.18:271][823]LogD3D11RHI: InitD3DDevice
[2015.07.22-13.35.20:880][  8]LogD3D11RHI: InitD3DDevice
[2015.07.22-13.35.21:911][ 75]LogD3D11RHI: InitD3DDevice
[2015.07.22-13.35.30:079][524]LogD3D11RHI: InitD3DDevice
[2015.07.22-13.35.30:122][524]LogD3D11RHI: InitD3DDevice
[2015.07.22-13.35.30:210][524]LogMetaData: Removing '/Game/Plateforme/Blueprint/Plateforme_Mesh_Default.Plateforme_Mesh_Default_C' ref from Metadata '/Game/Plateforme/Blueprint/Plateforme_Mesh.PackageMetaData'
[2015.07.22-13.35.30:210][524]LogMetaData: Removing '/Game/Plateforme/Blueprint/Plateforme_Mesh_Default.SKEL_Plateforme_Mesh_Default_C' ref from Metadata '/Game/Plateforme/Blueprint/Plateforme_Mesh.PackageMetaData'
[2015.07.22-13.35.30:210][524]LogMetaData: Removing '/Game/Plateforme/Blueprint/Plateforme_Mesh_Default.Plateforme_Mesh_Default:UserConstructionScript.K2Node_FunctionEntry_16' ref from Metadata '/Game/Plateforme/Blueprint/Plateforme_Mesh.PackageMetaData'
[2015.07.22-13.35.30:210][524]LogMetaData: Removing '/Game/Plateforme/Blueprint/Plateforme_Mesh_Default.Plateforme_Mesh_Default:EventGraph.K2Node_Event_129' ref from Metadata '/Game/Plateforme/Blueprint/Plateforme_Mesh.PackageMetaData'
[2015.07.22-13.35.30:210][524]LogMetaData: Removing '/Game/Plateforme/Blueprint/Plateforme_Mesh_Default.Plateforme_Mesh_Default:EventGraph.K2Node_Event_130' ref from Metadata '/Game/Plateforme/Blueprint/Plateforme_Mesh.PackageMetaData'
[2015.07.22-13.35.30:210][524]LogMetaData: Removing '/Game/Plateforme/Blueprint/Plateforme_Mesh_Default.Plateforme_Mesh_Default:EventGraph.K2Node_Event_131' ref from Metadata '/Game/Plateforme/Blueprint/Plateforme_Mesh.PackageMetaData'
[2015.07.22-13.35.30:218][524]LogD3D11RHI: InitD3DDevice
[2015.07.22-13.35.30:245][524]LogSavePackage: Save=9.109442ms
[2015.07.22-13.35.30:245][524]LogSavePackage: Moving '../../../../../UnrealEngineProject/ProjectTron/Saved/Plateforme_Mesh_DefaultE318C06245CA4740C7FB0D8F317F1075.tmp' to '../../../../../UnrealEngineProject/ProjectTron/Content/Plateforme/Blueprint/Plateforme_Mesh_Default.uasset'
[2015.07.22-13.35.30:253][524]LogD3D11RHI: InitD3DDevice
[2015.07.22-13.35.30:303][524]LogD3D11RHI: InitD3DDevice
[2015.07.22-13.35.57:435][927]LogD3D11RHI: InitD3DDevice
[2015.07.22-13.35.58:529][  1]LogD3D11RHI: InitD3DDevice
[2015.07.22-13.36.01:767][193]LogD3D11RHI: InitD3DDevice
[2015.07.22-13.36.02:957][193]LogD3D11RHI: InitD3DDevice
[2015.07.22-13.36.03:030][193]LogObjectTools:Warning: ForceReplaceReferences replaced references for a transient object 'REINST_SKEL_Plateforme_Mesh_Default_C_142' or package '/Engine/Transient'.
[2015.07.22-13.36.03:030][193]LogObjectTools:Warning: ForceReplaceReferences replaced references for a transient object 'DEADCLASS_Plateforme_Mesh_Default_C_1' or package '/Engine/Transient'.
[2015.07.22-13.36.03:030][193]LogObjectTools:Warning: ForceReplaceReferences replaced references for a transient object 'REINST_Plateforme_Mesh_Default_C_141' or package '/Engine/Transient'.
[2015.07.22-13.36.03:030][193]LogObjectTools:Warning: ForceReplaceReferences replaced references for a transient object 'DEADCLASS_Plateforme_Mesh_Default_C_0' or package '/Engine/Transient'.
[2015.07.22-13.36.03:154][193]LogParticles: Destroying 0 GPU particle simulations for FXSystem 0x000000D529CAC680
[2015.07.22-13.36.17:065][ 87]LogD3D11RHI: InitD3DDevice
[2015.07.22-13.36.17:915][187]LogD3D11RHI: InitD3DDevice
[2015.07.22-13.36.22:047][672]LogD3D11RHI: InitD3DDevice
[2015.07.22-13.36.22:055][672]LogD3D11RHI: InitD3DDevice
[2015.07.22-13.36.52:667][ 51]LogD3D11RHI: InitD3DDevice
[2015.07.22-13.36.52:691][ 51]Cmd: OBJ SAVEPACKAGE PACKAGE="/Game/Plateforme/Mesh/Plateforme_Mesh" FILE="../../../../../UnrealEngineProject/ProjectTron/Content/Plateforme/Mesh/Plateforme_Mesh.uasset" SILENT=true
[2015.07.22-13.36.52:699][ 51]LogSavePackage: Save=7.046443ms
[2015.07.22-13.36.52:699][ 51]LogSavePackage: Moving '../../../../../UnrealEngineProject/ProjectTron/Saved/Plateforme_Mesh389ACEE4468A90FEF1425EAEF9F0B856.tmp' to '../../../../../UnrealEngineProject/ProjectTron/Content/Plateforme/Mesh/Plateforme_Mesh.uasset'
[2015.07.22-13.36.54:266][143]LogD3D11RHI: InitD3DDevice
[2015.07.22-13.36.55:101][241]LogD3D11RHI: InitD3DDevice
[2015.07.22-13.36.56:114][359]LogD3D11RHI: InitD3DDevice
[2015.07.22-13.36.56:141][359]LogD3D11RHI: InitD3DDevice
[2015.07.22-13.36.56:219][359]LogMetaData: Removing '/Game/Plateforme/Blueprint/Plateforme_Mesh.Plateforme_Mesh:UserConstructionScript.K2Node_FunctionEntry_17' ref from Metadata '/Game/Plateforme/Mesh/Plateforme_Mesh.PackageMetaData'
[2015.07.22-13.36.56:219][359]LogMetaData: Removing '/Game/Plateforme/Blueprint/Plateforme_Mesh.SKEL_Plateforme_Mesh_C' ref from Metadata '/Game/Plateforme/Mesh/Plateforme_Mesh.PackageMetaData'
[2015.07.22-13.36.56:219][359]LogMetaData: Removing '/Game/Plateforme/Blueprint/Plateforme_Mesh.Plateforme_Mesh_C' ref from Metadata '/Game/Plateforme/Mesh/Plateforme_Mesh.PackageMetaData'
[2015.07.22-13.36.56:219][359]LogMetaData: Removing '/Game/Plateforme/Blueprint/Plateforme_Mesh.Plateforme_Mesh:EventGraph.K2Node_Event_132' ref from Metadata '/Game/Plateforme/Mesh/Plateforme_Mesh.PackageMetaData'
[2015.07.22-13.36.56:219][359]LogMetaData: Removing '/Game/Plateforme/Blueprint/Plateforme_Mesh.Plateforme_Mesh:EventGraph.K2Node_Event_133' ref from Metadata '/Game/Plateforme/Mesh/Plateforme_Mesh.PackageMetaData'
[2015.07.22-13.36.56:219][359]LogMetaData: Removing '/Game/Plateforme/Blueprint/Plateforme_Mesh.Plateforme_Mesh:EventGraph.K2Node_Event_134' ref from Metadata '/Game/Plateforme/Mesh/Plateforme_Mesh.PackageMetaData'
[2015.07.22-13.36.56:229][359]LogD3D11RHI: InitD3DDevice
[2015.07.22-13.36.56:239][359]Cmd: OBJ SAVEPACKAGE PACKAGE="/Game/Plateforme/Blueprint/Plateforme_Mesh" FILE="../../../../../UnrealEngineProject/ProjectTron/Content/Plateforme/Blueprint/Plateforme_Mesh.uasset" SILENT=true
[2015.07.22-13.36.56:247][359]LogSavePackage: Save=7.102893ms
[2015.07.22-13.36.56:247][359]LogSavePackage: Moving '../../../../../UnrealEngineProject/ProjectTron/Saved/Plateforme_Mesh718FF3E54BB52AC5C29B57A2FD996D33.tmp' to '../../../../../UnrealEngineProject/ProjectTron/Content/Plateforme/Blueprint/Plateforme_Mesh.uasset'
[2015.07.22-13.36.56:256][359]LogD3D11RHI: InitD3DDevice
[2015.07.22-13.36.56:305][359]LogD3D11RHI: InitD3DDevice
[2015.07.22-13.36.58:181][498]LogD3D11RHI: InitD3DDevice
[2015.07.22-13.36.58:227][498]LogD3D11RHI: InitD3DDevice
[2015.07.22-13.36.58:260][498]LogLinker:Warning: Asset '../../../Engine/Content/ArtTools/RenderToTexture/Macros/RenderToTextureMacros.uasset' has been saved with empty engine version. The asset will be loaded but may be incompatible.
[2015.07.22-13.36.58:267][498]LogLinker:Warning: Asset '../../../Engine/Content/ArtTools/RenderToTexture/Enums/RenderToTexture_Enum.uasset' has been saved with empty engine version. The asset will be loaded but may be incompatible.
[2015.07.22-13.37.10:063][271]LogD3D11RHI: InitD3DDevice
[2015.07.22-13.37.10:550][308]LogD3D11RHI: InitD3DDevice
[2015.07.22-13.37.18:338][906]LogD3D11RHI: InitD3DDevice
[2015.07.22-13.37.18:696][934]LogD3D11RHI: InitD3DDevice
[2015.07.22-13.37.33:018][107]LogD3D11RHI: InitD3DDevice
[2015.07.22-13.37.48:421][365]LogD3D11RHI: InitD3DDevice
[2015.07.22-13.37.48:817][394]LogD3D11RHI: InitD3DDevice
[2015.07.22-13.37.51:221][562]LogD3D11RHI: InitD3DDevice
[2015.07.22-13.37.51:484][583]LogD3D11RHI: InitD3DDevice
[2015.07.22-13.37.52:749][677]LogD3D11RHI: InitD3DDevice
[2015.07.22-13.38.02:281][540]LogD3D11RHI: InitD3DDevice
[2015.07.22-13.38.02:494][557]LogD3D11RHI: InitD3DDevice
[2015.07.22-13.38.03:711][650]LogD3D11RHI: InitD3DDevice
[2015.07.22-13.38.10:666][270]LogD3D11RHI: InitD3DDevice
[2015.07.22-13.38.10:846][282]LogD3D11RHI: InitD3DDevice
[2015.07.22-13.38.11:627][341]LogD3D11RHI: InitD3DDevice
[2015.07.22-13.38.24:283][216]LogD3D11RHI: InitD3DDevice
[2015.07.22-13.38.26:577][421]LogD3D11RHI: InitD3DDevice
[2015.07.22-13.38.36:514][128]LogD3D11RHI: InitD3DDevice
[2015.07.22-13.38.37:138][155]LogD3D11RHI: InitD3DDevice
[2015.07.22-13.38.47:494][893]LogD3D11RHI: InitD3DDevice
[2015.07.22-13.38.50:178][ 93]LogD3D11RHI: InitD3DDevice
[2015.07.22-13.38.50:201][ 93]Cmd: OBJ SAVEPACKAGE PACKAGE="/Game/Plateforme/Blueprint/Plateforme_BP" FILE="../../../../../UnrealEngineProject/ProjectTron/Content/Plateforme/Blueprint/Plateforme_BP.uasset" SILENT=true
[2015.07.22-13.38.50:213][ 93]LogSavePackage: Save=8.302032ms
[2015.07.22-13.38.50:213][ 93]LogSavePackage: Moving '../../../../../UnrealEngineProject/ProjectTron/Saved/Plateforme_BP0A016166420ED710F7C87A9F25F59B38.tmp' to '../../../../../UnrealEngineProject/ProjectTron/Content/Plateforme/Blueprint/Plateforme_BP.uasset'
[2015.07.22-13.38.52:427][254]LogD3D11RHI: InitD3DDevice
[2015.07.22-13.38.52:746][277]LogD3D11RHI: InitD3DDevice
[2015.07.22-13.38.58:944][758]LogD3D11RHI: InitD3DDevice
[2015.07.22-13.39.10:402][495]LogD3D11RHI: InitD3DDevice
[2015.07.22-13.39.16:929][964]LogD3D11RHI: InitD3DDevice
[2015.07.22-13.39.21:505][320]LogD3D11RHI: InitD3DDevice
[2015.07.22-13.39.21:523][320]Cmd: OBJ SAVEPACKAGE PACKAGE="/Game/Plateforme/Blueprint/Plateforme_Mesh" FILE="../../../../../UnrealEngineProject/ProjectTron/Content/Plateforme/Blueprint/Plateforme_Mesh.uasset" SILENT=true
[2015.07.22-13.39.21:534][320]LogSavePackage: Save=6.862979ms
[2015.07.22-13.39.21:534][320]LogSavePackage: Moving '../../../../../UnrealEngineProject/ProjectTron/Saved/Plateforme_MeshCB7C9B5949AC15CEBC37D9B401DDFCCA.tmp' to '../../../../../UnrealEngineProject/ProjectTron/Content/Plateforme/Blueprint/Plateforme_Mesh.uasset'
[2015.07.22-13.39.21:821][340]BlueprintLog: New page: Compile Plateforme_Mesh
[2015.07.22-13.39.21:902][340]BlueprintEditorCompileResults: Info [1555,44] Compile of Plateforme_Mesh successful! [in 81 ms]
[2015.07.22-13.39.41:347][668]LogD3D11RHI: InitD3DDevice
[2015.07.22-13.39.41:367][668]Cmd: OBJ SAVEPACKAGE PACKAGE="/Game/Plateforme/Blueprint/Plateforme_Mesh" FILE="../../../../../UnrealEngineProject/ProjectTron/Content/Plateforme/Blueprint/Plateforme_Mesh.uasset" SILENT=true
[2015.07.22-13.39.41:379][668]LogSavePackage: Save=8.142518ms
[2015.07.22-13.39.41:379][668]LogSavePackage: Moving '../../../../../UnrealEngineProject/ProjectTron/Saved/Plateforme_Mesh4D49B111414E7D4DC370A7957C03DA12.tmp' to '../../../../../UnrealEngineProject/ProjectTron/Content/Plateforme/Blueprint/Plateforme_Mesh.uasset'
[2015.07.22-13.39.41:647][687]BlueprintLog: New page: Compile Plateforme_Mesh
[2015.07.22-13.39.41:730][687]BlueprintEditorCompileResults: Info [1575,27] Compile of Plateforme_Mesh successful! [in 82 ms]
[2015.07.22-13.39.55:809][624]LogD3D11RHI: InitD3DDevice
[2015.07.22-13.40.04:739][265]LogD3D11RHI: InitD3DDevice
[2015.07.22-13.40.16:607][166]LogD3D11RHI: InitD3DDevice
[2015.07.22-13.40.16:622][166]Cmd: OBJ SAVEPACKAGE PACKAGE="/Game/Plateforme/Blueprint/Plateforme_Mesh" FILE="../../../../../UnrealEngineProject/ProjectTron/Content/Plateforme/Blueprint/Plateforme_Mesh.uasset" SILENT=true
[2015.07.22-13.40.16:635][166]LogSavePackage: Save=9.441729ms
[2015.07.22-13.40.16:635][166]LogSavePackage: Moving '../../../../../UnrealEngineProject/ProjectTron/Saved/Plateforme_Mesh45F98F9A46AC1BBBBF3839BE63E8652C.tmp' to '../../../../../UnrealEngineProject/ProjectTron/Content/Plateforme/Blueprint/Plateforme_Mesh.uasset'
[2015.07.22-13.40.16:887][184]BlueprintLog: New page: Compile Plateforme_Mesh
[2015.07.22-13.40.16:975][184]BlueprintEditorCompileResults: Info [1610,51] Compile of Plateforme_Mesh successful! [in 87 ms]
[2015.07.22-13.40.24:386][664]LogD3D11RHI: InitD3DDevice
[2015.07.22-13.40.30:714][ 88]LogD3D11RHI: InitD3DDevice
[2015.07.22-13.40.37:261][591]LogD3D11RHI: InitD3DDevice
[2015.07.22-13.40.37:282][591]Cmd: OBJ SAVEPACKAGE PACKAGE="/Game/Plateforme/Blueprint/Plateforme_Mesh" FILE="../../../../../UnrealEngineProject/ProjectTron/Content/Plateforme/Blueprint/Plateforme_Mesh.uasset" SILENT=true
[2015.07.22-13.40.37:294][591]LogSavePackage: Save=9.407944ms
[2015.07.22-13.40.37:294][591]LogSavePackage: Moving '../../../../../UnrealEngineProject/ProjectTron/Saved/Plateforme_MeshB7774F00404070E5DD7C7F80498EF381.tmp' to '../../../../../UnrealEngineProject/ProjectTron/Content/Plateforme/Blueprint/Plateforme_Mesh.uasset'
[2015.07.22-13.40.39:091][718]LogD3D11RHI: InitD3DDevice
[2015.07.22-13.40.39:113][718]Cmd: OBJ SAVEPACKAGE PACKAGE="/Game/Plateforme/Blueprint/Plateforme_Mesh" FILE="../../../../../UnrealEngineProject/ProjectTron/Content/Plateforme/Blueprint/Plateforme_Mesh.uasset" SILENT=true
[2015.07.22-13.40.39:125][718]LogSavePackage: Save=9.305307ms
[2015.07.22-13.40.39:126][718]LogSavePackage: Moving '../../../../../UnrealEngineProject/ProjectTron/Saved/Plateforme_MeshEF59CEC949EA050EBD1A20AA5D1A82B8.tmp' to '../../../../../UnrealEngineProject/ProjectTron/Content/Plateforme/Blueprint/Plateforme_Mesh.uasset'
[2015.07.22-13.40.39:411][738]BlueprintLog: New page: Compile Plateforme_Mesh
[2015.07.22-13.40.39:496][738]BlueprintEditorCompileResults: Info [1633,03] Compile of Plateforme_Mesh successful! [in 85 ms]
[2015.07.22-13.40.42:290][935]LogD3D11RHI: InitD3DDevice
[2015.07.22-13.40.43:899][ 76]LogD3D11RHI: InitD3DDevice
[2015.07.22-13.40.45:934][236]LogD3D11RHI: InitD3DDevice
[2015.07.22-13.40.46:423][278]LogD3D11RHI: InitD3DDevice
[2015.07.22-13.41.02:989][341]LogD3D11RHI: InitD3DDevice
[2015.07.22-13.41.09:969][772]LogD3D11RHI: InitD3DDevice
[2015.07.22-13.41.14:476][170]LogD3D11RHI: InitD3DDevice
[2015.07.22-13.41.17:838][263]LogParticles: Destroying 0 GPU particle simulations for FXSystem 0x000000D52CB79A80
[2015.07.22-13.41.17:854][263]LogD3D11RHI: InitD3DDevice
[2015.07.22-13.41.17:867][263]Cmd: OBJ SAVEPACKAGE PACKAGE="/Game/Plateforme/Blueprint/Plateforme_Mesh" FILE="../../../../../UnrealEngineProject/ProjectTron/Content/Plateforme/Blueprint/Plateforme_Mesh.uasset" SILENT=true
[2015.07.22-13.41.17:880][263]LogSavePackage: Save=10.154627ms
[2015.07.22-13.41.17:880][263]LogSavePackage: Moving '../../../../../UnrealEngineProject/ProjectTron/Saved/Plateforme_MeshBAC76EBF440F927EC871548AD51143BE.tmp' to '../../../../../UnrealEngineProject/ProjectTron/Content/Plateforme/Blueprint/Plateforme_Mesh.uasset'
[2015.07.22-13.41.21:045][474]LogD3D11RHI: InitD3DDevice
[2015.07.22-13.41.22:551][474]LogD3D11RHI: InitD3DDevice
[2015.07.22-13.41.22:797][476]LogAIModule: Creating AISystem for world Entry
[2015.07.22-13.41.23:868][488]LogAIModule: Creating AISystem for world Showcase
[2015.07.22-13.41.24:134][489]LogBlueprint:Warning: [compiler ASP_Character] Warning InputAction Event references unknown Action 'Crouch' for  InputAction Crouch 
[2015.07.22-13.41.24:134][489]LogBlueprint:Warning: [compiler ASP_Character] Warning InputAction Event references unknown Action 'Jump' for  InputAction Jump 
[2015.07.22-13.41.24:134][489]LogBlueprint:Warning: [compiler ASP_Character] Warning Input Axis Event references unknown Axis 'LookUp' for  InputAxis LookUp 
[2015.07.22-13.41.24:135][489]LogBlueprint:Warning: [compiler ASP_Character] Warning Input Axis Event references unknown Axis 'Turn' for  InputAxis Turn 
[2015.07.22-13.41.24:135][489]LogBlueprint:Warning: [compiler ASP_Character] Warning Input Axis Event references unknown Axis 'MoveRight' for  InputAxis MoveRight 
[2015.07.22-13.41.24:135][489]LogBlueprint:Warning: [compiler ASP_Character] Warning Input Axis Event references unknown Axis 'MoveForward' for  InputAxis MoveForward 
[2015.07.22-13.41.24:138][489]LogBlueprint:Warning: [compiler ASP_Character] Warning [1677,67] Compile of ASP_Character successful, but with 6 Warning(s) [in 19 ms]
[2015.07.22-13.41.24:139][489]LogBlueprint:Warning: [compiler ASP_Character] Warning [1677,68] Compile of ASP_Character successful, but with 7 Warning(s) [in 0 ms]
[2015.07.22-13.41.24:139][489]LogBlueprint:Warning: [compiler ASP_Character] Warning [1677,68] Compile of ASP_Character successful, but with 8 Warning(s) [in 0 ms]
[2015.07.22-13.41.24:223][489]LogBlueprint:Warning: [compiler ASP_Character] Warning InputAction Event references unknown Action 'Crouch' for  InputAction Crouch 
[2015.07.22-13.41.24:223][489]LogBlueprint:Warning: [compiler ASP_Character] Warning InputAction Event references unknown Action 'Jump' for  InputAction Jump 
[2015.07.22-13.41.24:224][489]LogBlueprint:Warning: [compiler ASP_Character] Warning Input Axis Event references unknown Axis 'LookUp' for  InputAxis LookUp 
[2015.07.22-13.41.24:224][489]LogBlueprint:Warning: [compiler ASP_Character] Warning Input Axis Event references unknown Axis 'Turn' for  InputAxis Turn 
[2015.07.22-13.41.24:224][489]LogBlueprint:Warning: [compiler ASP_Character] Warning Input Axis Event references unknown Axis 'MoveRight' for  InputAxis MoveRight 
[2015.07.22-13.41.24:225][489]LogBlueprint:Warning: [compiler ASP_Character] Warning Input Axis Event references unknown Axis 'MoveForward' for  InputAxis MoveForward 
[2015.07.22-13.41.24:229][489]LogBlueprint:Warning: [compiler ASP_Character] Warning [1677,77] Compile of ASP_Character successful, but with 6 Warning(s) [in 20 ms]
[2015.07.22-13.41.24:229][489]LogBlueprint:Warning: [compiler ASP_Character] Warning [1677,77] Compile of ASP_Character successful, but with 7 Warning(s) [in 0 ms]
[2015.07.22-13.41.24:699][491]LogTexture:Display: Building textures: brick_ancientDiagonal_2k_n (BC5)
[2015.07.22-13.41.25:438][491]LogTexture:Display: Building textures: brick_ancientDiagonal_2k_alb (AutoDXT)
[2015.07.22-13.41.29:839][491]LogTexture:Display: Building textures: Concrete_Square_2k_h (AutoDXT)
[2015.07.22-13.41.30:582][491]LogMaterial: Missing cached shader map for material brick_ancientDiagonal, compiling. 
[2015.07.22-13.41.30:762][491]LogTexture:Display: Building textures: brick_guiGen_2k_s (AutoDXT)
[2015.07.22-13.41.33:165][491]LogTexture:Display: Building textures: HQ_Lightmap0_1 (AutoDXT)
[2015.07.22-13.41.33:176][491]LogTexture:Display: Building textures: HQ_Lightmap0_2 (AutoDXT)
[2015.07.22-13.41.33:247][491]LogTexture:Display: Building textures: LQ_Lightmap_0_1 (DXT1)
[2015.07.22-13.41.33:254][491]LogTexture:Display: Building textures: LQ_Lightmap_0_2 (DXT1)
[2015.07.22-13.41.33:306][491]LogTexture:Display: Building textures: SkyOcclusion0_1 (AutoDXT)
[2015.07.22-13.41.33:312][491]LogTexture:Display: Building textures: SkyOcclusion0_2 (AutoDXT)
[2015.07.22-13.41.33:364][491]LogTexture:Display: Building textures: ShadowMapTexture2D_4 (BGRA8)
[2015.07.22-13.41.33:367][491]LogTexture:Display: Building textures: ShadowMapTexture2D_5 (BGRA8)
[2015.07.22-13.41.33:485][491]LogTexture:Display: Building textures: Ground_guiFloodedMud_2k_n (BC5)
[2015.07.22-13.41.34:118][491]LogTexture:Display: Building textures: Ground_guiFloodedMud_2k_alb (AutoDXT)
[2015.07.22-13.41.38:091][491]LogTexture:Display: Building textures: Ground_guiFloodedMud_2k_g (AutoDXT)
[2015.07.22-13.41.39:536][491]LogTexture:Display: Building textures: Ground_guiFloodedMud_2k_mask (AutoDXT)
[2015.07.22-13.41.39:953][491]LogMaterial: Missing cached shader map for material Ground_guiFloodedMud, compiling. 
[2015.07.22-13.41.40:175][491]LogTexture:Display: Building textures: Ground_GrassThickGreen_2k_n (BC5)
[2015.07.22-13.41.41:034][491]LogTexture:Display: Building textures: Ground_GrassThickGreen_2k_h1 (AutoDXT)
[2015.07.22-13.41.42:080][491]LogTexture:Display: Building textures: Ground_GrassThickGreen_2k_g (AutoDXT)
[2015.07.22-13.41.44:473][491]LogTexture:Display: Building textures: Ground_DirtBrownTan_2k_g (AutoDXT)
[2015.07.22-13.41.45:802][491]LogTexture:Display: Building textures: Ground_DirtBrownTan_2k_alb (AutoDXT)
[2015.07.22-13.41.50:696][491]LogTexture:Display: Building textures: Ground_DirtBrownTan_2k_n (BC5)
[2015.07.22-13.41.51:226][491]LogMaterial: Missing cached shader map for material Ground_DirtBrownTan, compiling. 
[2015.07.22-13.41.51:423][491]LogTexture:Di