[2015.07.22-14.11.11:376][  0]Log file open, 07/22/15 16:11:11
[2015.07.22-14.11.11:376][  0]LogInit:Display: Running engine for game: ProjectTron
[2015.07.22-14.11.11:376][  0]LogInit:Display: RandInit(-2097289177) SRandInit(-2097289177).
[2015.07.22-14.11.11:376][  0]LogTaskGraph: Started task graph with 4 named threads and 7 total threads.
[2015.07.22-14.11.11:376][  0]LogStats: Stats thread started
[2015.07.22-14.11.11:376][  0]LogInit: Version: 4.8.2-2614606+++depot+UE4-Releases+4.8
[2015.07.22-14.11.11:376][  0]LogInit: API Version: 2579680
[2015.07.22-14.11.11:376][  0]LogInit: Compiled (64-bit): Jul  8 2015 23:43:41
[2015.07.22-14.11.11:376][  0]LogInit: Compiled with Visual C++: 18.00.21005.01
[2015.07.22-14.11.11:376][  0]LogInit: Build Configuration: Development
[2015.07.22-14.11.11:376][  0]LogInit: Branch Name: ++depot+UE4-Releases+4.8
[2015.07.22-14.11.11:376][  0]LogInit: Command line:  
[2015.07.22-14.11.11:376][  0]LogInit: Base directory: D:/UnrealEngine/4.8/Engine/Binaries/Win64/
[2015.07.22-14.11.11:376][  0]LogInit: Rocket: 1
[2015.07.22-14.11.11:384][  0]LogInit: Using libcurl 7.41.0
[2015.07.22-14.11.11:384][  0]LogInit:  - built for x86_64-pc-win32
[2015.07.22-14.11.11:384][  0]LogInit:  - supports SSL with WinSSL
[2015.07.22-14.11.11:384][  0]LogInit:  - other features:
[2015.07.22-14.11.11:384][  0]LogInit:      CURL_VERSION_SSL
[2015.07.22-14.11.11:384][  0]LogInit:      CURL_VERSION_IPV6
[2015.07.22-14.11.11:384][  0]LogInit:      CURL_VERSION_ASYNCHDNS
[2015.07.22-14.11.11:384][  0]LogInit:      CURL_VERSION_LARGEFILE
[2015.07.22-14.11.11:384][  0]LogInit:      CURL_VERSION_IDN
[2015.07.22-14.11.11:384][  0]LogInit:  CurlRequestOptions (configurable via config and command line):
[2015.07.22-14.11.11:384][  0]LogInit:  - bVerifyPeer = true  - Libcurl will verify peer certificate
[2015.07.22-14.11.11:384][  0]LogInit:  - bUseHttpProxy = false  - Libcurl will NOT use HTTP proxy
[2015.07.22-14.11.11:384][  0]LogInit:  - bDontReuseConnections = false  - Libcurl will reuse connections
[2015.07.22-14.11.11:384][  0]LogInit:  - CertBundlePath = nullptr  - Libcurl will use whatever was configured at build time.
[2015.07.22-14.11.11:392][  0]LogOnline:Warning: No default platform service specified for OnlineSubsystem
[2015.07.22-14.11.11:402][  0]LogInit: Presizing for 0 objects not considered by GC, pre-allocating 0 bytes.
[2015.07.22-14.11.11:408][  0]LogInit: Object subsystem initialized
[2015.07.22-14.11.11:409][  0]LogConsoleResponse:Warning: Skipping Unknown console variable: 'TranslucentSortAxis = (X=0.000000,Y=-1.000000,Z=0.000000)'
[2015.07.22-14.11.11:409][  0]LogConsoleResponse:Warning:   Found in ini file 'D:/UnrealEngineProject/ProjectTron/Saved/Config/Windows/Engine.ini', in section '[/Script/Engine.RendererSettings]'
[2015.07.22-14.11.11:409][  0]LogConsoleResponse:Warning: Skipping Unknown console variable: 'UIScaleRule = ShortestSide'
[2015.07.22-14.11.11:409][  0]LogConsoleResponse:Warning:   Found in ini file 'D:/UnrealEngineProject/ProjectTron/Saved/Config/Windows/Engine.ini', in section '[/Script/Engine.RendererSettings]'
[2015.07.22-14.11.11:409][  0]LogConsoleResponse:Warning: Skipping Unknown console variable: 'UIScaleCurve = (EditorCurveData=(Keys=),ExternalCurve=None)'
[2015.07.22-14.11.11:409][  0]LogConsoleResponse:Warning:   Found in ini file 'D:/UnrealEngineProject/ProjectTron/Saved/Config/Windows/Engine.ini', in section '[/Script/Engine.RendererSettings]'
[2015.07.22-14.11.11:409][  0]LogInit: Selected Device Profile: [Windows]
[2015.07.22-14.11.11:409][  0]LogInit: Applying CVar settings loaded from the selected device profile: [Windows]
[2015.07.22-14.11.11:415][  0]LogInit: Computer: FIELDRAIN-PC
[2015.07.22-14.11.11:415][  0]LogInit: User: Adrien
[2015.07.22-14.11.11:415][  0]LogInit: CPU Page size=4096, Cores=4
[2015.07.22-14.11.11:415][  0]LogInit: High frequency timer resolution =2.338343 MHz
[2015.07.22-14.11.11:415][  0]LogMemory: Memory total: Physical=15.9GB (16GB approx)
[2015.07.22-14.11.11:415][  0]LogMemory: Platform Memory Stats for Windows
[2015.07.22-14.11.11:415][  0]LogMemory: Process Physical Memory: 48.29 MB used, 48.29 MB peak
[2015.07.22-14.11.11:415][  0]LogMemory: Process Virtual Memory: 24.29 MB used, 24.29 MB peak
[2015.07.22-14.11.11:415][  0]LogMemory: Physical Memory: 4178.02 MB used, 16271.36 MB total
[2015.07.22-14.11.11:415][  0]LogMemory: Virtual Memory: 293.72 MB used, 134217728.00 MB total
[2015.07.22-14.11.11:453][  0]LogTextLocalizationManager: The requested culture ('en_150') has no localization data; parent culture's ('en') localization data will be used.
[2015.07.22-14.11.11:667][  0]LogTextLocalizationManager:Warning: Loaded localization resources contain conflicting entries for (Namespace:ContentBrowser, Key:ImportAssetToolTip):
Localization Resource: (D:/UnrealEngine/4.8/Engine/Content/Localization/Editor/en/Editor.locres) Source String Hash: (-630476809) Localized String: (Import to {0}...)
Localization Resource: (D:/UnrealEngine/4.8/Engine/Content/Localization/Editor/en/Editor.locres) Source String Hash: (1271782899) Localized String: (Imports an asset from file to this folder.)
[2015.07.22-14.11.12:121][  0]LogD3D11RHI: Found D3D11 adapter 0: Intel(R) HD Graphics 4600 (Feature Level 11_0)
[2015.07.22-14.11.12:121][  0]LogD3D11RHI: Adapter has 0MB of dedicated video memory, 0MB of dedicated system memory, and 1792MB of shared system memory, 2 output[s]
[2015.07.22-14.11.12:150][  0]LogD3D11RHI: Found D3D11 adapter 1: NVIDIA GeForce GTX 780M (Feature Level 11_0)
[2015.07.22-14.11.12:150][  0]LogD3D11RHI: Adapter has 3995MB of dedicated video memory, 0MB of dedicated system memory, and 8135MB of shared system memory, 0 output[s]
[2015.07.22-14.11.12:151][  0]LogD3D11RHI: Found D3D11 adapter 2: Microsoft Basic Render Driver (Feature Level 11_0)
[2015.07.22-14.11.12:151][  0]LogD3D11RHI: Adapter has 0MB of dedicated video memory, 0MB of dedicated system memory, and 256MB of shared system memory, 0 output[s]
[2015.07.22-14.11.12:151][  0]LogD3D11RHI: Chosen D3D11 Adapter Id = 0
[2015.07.22-14.11.12:157][  0]LogD3D11RHI: InitD3DDevice
[2015.07.22-14.11.12:157][  0]LogD3D11RHI: !Direct3DDevice
[2015.07.22-14.11.12:157][  0]LogRHI: Texture pool is 1361 MB (70% of 1945 MB)
[2015.07.22-14.11.12:176][  0]LogD3D11RHI: Async texture creation enabled
[2015.07.22-14.11.12:651][  0]LogShaderCompilers:Display: Using Local Shader Compiler.
[2015.07.22-14.11.13:435][  0]LogTemp:Display: Loaded TP DesktopTargetPlatform
[2015.07.22-14.11.13:447][  0]LogTemp:Display: Loaded TP WindowsClientTargetPlatform
[2015.07.22-14.11.13:459][  0]LogTemp:Display: Loaded TP WindowsNoEditorTargetPlatform
[2015.07.22-14.11.13:470][  0]LogTemp:Display: Loaded TP WindowsServerTargetPlatform
[2015.07.22-14.11.13:481][  0]LogTemp:Display: Loaded TP WindowsTargetPlatform
[2015.07.22-14.11.13:494][  0]LogTemp:Display: Loaded TP AndroidTargetPlatform
[2015.07.22-14.11.13:503][  0]LogTemp:Display: Loaded TP Android_ASTCTargetPlatform
[2015.07.22-14.11.13:513][  0]LogTemp:Display: Loaded TP Android_ATCTargetPlatform
[2015.07.22-14.11.13:522][  0]LogTemp:Display: Loaded TP Android_DXTTargetPlatform
[2015.07.22-14.11.13:530][  0]LogTemp:Display: Loaded TP Android_ETC1TargetPlatform
[2015.07.22-14.11.13:539][  0]LogTemp:Display: Loaded TP Android_ETC2TargetPlatform
[2015.07.22-14.11.13:548][  0]LogTemp:Display: Loaded TP Android_PVRTCTargetPlatform
[2015.07.22-14.11.13:584][  0]LogTemp:Display: Loaded TP IOSTargetPlatform
[2015.07.22-14.11.13:592][  0]LogTemp:Display: Loaded TP LinuxNoEditorTargetPlatform
[2015.07.22-14.11.13:601][  0]LogTemp:Display: Loaded TP LinuxServerTargetPlatform
[2015.07.22-14.11.13:610][  0]LogTemp:Display: Loaded TP LinuxTargetPlatform
[2015.07.22-14.11.13:610][  0]LogTargetPlatformManager:Display: Building Assets For Windows
[2015.07.22-14.11.13:747][  0]LogDerivedDataCache:Display: Max Cache Size: 512 MB
[2015.07.22-14.11.13:803][  0]LogDerivedDataCache: Loaded boot cache 0.06s 61MB C:/Users/Adrien/AppData/Local/UnrealEngine/4.8/DerivedDataCache/Boot.ddc.
[2015.07.22-14.11.13:803][  0]LogDerivedDataCache:Display: Loaded Boot cache: C:/Users/Adrien/AppData/Local/UnrealEngine/4.8/DerivedDataCache/Boot.ddc
[2015.07.22-14.11.13:804][  0]LogDerivedDataCache: FDerivedDataBackendGraph:  Pak pak cache file ../../../../../UnrealEngineProject/ProjectTron/DerivedDataCache/DDC.ddp not found, will not use a pak cache.
[2015.07.22-14.11.13:804][  0]LogDerivedDataCache: Unable to find inner node Pak for hierarchical cache Hierarchy.
[2015.07.22-14.11.13:804][  0]LogDerivedDataCache: FDerivedDataBackendGraph:  CompressedPak pak cache file ../../../../../UnrealEngineProject/ProjectTron/DerivedDataCache/Compressed.ddp not found, will not use a pak cache.
[2015.07.22-14.11.13:804][  0]LogDerivedDataCache: Unable to find inner node CompressedPak for hierarchical cache Hierarchy.
[2015.07.22-14.11.13:953][  0]LogDerivedDataCache:Display: Pak cache opened for reading ../../../Engine/DerivedDataCache/Compressed.ddp.
[2015.07.22-14.11.13:965][  0]LogDerivedDataCache: Using Local data cache path C:/Users/Adrien/AppData/Local/UnrealEngine/Common/DerivedDataCache: Writable
[2015.07.22-14.11.14:165][  0]LogInit: Selected Device Profile: [Windows]
[2015.07.22-14.11.14:248][  0]ImportText (ComponentSweepMultiTests): Missing closing parenthesis: (RootShapeAsset="/Engine/BasicShapes/Cube.Cube",ShapeType="TriggerCapsule",HitResult=(Time=0.50,Location=(X=-100.000015,Y=0.0,Z=100.000015),ImpactPoint=(X=-50.0,Y=0.0,Z=50.0),Normal=(X=-1.0,Y=-0.0,Z=0.0),ImpactNormal=(X=0.0,Y=0.0,Z=1.0),TraceStart=(X=-200.0,Y=0.0,Z=200.0),TraceEnd=(X=0.0,Y=0.0,Z=0.0))
[2015.07.22-14.11.14:249][  0]ImportText (LineTraceSingleByChannelTests): Missing closing parenthesis: (RootShapeAsset="/Engine/BasicShapes/Cube.Cube",HitResult=(Time=0.50,Location=(X=-100.000015,Y=0.0,Z=100.000015),ImpactPoint=(X=-50.0,Y=0.0,Z=50.0),Normal=(X=-1.0,Y=-0.0,Z=0.0),ImpactNormal=(X=0.0,Y=0.0,Z=1.0),TraceStart=(X=-200.0,Y=0.0,Z=200.0),TraceEnd=(X=0.0,Y=0.0,Z=0.0))
[2015.07.22-14.11.14:269][  0]LogMeshUtilities: No automatic mesh reduction module available
[2015.07.22-14.11.14:269][  0]LogMeshUtilities: No automatic mesh merging module available
[2015.07.22-14.11.14:585][  0]LogInit: WinSock: version 1.1 (2.2), MaxSocks=32767, MaxUdp=65467
[2015.07.22-14.11.15:435][  0]UdpMessaging: Initializing bridge on interface 0.0.0.0:0 to multicast group 230.0.0.1:6666.
[2015.07.22-14.11.15:726][  0]SourceControl: Info Source control is disabled
[2015.07.22-14.11.15:734][  0]SourceControl: Info Source control is disabled
[2015.07.22-14.11.15:743][  0]SourceControl: Info Source control is disabled
[2015.07.22-14.11.15:751][  0]SourceControl: Info Source control is disabled
[2015.07.22-14.11.15:922][  0]LogObj: 26273 objects as part of root set at end of initial load.
[2015.07.22-14.11.15:922][  0]LogUObjectAllocator: 5409248 out of 0 bytes used by permanent object pool.
[2015.07.22-14.11.15:986][  0]LogEngine: Initializing Engine...
[2015.07.22-14.11.15:988][  0]LogHMD: Can't find Oculus library dev build: is proper Runtime installed? Version: 0.6.0.0
[2015.07.22-14.11.15:988][  0]LogHMD:Warning: SteamVR failed to initialize.  Error: 110
[2015.07.22-14.11.16:135][  0]LogAIModule: Creating AISystem for world NewWorld
[2015.07.22-14.11.16:141][  0]LogInit: XAudio2 using 'Haut-parleurs (2- Plantronics GameCom 780)' : 6 channels at 44.1 kHz using 16 bits per sample (channel mask 0x60f)
[2015.07.22-14.11.16:171][  0]LogInit: FAudioDevice initialized.
[2015.07.22-14.11.16:208][  0]LogDerivedDataCache: Saved boot cache 0.04s 53MB C:/Users/Adrien/AppData/Local/UnrealEngine/4.8/DerivedDataCache/Boot.ddc.
[2015.07.22-14.11.16:212][  0]LogInit: Texture streaming: Disabled
[2015.07.22-14.11.16:230][  0]LogAnalytics: Creating configured Analytics provider AnalyticsET
[2015.07.22-14.11.16:230][  0]LogAnalytics: [UEEditor.Rocket.Release] APIServer = http://et2.epicgames.com/ET2/. AppVersion = 4.8.2-2614606+++depot+UE4-Releases+4.8
[2015.07.22-14.11.16:230][  0]LogAnalytics: [UEEditor.Rocket.Release] SetUserId 2e87543741be94097c1db6846465a91d|d27d10dde35e45258d9f88e0d3b9cd63|7789eb87-d837-4324-a798-0149adb08d39
[2015.07.22-14.11.16:230][  0]LogAnalytics: [UEEditor.Rocket.Release] AnalyticsET::StartSession
[2015.07.22-14.11.16:259][  0]LogInit: Transaction tracking system initialized
[2015.07.22-14.11.16:379][  0]BlueprintLog: New page: Editor Load
[2015.07.22-14.11.16:411][  0]LogAssetRegistry: FAssetRegistry took 0.0113 seconds to start up
[2015.07.22-14.11.16:411][  0]LogDirectoryWatcher:Warning: Failed to begin reading directory changes for ../../../Engine/Plugins/Experimental/CharacterAI/Content/. Error: 0
[2015.07.22-14.11.16:955][  0]LogConsoleManager:Warning: Console variable 'r.VSync' wasn't set ('GameSetting' has a lower priority than 'SystemSettingsIni')
[2015.07.22-14.11.16:956][  0]LogConsoleResponse:Display: 
[2015.07.22-14.11.17:057][  0]LogCook:Display: Done creating registry. It took  0.00s.
[2015.07.22-14.11.17:196][  0]SourceControl: Info Source control is disabled
[2015.07.22-14.11.17:196][  0]Cmd: MAP LOAD FILE="../../../../../UnrealEngineProject/ProjectTron/Content/StarterContent/Maps/Minimal_Default.umap" TEMPLATE=0 SHOWPROGRESS=1 FEATURELEVEL=3
[2015.07.22-14.11.17:197][  0]LightingResults: New page: Lighting Build
[2015.07.22-14.11.17:208][  0]MapCheck: New page: Map Check
[2015.07.22-14.11.17:208][  0]LightingResults: New page: Lighting Build
[2015.07.22-14.11.17:219][  0]LogParticles: Destroying 0 GPU particle simulations for FXSystem 0x000000A23304CB80
[2015.07.22-14.11.17:897][  0]LogAIModule: Creating AISystem for world Minimal_Default
[2015.07.22-14.11.17:905][  0]LogEditorServer: Finished looking for orphan Actors (0.000 secs)
[2015.07.22-14.11.17:923][  0]Cmd: MAP CHECKDEP NOCLEARLOG
[2015.07.22-14.11.17:952][  0]MapCheck: Info Map check complete: 0 Error(s), 0 Warning(s), took 28,98ms to complete.
[2015.07.22-14.11.17:952][  0]LogFileHelpers: Loading map 'Minimal_Default' took 0.755
[2015.07.22-14.11.18:071][  0]LogCollectionManager: Loaded 0 collections in 0.001183 seconds
[2015.07.22-14.11.18:079][  0]LogContentBrowser: Native class hierarchy populated in 0.0078 seconds. Added 1792 classes and 301 folders.
[2015.07.22-14.11.18:108][  0]LogContentBrowser: Native class hierarchy updated for 'WidgetCarousel' in 0.0003 seconds. Added 0 classes and 0 folders.
[2015.07.22-14.11.18:129][  0]LogContentBrowser: Native class hierarchy updated for 'AddContentDialog' in 0.0003 seconds. Added 0 classes and 0 folders.
[2015.07.22-14.11.18:140][  0]LogContentBrowser: Native class hierarchy updated for 'SceneOutliner' in 0.0004 seconds. Added 1 classes and 2 folders.
[2015.07.22-14.11.18:170][  0]LogCrashTracker: Crashtracker disabled due to settings.
[2015.07.22-14.11.18:170][  0]LogD3D11RHI: InitD3DDevice
[2015.07.22-14.11.18:174][  0]LogUObjectGlobals:Warning: Failed to find object 'Class None.'
[2015.07.22-14.11.18:197][  0]LogLoad: Full Startup: 7.94 seconds (BP compile: 0.14 seconds)
[2015.07.22-14.11.18:206][  0]LogWindowsTextInputMethodSystem:Display: IME system now deactivated.
[2015.07.22-14.11.18:265][  0]LogContentStreaming: Texture pool size is 0.000000MB
[2015.07.22-14.11.18:314][  0]LogContentStreaming: Texture pool size now 1000 MB
[2015.07.22-14.11.18:457][  0]LogRenderer: Reallocating scene render targets to support 1208x600 (Frame:2).
[2015.07.22-14.11.18:798][  8]LogAssetRegistry: Asset discovery search completed in 2.3993 seconds
[2015.07.22-14.11.19:291][ 44]LogD3D11RHI: InitD3DDevice
[2015.07.22-14.11.26:309][603]LogD3D11RHI: InitD3DDevice
[2015.07.22-14.11.26:644][636]LogD3D11RHI: InitD3DDevice
[2015.07.22-14.11.28:608][859]LogD3D11RHI: InitD3DDevice
[2015.07.22-14.11.29:119][917]LogContentBrowser: Native class hierarchy updated for 'DestructibleMeshEditor' in 0.0003 seconds. Added 1 classes and 2 folders.
[2015.07.22-14.11.29:120][917]LogDestructible:Warning: MainMesh Tris: 4096
[2015.07.22-14.11.29:232][917]LogPhysics:Warning: PHYSX: ..\..\PhysXCooking\src\convex\ConvexHullBuilder.cpp (1479) 32 : ConvexHullBuilder: convex hull has more than 255 polygons!
[2015.07.22-14.11.29:233][917]LogPhysics:Warning: P