[2015.07.24-12.55.48:621][  0]Log file open, 07/24/15 14:55:48
[2015.07.24-12.55.48:621][  0]LogInit:Display: Running engine for game: ProjectTron
[2015.07.24-12.55.48:621][  0]LogInit:Display: RandInit(557475661) SRandInit(557475661).
[2015.07.24-12.55.48:621][  0]LogTaskGraph: Started task graph with 4 named threads and 7 total threads.
[2015.07.24-12.55.48:621][  0]LogStats: Stats thread started
[2015.07.24-12.55.48:621][  0]LogInit: Version: 4.8.2-2614606+++depot+UE4-Releases+4.8
[2015.07.24-12.55.48:621][  0]LogInit: API Version: 2579680
[2015.07.24-12.55.48:621][  0]LogInit: Compiled (64-bit): Jul  8 2015 23:43:41
[2015.07.24-12.55.48:621][  0]LogInit: Compiled with Visual C++: 18.00.21005.01
[2015.07.24-12.55.48:621][  0]LogInit: Build Configuration: Development
[2015.07.24-12.55.48:621][  0]LogInit: Branch Name: ++depot+UE4-Releases+4.8
[2015.07.24-12.55.48:621][  0]LogInit: Command line:  
[2015.07.24-12.55.48:621][  0]LogInit: Base directory: D:/UnrealEngine/4.8/Engine/Binaries/Win64/
[2015.07.24-12.55.48:621][  0]LogInit: Rocket: 1
[2015.07.24-12.55.48:632][  0]LogInit: Using libcurl 7.41.0
[2015.07.24-12.55.48:632][  0]LogInit:  - built for x86_64-pc-win32
[2015.07.24-12.55.48:632][  0]LogInit:  - supports SSL with WinSSL
[2015.07.24-12.55.48:632][  0]LogInit:  - other features:
[2015.07.24-12.55.48:632][  0]LogInit:      CURL_VERSION_SSL
[2015.07.24-12.55.48:632][  0]LogInit:      CURL_VERSION_IPV6
[2015.07.24-12.55.48:632][  0]LogInit:      CURL_VERSION_ASYNCHDNS
[2015.07.24-12.55.48:632][  0]LogInit:      CURL_VERSION_LARGEFILE
[2015.07.24-12.55.48:632][  0]LogInit:      CURL_VERSION_IDN
[2015.07.24-12.55.48:632][  0]LogInit:  CurlRequestOptions (configurable via config and command line):
[2015.07.24-12.55.48:632][  0]LogInit:  - bVerifyPeer = true  - Libcurl will verify peer certificate
[2015.07.24-12.55.48:632][  0]LogInit:  - bUseHttpProxy = false  - Libcurl will NOT use HTTP proxy
[2015.07.24-12.55.48:632][  0]LogInit:  - bDontReuseConnections = false  - Libcurl will reuse connections
[2015.07.24-12.55.48:632][  0]LogInit:  - CertBundlePath = nullptr  - Libcurl will use whatever was configured at build time.
[2015.07.24-12.55.48:640][  0]LogOnline:Warning: No default platform service specified for OnlineSubsystem
[2015.07.24-12.55.48:650][  0]LogInit: Presizing for 0 objects not considered by GC, pre-allocating 0 bytes.
[2015.07.24-12.55.48:656][  0]LogInit: Object subsystem initialized
[2015.07.24-12.55.48:657][  0]LogConsoleResponse:Warning: Skipping Unknown console variable: 'TranslucentSortAxis = (X=0.000000,Y=-1.000000,Z=0.000000)'
[2015.07.24-12.55.48:657][  0]LogConsoleResponse:Warning:   Found in ini file 'D:/UnrealEngineProject/ProjectTron/Saved/Config/Windows/Engine.ini', in section '[/Script/Engine.RendererSettings]'
[2015.07.24-12.55.48:657][  0]LogConsoleResponse:Warning: Skipping Unknown console variable: 'UIScaleRule = ShortestSide'
[2015.07.24-12.55.48:657][  0]LogConsoleResponse:Warning:   Found in ini file 'D:/UnrealEngineProject/ProjectTron/Saved/Config/Windows/Engine.ini', in section '[/Script/Engine.RendererSettings]'
[2015.07.24-12.55.48:657][  0]LogConsoleResponse:Warning: Skipping Unknown console variable: 'UIScaleCurve = (EditorCurveData=(Keys=),ExternalCurve=None)'
[2015.07.24-12.55.48:657][  0]LogConsoleResponse:Warning:   Found in ini file 'D:/UnrealEngineProject/ProjectTron/Saved/Config/Windows/Engine.ini', in section '[/Script/Engine.RendererSettings]'
[2015.07.24-12.55.48:657][  0]LogInit: Selected Device Profile: [Windows]
[2015.07.24-12.55.48:657][  0]LogInit: Applying CVar settings loaded from the selected device profile: [Windows]
[2015.07.24-12.55.48:663][  0]LogInit: Computer: FIELDRAIN-PC
[2015.07.24-12.55.48:663][  0]LogInit: User: Adrien
[2015.07.24-12.55.48:663][  0]LogInit: CPU Page size=4096, Cores=4
[2015.07.24-12.55.48:663][  0]LogInit: High frequency timer resolution =2.338343 MHz
[2015.07.24-12.55.48:663][  0]LogMemory: Memory total: Physical=15.9GB (16GB approx)
[2015.07.24-12.55.48:663][  0]LogMemory: Platform Memory Stats for Windows
[2015.07.24-12.55.48:663][  0]LogMemory: Process Physical Memory: 49.61 MB used, 49.61 MB peak
[2015.07.24-12.55.48:663][  0]LogMemory: Process Virtual Memory: 22.34 MB used, 25.23 MB peak
[2015.07.24-12.55.48:663][  0]LogMemory: Physical Memory: 4190.70 MB used, 16271.36 MB total
[2015.07.24-12.55.48:663][  0]LogMemory: Virtual Memory: 291.79 MB used, 134217728.00 MB total
[2015.07.24-12.55.48:698][  0]LogTextLocalizationManager: The requested culture ('en_150') has no localization data; parent culture's ('en') localization data will be used.
[2015.07.24-12.55.48:919][  0]LogTextLocalizationManager:Warning: Loaded localization resources contain conflicting entries for (Namespace:ContentBrowser, Key:ImportAssetToolTip):
Localization Resource: (D:/UnrealEngine/4.8/Engine/Content/Localization/Editor/en/Editor.locres) Source String Hash: (-630476809) Localized String: (Import to {0}...)
Localization Resource: (D:/UnrealEngine/4.8/Engine/Content/Localization/Editor/en/Editor.locres) Source String Hash: (1271782899) Localized String: (Imports an asset from file to this folder.)
[2015.07.24-12.55.49:504][  0]LogD3D11RHI: Found D3D11 adapter 0: Intel(R) HD Graphics 4600 (Feature Level 11_0)
[2015.07.24-12.55.49:504][  0]LogD3D11RHI: Adapter has 0MB of dedicated video memory, 0MB of dedicated system memory, and 1792MB of shared system memory, 2 output[s]
[2015.07.24-12.55.49:535][  0]LogD3D11RHI: Found D3D11 adapter 1: NVIDIA GeForce GTX 780M (Feature Level 11_0)
[2015.07.24-12.55.49:535][  0]LogD3D11RHI: Adapter has 3995MB of dedicated video memory, 0MB of dedicated system memory, and 8135MB of shared system memory, 0 output[s]
[2015.07.24-12.55.49:536][  0]LogD3D11RHI: Found D3D11 adapter 2: Microsoft Basic Render Driver (Feature Level 11_0)
[2015.07.24-12.55.49:536][  0]LogD3D11RHI: Adapter has 0MB of dedicated video memory, 0MB of dedicated system memory, and 256MB of shared system memory, 0 output[s]
[2015.07.24-12.55.49:536][  0]LogD3D11RHI: Chosen D3D11 Adapter Id = 0
[2015.07.24-12.55.49:541][  0]LogD3D11RHI: InitD3DDevice
[2015.07.24-12.55.49:541][  0]LogD3D11RHI: !Direct3DDevice
[2015.07.24-12.55.49:541][  0]LogRHI: Texture pool is 1361 MB (70% of 1945 MB)
[2015.07.24-12.55.49:565][  0]LogD3D11RHI: Async texture creation enabled
[2015.07.24-12.55.50:037][  0]LogShaderCompilers:Display: Using Local Shader Compiler.
[2015.07.24-12.55.50:861][  0]LogTemp:Display: Loaded TP DesktopTargetPlatform
[2015.07.24-12.55.50:872][  0]LogTemp:Display: Loaded TP WindowsClientTargetPlatform
[2015.07.24-12.55.50:882][  0]LogTemp:Display: Loaded TP WindowsNoEditorTargetPlatform
[2015.07.24-12.55.50:892][  0]LogTemp:Display: Loaded TP WindowsServerTargetPlatform
[2015.07.24-12.55.50:903][  0]LogTemp:Display: Loaded TP WindowsTargetPlatform
[2015.07.24-12.55.50:912][  0]LogTemp:Display: Loaded TP AndroidTargetPlatform
[2015.07.24-12.55.50:921][  0]LogTemp:Display: Loaded TP Android_ASTCTargetPlatform
[2015.07.24-12.55.50:929][  0]LogTemp:Display: Loaded TP Android_ATCTargetPlatform
[2015.07.24-12.55.50:937][  0]LogTemp:Display: Loaded TP Android_DXTTargetPlatform
[2015.07.24-12.55.50:946][  0]LogTemp:Display: Loaded TP Android_ETC1TargetPlatform
[2015.07.24-12.55.50:954][  0]LogTemp:Display: Loaded TP Android_ETC2TargetPlatform
[2015.07.24-12.55.50:964][  0]LogTemp:Display: Loaded TP Android_PVRTCTargetPlatform
[2015.07.24-12.55.51:001][  0]LogTemp:Display: Loaded TP IOSTargetPlatform
[2015.07.24-12.55.51:010][  0]LogTemp:Display: Loaded TP LinuxNoEditorTargetPlatform
[2015.07.24-12.55.51:019][  0]LogTemp:Display: Loaded TP LinuxServerTargetPlatform
[2015.07.24-12.55.51:030][  0]LogTemp:Display: Loaded TP LinuxTargetPlatform
[2015.07.24-12.55.51:030][  0]LogTargetPlatformManager:Display: Building Assets For Windows
[2015.07.24-12.55.51:175][  0]LogDerivedDataCache:Display: Max Cache Size: 512 MB
[2015.07.24-12.55.51:229][  0]LogDerivedDataCache: Loaded boot cache 0.05s 53MB C:/Users/Adrien/AppData/Local/UnrealEngine/4.8/DerivedDataCache/Boot.ddc.
[2015.07.24-12.55.51:229][  0]LogDerivedDataCache:Display: Loaded Boot cache: C:/Users/Adrien/AppData/Local/UnrealEngine/4.8/DerivedDataCache/Boot.ddc
[2015.07.24-12.55.51:230][  0]LogDerivedDataCache: FDerivedDataBackendGraph:  Pak pak cache file ../../../../../UnrealEngineProject/ProjectTron/DerivedDataCache/DDC.ddp not found, will not use a pak cache.
[2015.07.24-12.55.51:230][  0]LogDerivedDataCache: Unable to find inner node Pak for hierarchical cache Hierarchy.
[2015.07.24-12.55.51:230][  0]LogDerivedDataCache: FDerivedDataBackendGraph:  CompressedPak pak cache file ../../../../../UnrealEngineProject/ProjectTron/DerivedDataCache/Compressed.ddp not found, will not use a pak cache.
[2015.07.24-12.55.51:230][  0]LogDerivedDataCache: Unable to find inner node CompressedPak for hierarchical cache Hierarchy.
[2015.07.24-12.55.51:380][  0]LogDerivedDataCache:Display: Pak cache opened for reading ../../../Engine/DerivedDataCache/Compressed.ddp.
[2015.07.24-12.55.51:392][  0]LogDerivedDataCache: Using Local data cache path C:/Users/Adrien/AppData/Local/UnrealEngine/Common/DerivedDataCache: Writable
[2015.07.24-12.55.51:606][  0]LogInit: Selected Device Profile: [Windows]
[2015.07.24-12.55.51:703][  0]ImportText (ComponentSweepMultiTests): Missing closing parenthesis: (RootShapeAsset="/Engine/BasicShapes/Cube.Cube",ShapeType="TriggerCapsule",HitResult=(Time=0.50,Location=(X=-100.000015,Y=0.0,Z=100.000015),ImpactPoint=(X=-50.0,Y=0.0,Z=50.0),Normal=(X=-1.0,Y=-0.0,Z=0.0),ImpactNormal=(X=0.0,Y=0.0,Z=1.0),TraceStart=(X=-200.0,Y=0.0,Z=200.0),TraceEnd=(X=0.0,Y=0.0,Z=0.0))
[2015.07.24-12.55.51:703][  0]ImportText (LineTraceSingleByChannelTests): Missing closing parenthesis: (RootShapeAsset="/Engine/BasicShapes/Cube.Cube",HitResult=(Time=0.50,Location=(X=-100.000015,Y=0.0,Z=100.000015),ImpactPoint=(X=-50.0,Y=0.0,Z=50.0),Normal=(X=-1.0,Y=-0.0,Z=0.0),ImpactNormal=(X=0.0,Y=0.0,Z=1.0),TraceStart=(X=-200.0,Y=0.0,Z=200.0),TraceEnd=(X=0.0,Y=0.0,Z=0.0))
[2015.07.24-12.55.51:729][  0]LogMeshUtilities: No automatic mesh reduction module available
[2015.07.24-12.55.51:729][  0]LogMeshUtilities: No automatic mesh merging module available
[2015.07.24-12.55.52:068][  0]LogInit: WinSock: version 1.1 (2.2), MaxSocks=32767, MaxUdp=65467
[2015.07.24-12.55.52:938][  0]UdpMessaging: Initializing bridge on interface 0.0.0.0:0 to multicast group 230.0.0.1:6666.
[2015.07.24-12.55.53:212][  0]SourceControl: Info Source control is disabled
[2015.07.24-12.55.53:220][  0]SourceControl: Info Source control is disabled
[2015.07.24-12.55.53:227][  0]SourceControl: Info Source control is disabled
[2015.07.24-12.55.53:234][  0]SourceControl: Info Source control is disabled
[2015.07.24-12.55.53:393][  0]LogObj: 26273 objects as part of root set at end of initial load.
[2015.07.24-12.55.53:393][  0]LogUObjectAllocator: 5409256 out of 0 bytes used by permanent object pool.
[2015.07.24-12.55.53:455][  0]LogEngine: Initializing Engine...
[2015.07.24-12.55.53:456][  0]LogHMD: Can't find Oculus library dev build: is proper Runtime installed? Version: 0.6.0.0
[2015.07.24-12.55.53:457][  0]LogHMD:Warning: SteamVR failed to initialize.  Error: 110
[2015.07.24-12.55.53:582][  0]LogAIModule: Creating AISystem for world NewWorld
[2015.07.24-12.55.53:587][  0]LogInit: XAudio2 using 'Haut-parleurs (2- Plantronics GameCom 780)' : 6 channels at 44.1 kHz using 16 bits per sample (channel mask 0x60f)
[2015.07.24-12.55.53:594][  0]LogInit: FAudioDevice initialized.
[2015.07.24-12.55.53:626][  0]LogDerivedDataCache: Saved boot cache 0.03s 53MB C:/Users/Adrien/AppData/Local/UnrealEngine/4.8/DerivedDataCache/Boot.ddc.
[2015.07.24-12.55.53:629][  0]LogInit: Texture streaming: Disabled
[2015.07.24-12.55.53:644][  0]LogAnalytics: Creating configured Analytics provider AnalyticsET
[2015.07.24-12.55.53:644][  0]LogAnalytics: [UEEditor.Rocket.Release] APIServer = http://et2.epicgames.com/ET2/. AppVersion = 4.8.2-2614606+++depot+UE4-Releases+4.8
[2015.07.24-12.55.53:644][  0]LogAnalytics: [UEEditor.Rocket.Release] SetUserId 2e87543741be94097c1db6846465a91d|d27d10dde35e45258d9f88e0d3b9cd63|7789eb87-d837-4324-a798-0149adb08d39
[2015.07.24-12.55.53:644][  0]LogAnalytics: [UEEditor.Rocket.Release] AnalyticsET::StartSession
[2015.07.24-12.55.53:670][  0]LogInit: Transaction tracking system initialized
[2015.07.24-12.55.53:762][  0]BlueprintLog: New page: Editor Load
[2015.07.24-12.55.53:788][  0]LogAssetRegistry: FAssetRegistry took 0.0105 seconds to start up
[2015.07.24-12.55.53:788][  0]LogDirectoryWatcher:Warning: Failed to begin reading directory changes for ../../../Engine/Plugins/Experimental/CharacterAI/Content/. Error: 0
[2015.07.24-12.55.54:330][  0]LogConsoleManager:Warning: Console variable 'r.VSync' wasn't set ('GameSetting' has a lower priority than 'SystemSettingsIni')
[2015.07.24-12.55.54:330][  0]LogConsoleResponse:Display: 
[2015.07.24-12.55.54:425][  0]LogCook:Display: Done creating registry. It took  0.00s.
[2015.07.24-12.55.54:552][  0]SourceControl: Info Source control is disabled
[2015.07.24-12.55.54:553][  0]Cmd: MAP LOAD FILE="../../../../../UnrealEngineProject/ProjectTron/Content/StarterContent/Maps/Minimal_Default.umap" TEMPLATE=0 SHOWPROGRESS=1 FEATURELEVEL=3
[2015.07.24-12.55.54:553][  0]LightingResults: New page: Lighting Build
[2015.07.24-12.55.54:570][  0]MapCheck: New page: Map Check
[2015.07.24-12.55.54:570][  0]LightingResults: New page: Lighting Build
[2015.07.24-12.55.54:583][  0]LogParticles: Destroying 0 GPU particle simulations for FXSystem 0x000000D21F3A0B80
[2015.07.24-12.55.55:412][  0]LogAIModule: Creating AISystem for world Minimal_Default
[2015.07.24-12.55.55:426][  0]LogEditorServer: Finished looking for orphan Actors (0.000 secs)
[2015.07.24-12.55.55:436][  0]Cmd: MAP CHECKDEP NOCLEARLOG
[2015.07.24-12.55.55:471][  0]MapCheck: Info Map check complete: 0 Error(s), 0 Warning(s), took 35,136ms to complete.
[2015.07.24-12.55.55:471][  0]LogFileHelpers: Loading map 'Minimal_Default' took 0.919
[2015.07.24-12.55.55:603][  0]LogCollectionManager: Loaded 0 collections in 0.001343 seconds
[2015.07.24-12.55.55:609][  0]LogContentBrowser: Native class hierarchy populated in 0.0065 seconds. Added 1792 classes and 301 folders.
[2015.07.24-12.55.55:650][  0]LogContentBrowser: Native class hierarchy updated for 'WidgetCarousel' in 0.0005 seconds. Added 0 classes and 0 folders.
[2015.07.24-12.55.55:675][  0]LogContentBrowser: Native class hierarchy updated for 'AddContentDialog' in 0.0003 seconds. Added 0 classes and 0 folders.
[2015.07.24-12.55.55:691][  0]LogContentBrowser: Native class hierarchy updated for 'SceneOutliner' in 0.0005 seconds. Added 1 classes and 2 folders.
[2015.07.24-12.55.55:728][  0]LogCrashTracker: Crashtracker disabled due to settings.
[2015.07.24-12.55.55:730][  0]LogD3D11RHI: InitD3DDevice
[2015.07.24-12.55.55:735][  0]LogUObjectGlobals:Warning: Failed to find object 'Class None.'
[2015.07.24-12.55.55:758][  0]LogLoad: Full Startup: 8.32 seconds (BP compile: 0.37 seconds)
[2015.07.24-12.55.55:767][  0]LogWindowsTextInputMethodSystem:Display: IME system now deactivated.
[2015.07.24-12.55.55:850][  0]LogContentStreaming: Texture pool size is 0.000000MB
[2015.07.24-12.55.55:907][  0]LogContentStreaming: Texture pool size now 1000 MB
[2015.07.24-12.55.56:043][  0]LogRenderer: Reallocating scene render targets to support 1208x600 (Frame:2).
[2015.07.24-12.55.57:034][  7]LogD3D11RHI: InitD3DDevice
[2015.07.24-12.55.57:999][  9]LogAssetRegistry: Asset discovery search completed in 4.2220 seconds
[2015.07.24-12.56.06:614][ 67]LogD3D11RHI: InitD3DDevice
[2015.07.24-12.56.15:233][709]LogD3D11RHI: InitD3DDevice
[2015.07.24-12.56.15:291][709]LogD3D11RHI: InitD3DDevice
[2015.07.24-12.56.15:323][709]LogLinker:Warning: Asset '../../../Engine/Content/ArtTools/RenderToTexture/Macros/RenderToTextureMacros.uasset' has been saved with empty engine version. The asset will be loaded but may be incompatible.
[2015.07.24-12.56.15:399][709]LogLinker:Warning: Asset '../../../Engine/Content/ArtTools/RenderToTexture/Enums/RenderToTexture_Enum.uasset' has been saved with empty engine version. The asset will be loaded but may be incompatible.
[2015.07.24-12.56.23:295][ 57]LogD3D11RHI: InitD3DDevice
[2015.07.24-12.56.23:329][ 57]Cmd: OBJ SAVEPACKAGE PACKAGE="/Game/Character/Blueprint/Character_BP" FILE="../../../../../UnrealEngineProject/ProjectTron/Content/Character/Blueprint/Character_BP.uasset" SILENT=true
[2015.07.24-12.56.23:451][ 57]LogSavePackage: Save=109.450584ms
[2015.07.24-12.56.23:451][ 57]LogSavePackage: Moving '../../../../../UnrealEngineProject/ProjectTron/Saved/Character_BP5D92C44647A57F5C72B4A6BA8D2A5079.tmp' to '../../../../../UnrealEngineProject/ProjectTron/Content/Character/Blueprint/Character_BP.uasset'
[2015.07.24-12.56.23:600][ 65]BlueprintLog: New page: Compile Character_BP
[2015.07.24-12.56.23:877][ 65]LogActorComponent: UnregisterComponent: (/Engine/Transient.CharMoveComp) Not registered. Aborting.
[2015.07.24-12.56.24:041][ 65]BlueprintEditorCompileResults: Info [0036,60] Compile of Character_BP successful! [in 439 ms]
[2015.07.24-12.56.26:316][190]BlueprintLog: New page: Pre-PIE auto-recompile
[2015.07.24-12.56.26:327][190]LogPlayLevel: [PIE] Compiling Minimal_Default before PIE...
[2015.07.24-12.56.26:389][190]LogActorComponent: UnregisterComponent: (/Engine/Transient.CharMoveComp) Not registered. Aborting.
[2015.07.24-12.56.26:423][190]LogPlayLevel: PIE:  Blueprint regeneration took 107 ms (1 blueprints)
[2015.07.24-12.56.26:430][190]PIE: New page: PIE session: Minimal_Default (24 Jul 2015 16:56:26)
[2015.07.24-12.56.26:430][190]LogPlayLevel: Creating play world package: /Game/StarterContent/Maps/UEDPIE_1_Minimal_Default
[2015.07.24-12.56.26:437][190]LogPlayLevel: PIE: StaticDuplicateObject took: (0.007011s)
[2015.07.24-12.56.26:438][190]LogAIModule: Creating AISystem for world Minimal_Default
[2015.07.24-12.56.26:438][190]LogPlayLevel: PIE: World Init took: (0.001010s)
[2015.07.24-12.56.26:438][190]LogPlayLevel: PIE: Created PIE world by copying editor world from /Game/StarterContent/Maps/Minimal_Default.Minimal_Default to /Game/StarterContent/Maps/UEDPIE_1_Minimal_Default.Minimal_Default (0.008246s)
[2015.07.24-12.56.26:471][190]LogInit: XAudio2 using 'Haut-parleurs (2- Plantronics GameCom 780)' : 6 channels at 44.1 kHz using 16 bits per sample (channel mask 0x60f)
[2015.07.24-12.56.26:477][190]LogInit: FAudioDevice initialized.
[2015.07.24-12.56.26:604][190]LogWorld: Game class is 'GameMode_BP_C'
[2015.07.24-12.56.26:615][190]LogWorld: Bringing World /Game/StarterContent/Maps/UEDPIE_1_Minimal_Default.Minimal_Default up for play (max tick rate 0) at 2015.07.24-14.56.26
[2015.07.24-12.56.26:615][190]LogActor:Warning: GameSession /Game/StarterContent/Maps/UEDPIE_1_Minimal_Default.Minimal_Default:PersistentLevel.GameSession_0 has natively added scene component(s), but none of them were set as the actor's RootComponent - picking one arbitrarily
[2015.07.24-12.56.26:616][190]LogActor:Warning: GameNetworkManager /Game/StarterContent/Maps/UEDPIE_1_Minimal_Default.Minimal_Default:PersistentLevel.GameNetworkManager_0 has natively added scene component(s), but none of them were set as the actor's RootComponent - picking one arbitrarily
[2015.07.24-12.56.26:616][190]LogWorld: Bringing up level for play took: 0.010393
[2015.07.24-12.56.26:618][190]LogInit: WinSock: Socket queue 131072 / 131072
[2015.07.24-12.56.26:620][190]LogInit: WinSock: I am Fieldrain-PC (192.168.0.13:0)
[2015.07.24-12.56.26:620][190]LogNet: GameNetDriver IpNetDriver_0 IpNetDriver listening on port 7777
[2015.07.24-12.56.26:640][190]PIE: Info Play in editor start time for /Game/StarterContent/Maps/UEDPIE_1_Minimal_Default 0,495
[2015.07.24-12.56.26:644][190]PIE: New page: PIE session: Minimal_Default (24 Jul 2015 16:56:26)
[2015.07.24-12.56.26:651][190]LogD3D11RHI: InitD3DDevice
[2015.07.24-12.56.26:701][190]LogNet: Browse: 127.0.0.1//Game/StarterContent/Maps/Minimal_Default
[2015.07.24-12.56.26:702][190]LogInit: WinSock: Socket queue 32768 / 32768
[2015.07.24-12.56.26:702][190]LogNet: Game client on port 7777, rate 10000
[2015.07.24-12.56.26:702][190]LogNet: GetLocalNetworkVersion: GEngineNetVersion: 2614606, ProjectName: projecttron, ProjectVersion: 1.0.0.0, InternalProtocolVersion: 8, LocalNetworkVersion: 432835728
[2015.07.24-12.56.26:766][190]PIE: Info Play in editor start time for /Game/StarterContent/Maps/Minimal_Default 0,62
[2015.07.24-12.56.26:773][190]LogNet: NotifyAcceptingConnection: Server Minimal_Default accept
[2015.07.24-12.56.26:773][190]LogNet: Open Minimal_Default 07/24/15 14:56:26 127.0.0.1
[2015.07.24-12.56.26:773][190]LogNet: Added client connection.  Remote address = 127.0.0.1:59200
[2015.07.24-12.56.26:773][190]LogNet: NotifyAcceptingChannel Control 0 server World /Game/StarterContent/Maps/UEDPIE_1_Minimal_Default.Minimal_Default: Accepted
[2015.07.24-12.56.26:773][190]LogNet: Remote platform little endian=1
[2015.07.24-12.56.26:773][190]LogNet: This platform little endian=1
[2015.07.24-12.56.26:773][190]LogNet: GetLocalNetworkVersion: GEngineNetVersion: 2614606, ProjectName: projecttron, ProjectVersion: 1.0.0.0, InternalProtocolVersion: 8, LocalNetworkVersion: 432835728
[2015.07.24-12.56.26:851][191]LogNet: Login request: /Game/StarterContent/Maps/Minimal_Default userId: Invalid
[2015.07.24-12.56.26:853][191]LogNet: Welcomed by server (Level: /Game/StarterContent/Maps/UEDPIE_1_Minimal_Default, Game: /Game/GameMode/GameMode_BP.GameMode_BP_C)
[2015.07.24-12.56.26:888][191]LogLoad: LoadMap: 127.0.0.1//Game/StarterContent/Maps/UEDPIE_1_Minimal_Default?game=/Game/GameMode/GameMode_BP.GameMode_BP_C
[2015.07.24-12.56.26:915][191]LogParticles: Destroying 0 GPU particle simulations for FXSystem 0x000000D236AF0360
[2015.07.24-12.56.26:930][191]Cmd: MEM
[2015.07.24-12.56.26:960][191]LogMemory: Platform Memory Stats for Windows
[2015.07.24-12.56.26:960][191]LogMemory: Process Physical Memory: 635.44 MB used, 643.75 MB peak
[2015.07.24-12.56.26:960][191]LogMemory: Process Virtual Memory: 1351.01 MB used, 1352.26 MB peak
[2015.07.24-12.56.26:960][191]LogMemory: Physical Memory: 4871.98 MB used, 16271.36 MB total
[2015.07.24-12.56.26:960][191]LogMemory: Virtual Memory: 2009.29 MB used, 134217728.00 MB total
[2015.07.24-12.56.26:960][191]LogMemory: 
[2015.07.24-12.56.26:960][191]Allocator Stats for TBB: (not implemented)
[2015.07.24-12.56.26:960][191]LogLinker: Can't find file for asset '/Game/StarterContent/Maps/UEDPIE_1_Minimal_Default' while loading NULL.
[2015.07.24-12.56.26:967][191]LogWorld: PIE: Copying PIE streaming level from /Game/StarterContent/Maps/Minimal_Default.Minimal_Default to /Game/StarterContent/Maps/UEDPIE_2_Minimal_Default.Minimal_Default. OwningWorld: None
[2015.07.24-12.56.26:968][191]LogAIModule: Creating AISystem for world Minimal_Default
[2015.07.24-12.56.26:977][191]LogWorld: Bringing World /Game/StarterContent/Maps/UEDPIE_2_Minimal_Default.Minimal_Default up for play (max tick rate 0) at 2015.07.24-14.56.26
[2015.07.24-12.56.26:977][191]LogWorld: Bringing up level for play took: 0.006080
[2015.07.24-12.56.27:025][192]LogRenderer: Reallocating scene render targets to support 1280x720 (Frame:1118).
[2015.07.24-12.56.27:027][192]LogNet: Client netspeed is 10000
[2015.07.24-12.56.27:027][192]LogNet: Join request: /Game/StarterContent/Maps/Minimal_Default?SplitscreenCount=1
[2015.07.24-12.56.27:033][192]LogNet: Join succeeded: 257
[2015.07.24-12.56.29:867][321]LogSpawn:Warning: SpawnActor failed because we are in the process of tearing down the world
[2015.07.24-12.56.29:939][321]LogNet: UChannel::CleanUp: [GameNetDriver] [None] [None]. ChIndex == 0. Closing connection.
[2015.07.24-12.56.29:939][321]LogNet: UNetConnection::Close: Name: IpConnection_1, Driver: GameNetDriver IpNetDriver_0, PC: None, Owner: None, Channels: 2, RemoteAddr: 127.0.0.1:59200, Time: 2015.07.24-12.56.29
[2015.07.24-12.56.29:939][321]LogNet: UChannel::Close: Sending CloseBunch. ChIndex == 0. Name: ControlChannel_1
[2015.07.24-12.56.29:939][321]LogNet: UChannel::CleanUp: [GameNetDriver] [None] [None]. ChIndex == 0. Closing connection.
[2015.07.24-12.56.29:939][321]LogNet: UNetConnection::Close: Name: IpConnection_0, Driver: GameNetDriver IpNetDriver_1, PC: None, Owner: None, Channels: 2, RemoteAddr: 127.0.0.1:7777, Time: 2015.07.24-12.56.29
[2015.07.24-12.56.29:939][321]LogNet: UChannel::Close: Sending CloseBunch. ChIndex == 0. Name: ControlChannel_0
[2015.07.24-12.56.29:942][321]LogExit: GameNetDriver None shut down
[2015.07.24-12.56.29:943][321]LogExit: GameNetDriver None shut down
[2015.07.24-12.56.29:943][321]LogParticles: Destroying 0 GPU particle simulations for FXSystem 0x000000D2033745E0
[2015.07.24-12.56.29:982][322]LogParticles: Destroying 0 GPU particle simulations for FXSystem 0x000000D224828CC0
[2015.07.24-12.56.38:952][810]LogD3D11RHI: InitD3DDevice
[2015.07.24-12.56.38:991][810]Cmd: OBJ SAVEPACKAGE PACKAGE="/Game/Character/Blueprint/Character_BP" FILE="../../../../../UnrealEngineProject/ProjectTron/Content/Character/Blueprint/Character_BP.uasset" SILENT=true
[2015.07.24-12.56.39:115][810]LogSavePackage: Save=111.999397ms
[2015.07.24-12.56.39:115][810]LogSavePackage: Moving '../../../../../UnrealEngineProject/ProjectTron/Saved/Character_BP81EA564540E30CA11018DFB09E985F9A.tmp' to '../../../../../UnrealEngineProject/ProjectTron/Content/Character/Blueprint/Character_BP.uasset'
[2015.07.24-12.56.39:329][822]BlueprintLog: New page: Compile Character_BP
[2015.07.24-12.56.39:610][822]LogActorComponent: UnregisterComponent: (/Engine/Transient.CharMoveComp) Not registered. Aborting.
[2015.07.24-12.56.39:671][822]BlueprintEditorCompileResults: Info [0052,23] Compile of Character_BP successful! [in 341 ms]
[2015.07.24-12.56.42:757][990]BlueprintLog: New page: Pre-PIE auto-recompile
[2015.07.24-12.56.42:767][990]LogPlayLevel: [PIE] Compiling Minimal_Default before PIE...
[2015.07.24-12.56.42:824][990]LogActorComponent: UnregisterComponent: (/Engine/Transient.CharMoveComp) Not registered. Aborting.
[2015.07.24-12.56.42:860][990]LogPlayLevel: PIE:  Blueprint regeneration took 103 ms (1 blueprints)
[2015.07.24-12.56.42:865][990]PIE: New page: PIE session: Minimal_Default (24 Jul 2015 16:56:42)
[2015.07.24-12.56.42:866][990]LogPlayLevel: Creating play world package: /Game/StarterContent/Maps/UEDPIE_1_Minimal_Default
[2015.07.24-12.56.42:871][990]LogPlayLevel: PIE: StaticDuplicateObject took: (0.005074s)
[2015.07.24-12.56.42:872][990]LogAIModule: Creating AISystem for world Minimal_Default
[2015.07.24-12.56.42:873][990]LogPlayLevel: PIE: World Init took: (0.001886s)
[2015.07.24-12.56.42:873][990]LogPlayLevel: PIE: Created PIE world by copying editor world from /Game/StarterContent/Maps/Minimal_Default.Minimal_Default to /Game/StarterContent/Maps/UEDPIE_1_Minimal_Default.Minimal_Default (0.007154s)
[2015.07.24-12.56.42:908][990]LogInit: XAudio2 using 'Haut-parleurs (2- Plantronics GameCom 780)' : 6 channels at 44.1 kHz using 16 bits per sample (channel mask 0x60f)
[2015.07.24-12.56.42:916][990]LogInit: FAudioDevice initialized.
[2015.07.24-12.56.42:951][990]LogWorld: Game class is 'GameMode_BP_C'
[2015.07.24-12.56.42:956][990]LogWorld: Bringing World /Game/StarterContent/Maps/UEDPIE_1_Minimal_Default.Minimal_Default up for play (max tick rate 0) at 2015.07.24-14.56.42
[2015.07.24-12.56.42:956][990]LogActor:Warning: GameSession /Game/StarterContent/Maps/UEDPIE_1_Minimal_Default.Minimal_Default:PersistentLevel.GameSession_1 has natively added scene component(s), but none of them were set as the actor's RootComponent - picking one arbitrarily
[2015.07.24-12.56.42:956][990]LogActor:Warning: GameNetworkManager /Game/StarterContent/Maps/UEDPIE_1_Minimal_Default.Minimal_Default:PersistentLevel.GameNetworkManager_1 has natively added scene component(s), but none of them were set as the actor's RootComponent - picking one arbitrarily
[2015.07.24-12.56.42:956][990]LogWorld: Bringing up level for play took: 0.004292
[2015.07.24-12.56.42:958][990]LogInit: WinSock: Socket queue 131072 / 131072
[2015.07.24-12.56.42:958][990]LogNet: GameNetDriver IpNetDriver_2 IpNetDriver listening on port 7777
[2015.07.24-12.56.42:960][990]PIE: Info Play in editor start time for /Game/StarterContent/Maps/UEDPIE_1_Minimal_Default 0,814
[2015.07.24-12.56.42:965][990]PIE: New page: PIE session: Minimal_Default (24 Jul 2015 16:56:42)
[2015.07.24-12.56.42:974][990]LogD3D11RHI: InitD3DDevice
[2015.07.24-12.56.43:017][990]LogNet: Browse: 127.0.0.1//Game/StarterContent/Maps/Minimal_Default
[2015.07.24-12.56.43:018][990]LogInit: WinSock: Socket queue 32768 / 32768
[2015.07.24-12.56.43:018][990]LogNet: Game client on port 7777, rate 10000
[2015.07.24-12.56.43:018][990]LogNet: GetLocalNetworkVersion: GEngineNetVersion: 2614606, ProjectName: projecttron, ProjectVersion: 1.0.0.0, InternalProtocolVersion: 8, LocalNetworkVersion: 432835728
[2015.07.24-12.56.43:090][990]PIE: Info Play in editor start time for /Game/StarterContent/Maps/Minimal_Default 0,944
[2015.07.24-12.56.43:094][990]LogNet: NotifyAcceptingConnection: Server Minimal_Default accept
[2015.07.24-12.56.43:094][990]LogNet: Open Minimal_Default 07/24/15 14:56:43 127.0.0.1
[2015.07.24-12.56.43:094][990]LogNet: Added client connection.  Remote address = 127.0.0.1:55894
[2015.07.24-12.56.43:094][990]LogNet: NotifyAcceptingChannel Control 0 server World /Game/StarterContent/Maps/UEDPIE_1_Minimal_Default.Minimal_Default: Accepted
[2015.07.24-12.56.43:094][990]LogNet: Remote platform little endian=1
[2015.07.24-12.56.43:094][990]LogNet: This platform little endian=1
[2015.07.24-12.56.43:094][990]LogNet: GetLocalNetworkVersion: GEngineNetVersion: 2614606, ProjectName: projecttron, ProjectVersion: 1.0.0.0, InternalProtocolVersion: 8, LocalNetworkVersion: 432835728
[2015.07.24-12.56.43:159][991]LogNet: Login request: /Game/StarterContent/Maps/Minimal_Default userId: Invalid
[2015.07.24-12.56.43:159][991]LogNet: Welcomed by server (Level: /Game/StarterContent/Maps/UEDPIE_1_Minimal_Default, Game: /Game/GameMode/GameMode_BP.GameMode_BP_C)
[2015.07.24-12.56.43:196][991]LogLoad: LoadMap: 127.0.0.1//Game/StarterContent/Maps/UEDPIE_1_Minimal_Default?game=/Game/GameMode/GameMode_BP.GameMode_BP_C
[2015.07.24-12.56.43:223][991]LogParticles: Destroying 0 GPU particle simulations for FXSystem 0x000000D22491D800
[2015.07.24-12.56.43:237][991]Cmd: MEM
[2015.07.24-12.56.43:271][991]LogMemory: Platform Memory Stats for Windows
[2015.07.24-12.56.43:271][991]LogMemory: Process Physical Memory: 644.83 MB used, 650.11 MB peak
[2015.07.24-12.56.43:271][991]LogMemory: Process Virtual Memory: 1392.58 MB used, 1560.21 MB peak
[2015.07.24-12.56.43:271][991]LogMemory: Physical Memory: 4877.46 MB used, 16271.36 MB total
[2015.07.24-12.56.43:271][991]LogMemory: Virtual Memory: 2051.16 MB used, 134217728.00 MB total
[2015.07.24-12.56.43:271][991]LogMemory: 
[2015.07.24-12.56.43:271][991]Allocator Stats for TBB: (not implemented)
[2015.07.24-12.56.43:272][991]LogLinker: Can't find file for asset '/Game/StarterContent/Maps/UEDPIE_1_Minimal_Default' while loading NULL.
[2015.07.24-12.56.43:277][991]LogWorld: PIE: Copying PIE streaming level from /Game/StarterContent/Maps/Minimal_Default.Minimal_Default to /Game/StarterContent/Maps/UEDPIE_2_Minimal_Default.Minimal_Default. OwningWorld: None
[2015.07.24-12.56.43:277][991]LogAIModule: Creating AISystem for world Minimal_Default
[2015.07.24-12.56.43:286][991]LogWorld: Bringing World /Game/StarterContent/Maps/UEDPIE_2_Minimal_Default.Minimal_Default up for play (max tick rate 0) at 2015.07.24-14.56.43
[2015.07.24-12.56.43:287][991]LogWorld: Bringing up level for play took: 0.004911
[2015.07.24-12.56.43:324][992]LogNet: Client netspeed is 10000
[2015.07.24-12.56.43:324][992]LogNet: Join request: /Game/StarterContent/Maps/Minimal_Default?SplitscreenCount=1
[2015.07.24-12.56.43:328][992]LogNet: Join succeeded: 259
[2015.07.24-12.57.02:865][946]LogSpawn:Warning: SpawnActor failed because we are in the process of tearing down the world
[2015.07.24-12.57.02:920][946]LogNet: UChannel::CleanUp: [GameNetDriver] [PlayerController_6] [PlayerController_6]. ChIndex == 0. Closing connection.
[2015.07.24-12.57.02:920][946]LogNet: UNetConnection::Close: Name: IpConnection_3, Driver: GameNetDriver IpNetDriver_2, PC: PlayerController_6, Owner: PlayerController_6, Channels: 11, RemoteAddr: 127.0.0.1:55894, Time: 2015.07.24-12.57.02
[2015.07.24-12.57.02:920][946]LogNet: UChannel::Close: Sending CloseBunch. ChIndex == 0. Name: ControlChannel_3
[2015.07.24-12.57.02:920][946]LogNet: UChannel::CleanUp: [GameNetDriver] [PlayerController_7] [PlayerController_7]. ChIndex == 0. Closing connection.
[2015.07.24-12.57.02:920][946]LogNet: UNetConnection::Close: Name: IpConnection_2, Driver: GameNetDriver IpNetDriver_3, PC: PlayerController_7, Owner: PlayerController_7, Channels: 11, RemoteAddr: 127.0.0.1:7777, Time: 2015.07.24-12.57.02
[2015.07.24-12.57.02:921][946]LogNet: UChannel::Close: Sending CloseBunch. ChIndex == 0. Name: ControlChannel_2
[2015.07.24-12.57.02:927][946]LogExit: GameNetDriver None shut down
[2015.07.24-12.57.02:927][946]LogExit: GameNetDriver None shut down
[2015.07.24-12.57.02:928][946]LogParticles: Destroying 0 GPU particle simulations for FXSystem 0x000000D22491FEC0
[2015.07.24-12.57.02:944][946]LogParticles: Destroying 0 GPU particle simulations for FXSystem 0x000000D21214A160
[2015.07.24-12.57.14:682][574]LogD3D11RHI: InitD3DDevice
[2015.07.24-12.57.14:725][574]Cmd: OBJ SAVEPACKAGE PACKAGE="/Game/Character/Blueprint/Character_BP" FILE="../../../../../UnrealEngineProject/ProjectTron/Content/Character/Blueprint/Character_BP.uasset" SILENT=true
[2015.07.24-12.57.14:849][574]LogSavePackage: Save=108.970329ms
[2015.07.24-12.57.14:849][574]LogSavePackage: Moving '../../../../../UnrealEngineProject/ProjectTron/Saved/Character_BPC2420DFA4E6CE95287AF18B8D8C0C354.tmp' to '../../../../../UnrealEngineProject/ProjectTron/Content/Character/Blueprint/Character_BP.uasset'
[2015.07.24-12.57.14:980][581]BlueprintLog: New page: Compile Character_BP
[2015.07.24-12.57.15:249][581]LogActorComponent: UnregisterComponent: (/Engine/Transient.CharMoveComp) Not registered. Aborting.
[2015.07.24-12.57.15:314][581]BlueprintEditorCompileResults: Info [0087,88] Compile of Character_BP successful! [in 334 ms]
[2015.07.24-12.57.16:343][627]BlueprintLog: New page: Pre-PIE auto-recompile
[2015.07.24-12.57.16:350][627]LogPlayLevel: [PIE] Compiling Minimal_Default before PIE...
[2015.07.24-12.57.16:408][627]LogActorComponent: UnregisterComponent: (/Engine/Transient.CharMoveComp) Not registered. Aborting.
[2015.07.24-12.57.16:446][627]LogPlayLevel: PIE:  Blueprint regeneration took 102 ms (1 blueprints)
[2015.07.24-12.57.16:449][627]PIE: New page: PIE session: Minimal_Default (24 Jul 2015 16:57:16)
[2015.07.24-12.57.16:450][627]LogPlayLevel: Creating play world package: /Game/StarterContent/Maps/UEDPIE_1_Minimal_Default
[2015.07.24-12.57.16:457][627]LogPlayLevel: PIE: StaticDuplicateObject took: (0.006762s)
[2015.07.24-12.57.16:457][627]LogAIModule: Creating AISystem for world Minimal_Default
[2015.07.24-12.57.16:458][627]LogPlayLevel: PIE: World Init took: (0.001272s)
[2015.07.24-12.57.16:458][627]LogPlayLevel: PIE: Created PIE world by copying editor world from /Game/StarterContent/Maps/Minimal_Default.Minimal_Default to /Game/StarterContent/Maps/UEDPIE_1_Minimal_Default.Minimal_Default (0.008216s)
[2015.07.24-12.57.16:494][627]LogInit: XAudio2 using 'Haut-parleurs (2- Plantronics GameCom 780)' : 6 channels at 44.1 kHz using 16 bits per sample (channel mask 0x60f)
[2015.07.24-12.57.16:500][627]LogInit: FAudioDevice initialized.
[2015.07.24-12.57.16:537][627]LogWorld: Game class is 'GameMode_BP_C'
[2015.07.24-12.57.16:542][627]LogWorld: Bringing World /Game/StarterContent/Maps/UEDPIE_1_Minimal_Default.Minimal_Default up for play (max tick rate 0) at 2015.07.24-14.57.16
[2015.07.24-12.57.16:542][627]LogActor:Warning: GameSession /Game/StarterContent/Maps/UEDPIE_1_Minimal_Default.Minimal_Default:PersistentLevel.GameSession_2 has natively added scene component(s), but none of them were set as the actor's RootComponent - picking one arbitrarily
[2015.07.24-12.57.16:542][627]LogActor:Warning: GameNetworkManager /Game/StarterContent/Maps/UEDPIE_1_Minimal_Default.Minimal_Default:PersistentLevel.GameNetworkManager_2 has natively added scene component(s), but none of them were set as the actor's RootComponent - picking one arbitrarily
[2015.07.24-12.57.16:543][627]LogWorld: Bringing up level for play took: 0.003981
[2015.07.24-12.57.16:544][627]LogInit: WinSock: Socket queue 131072 / 131072
[2015.07.24-12.57.16:544][627]LogNet: GameNetDriver IpNetDriver_4 IpNetDriver listening on port 7777
[2015.07.24-12.57.16:547][627]PIE: Info Play in editor start time for /Game/StarterContent/Maps/UEDPIE_1_Minimal_Default 0,4
[2015.07.24-12.57.16:550][627]PIE: New page: PIE session: Minimal_Default (24 Jul 2015 16:57:16)
[2015.07.24-12.57.16:559][627]LogD3D11RHI: InitD3DDevice
[2015.07.24-12.57.16:599][627]LogNet: Browse: 127.0.0.1//Game/StarterContent/Maps/Minimal_Default
[2015.07.24-12.57.16:600][627]LogInit: WinSock: Socket queue 32768 / 32768
[2015.07.24-12.57.16:600][627]LogNet: Game client on port 7777, rate 10000
[2015.07.24-12.57.16:600][627]LogNet: GetLocalNetworkVersion: GEngineNetVersion: 2614606, ProjectName: projecttron, ProjectVersion: 1.0.0.0, InternalProtocolVersion: 8, LocalNetworkVersion: 432835728
[2015.07.24-12.57.16:671][627]PIE: Info Play in editor start time for /Game/StarterContent/Maps/Minimal_Default 0,525
[2015.07.24-12.57.16:675][627]LogNet: NotifyAcceptingConnection: Server Minimal_Default accept
[2015.07.24-12.57.16:675][627]LogNet: Open Minimal_Default 07/24/15 14:57:16 127.0.0.1
[2015.07.24-12.57.16:675][627]LogNet: Added client connection.  Remote address = 127.0.0.1:53029
[2015.07.24-12.57.16:675][627]LogNet: NotifyAcceptingChannel Control 0 server World /Game/StarterContent/Maps/UEDPIE_1_Minimal_Default.Minimal_Default: Accepted
[2015.07.24-12.57.16:675][627]LogNet: Remote platform little endian=1
[2015.07.24-12.57.16:675][627]LogNet: This platform little endian=1
[2015.07.24-12.57.16:675][627]LogNet: GetLocalNetworkVersion: GEngineNetVersion: 2614606, ProjectName: projecttron, ProjectVersion: 1.0.0.0, InternalProtocolVersion: 8, LocalNetworkVersion: 432835728
[2015.07.24-12.57.16:751][628]LogNet: Login request: /Game/StarterContent/Maps/Minimal_Default userId: Invalid
[2015.07.24-12.57.16:753][628]LogNet: Welcomed by server (Level: /Game/StarterContent/Maps/UEDPIE_1_Minimal_Default, Game: /Game/GameMode/GameMode_BP.GameMode_BP_C)
[2015.07.24-12.57.16:777][628]LogLoad: LoadMap: 127.0.0.1//Game/StarterContent/Maps/UEDPIE_1_Minimal_Default?game=/Game/GameMode/GameMode_BP.GameMode_BP_C
[2015.07.24-12.57.16:809][628]LogParticles: Destroying 0 GPU particle simulations for FXSystem 0x000000D21F7E3880
[2015.07.24-12.57.16:819][628]Cmd: MEM
[2015.07.24-12.57.16:849][628]LogMemory: Platform Memory Stats for Windows
[2015.07.24-12.57.16:849][628]LogMemory: Process Physical Memory: 651.18 MB used, 655.57 MB peak
[2015.07.24-12.57.16:849][628]LogMemory: Process Virtual Memory: 1399.98 MB used, 1560.21 MB peak
[2015.07.24-12.57.16:849][628]LogMemory: Physical Memory: 4891.30 MB used, 16271.36 MB total
[2015.07.24-12.57.16:849][628]LogMemory: Virtual Memory: 2050.60 MB used, 134217728.00 MB total
[2015.07.24-12.57.16:849][628]LogMemory: 
[2015.07.24-12.57.16:849][628]Allocator Stats for TBB: (not implemented)
[2015.07.24-12.57.16:849][628]LogLinker: Can't find file for asset '/Game/StarterContent/Maps/UEDPIE_1_Minimal_Default' while loading NULL.
[2015.07.24-12.57.16:858][628]LogWorld: PIE: Copying PIE streaming level from /Game/StarterContent/Maps/Minimal_Default.Minimal_Default to /Game/StarterContent/Maps/UEDPIE_2_Minimal_Default.Minimal_Default. OwningWorld: None
[2015.07.24-12.57.16:858][628]LogAIModule: Creating AISystem for world Minimal_Default
[2015.07.24-12.57.16:864][628]LogWorld: Bringing World /Game/StarterContent/Maps/UEDPIE_2_Minimal_Default.Minimal_Default up for play (max tick rate 0) at 2015.07.24-14.57.16
[2015.07.24-12.57.16:865][628]LogWorld: Bringing up level for play took: 0.004578
[2015.07.24-12.57.16:901][629]LogNet: Client netspeed is 10000
[2015.07.24-12.57.16:901][629]LogNet: Join request: /Game/StarterContent/Maps/Minimal_Default?SplitscreenCount=1
[2015.07.24-12.57.16:905][629]LogNet: Join succeeded: 261
[2015.07.24-12.57.16:907][629]LogWindows:Error: Windows GetLastError: L’opération a réussi. (0)
[2015.07.24-12.57.16:907][629]LogCrashTracker: 


