[2015.07.23-08.11.07:002][  0]Log file open, 07/23/15 10:11:07
[2015.07.23-08.11.07:002][  0]LogInit:Display: Running engine for game: ProjectTron
[2015.07.23-08.11.07:002][  0]LogInit:Display: RandInit(-1001222154) SRandInit(-1001222154).
[2015.07.23-08.11.07:002][  0]LogTaskGraph: Started task graph with 4 named threads and 5 total threads.
[2015.07.23-08.11.07:002][  0]LogStats: Stats thread started
[2015.07.23-08.11.07:002][  0]LogInit: Version: 4.8.2-2614606+++depot+UE4-Releases+4.8
[2015.07.23-08.11.07:002][  0]LogInit: API Version: 2579680
[2015.07.23-08.11.07:003][  0]LogInit: Compiled (64-bit): Jul  8 2015 23:43:41
[2015.07.23-08.11.07:003][  0]LogInit: Compiled with Visual C++: 18.00.21005.01
[2015.07.23-08.11.07:003][  0]LogInit: Build Configuration: Development
[2015.07.23-08.11.07:003][  0]LogInit: Branch Name: ++depot+UE4-Releases+4.8
[2015.07.23-08.11.07:003][  0]LogInit: Command line:  
[2015.07.23-08.11.07:003][  0]LogInit: Base directory: C:/Program Files/Epic Games/4.8/Engine/Binaries/Win64/
[2015.07.23-08.11.07:003][  0]LogInit: Rocket: 1
[2015.07.23-08.11.07:018][  0]LogInit: Using libcurl 7.41.0
[2015.07.23-08.11.07:019][  0]LogInit:  - built for x86_64-pc-win32
[2015.07.23-08.11.07:019][  0]LogInit:  - supports SSL with WinSSL
[2015.07.23-08.11.07:019][  0]LogInit:  - other features:
[2015.07.23-08.11.07:019][  0]LogInit:      CURL_VERSION_SSL
[2015.07.23-08.11.07:019][  0]LogInit:      CURL_VERSION_IPV6
[2015.07.23-08.11.07:019][  0]LogInit:      CURL_VERSION_ASYNCHDNS
[2015.07.23-08.11.07:019][  0]LogInit:      CURL_VERSION_LARGEFILE
[2015.07.23-08.11.07:019][  0]LogInit:      CURL_VERSION_IDN
[2015.07.23-08.11.07:019][  0]LogInit:  CurlRequestOptions (configurable via config and command line):
[2015.07.23-08.11.07:019][  0]LogInit:  - bVerifyPeer = true  - Libcurl will verify peer certificate
[2015.07.23-08.11.07:019][  0]LogInit:  - bUseHttpProxy = false  - Libcurl will NOT use HTTP proxy
[2015.07.23-08.11.07:019][  0]LogInit:  - bDontReuseConnections = false  - Libcurl will reuse connections
[2015.07.23-08.11.07:019][  0]LogInit:  - CertBundlePath = nullptr  - Libcurl will use whatever was configured at build time.
[2015.07.23-08.11.07:032][  0]LogOnline:Warning: No default platform service specified for OnlineSubsystem
[2015.07.23-08.11.07:050][  0]LogInit: Presizing for 0 objects not considered by GC, pre-allocating 0 bytes.
[2015.07.23-08.11.07:061][  0]LogInit: Object subsystem initialized
[2015.07.23-08.11.07:062][  0]LogConsoleResponse:Warning: Skipping Unknown console variable: 'TranslucentSortAxis = (X=0.000000,Y=-1.000000,Z=0.000000)'
[2015.07.23-08.11.07:062][  0]LogConsoleResponse:Warning:   Found in ini file 'C:/Users/Quentin/Desktop/ProjectTron-master/Saved/Config/Windows/Engine.ini', in section '[/Script/Engine.RendererSettings]'
[2015.07.23-08.11.07:062][  0]LogConsoleResponse:Warning: Skipping Unknown console variable: 'UIScaleRule = ShortestSide'
[2015.07.23-08.11.07:062][  0]LogConsoleResponse:Warning:   Found in ini file 'C:/Users/Quentin/Desktop/ProjectTron-master/Saved/Config/Windows/Engine.ini', in section '[/Script/Engine.RendererSettings]'
[2015.07.23-08.11.07:062][  0]LogConsoleResponse:Warning: Skipping Unknown console variable: 'UIScaleCurve = (EditorCurveData=(Keys=),ExternalCurve=None)'
[2015.07.23-08.11.07:062][  0]LogConsoleResponse:Warning:   Found in ini file 'C:/Users/Quentin/Desktop/ProjectTron-master/Saved/Config/Windows/Engine.ini', in section '[/Script/Engine.RendererSettings]'
[2015.07.23-08.11.07:062][  0]LogInit: Selected Device Profile: [Windows]
[2015.07.23-08.11.07:062][  0]LogInit: Applying CVar settings loaded from the selected device profile: [Windows]
[2015.07.23-08.11.07:073][  0]LogInit: Computer: ASUS
[2015.07.23-08.11.07:073][  0]LogInit: User: Quentin
[2015.07.23-08.11.07:073][  0]LogInit: CPU Page size=4096, Cores=2
[2015.07.23-08.11.07:073][  0]LogInit: High frequency timer resolution =2.533323 MHz
[2015.07.23-08.11.07:073][  0]LogMemory: Memory total: Physical=7.9GB (8GB approx)
[2015.07.23-08.11.07:073][  0]LogMemory: Platform Memory Stats for Windows
[2015.07.23-08.11.07:073][  0]LogMemory: Process Physical Memory: 49.73 MB used, 49.73 MB peak
[2015.07.23-08.11.07:073][  0]LogMemory: Process Virtual Memory: 22.31 MB used, 22.31 MB peak
[2015.07.23-08.11.07:073][  0]LogMemory: Physical Memory: 3191.75 MB used, 8069.54 MB total
[2015.07.23-08.11.07:073][  0]LogMemory: Virtual Memory: 294.85 MB used, 134217728.00 MB total
[2015.07.23-08.11.07:112][  0]LogTextLocalizationManager: The requested culture ('fr_FR') has no localization data; falling back to 'en' for localization and internationalization data.
[2015.07.23-08.11.07:381][  0]LogTextLocalizationManager:Warning: Loaded localization resources contain conflicting entries for (Namespace:ContentBrowser, Key:ImportAssetToolTip):
Localization Resource: (C:/Program Files/Epic Games/4.8/Engine/Content/Localization/Editor/en/Editor.locres) Source String Hash: (-630476809) Localized String: (Import to {0}...)
Localization Resource: (C:/Program Files/Epic Games/4.8/Engine/Content/Localization/Editor/en/Editor.locres) Source String Hash: (1271782899) Localized String: (Imports an asset from file to this folder.)
[2015.07.23-08.11.07:919][  0]LogD3D11RHI: Found D3D11 adapter 0: Intel(R) HD Graphics 4000 (Feature Level 11_0)
[2015.07.23-08.11.07:919][  0]LogD3D11RHI: Adapter has 32MB of dedicated video memory, 0MB of dedicated system memory, and 1760MB of shared system memory, 1 output[s]
[2015.07.23-08.11.07:937][  0]LogD3D11RHI: Found D3D11 adapter 1: NVIDIA GeForce GT 635M    (Feature Level 11_0)
[2015.07.23-08.11.07:937][  0]LogD3D11RHI: Adapter has 1996MB of dedicated video memory, 0MB of dedicated system memory, and 2047MB of shared system memory, 0 output[s]
[2015.07.23-08.11.07:938][  0]LogD3D11RHI: Found D3D11 adapter 2: Microsoft Basic Render Driver (Feature Level 11_0)
[2015.07.23-08.11.07:938][  0]LogD3D11RHI: Adapter has 0MB of dedicated video memory, 0MB of dedicated system memory, and 256MB of shared system memory, 0 output[s]
[2015.07.23-08.11.07:938][  0]LogD3D11RHI: Chosen D3D11 Adapter Id = 0
[2015.07.23-08.11.07:943][  0]LogD3D11RHI: InitD3DDevice
[2015.07.23-08.11.07:943][  0]LogD3D11RHI: !Direct3DDevice
[2015.07.23-08.11.07:943][  0]LogRHI: Texture pool is 1361 MB (70% of 1945 MB)
[2015.07.23-08.11.07:956][  0]LogD3D11RHI: Async texture creation enabled
[2015.07.23-08.11.07:973][  0]LogShaderCompilers:Display: Using Local Shader Compiler.
[2015.07.23-08.11.09:190][  0]LogTemp:Display: Loaded TP DesktopTargetPlatform
[2015.07.23-08.11.09:207][  0]LogTemp:Display: Loaded TP WindowsClientTargetPlatform
[2015.07.23-08.11.09:224][  0]LogTemp:Display: Loaded TP WindowsNoEditorTargetPlatform
[2015.07.23-08.11.09:242][  0]LogTemp:Display: Loaded TP WindowsServerTargetPlatform
[2015.07.23-08.11.09:262][  0]LogTemp:Display: Loaded TP WindowsTargetPlatform
[2015.07.23-08.11.09:276][  0]LogTemp:Display: Loaded TP AndroidTargetPlatform
[2015.07.23-08.11.09:291][  0]LogTemp:Display: Loaded TP Android_ASTCTargetPlatform
[2015.07.23-08.11.09:307][  0]LogTemp:Display: Loaded TP Android_ATCTargetPlatform
[2015.07.23-08.11.09:321][  0]LogTemp:Display: Loaded TP Android_DXTTargetPlatform
[2015.07.23-08.11.09:336][  0]LogTemp:Display: Loaded TP Android_ETC1TargetPlatform
[2015.07.23-08.11.09:351][  0]LogTemp:Display: Loaded TP Android_ETC2TargetPlatform
[2015.07.23-08.11.09:367][  0]LogTemp:Display: Loaded TP Android_PVRTCTargetPlatform
[2015.07.23-08.11.09:424][  0]LogTemp:Display: Loaded TP IOSTargetPlatform
[2015.07.23-08.11.09:439][  0]LogTemp:Display: Loaded TP LinuxNoEditorTargetPlatform
[2015.07.23-08.11.09:454][  0]LogTemp:Display: Loaded TP LinuxServerTargetPlatform
[2015.07.23-08.11.09:472][  0]LogTemp:Display: Loaded TP LinuxTargetPlatform
[2015.07.23-08.11.09:472][  0]LogTargetPlatformManager:Display: Building Assets For Windows
[2015.07.23-08.11.09:721][  0]LogDerivedDataCache:Display: Max Cache Size: 512 MB
[2015.07.23-08.11.10:273][  0]LogDerivedDataCache: Loaded boot cache 0.55s 53MB C:/Users/Quentin/AppData/Local/UnrealEngine/4.8/DerivedDataCache/Boot.ddc.
[2015.07.23-08.11.10:273][  0]LogDerivedDataCache:Display: Loaded Boot cache: C:/Users/Quentin/AppData/Local/UnrealEngine/4.8/DerivedDataCache/Boot.ddc
[2015.07.23-08.11.10:274][  0]LogDerivedDataCache: FDerivedDataBackendGraph:  Pak pak cache file ../../../../../../Users/Quentin/Desktop/ProjectTron-master/DerivedDataCache/DDC.ddp not found, will not use a pak cache.
[2015.07.23-08.11.10:274][  0]LogDerivedDataCache: Unable to find inner node Pak for hierarchical cache Hierarchy.
[2015.07.23-08.11.10:274][  0]LogDerivedDataCache: FDerivedDataBackendGraph:  CompressedPak pak cache file ../../../../../../Users/Quentin/Desktop/ProjectTron-master/DerivedDataCache/Compressed.ddp not found, will not use a pak cache.
[2015.07.23-08.11.10:274][  0]LogDerivedDataCache: Unable to find inner node CompressedPak for hierarchical cache Hierarchy.
[2015.07.23-08.11.10:446][  0]LogDerivedDataCache:Display: Pak cache opened for reading ../../../Engine/DerivedDataCache/Compressed.ddp.
[2015.07.23-08.11.10:458][  0]LogDerivedDataCache: Using Local data cache path C:/Users/Quentin/AppData/Local/UnrealEngine/Common/DerivedDataCache: Writable
[2015.07.23-08.11.10:742][  0]LogInit: Selected Device Profile: [Windows]
[2015.07.23-08.11.10:841][  0]ImportText (ComponentSweepMultiTests): Missing closing parenthesis: (RootShapeAsset="/Engine/BasicShapes/Cube.Cube",ShapeType="TriggerCapsule",HitResult=(Time=0.50,Location=(X=-100.000015,Y=0.0,Z=100.000015),ImpactPoint=(X=-50.0,Y=0.0,Z=50.0),Normal=(X=-1.0,Y=-0.0,Z=0.0),ImpactNormal=(X=0.0,Y=0.0,Z=1.0),TraceStart=(X=-200.0,Y=0.0,Z=200.0),TraceEnd=(X=0.0,Y=0.0,Z=0.0))
[2015.07.23-08.11.10:841][  0]ImportText (LineTraceSingleByChannelTests): Missing closing parenthesis: (RootShapeAsset="/Engine/BasicShapes/Cube.Cube",HitResult=(Time=0.50,Location=(X=-100.000015,Y=0.0,Z=100.000015),ImpactPoint=(X=-50.0,Y=0.0,Z=50.0),Normal=(X=-1.0,Y=-0.0,Z=0.0),ImpactNormal=(X=0.0,Y=0.0,Z=1.0),TraceStart=(X=-200.0,Y=0.0,Z=200.0),TraceEnd=(X=0.0,Y=0.0,Z=0.0))
[2015.07.23-08.11.10:873][  0]LogMeshUtilities: No automatic mesh reduction module available
[2015.07.23-08.11.10:873][  0]LogMeshUtilities: No automatic mesh merging module available
[2015.07.23-08.11.11:250][  0]LogInit: WinSock: version 1.1 (2.2), MaxSocks=32767, MaxUdp=65467
[2015.07.23-08.11.12:395][  0]UdpMessaging: Initializing bridge on interface 0.0.0.0:0 to multicast group 230.0.0.1:6666.
[2015.07.23-08.11.12:797][  0]SourceControl: Info Source control is disabled
[2015.07.23-08.11.12:984][  0]SourceControl: Info Source control is disabled
[2015.07.23-08.11.12:996][  0]SourceControl: Info Source control is disabled
[2015.07.23-08.11.13:008][  0]SourceControl: Info Source control is disabled
[2015.07.23-08.11.13:281][  0]LogObj: 26273 objects as part of root set at end of initial load.
[2015.07.23-08.11.13:281][  0]LogUObjectAllocator: 5409248 out of 0 bytes used by permanent object pool.
[2015.07.23-08.11.13:390][  0]LogEngine: Initializing Engine...
[2015.07.23-08.11.13:394][  0]LogHMD: Can't find Oculus library dev build: is proper Runtime installed? Version: 0.6.0.0
[2015.07.23-08.11.13:396][  0]LogHMD:Warning: SteamVR failed to initialize.  Error: 100
[2015.07.23-08.11.13:670][  0]LogAIModule: Creating AISystem for world NewWorld
[2015.07.23-08.11.13:675][  0]LogInit: XAudio2 using 'Haut-parleurs (3- Plantronics GameCom 780)' : 8 channels at 44.1 kHz using 16 bits per sample (channel mask 0x63f)
[2015.07.23-08.11.13:695][  0]LogInit: FAudioDevice initialized.
[2015.07.23-08.11.13:724][  0]LogDerivedDataCache: Saved boot cache 0.03s 53MB C:/Users/Quentin/AppData/Local/UnrealEngine/4.8/DerivedDataCache/Boot.ddc.
[2015.07.23-08.11.13:850][  0]LogInit: Texture streaming: Disabled
[2015.07.23-08.11.13:881][  0]LogAnalytics: Creating configured Analytics provider AnalyticsET
[2015.07.23-08.11.13:881][  0]LogAnalytics: [UEEditor.Rocket.Release] APIServer = http://et2.epicgames.com/ET2/. AppVersion = 4.8.2-2614606+++depot+UE4-Releases+4.8
[2015.07.23-08.11.13:881][  0]LogAnalytics: [UEEditor.Rocket.Release] SetUserId 2d3bc0f041f185fa28a8c7b684d10d16|5321c04d5e864f15b49acee236f509ea|73d0ac54-4603-4a09-8685-17c06caaac3e
[2015.07.23-08.11.13:881][  0]LogAnalytics: [UEEditor.Rocket.Release] AnalyticsET::StartSession
[2015.07.23-08.11.13:914][  0]LogInit: Transaction tracking system initialized
[2015.07.23-08.11.14:082][  0]BlueprintLog: New page: Editor Load
[2015.07.23-08.11.14:123][  0]LogAssetRegistry: FAssetRegistry took 0.0110 seconds to start up
[2015.07.23-08.11.14:125][  0]LogDirectoryWatcher:Warning: Failed to begin reading directory changes for ../../../Engine/Plugins/Experimental/CharacterAI/Content/. Error: 0
[2015.07.23-08.11.15:285][  0]LogLinker:Warning: Can't find file '/Game/2DSideScrollerBP/2DSideScrollerOverview'
[2015.07.23-08.11.15:285][  0]LogLinker:Warning: Can't find file '/Game/2DSideScrollerBP/2DSideScrollerOverview'
[2015.07.23-08.11.15:285][  0]LogLinker:Warning: Can't find file '/Game/2DSideScrollerBP/2DSideScrollerOverview'
[2015.07.23-08.11.15:285][  0]LogUObjectGlobals:Warning: Failed to find object 'Class /Game/2DSideScrollerBP/2DSideScrollerOverview.2DSideScrollerOverview_C'
[2015.07.23-08.11.15:361][  0]LogConsoleManager:Warning: Console variable 'r.VSync' wasn't set ('GameSetting' has a lower priority than 'SystemSettingsIni')
[2015.07.23-08.11.15:362][  0]LogConsoleResponse:Display: 
[2015.07.23-08.11.15:516][  0]LogCook:Display: Done creating registry. It took  0.00s.
[2015.07.23-08.11.16:026][  0]SourceControl: Info Source control is disabled
[2015.07.23-08.11.16:026][  0]Cmd: MAP LOAD FILE="../../../../../../Users/Quentin/Desktop/ProjectTron-master/Content/StarterContent/Maps/Minimal_Default.umap" TEMPLATE=0 SHOWPROGRESS=1 FEATURELEVEL=3
[2015.07.23-08.11.16:026][  0]LightingResults: New page: Lighting Build
[2015.07.23-08.11.16:044][  0]MapCheck: New page: Map Check
[2015.07.23-08.11.16:044][  0]LightingResults: New page: Lighting Build
[2015.07.23-08.11.16:063][  0]LogParticles: Destroying 0 GPU particle simulations for FXSystem 0x000000362F92CB80
[2015.07.23-08.11.17:220][  0]LogAIModule: Creating AISystem for world Minimal_Default
[2015.07.23-08.11.17:241][  0]LogEditorServer: Finished looking for orphan Actors (0.000 secs)
[2015.07.23-08.11.17:253][  0]Cmd: MAP CHECKDEP NOCLEARLOG
[2015.07.23-08.11.17:311][  0]MapCheck: Info Map check complete: 0 Error(s), 0 Warning(s), took 58.728ms to complete.
[2015.07.23-08.11.17:312][  0]LogFileHelpers: Loading map 'Minimal_Default' took 1.286
[2015.07.23-08.11.17:415][  0]LogCollectionManager: Loaded 0 collections in 0.004388 seconds
[2015.07.23-08.11.17:429][  0]LogContentBrowser: Native class hierarchy populated in 0.0139 seconds. Added 1792 classes and 301 folders.
[2015.07.23-08.11.17:504][  0]LogContentBrowser: Native class hierarchy updated for 'WidgetCarousel' in 0.0006 seconds. Added 0 classes and 0 folders.
[2015.07.23-08.11.17:551][  0]LogContentBrowser: Native class hierarchy updated for 'AddContentDialog' in 0.0006 seconds. Added 0 classes and 0 folders.
[2015.07.23-08.11.17:642][  0]LogContentBrowser: Native class hierarchy updated for 'SceneOutliner' in 0.0006 seconds. Added 1 classes and 2 folders.
[2015.07.23-08.11.17:703][  0]LogCrashTracker: Crashtracker disabled due to settings.
[2015.07.23-08.11.17:704][  0]LogD3D11RHI: InitD3DDevice
[2015.07.23-08.11.17:709][  0]LogUObjectGlobals:Warning: Failed to find object 'Class None.'
[2015.07.23-08.11.17:732][  0]LogLoad: Full Startup: 12.66 seconds (BP compile: 0.40 seconds)
[2015.07.23-08.11.17:750][  0]LogWindowsTextInputMethodSystem:Display: IME system now deactivated.
[2015.07.23-08.11.17:846][  0]LogContentStreaming: Texture pool size is 0.000000MB
[2015.07.23-08.11.17:914][  0]LogContentStreaming: Texture pool size now 1000 MB
[2015.07.23-08.11.18:094][  0]LogRenderer: Reallocating scene render targets to support 872x704 (Frame:2).
[2015.07.23-08.11.18:502][  2]LogEditorViewport: Clicking Background
[2015.07.23-08.11.20:589][ 49]LogAssetRegistry: Asset discovery search completed in 6.4772 seconds
[2015.07.23-08.11.23:110][107]LogD3D11RHI: InitD3DDevice
[2015.07.23-08.11.23:671][120]LogD3D11RHI: InitD3DDevice
[2015.07.23-08.11.25:453][223]LogPlayLevel: PIE:  No blueprints needed recompiling
[2015.07.23-08.11.25:455][223]PIE: New page: SIE session: Minimal_Default (Jul 23, 2015, 12:11:25 PM)
[2015.07.23-08.11.25:456][223]LogPlayLevel: Creating play world package: /Game/StarterContent/Maps/UEDPIE_0_Minimal_Default
[2015.07.23-08.11.25:462][223]LogPlayLevel: PIE: StaticDuplicateObject took: (0.005575s)
[2015.07.23-08.11.25:462][223]LogAIModule: Creating AISystem for world Minimal_Default
[2015.07.23-08.11.25:463][223]LogPlayLevel: PIE: World Init took: (0.001333s)
[2015.07.23-08.11.25:463][223]LogPlayLevel: PIE: Created PIE world by copying editor world from /Game/StarterContent/Maps/Minimal_Default.Minimal_Default to /Game/StarterContent/Maps/UEDPIE_0_Minimal_Default.Minimal_Default (0.007208s)
[2015.07.23-08.11.25:533][223]LogInit: XAudio2 using 'Haut-parleurs (3- Plantronics GameCom 780)' : 8 channels at 44.1 kHz using 16 bits per sample (channel mask 0x63f)
[2015.07.23-08.11.25:539][223]LogInit: FAudioDevice initialized.
[2015.07.23-08.11.27:151][223]LogWorld: Game class is 'GameMode_BP_C'
[2015.07.23-08.11.27:191][223]LogWorld: Bringing World /Game/StarterContent/Maps/UEDPIE_0_Minimal_Default.Minimal_Default up for play (max tick rate 60) at 2015.07.23-10.11.27
[2015.07.23-08.11.27:191][223]LogActor:Warning: GameSession /Game/StarterContent/Maps/UEDPIE_0_Minimal_Default.Minimal_Default:PersistentLevel.GameSession_0 has natively added scene component(s), but none of them were set as the actor's RootComponent - picking one arbitrarily
[2015.07.23-08.11.27:191][223]LogActor:Warning: GameNetworkManager /Game/StarterContent/Maps/UEDPIE_0_Minimal_Default.Minimal_Default:PersistentLevel.GameNetworkManager_0 has natively added scene component(s), but none of them were set as the actor's RootComponent - picking one arbitrarily
[2015.07.23-08.11.27:191][223]LogWorld: Bringing up level for play took: 0.038556
[2015.07.23-08.11.27:194][223]PIE: Info Play in editor start time for /Game/StarterContent/Maps/UEDPIE_0_Minimal_Default 1.402
[2015.07.23-08.11.27:809][231]LogBlueprintUserMessages: Projectile_BP
[2015.07.23-08.11.30:525][295]LogParticles: Destroying 0 GPU particle simulations for FXSystem 0x0000003621DCBEC0
[2015.07.23-08.11.35:801][422]LogWindowsTextInputMethodSystem:Display: IME system now deactivated.
[2015.07.23-08.11.36:101][423]Cmd: QUIT_EDITOR
[2015.07.23-08.11.36:572][423]LogExit: Preparing to exit.
[2015.07.23-08.11.37:459][423]LogExit: Editor shut down
[2015.07.23-08.11.37:459][423]LogExit: Transaction tracking system shut down
[2015.07.23-08.11.37:460][423]LogParticles: Destroying 0 GPU particle simulations for FXSystem 0x0000003635C82840
[2015.07.23-08.11.37:460][423]LogParticles: Destroying 0 GPU particle simulations for FXSystem 0x000000363C978EA0
[2015.07.23-08.11.37:461][423]LogParticles: Destroying 0 GPU particle simulations for FXSystem 0x0000003620916D40
[2015.07.23-08.11.37:461][423]LogParticles: Destroying 0 GPU particle simulations for FXSystem 0x000000363EAFDF80
[2015.07.23-08.11.37:603][423]LogExit: Object subsystem successfully closed.
[2015.07.23-08.11.37:618][423]LogD3D11RHI: Shutdown
[2015.07.23-08.11.37:618][423]LogD3D11RHI: CleanupD3DDevice
[2015.07.23-08.11.37:680][423]LogD3D11RHI: ~FD3D11DynamicRHI
[2015.07.23-08.11.37:699][423]LogModuleManager: Shutting down and abandoning module CrashTracker (188)
[2015.07.23-08.11.37:699][423]LogModuleManager: Shutting down and abandoning module SceneOutliner (187)
[2015.07.23-08.11.37:699][423]LogModuleManager: Shutting down and abandoning module SuperSearch (186)
[2015.07.23-08.11.37:699][423]LogModuleManager: Shutting down and abandoning module WidgetCarousel (185)
[2015.07.23-08.11.37:699][423]LogModuleManager: Shutting down and abandoning module AddContentDialog (184)
[2015.07.23-08.11.37:699][423]LogModuleManager: Shutting down and abandoning module EditorWidgets (183)
[2015.07.23-08.11.37:699][423]LogModuleManager: Shutting down and abandoning module CollectionManager (182)
[2015.07.23-08.11.37:700][423]LogModuleManager: Shutting down and abandoning module StatsViewer (181)
[2015.07.23-08.11.37:700][423]LogModuleManager: Shutting down and abandoning module FoliageEdit (180)
[2015.07.23-08.11.37:700][423]LogModuleManager: Shutting down and abandoning module LandscapeEditor (179)
[2015.07.23-08.11.37:700][423]LogModuleManager: Shutting down and abandoning module ActorPickerMode (178)
[2015.07.23-08.11.37:700][423]LogModuleManager: Shutting down and abandoning module GeometryMode (177)
[2015.07.23-08.11.37:700][423]LogModuleManager: Shutting down and abandoning module TextureAlignMode (176)
[2015.07.23-08.11.37:700][423]LogModuleManager: Shutting down and abandoning module BspMode (175)
[2015.07.23-08.11.37:700][423]LogModuleManager: Shutting down and abandoning module PlacementMode (174)
[2015.07.23-08.11.37:700][423]LogModuleManager: Shutting down and abandoning module AutomationWorker (173)
[2015.07.23-08.11.37:700][423]LogModuleManager: Shutting down and abandoning module CharacterAI (172)
[2015.07.23-08.11.37:700][423]LogModuleManager: Shutting down and abandoning module SmartSnapping (171)
[2015.07.23-08.11.37:700][423]LogModuleManager: Shutting down and abandoning module ViewportSnapping (170)
[2015.07.23-08.11.37:700][423]LogModuleManager: Shutting down and abandoning module LogVisualizer (169)
[2015.07.23-08.11.37:700][423]LogModuleManager: Shutting down and abandoning module GameProjectGeneration (168)
[2015.07.23-08.11.37:700][423]LogModuleManager: Shutting down and abandoning module IntroTutorials (167)
[2015.07.23-08.11.37:700][423]LogModuleManager: Shutting down and abandoning module EditorLiveStreaming (166)
[2015.07.23-08.11.37:700][423]LogModuleManager: Shutting down and abandoning module IOSPlatformEditor (165)
[2015.07.23-08.11.37:700][423]LogModuleManager: Shutting down and abandoning module HTML5PlatformEditor (164)
[2015.07.23-08.11.37:700][423]LogModuleManager: Shutting down and abandoning module AndroidDeviceDetection (163)
[2015.07.23-08.11.37:816][423]LogModuleManager: Shutting down and abandoning module AndroidPlatformEditor (162)
[2015.07.23-08.11.37:816][423]LogModuleManager: Shutting down and abandoning module IOSRuntimeSettings (161)
[2015.07.23-08.11.37:816][423]LogModuleManager: Shutting down and abandoning module AndroidRuntimeSettings (160)
[2015.07.23-08.11.37:816][423]LogModuleManager: Shutting down and abandoning module MergeActors (159)
[2015.07.23-08.11.37:816][423]LogModuleManager: Shutting down and abandoning module SizeMap (158)
[2015.07.23-08.11.37:816][423]LogModuleManager: Shutting down and abandoning module TreeMap (157)
[2015.07.23-08.11.37:816][423]LogModuleManager: Shutting down and abandoning module ReferenceViewer (156)
[2015.07.23-08.11.37:816][423]LogModuleManager: Shutting down and abandoning module LocalizationDashboard (155)
[2015.07.23-08.11.37:816][423]LogModuleManager: Shutting down and abandoning module HardwareTargeting (154)
[2015.07.23-08.11.37:816][423]LogModuleManager: Shutting down and abandoning module DeviceProfileEditor (153)
[2015.07.23-08.11.37:816][423]LogModuleManager: Shutting down and abandoning module UndoHistory (152)
[2015.07.23-08.11.37:816][423]LogModuleManager: Shutting down and abandoning module GameplayTagsEditor (151)
[2015.07.23-08.11.37:816][423]LogModuleManager: Shutting down and abandoning module UserFeedback (150)
[2015.07.23-08.11.37:816][423]LogModuleManager: Shutting down and abandoning module XmlParser (149)
[2015.07.23-08.11.37:816][423]LogModuleManager: Shutting down and abandoning module Blutility (148)
[2015.07.23-08.11.37:816][423]LogModuleManager: Shutting down and abandoning module ProjectTargetPlatformEditor (147)
[2015.07.23-08.11.37:816][423]LogModuleManager: Shutting down and abandoning module ProjectSettingsViewer (146)
[2015.07.23-08.11.37:816][423]LogModuleManager: Shutting down and abandoning module InputBindingEditor (145)
[2015.07.23-08.11.37:816][423]LogModuleManager: Shutting down and abandoning module EditorSettingsViewer (144)
[2015.07.23-08.11.37:816][423]LogModuleManager: Shutting down and abandoning module SettingsEditor (143)
[2015.07.23-08.11.37:816][423]LogModuleManager: Shutting down and abandoning module ProjectLauncher (142)
[2015.07.23-08.11.37:816][423]LogModuleManager: Shutting down and abandoning module SessionFrontend (141)
[2015.07.23-08.11.37:816][423]LogModuleManager: Shutting down and abandoning module ProfilerClient (140)
[2015.07.23-08.11.37:816][423]LogModuleManager: Shutting down and abandoning module TargetDeviceServices (139)
[2015.07.23-08.11.37:816][423]LogModuleManager: Shutting down and abandoning module DeviceManager (138)
[2015.07.23-08.11.37:816][423]LogModuleManager: Shutting down and abandoning module AutomationController (137)
[2015.07.23-08.11.37:816][423]LogModuleManager: Shutting down and abandoning module AutomationWindow (136)
[2015.07.23-08.11.37:816][423]LogModuleManager: Shutting down and abandoning module Layers (135)
[2015.07.23-08.11.37:816][423]LogModuleManager: Shutting down and abandoning module ComponentVisualizers (134)
[2015.07.23-08.11.37:816][423]LogModuleManager: Shutting down and abandoning module DetailCustomizations (133)
[2015.07.23-08.11.37:817][423]LogModuleManager: Shutting down and abandoning module PackagesDialog (132)
[2015.07.23-08.11.37:817][423]LogModuleManager: Shutting down and abandoning module AssetRegistry (131)
[2015.07.23-08.11.37:882][423]LogModuleManager: Shutting down and abandoning module Persona (130)
[2015.07.23-08.11.37:882][423]LogModuleManager: Shutting down and abandoning module Kismet (129)
[2015.07.23-08.11.37:882][423]LogModuleManager: Shutting down and abandoning module GraphEditor (128)
[2015.07.23-08.11.37:882][423]LogModuleManager: Shutting down and abandoning module ClassViewer (127)
[2015.07.23-08.11.37:882][423]LogModuleManager: Shutting down and abandoning module Toolbox (126)
[2015.07.23-08.11.37:882][423]LogModuleManager: Shutting down and abandoning module ModuleUI (125)
[2015.07.23-08.11.37:882][423]LogModuleManager: Shutting down and abandoning module MovieSceneTools (124)
[2015.07.23-08.11.37:883][423]LogModuleManager: Shutting down and abandoning module OutputLog (123)
[2015.07.23-08.11.37:883][423]LogModuleManager: Shutting down and abandoning module GammaUI (122)
[2015.07.23-08.11.37:883][423]LogModuleManager: Shutting down and abandoning module Documentation (121)
[2015.07.23-08.11.37:883][423]LogModuleManager: Shutting down and abandoning module GameLiveStreaming (120)
[2015.07.23-08.11.37:883][423]LogModuleManager: Shutting down and abandoning module StreamingPauseRendering (119)
[2015.07.23-08.11.37:883][423]LogModuleManager: Shutting down and abandoning module AnalyticsET (118)
[2015.07.23-08.11.37:883][423]LogModuleManager: Shutting down and abandoning module Analytics (117)
[2015.07.23-08.11.37:883][423]LogModuleManager: Shutting down and abandoning module AITestSuite (116)
[2015.07.23-08.11.37:883][423]LogModuleManager: Shutting down and abandoning module GameplayDebugger (115)
[2015.07.23-08.11.37:883][423]LogModuleManager: Shutting down and abandoning module AIModule (114)
[2015.07.23-08.11.37:883][423]LogModuleManager: Shutting down and abandoning module ProfilerService (113)
[2015.07.23-08.11.38:092][423]LogModuleManager: Shutting down and abandoning module TaskGraph (112)
[2015.07.23-08.11.38:092][423]LogModuleManager: Shutting down and abandoning module SlateRemote (111)
[2015.07.23-08.11.38:092][423]LogModuleManager: Shutting down and abandoning module SteamVRController (110)
[2015.07.23-08.11.38:092][423]LogModuleManager: Shutting down and abandoning module SteamVR (109)
[2015.07.23-08.11.38:092][423]LogModuleManager: Shutting down and abandoning module ProceduralMeshComponent (108)
[2015.07.23-08.11.38:092][423]LogModuleManager: Shutting down and abandoning module OculusRift (107)
[2015.07.23-08.11.38:092][423]LogModuleManager: Shutting down and abandoning module LeapMotionController (106)
[2015.07.23-08.11.38:101][423]LogModuleManager: Shutting down and abandoning module CustomMeshComponent (105)
[2015.07.23-08.11.38:101][423]LogModuleManager: Shutting down and abandoning module CableComponent (104)
[2015.07.23-08.11.38:101][423]LogModuleManager: Shutting down and abandoning module MessagingDebugger (103)
[2015.07.23-08.11.38:101][423]LogModuleManager: Shutting down and abandoning module MediaPlayerEditor (102)
[2015.07.23-08.11.38:101][423]LogModuleManager: Shutting down and abandoning module SpeedTreeImporter (101)
[2015.07.23-08.11.38:101][423]LogModuleManager: Shutting down and abandoning module PluginBrowser (100)
[2015.07.23-08.11.38:101][423]LogModuleManager: Shutting down and abandoning module EpicSurvey (99)
[2015.07.23-08.11.38:101][423]LogModuleManager: Shutting down and abandoning module DesktopPlatform (98)
[2015.07.23-08.11.38:101][423]LogModuleManager: Shutting down and abandoning module VisualStudioSourceCodeAccess (97)
[2015.07.23-08.11.38:101][423]LogModuleManager: Shutting down and abandoning module UObjectPlugin (96)
[2015.07.23-08.11.38:102][423]LogModuleManager: Shutting down and abandoning module SubversionSourceControl (95)
[2015.07.23-08.11.38:102][423]LogModuleManager: Shutting down and abandoning module PerforceSourceControl (94)
[2015.07.23-08.11.38:102][423]LogModuleManager: Shutting down and abandoning module SourceControl (93)
[2015.07.23-08.11.38:102][423]LogModuleManager: Shutting down and abandoning module GitSourceControl (92)
[2015.07.23-08.11.38:102][423]LogModuleManager: Shutting down and abandoning module BlankPlugin (91)
[2015.07.23-08.11.38:102][423]LogModuleManager: Shutting down and abandoning module PaperTiledImporter (90)
[2015.07.23-08.11.38:102][423]LogModuleManager: Shutting down and abandoning module PaperSpriteSheetImporter (89)
[2015.07.23-08.11.38:102][423]LogModuleManager: Shutting down and abandoning module MeshPaint (88)
[2015.07.23-08.11.38:102][423]LogModuleManager: Shutting down and abandoning module SlateReflector (87)
[2015.07.23-08.11.38:102][423]LogModuleManager: Shutting down and abandoning module DirectoryWatcher (86)
[2015.07.23-08.11.38:102][423]LogModuleManager: Shutting down and abandoning module HotReload (85)
[2015.07.23-08.11.38:102][423]LogModuleManager: Shutting down and abandoning module MainFrame (84)
[2015.07.23-08.11.38:102][423]LogModuleManager: Shutting down and abandoning module LevelEditor (83)
[2015.07.23-08.11.38:103][423]LogModuleManager: Shutting down and abandoning module ContentBrowser (82)
[2015.07.23-08.11.38:104][423]LogModuleManager: Shutting down and abandoning module Paper2DEditor (81)
[2015.07.23-08.11.38:104][423]LogModuleManager: Shutting down and abandoning module UdpMessaging (80)
[2015.07.23-08.11.38:205][423]LogModuleManager: Shutting down and abandoning module Paper2D (79)
[2015.07.23-08.11.38:205][423]LogModuleManager: Shutting down and abandoning module WindowsMoviePlayer (78)
[2015.07.23-08.11.38:207][423]LogModuleManager: Shutting down and abandoning module Media (77)
[2015.07.23-08.11.38:207][423]LogModuleManager: Shutting down and abandoning module WmfMedia (76)
[2015.07.23-08.11.38:207][423]LogModuleManager: Shutting down and abandoning module OnlineBlueprintSupport (75)
[2015.07.23-08.11.38:207][423]LogModuleManager: Shutting down and abandoning module PropertyEditor (74)
[2015.07.23-08.11.38:207][423]LogModuleManager: Shutting down and abandoning module BehaviorTreeEditor (73)
[2015.07.23-08.11.38:207][423]LogModuleManager: Shutting down and abandoning module FunctionalTesting (72)
[2015.07.23-08.11.38:208][423]LogModuleManager: Shutting down and abandoning module CollisionAnalyzer (71)
[2015.07.23-08.11.38:208][423]LogModuleManager: Shutting down and abandoning module WorkspaceMenuStructure (70)
[2015.07.23-08.11.38:208][423]LogModuleManager: Shutting down and abandoning module MessageLog (69)
[2015.07.23-08.11.38:208][423]LogModuleManager: Shutting down and abandoning module Sequencer (68)
[2015.07.23-08.11.38:208][423]LogModuleManager: Shutting down and abandoning module AssetTools (67)
[2015.07.23-08.11.38:208][423]LogModuleManager: Shutting down and abandoning module UMGEditor (66)
[2015.07.23-08.11.38:208][423]LogModuleManager: Shutting down and abandoning module UMG (65)
[2015.07.23-08.11.38:208][423]LogModuleManager: Shutting down and abandoning module Slate (64)
[2015.07.23-08.11.38:208][423]LogModuleManager: Shutting down and abandoning module EditorStyle (63)
[2015.07.23-08.11.38:210][423]LogModuleManager: Shutting down and abandoning module SessionServices (62)
[2015.07.23-08.11.38:210][423]LogModuleManager: Shutting down and abandoning module SourceCodeAccess (61)
[2015.07.23-08.11.38:210][423]LogModuleManager: Shutting down and abandoning module HeadMountedDisplay (60)
[2015.07.23-08.11.38:210][423]LogModuleManager: Shutting down and abandoning module XAudio2 (59)
[2015.07.23-08.11.38:210][423]LogModuleManager: Shutting down and abandoning module Networking (57)
[2015.07.23-08.11.38:210][423]LogModuleManager: Shutting down and abandoning module Core (56)
[2015.07.23-08.11.38:210][423]LogModuleManager: Shutting down and abandoning module KismetCompiler (55)
[2015.07.23-08.11.38:210][423]LogModuleManager: Shutting down and abandoning module PhysXFormats (54)
[2015.07.23-08.11.38:210][423]LogModuleManager: Shutting down and abandoning module MeshUtilities (53)
[2015.07.23-08.11.38:210][423]LogModuleManager: Shutting down and abandoning module DerivedDataCache (52)
[2015.07.23-08.11.38:491][423]LogDerivedDataCache: Shutdown
[2015.07.23-08.11.38:491][423]LogModuleManager: Shutting down and abandoning module ShaderFormatOpenGL (51)
[2015.07.23-08.11.38:491][423]LogModuleManager: Shutting down and abandoning module ShaderFormatD3D (50)
[2015.07.23-08.11.38:491][423]LogModuleManager: Shutting down and abandoning module MetalShaderFormat (49)
[2015.07.23-08.11.38:491][423]LogModuleManager: Shutting down and abandoning module TextureFormatUncompressed (48)
[2015.07.23-08.11.38:491][423]LogModuleManager: Shutting down and abandoning module TextureFormatPVR (47)
[2015.07.23-08.11.38:491][423]LogModuleManager: Shutting down and abandoning module TextureFormatIntelISPCTexComp (46)
[2015.07.23-08.11.38:491][423]LogModuleManager: Shutting down and abandoning module TextureFormatDXT (45)
[2015.07.23-08.11.38:491][423]LogModuleManager: Shutting down and abandoning module ImageWrapper (44)
[2015.07.23-08.11.38:491][423]LogModuleManager: Shutting down and abandoning module TextureFormatASTC (43)
[2015.07.23-08.11.38:491][423]LogModuleManager: Shutting down and abandoning module TextureFormatAndroid (42)
[2015.07.23-08.11.38:491][423]LogModuleManager: Shutting down and abandoning module AudioFormatOpus (41)
[2015.07.23-08.11.38:491][423]LogModuleManager: Shutting down and abandoning module AudioFormatOgg (40)
[2015.07.23-08.11.38:491][423]LogModuleManager: Shutting down and abandoning module AudioFormatADPCM (39)
[2015.07.23-08.11.38:491][423]LogModuleManager: Shutting down and abandoning module LinuxTargetPlatform (38)
[2015.07.23-08.11.38:491][423]LogModuleManager: Shutting down and abandoning module LinuxServerTargetPlatform (37)
[2015.07.23-08.11.38:491][423]LogModuleManager: Shutting down and abandoning module LinuxNoEditorTargetPlatform (36)
[2015.07.23-08.11.38:491][423]LogModuleManager: Shutting down and abandoning module Messaging (35)
[2015.07.23-08.11.38:492][423]LogModuleManager: Shutting down and abandoning module IOSTargetPlatform (34)
[2015.07.23-08.11.38:492][423]LogModuleManager: Shutting down and abandoning module HTML5TargetPlatform (33)
[2015.07.23-08.11.38:492][423]LogModuleManager: Shutting down and abandoning module Android_PVRTCTargetPlatform (32)
[2015.07.23-08.11.38:492][423]LogModuleManager: Shutting down and abandoning module Android_ETC2TargetPlatform (31)
[2015.07.23-08.11.38:492][423]LogModuleManager: Shutting down and abandoning module Android_ETC1TargetPlatform (30)
[2015.07.23-08.11.38:492][423]LogModuleManager: Shutting down and abandoning module Android_DXTTargetPlatform (29)
[2015.07.23-08.11.38:492][423]LogModuleManager: Shutting down and abandoning module Android_ATCTargetPlatform (28)
[2015.07.23-08.11.38:492][423]LogModuleManager: Shutting down and abandoning module Android_ASTCTargetPlatform (27)
[2015.07.23-08.11.38:492][423]LogModuleManager: Shutting down and abandoning module AndroidTargetPlatform (26)
[2015.07.23-08.11.38:492][423]LogModuleManager: Shutting down and abandoning module WindowsTargetPlatform (25)
[2015.07.23-08.11.38:492][423]LogModuleManager: Shutting down and abandoning module WindowsServerTargetPlatform (24)
[2015.07.23-08.11.38:492][423]LogModuleManager: Shutting down and abandoning module WindowsNoEditorTargetPlatform (23)
[2015.07.23-08.11.38:492][423]LogModuleManager: Shutting down and abandoning module WindowsClientTargetPlatform (22)
[2015.07.23-08.11.38:492][423]LogModuleManager: Shutting down and abandoning module DesktopTargetPlatform (21)
[2015.07.23-08.11.38:492][423]LogModuleManager: Shutting down and abandoning module TargetPlatform (20)
[2015.07.23-08.11.38:492][423]LogModuleManager: Shutting down and abandoning module InputCore (19)
[2015.07.23-08.11.38:492][423]LogModuleManager: Shutting down and abandoning module Settings (18)
[2015.07.23-08.11.38:492][423]LogModuleManager: Shutting down and abandoning module OnlineSubsystem (16)
[2015.07.23-08.11.38:492][423]LogModuleManager: Shutting down and abandoning module HTTP (15)
[2015.07.23-08.11.38:492][423]LogModuleManager: Shutting down and abandoning module ExampleDeviceProfileSelector (14)
[2015.07.23-08.11.38:492][423]LogModuleManager: Shutting down and abandoning module TextureCompressor (13)
[2015.07.23-08.11.38:492][423]LogModuleManager: Shutting down and abandoning module ShaderCore (12)
[2015.07.23-08.11.38:492][423]LogModuleManager: Shutting down and abandoning module Landscape (11)
[2015.07.23-08.11.38:492][423]LogModuleManager: Shutting down and abandoning module SlateRHIRenderer (10)
[2015.07.23-08.11.38:493][423]LogModuleManager: Shutting down and abandoning module OpenGLDrv (9)
[2015.07.23-08.11.38:494][423]LogModuleManager: Shutting down and abandoning module D3D11RHI (8)
[2015.07.23-08.11.38:494][423]LogModuleManager: Shutting down and abandoning module Renderer (7)
[2015.07.23-08.11.38:494][423]LogModuleManager: Shutting down and abandoning module Engine (6)
[2015.07.23-08.11.38:494][423]LogModuleManager: Shutting down and abandoning module CoreUObject (5)
[2015.07.23-08.11.38:494][423]LogModuleManager: Shutting down and abandoning module NetworkFile (4)
[2015.07.23-08.11.38:494][423]LogModuleManager: Shutting down and abandoning module StreamingFile (3)
[2015.07.23-08.11.38:494][423]LogModuleManager: Shutting down and abandoning module SandboxFile (2)
[2015.07.23-08.11.38:494][423]LogModuleManager: Shutting down and abandoning module PakFile (1)
[2015.07.23-08.11.38:494][423]LogExit: Exiting.
[2015.07.23-08.11.38:496][423]Log file closed, 07/23/15 10:11:38
