[2015.07.23-08.59.25:145][  0]Log file open, 07/23/15 10:59:25
[2015.07.23-08.59.25:145][  0]LogInit:Display: Running engine for game: ProjectTron
[2015.07.23-08.59.25:145][  0]LogInit:Display: RandInit(2039213317) SRandInit(2039213317).
[2015.07.23-08.59.25:145][  0]LogTaskGraph: Started task graph with 4 named threads and 5 total threads.
[2015.07.23-08.59.25:145][  0]LogStats: Stats thread started
[2015.07.23-08.59.25:145][  0]LogInit: Version: 4.8.2-2614606+++depot+UE4-Releases+4.8
[2015.07.23-08.59.25:145][  0]LogInit: API Version: 2579680
[2015.07.23-08.59.25:145][  0]LogInit: Compiled (64-bit): Jul  8 2015 23:43:41
[2015.07.23-08.59.25:145][  0]LogInit: Compiled with Visual C++: 18.00.21005.01
[2015.07.23-08.59.25:145][  0]LogInit: Build Configuration: Development
[2015.07.23-08.59.25:145][  0]LogInit: Branch Name: ++depot+UE4-Releases+4.8
[2015.07.23-08.59.25:145][  0]LogInit: Command line:  
[2015.07.23-08.59.25:145][  0]LogInit: Base directory: C:/Program Files/Epic Games/4.8/Engine/Binaries/Win64/
[2015.07.23-08.59.25:145][  0]LogInit: Rocket: 1
[2015.07.23-08.59.25:162][  0]LogInit: Using libcurl 7.41.0
[2015.07.23-08.59.25:162][  0]LogInit:  - built for x86_64-pc-win32
[2015.07.23-08.59.25:162][  0]LogInit:  - supports SSL with WinSSL
[2015.07.23-08.59.25:162][  0]LogInit:  - other features:
[2015.07.23-08.59.25:162][  0]LogInit:      CURL_VERSION_SSL
[2015.07.23-08.59.25:162][  0]LogInit:      CURL_VERSION_IPV6
[2015.07.23-08.59.25:162][  0]LogInit:      CURL_VERSION_ASYNCHDNS
[2015.07.23-08.59.25:162][  0]LogInit:      CURL_VERSION_LARGEFILE
[2015.07.23-08.59.25:162][  0]LogInit:      CURL_VERSION_IDN
[2015.07.23-08.59.25:162][  0]LogInit:  CurlRequestOptions (configurable via config and command line):
[2015.07.23-08.59.25:162][  0]LogInit:  - bVerifyPeer = true  - Libcurl will verify peer certificate
[2015.07.23-08.59.25:162][  0]LogInit:  - bUseHttpProxy = false  - Libcurl will NOT use HTTP proxy
[2015.07.23-08.59.25:162][  0]LogInit:  - bDontReuseConnections = false  - Libcurl will reuse connections
[2015.07.23-08.59.25:162][  0]LogInit:  - CertBundlePath = nullptr  - Libcurl will use whatever was configured at build time.
[2015.07.23-08.59.25:177][  0]LogOnline:Warning: No default platform service specified for OnlineSubsystem
[2015.07.23-08.59.25:338][  0]LogInit: Presizing for 0 objects not considered by GC, pre-allocating 0 bytes.
[2015.07.23-08.59.25:346][  0]LogInit: Object subsystem initialized
[2015.07.23-08.59.25:347][  0]LogConsoleResponse:Warning: Skipping Unknown console variable: 'TranslucentSortAxis = (X=0.000000,Y=-1.000000,Z=0.000000)'
[2015.07.23-08.59.25:347][  0]LogConsoleResponse:Warning:   Found in ini file 'C:/Users/Quentin/Desktop/ProjectTron-master/Saved/Config/Windows/Engine.ini', in section '[/Script/Engine.RendererSettings]'
[2015.07.23-08.59.25:347][  0]LogConsoleResponse:Warning: Skipping Unknown console variable: 'UIScaleRule = ShortestSide'
[2015.07.23-08.59.25:347][  0]LogConsoleResponse:Warning:   Found in ini file 'C:/Users/Quentin/Desktop/ProjectTron-master/Saved/Config/Windows/Engine.ini', in section '[/Script/Engine.RendererSettings]'
[2015.07.23-08.59.25:347][  0]LogConsoleResponse:Warning: Skipping Unknown console variable: 'UIScaleCurve = (EditorCurveData=(Keys=),ExternalCurve=None)'
[2015.07.23-08.59.25:347][  0]LogConsoleResponse:Warning:   Found in ini file 'C:/Users/Quentin/Desktop/ProjectTron-master/Saved/Config/Windows/Engine.ini', in section '[/Script/Engine.RendererSettings]'
[2015.07.23-08.59.25:347][  0]LogInit: Selected Device Profile: [Windows]
[2015.07.23-08.59.25:347][  0]LogInit: Applying CVar settings loaded from the selected device profile: [Windows]
[2015.07.23-08.59.25:367][  0]LogInit: Computer: ASUS
[2015.07.23-08.59.25:367][  0]LogInit: User: Quentin
[2015.07.23-08.59.25:367][  0]LogInit: CPU Page size=4096, Cores=2
[2015.07.23-08.59.25:367][  0]LogInit: High frequency timer resolution =2.533323 MHz
[2015.07.23-08.59.25:367][  0]LogMemory: Memory total: Physical=7.9GB (8GB approx)
[2015.07.23-08.59.25:367][  0]LogMemory: Platform Memory Stats for Windows
[2015.07.23-08.59.25:367][  0]LogMemory: Process Physical Memory: 49.61 MB used, 49.61 MB peak
[2015.07.23-08.59.25:367][  0]LogMemory: Process Virtual Memory: 22.34 MB used, 22.34 MB peak
[2015.07.23-08.59.25:367][  0]LogMemory: Physical Memory: 2725.54 MB used, 8069.54 MB total
[2015.07.23-08.59.25:367][  0]LogMemory: Virtual Memory: 294.85 MB used, 134217728.00 MB total
[2015.07.23-08.59.27:666][  0]LogTextLocalizationManager: The requested culture ('fr_FR') has no localization data; falling back to 'en' for localization and internationalization data.
[2015.07.23-08.59.27:952][  0]LogTextLocalizationManager:Warning: Loaded localization resources contain conflicting entries for (Namespace:ContentBrowser, Key:ImportAssetToolTip):
Localization Resource: (C:/Program Files/Epic Games/4.8/Engine/Content/Localization/Editor/en/Editor.locres) Source String Hash: (-630476809) Localized String: (Import to {0}...)
Localization Resource: (C:/Program Files/Epic Games/4.8/Engine/Content/Localization/Editor/en/Editor.locres) Source String Hash: (1271782899) Localized String: (Imports an asset from file to this folder.)
[2015.07.23-08.59.29:212][  0]LogD3D11RHI: Found D3D11 adapter 0: Intel(R) HD Graphics 4000 (Feature Level 11_0)
[2015.07.23-08.59.29:212][  0]LogD3D11RHI: Adapter has 32MB of dedicated video memory, 0MB of dedicated system memory, and 1760MB of shared system memory, 1 output[s]
[2015.07.23-08.59.29:230][  0]LogD3D11RHI: Found D3D11 adapter 1: NVIDIA GeForce GT 635M    (Feature Level 11_0)
[2015.07.23-08.59.29:230][  0]LogD3D11RHI: Adapter has 1996MB of dedicated video memory, 0MB of dedicated system memory, and 2047MB of shared system memory, 0 output[s]
[2015.07.23-08.59.29:231][  0]LogD3D11RHI: Found D3D11 adapter 2: Microsoft Basic Render Driver (Feature Level 11_0)
[2015.07.23-08.59.29:231][  0]LogD3D11RHI: Adapter has 0MB of dedicated video memory, 0MB of dedicated system memory, and 256MB of shared system memory, 0 output[s]
[2015.07.23-08.59.29:231][  0]LogD3D11RHI: Chosen D3D11 Adapter Id = 0
[2015.07.23-08.59.29:235][  0]LogD3D11RHI: InitD3DDevice
[2015.07.23-08.59.29:235][  0]LogD3D11RHI: !Direct3DDevice
[2015.07.23-08.59.29:236][  0]LogRHI: Texture pool is 1361 MB (70% of 1945 MB)
[2015.07.23-08.59.29:248][  0]LogD3D11RHI: Async texture creation enabled
[2015.07.23-08.59.29:266][  0]LogShaderCompilers:Display: Using Local Shader Compiler.
[2015.07.23-08.59.32:062][  0]LogTemp:Display: Loaded TP DesktopTargetPlatform
[2015.07.23-08.59.32:079][  0]LogTemp:Display: Loaded TP WindowsClientTargetPlatform
[2015.07.23-08.59.32:095][  0]LogTemp:Display: Loaded TP WindowsNoEditorTargetPlatform
[2015.07.23-08.59.32:111][  0]LogTemp:Display: Loaded TP WindowsServerTargetPlatform
[2015.07.23-08.59.32:130][  0]LogTemp:Display: Loaded TP WindowsTargetPlatform
[2015.07.23-08.59.32:146][  0]LogTemp:Display: Loaded TP AndroidTargetPlatform
[2015.07.23-08.59.32:159][  0]LogTemp:Display: Loaded TP Android_ASTCTargetPlatform
[2015.07.23-08.59.32:174][  0]LogTemp:Display: Loaded TP Android_ATCTargetPlatform
[2015.07.23-08.59.32:188][  0]LogTemp:Display: Loaded TP Android_DXTTargetPlatform
[2015.07.23-08.59.32:202][  0]LogTemp:Display: Loaded TP Android_ETC1TargetPlatform
[2015.07.23-08.59.32:216][  0]LogTemp:Display: Loaded TP Android_ETC2TargetPlatform
[2015.07.23-08.59.32:230][  0]LogTemp:Display: Loaded TP Android_PVRTCTargetPlatform
[2015.07.23-08.59.32:355][  0]LogTemp:Display: Loaded TP IOSTargetPlatform
[2015.07.23-08.59.32:368][  0]LogTemp:Display: Loaded TP LinuxNoEditorTargetPlatform
[2015.07.23-08.59.32:382][  0]LogTemp:Display: Loaded TP LinuxServerTargetPlatform
[2015.07.23-08.59.32:401][  0]LogTemp:Display: Loaded TP LinuxTargetPlatform
[2015.07.23-08.59.32:401][  0]LogTargetPlatformManager:Display: Building Assets For Windows
[2015.07.23-08.59.33:406][  0]LogDerivedDataCache:Display: Max Cache Size: 512 MB
[2015.07.23-08.59.33:461][  0]LogDerivedDataCache: Loaded boot cache 0.06s 53MB C:/Users/Quentin/AppData/Local/UnrealEngine/4.8/DerivedDataCache/Boot.ddc.
[2015.07.23-08.59.33:461][  0]LogDerivedDataCache:Display: Loaded Boot cache: C:/Users/Quentin/AppData/Local/UnrealEngine/4.8/DerivedDataCache/Boot.ddc
[2015.07.23-08.59.33:461][  0]LogDerivedDataCache: FDerivedDataBackendGraph:  Pak pak cache file ../../../../../../Users/Quentin/Desktop/ProjectTron-master/DerivedDataCache/DDC.ddp not found, will not use a pak cache.
[2015.07.23-08.59.33:461][  0]LogDerivedDataCache: Unable to find inner node Pak for hierarchical cache Hierarchy.
[2015.07.23-08.59.33:461][  0]LogDerivedDataCache: FDerivedDataBackendGraph:  CompressedPak pak cache file ../../../../../../Users/Quentin/Desktop/ProjectTron-master/DerivedDataCache/Compressed.ddp not found, will not use a pak cache.
[2015.07.23-08.59.33:461][  0]LogDerivedDataCache: Unable to find inner node CompressedPak for hierarchical cache Hierarchy.
[2015.07.23-08.59.33:676][  0]LogDerivedDataCache:Display: Pak cache opened for reading ../../../Engine/DerivedDataCache/Compressed.ddp.
[2015.07.23-08.59.33:688][  0]LogDerivedDataCache: Using Local data cache path C:/Users/Quentin/AppData/Local/UnrealEngine/Common/DerivedDataCache: Writable
[2015.07.23-08.59.42:619][  0]LogInit: Selected Device Profile: [Windows]
[2015.07.23-08.59.42:789][  0]ImportText (ComponentSweepMultiTests): Missing closing parenthesis: (RootShapeAsset="/Engine/BasicShapes/Cube.Cube",ShapeType="TriggerCapsule",HitResult=(Time=0.50,Location=(X=-100.000015,Y=0.0,Z=100.000015),ImpactPoint=(X=-50.0,Y=0.0,Z=50.0),Normal=(X=-1.0,Y=-0.0,Z=0.0),ImpactNormal=(X=0.0,Y=0.0,Z=1.0),TraceStart=(X=-200.0,Y=0.0,Z=200.0),TraceEnd=(X=0.0,Y=0.0,Z=0.0))
[2015.07.23-08.59.42:790][  0]ImportText (LineTraceSingleByChannelTests): Missing closing parenthesis: (RootShapeAsset="/Engine/BasicShapes/Cube.Cube",HitResult=(Time=0.50,Location=(X=-100.000015,Y=0.0,Z=100.000015),ImpactPoint=(X=-50.0,Y=0.0,Z=50.0),Normal=(X=-1.0,Y=-0.0,Z=0.0),ImpactNormal=(X=0.0,Y=0.0,Z=1.0),TraceStart=(X=-200.0,Y=0.0,Z=200.0),TraceEnd=(X=0.0,Y=0.0,Z=0.0))
[2015.07.23-08.59.42:852][  0]LogMeshUtilities: No automatic mesh reduction module available
[2015.07.23-08.59.42:852][  0]LogMeshUtilities: No automatic mesh merging module available
[2015.07.23-08.59.44:151][  0]LogInit: WinSock: version 1.1 (2.2), MaxSocks=32767, MaxUdp=65467
[2015.07.23-08.59.45:960][  0]UdpMessaging: Initializing bridge on interface 0.0.0.0:0 to multicast group 230.0.0.1:6666.
[2015.07.23-08.59.46:741][  0]SourceControl: Info Source control is disabled
[2015.07.23-08.59.47:544][  0]SourceControl: Info Source control is disabled
[2015.07.23-08.59.47:555][  0]SourceControl: Info Source control is disabled
[2015.07.23-08.59.47:567][  0]SourceControl: Info Source control is disabled
[2015.07.23-08.59.48:007][  0]LogObj: 26273 objects as part of root set at end of initial load.
[2015.07.23-08.59.48:007][  0]LogUObjectAllocator: 5409248 out of 0 bytes used by permanent object pool.
[2015.07.23-08.59.48:198][  0]LogEngine: Initializing Engine...
[2015.07.23-08.59.48:200][  0]LogHMD: Can't find Oculus library dev build: is proper Runtime installed? Version: 0.6.0.0
[2015.07.23-08.59.48:246][  0]LogHMD:Warning: SteamVR failed to initialize.  Error: 100
[2015.07.23-08.59.48:783][  0]LogAIModule: Creating AISystem for world NewWorld
[2015.07.23-08.59.48:789][  0]LogInit: XAudio2 using 'Speakers (Realtek High Definition Audio)' : 2 channels at 48 kHz using 32 bits per sample (channel mask 0x3)
[2015.07.23-08.59.48:816][  0]LogInit: FAudioDevice initialized.
[2015.07.23-08.59.48:845][  0]LogDerivedDataCache: Saved boot cache 0.03s 53MB C:/Users/Quentin/AppData/Local/UnrealEngine/4.8/DerivedDataCache/Boot.ddc.
[2015.07.23-08.59.48:850][  0]LogInit: Texture streaming: Disabled
[2015.07.23-08.59.48:878][  0]LogAnalytics: Creating configured Analytics provider AnalyticsET
[2015.07.23-08.59.48:878][  0]LogAnalytics: [UEEditor.Rocket.Release] APIServer = http://et2.epicgames.com/ET2/. AppVersion = 4.8.2-2614606+++depot+UE4-Releases+4.8
[2015.07.23-08.59.48:878][  0]LogAnalytics: [UEEditor.Rocket.Release] SetUserId 2d3bc0f041f185fa28a8c7b684d10d16|5321c04d5e864f15b49acee236f509ea|73d0ac54-4603-4a09-8685-17c06caaac3e
[2015.07.23-08.59.48:878][  0]LogAnalytics: [UEEditor.Rocket.Release] AnalyticsET::StartSession
[2015.07.23-08.59.48:962][  0]LogInit: Transaction tracking system initialized
[2015.07.23-08.59.49:123][  0]BlueprintLog: New page: Editor Load
[2015.07.23-08.59.49:161][  0]LogAssetRegistry: FAssetRegistry took 0.0112 seconds to start up
[2015.07.23-08.59.49:161][  0]LogDirectoryWatcher:Warning: Failed to begin reading directory changes for ../../../Engine/Plugins/Experimental/CharacterAI/Content/. Error: 0
[2015.07.23-08.59.50:380][  0]LogLinker:Warning: Can't find file '/Game/2DSideScrollerBP/2DSideScrollerOverview'
[2015.07.23-08.59.50:380][  0]LogLinker:Warning: Can't find file '/Game/2DSideScrollerBP/2DSideScrollerOverview'
[2015.07.23-08.59.50:380][  0]LogLinker:Warning: Can't find file '/Game/2DSideScrollerBP/2DSideScrollerOverview'
[2015.07.23-08.59.50:380][  0]LogUObjectGlobals:Warning: Failed to find object 'Class /Game/2DSideScrollerBP/2DSideScrollerOverview.2DSideScrollerOverview_C'
[2015.07.23-08.59.50:461][  0]LogConsoleManager:Warning: Console variable 'r.VSync' wasn't set ('GameSetting' has a lower priority than 'SystemSettingsIni')
[2015.07.23-08.59.50:461][  0]LogConsoleResponse:Display: 
[2015.07.23-08.59.51:076][  0]LogCook:Display: Done creating registry. It took  0.00s.
[2015.07.23-08.59.51:348][  0]SourceControl: Info Source control is disabled
[2015.07.23-08.59.51:348][  0]Cmd: MAP LOAD FILE="../../../../../../Users/Quentin/Desktop/ProjectTron-master/Content/StarterContent/Maps/Minimal_Default.umap" TEMPLATE=0 SHOWPROGRESS=1 FEATURELEVEL=3
[2015.07.23-08.59.51:396][  0]LightingResults: New page: Lighting Build
[2015.07.23-08.59.51:416][  0]MapCheck: New page: Map Check
[2015.07.23-08.59.51:416][  0]LightingResults: New page: Lighting Build
[2015.07.23-08.59.51:439][  0]LogParticles: Destroying 0 GPU particle simulations for FXSystem 0x0000008986584B80
[2015.07.23-08.59.52:695][  0]LogAIModule: Creating AISystem for world Minimal_Default
[2015.07.23-08.59.52:758][  0]LogEditorServer: Finished looking for orphan Actors (0.000 secs)
[2015.07.23-08.59.52:768][  0]Cmd: MAP CHECKDEP NOCLEARLOG
[2015.07.23-08.59.52:824][  0]MapCheck: Info Map check complete: 0 Error(s), 0 Warning(s), took 56.577ms to complete.
[2015.07.23-08.59.52:824][  0]LogFileHelpers: Loading map 'Minimal_Default' took 1.476
[2015.07.23-08.59.52:916][  0]LogCollectionManager: Loaded 0 collections in 0.003708 seconds
[2015.07.23-08.59.52:929][  0]LogContentBrowser: Native class hierarchy populated in 0.0126 seconds. Added 1792 classes and 301 folders.
[2015.07.23-08.59.52:990][  0]LogContentBrowser: Native class hierarchy updated for 'WidgetCarousel' in 0.0005 seconds. Added 0 classes and 0 folders.
[2015.07.23-08.59.53:164][  0]LogContentBrowser: Native class hierarchy updated for 'AddContentDialog' in 0.0006 seconds. Added 0 classes and 0 folders.
[2015.07.23-08.59.53:244][  0]LogContentBrowser: Native class hierarchy updated for 'SceneOutliner' in 0.0006 seconds. Added 1 classes and 2 folders.
[2015.07.23-08.59.53:385][  0]LogCrashTracker: Crashtracker disabled due to settings.
[2015.07.23-08.59.53:386][  0]LogD3D11RHI: InitD3DDevice
[2015.07.23-08.59.53:390][  0]LogUObjectGlobals:Warning: Failed to find object 'Class None.'
[2015.07.23-08.59.53:414][  0]LogLoad: Full Startup: 33.00 seconds (BP compile: 0.38 seconds)
[2015.07.23-08.59.53:577][  0]LogContentStreaming: Texture pool size is 0.000000MB
[2015.07.23-08.59.53:639][  0]LogContentStreaming: Texture pool size now 1000 MB
[2015.07.23-08.59.53:855][  0]LogRenderer: Reallocating scene render targets to support 872x704 (Frame:2).
[2015.07.23-08.59.54:410][ 10]LogAssetRegistry: Asset discovery search completed in 5.2611 seconds
[2015.07.23-09.00.00:963][147]LogD3D11RHI: InitD3DDevice
[2015.07.23-09.00.01:474][158]LogPlayLevel: PIE:  No blueprints needed recompiling
[2015.07.23-09.00.01:499][158]PIE: New page: SIE session: Minimal_Default (Jul 23, 2015, 1:00:01 PM)
[2015.07.23-09.00.01:499][158]LogPlayLevel: Creating play world package: /Game/StarterContent/Maps/UEDPIE_0_Minimal_Default
[2015.07.23-09.00.01:506][158]LogPlayLevel: PIE: StaticDuplicateObject took: (0.006650s)
[2015.07.23-09.00.01:507][158]LogAIModule: Creating AISystem for world Minimal_Default
[2015.07.23-09.00.01:508][158]LogPlayLevel: PIE: World Init took: (0.001726s)
[2015.07.23-09.00.01:508][158]LogPlayLevel: PIE: Created PIE world by copying editor world from /Game/StarterContent/Maps/Minimal_Default.Minimal_Default to /Game/StarterContent/Maps/UEDPIE_0_Minimal_Default.Minimal_Default (0.008727s)
[2015.07.23-09.00.01:576][158]LogInit: XAudio2 using 'Speakers (Realtek High Definition Audio)' : 2 channels at 48 kHz using 32 bits per sample (channel mask 0x3)
[2015.07.23-09.00.01:583][158]LogInit: FAudioDevice initialized.
[2015.07.23-09.00.02:524][158]LogWorld: Game class is 'GameMode_BP_C'
[2015.07.23-09.00.02:567][158]LogWorld: Bringing World /Game/StarterContent/Maps/UEDPIE_0_Minimal_Default.Minimal_Default up for play (max tick rate 60) at 2015.07.23-11.00.02
[2015.07.23-09.00.02:567][158]LogActor:Warning: GameSession /Game/StarterContent/Maps/UEDPIE_0_Minimal_Default.Minimal_Default:PersistentLevel.GameSession_0 has natively added scene component(s), but none of them were set as the actor's RootComponent - picking one arbitrarily
[2015.07.23-09.00.02:568][158]LogActor:Warning: GameNetworkManager /Game/StarterContent/Maps/UEDPIE_0_Minimal_Default.Minimal_Default:PersistentLevel.GameNetworkManager_0 has natively added scene component(s), but none of them were set as the actor's RootComponent - picking one arbitrarily
[2015.07.23-09.00.02:568][158]LogWorld: Bringing up level for play took: 0.042223
[2015.07.23-09.00.02:571][158]PIE: Info Play in editor start time for /Game/StarterContent/Maps/UEDPIE_0_Minimal_Default 0.78
[2015.07.23-09.00.02:904][165]LogBlueprintUserMessages: Projectile_BP
[2015.07.23-09.00.05:612][219]LogParticles: Destroying 0 GPU particle simulations for FXSystem 0x00000089A384DB20
[2015.07.23-09.00.06:938][246]LogPlayLevel: PIE:  No blueprints needed recompiling
[2015.07.23-09.00.06:938][246]PIE: New page: SIE session: Minimal_Default (Jul 23, 2015, 1:00:06 PM)
[2015.07.23-09.00.06:938][246]LogPlayLevel: Creating play world package: /Game/StarterContent/Maps/UEDPIE_0_Minimal_Default
[2015.07.23-09.00.06:943][246]LogPlayLevel: PIE: StaticDuplicateObject took: (0.004757s)
[2015.07.23-09.00.06:944][246]LogAIModule: Creating AISystem for world Minimal_Default
[2015.07.23-09.00.06:945][246]LogPlayLevel: PIE: World Init took: (0.001335s)
[2015.07.23-09.00.06:945][246]LogPlayLevel: PIE: Created PIE world by copying editor world from /Game/StarterContent/Maps/Minimal_Default.Minimal_Default to /Game/StarterContent/Maps/UEDPIE_0_Minimal_Default.Minimal_Default (0.006365s)
[2015.07.23-09.00.06:977][246]LogInit: XAudio2 using 'Speakers (Realtek High Definition Audio)' : 2 channels at 48 kHz using 32 bits per sample (channel mask 0x3)
[2015.07.23-09.00.06:983][246]LogInit: FAudioDevice initialized.
[2015.07.23-09.00.07:021][246]LogWorld: Game class is 'GameMode_BP_C'
[2015.07.23-09.00.07:027][246]LogWorld: Bringing World /Game/StarterContent/Maps/UEDPIE_0_Minimal_Default.Minimal_Default up for play (max tick rate 60) at 2015.07.23-11.00.07
[2015.07.23-09.00.07:027][246]LogActor:Warning: GameSession /Game/StarterContent/Maps/UEDPIE_0_Minimal_Default.Minimal_Default:PersistentLevel.GameSession_1 has natively added scene component(s), but none of them were set as the actor's RootComponent - picking one arbitrarily
[2015.07.23-09.00.07:028][246]LogActor:Warning: GameNetworkManager /Game/StarterContent/Maps/UEDPIE_0_Minimal_Default.Minimal_Default:PersistentLevel.GameNetworkManager_1 has natively added scene component(s), but none of them were set as the actor's RootComponent - picking one arbitrarily
[2015.07.23-09.00.07:028][246]LogWorld: Bringing up level for play took: 0.005743
[2015.07.23-09.00.07:030][246]PIE: Info Play in editor start time for /Game/StarterContent/Maps/UEDPIE_0_Minimal_Default -0.761
[2015.07.23-09.00.07:595][258]LogBlueprintUserMessages: Projectile_BP
[2015.07.23-09.00.11:645][341]LogParticles: Destroying 0 GPU particle simulations for FXSystem 0x00000089F90BAE80
[2015.07.23-09.00.20:963][553]LogD3D11RHI: InitD3DDevice
[2015.07.23-09.00.21:778][596]LogD3D11RHI: InitD3DDevice
[2015.07.23-09.00.29:268][747]LogD3D11RHI: InitD3DDevice
[2015.07.23-09.00.32:617][888]LogD3D11RHI: InitD3DDevice
[2015.07.23-09.00.41:479][ 43]LogD3D11RHI: InitD3DDevice
[2015.07.23-09.00.42:141][ 78]LogD3D11RHI: InitD3DDevice
[2015.07.23-09.00.44:531][203]LogD3D11RHI: InitD3DDevice
[2015.07.23-09.00.44:562][203]LogD3D11RHI: InitD3DDevice
[2015.07.23-09.00.44:762][203]LogMetaData: Removing '/Game/Widget/MenuPrincpl.MenuPrincpl_C' ref from Metadata '/Game/MenuPrincpl.PackageMetaData'
[2015.07.23-09.00.44:762][203]LogMetaData: Removing '/Game/Widget/MenuPrincpl.MenuPrincpl:EventGraph.K2Node_Event_348' ref from Metadata '/Game/MenuPrincpl.PackageMetaData'
[2015.07.23-09.00.44:762][203]LogMetaData: Removing '/Game/Widget/MenuPrincpl.MenuPrincpl:EventGraph.K2Node_Event_349' ref from Metadata '/Game/MenuPrincpl.PackageMetaData'
[2015.07.23-09.00.44:762][203]LogMetaData: Removing '/Game/Widget/MenuPrincpl.SKEL_MenuPrincpl_C' ref from Metadata '/Game/MenuPrincpl.PackageMetaData'
[2015.07.23-09.00.44:769][203]LogD3D11RHI: InitD3DDevice
[2015.07.23-09.00.44:831][203]Cmd: OBJ SAVEPACKAGE PACKAGE="/Game/Widget/Imagemenuprincipale" FILE="../../../../../../Users/Quentin/Desktop/ProjectTron-master/Content/Widget/Imagemenuprincipale.uasset" SILENT=true
[2015.07.23-09.00.44:870][203]LogSavePackage: Save=37.180809ms
[2015.07.23-09.00.44:870][203]LogSavePackage: Moving '../../../../../../Users/Quentin/Desktop/ProjectTron-master/Saved/Imagemenuprincipale08D09D9A4B468FCD1DCEFDB8C3510C46.tmp' to '../../../../../../Users/Quentin/Desktop/ProjectTron-master/Content/Widget/Imagemenuprincipale.uasset'
[2015.07.23-09.00.44:882][203]Cmd: OBJ SAVEPACKAGE PACKAGE="/Game/Widget/MenuPrincpl" FILE="../../../../../../Users/Quentin/Desktop/ProjectTron-master/Content/Widget/MenuPrincpl.uasset" SILENT=true
[2015.07.23-09.00.44:943][203]LogSavePackage: Save=59.527348ms
[2015.07.23-09.00.44:943][203]LogSavePackage: Moving '../../../../../../Users/Quentin/Desktop/ProjectTron-master/Saved/MenuPrincplECDAAE7B48A129B0C20B6EB929763ADA.tmp' to '../../../../../../Users/Quentin/Desktop/ProjectTron-master/Content/Widget/MenuPrincpl.uasset'
[2015.07.23-09.00.44:967][203]LogD3D11RHI: InitD3DDevice
[2015.07.23-09.00.45:022][203]LogD3D11RHI: InitD3DDevice
[2015.07.23-09.00.53:184][329]LogD3D11RHI: InitD3DDevice
[2015.07.23-09.00.53:214][329]LogD3D11RHI: InitD3DDevice
[2015.07.23-09.00.53:260][329]LogLinker:Warning: Asset '../../../Engine/Content/ArtTools/RenderToTexture/Macros/RenderToTextureMacros.uasset' has been saved with empty engine version. The asset will be loaded but may be incompatible.
[2015.07.23-09.00.53:517][329]LogLinker:Warning: Asset '../../../Engine/Content/ArtTools/RenderToTexture/Enums/RenderToTexture_Enum.uasset' has been saved with empty engine version. The asset will be loaded but may be incompatible.
[2015.07.23-09.01.05:646][602]LogD3D11RHI: InitD3DDevice
[2015.07.23-09.01.06:297][638]LogPlayLevel: PIE:  No blueprints needed recompiling
[2015.07.23-09.01.06:297][638]PIE: New page: PIE session: Minimal_Default (Jul 23, 2015, 1:01:06 PM)
[2015.07.23-09.01.06:298][638]LogPlayLevel: Creating play world package: /Game/StarterContent/Maps/UEDPIE_0_Minimal_Default
[2015.07.23-09.01.06:303][638]LogPlayLevel: PIE: StaticDuplicateObject took: (0.005416s)
[2015.07.23-09.01.06:304][638]LogAIModule: Creating AISystem for world Minimal_Default
[2015.07.23-09.01.06:305][638]LogPlayLevel: PIE: World Init took: (0.001856s)
[2015.07.23-09.01.06:305][638]LogPlayLevel: PIE: Created PIE world by copying editor world from /Game/StarterContent/Maps/Minimal_Default.Minimal_Default to /Game/StarterContent/Maps/UEDPIE_0_Minimal_Default.Minimal_Default (0.007512s)
[2015.07.23-09.01.06:305][638]LogActorComponent: UnregisterComponent: (/Engine/Transient.CharMoveComp) Not registered. Aborting.
[2015.07.23-09.01.06:338][638]LogParticles: Destroying 0 GPU particle simulations for FXSystem 0x000000898B11A020
[2015.07.23-09.01.06:357][638]LogInit: XAudio2 using 'Speakers (Realtek High Definition Audio)' : 2 channels at 48 kHz using 32 bits per sample (channel mask 0x3)
[2015.07.23-09.01.06:363][638]LogInit: FAudioDevice initialized.
[2015.07.23-09.01.06:406][638]LogWorld: Game class is 'GameMode_BP_C'
[2015.07.23-09.01.06:412][638]LogWorld: Bringing World /Game/StarterContent/Maps/UEDPIE_0_Minimal_Default.Minimal_Default up for play (max tick rate 60) at 2015.07.23-11.01.06
[2015.07.23-09.01.06:412][638]LogActor:Warning: GameSession /Game/StarterContent/Maps/UEDPIE_0_Minimal_Default.Minimal_Default:PersistentLevel.GameSession_2 has natively added scene component(s), but none of them were set as the actor's RootComponent - picking one arbitrarily
[2015.07.23-09.01.06:413][638]LogActor:Warning: GameNetworkManager /Game/StarterContent/Maps/UEDPIE_0_Minimal_Default.Minimal_Default:PersistentLevel.GameNetworkManager_2 has natively added scene component(s), but none of them were set as the actor's RootComponent - picking one arbitrarily
[2015.07.23-09.01.06:413][638]LogWorld: Bringing up level for play took: 0.005531
[2015.07.23-09.01.06:416][638]PIE: Info Play in editor start time for /Game/StarterContent/Maps/UEDPIE_0_Minimal_Default 0.625
[2015.07.23-09.01.06:974][648]LogBlueprintUserMessages: Projectile_BP
[2015.07.23-09.01.12:185][735]LogBlueprintUserMessages: Character_BP1
[2015.07.23-09.01.26:321][960]LogBlueprintUserMessages: Character_BP1
[2015.07.23-09.01.26:321][960]LogBlueprintUserMessages: Character_BP1
[2015.07.23-09.01.26:321][960]LogBlueprintUserMessages: Character_BP1
[2015.07.23-09.01.26:321][960]LogBlueprintUserMessages: Character_BP1
[2015.07.23-09.01.26:321][960]LogBlueprintUserMessages: Character_BP1
[2015.07.23-09.01.26:321][960]LogBlueprintUserMessages: Character_BP1
[2015.07.23-09.01.26:382][961]LogBlueprintUserMessages: Character_BP1
[2015.07.23-09.01.26:382][961]LogBlueprintUserMessages: Character_BP1
[2015.07.23-09.01.26:475][962]LogBlueprintUserMessages: Character_BP1
[2015.07.23-09.01.26:475][962]LogBlueprintUserMessages: Character_BP1
[2015.07.23-09.01.28:387][993]LogBlueprintUserMessages: Character_BP1
[2015.07.23-09.01.30:555][ 27]LogBlueprintUserMessages: Character_BP1
[2015.07.23-09.01.30:631][ 28]LogBlueprintUserMessages: Character_BP1
[2015.07.23-09.01.30:631][ 28]LogBlueprintUserMessages: Character_BP1
[2015.07.23-09.01.30:706][ 29]LogBlueprintUserMessages: Character_BP1
[2015.07.23-09.01.30:707][ 29]LogBlueprintUserMessages: Character_BP1
[2015.07.23-09.01.30:780][ 30]LogBlueprintUserMessages: Character_BP1
[2015.07.23-09.01.30:780][ 30]LogBlueprintUserMessages: Character_BP1
[2015.07.23-09.01.30:855][ 31]LogBlueprintUserMessages: Character_BP1
[2015.07.23-09.01.30:855][ 31]LogBlueprintUserMessages: Character_BP1
[2015.07.23-09.01.30:928][ 32]LogBlueprintUserMessages: Character_BP1
[2015.07.23-09.01.30:928][ 32]LogBlueprintUserMessages: Character_BP1
[2015.07.23-09.01.31:002][ 33]LogBlueprintUserMessages: Character_BP1
[2015.07.23-09.01.31:003][ 33]LogBlueprintUserMessages: Character_BP1
[2015.07.23-09.01.31:076][ 34]LogBlueprintUserMessages: Character_BP1
[2015.07.23-09.01.32:071][ 47]LogBlueprintUserMessages: Character_BP1
[2015.07.23-09.01.32:071][ 47]LogBlueprintUserMessages: Character_BP1
[2015.07.23-09.01.32:149][ 48]LogBlueprintUserMessages: Character_BP1
[2015.07.23-09.01.32:149][ 48]LogBlueprintUserMessages: Character_BP1
[2015.07.23-09.01.32:229][ 49]LogBlueprintUserMessages: Character_BP1
[2015.07.23-09.01.32:229][ 49]LogBlueprintUserMessages: Character_BP1
[2015.07.23-09.01.32:308][ 50]LogBlueprintUserMessages: Character_BP1
[2015.07.23-09.01.32:308][ 50]LogBlueprintUserMessages: Character_BP1
[2015.07.23-09.01.32:386][ 51]LogBlueprintUserMessages: Character_BP1
[2015.07.23-09.01.32:386][ 51]LogBlueprintUserMessages: Character_BP1
[2015.07.23-09.01.32:463][ 52]LogBlueprintUserMessages: Character_BP1
[2015.07.23-09.01.32:463][ 52]LogBlueprintUserMessages: Character_BP1
[2015.07.23-09.01.34:914][ 83]LogParticles: Destroying 0 GPU particle simulations for FXSystem 0x00000089B709F4C0
[2015.07.23-09.01.47:108][203]LogD3D11RHI: InitD3DDevice
[2015.07.23-09.01.47:141][203]LogD3D11RHI: InitD3DDevice
[2015.07.23-09.01.49:402][227]LogD3D11RHI: InitD3DDevice
[2015.07.23-09.02.09:064][340]LogD3D11RHI: InitD3DDevice
[2015.07.23-09.02.15:320][708]LogD3D11RHI: InitD3DDevice
[2015.07.23-09.02.15:733][729]LogD3D11RHI: InitD3DDevice
[2015.07.23-09.02.24:597][232]LogD3D11RHI: InitD3DDevice
[2015.07.23-09.02.25:012][253]LogD3D11RHI: InitD3DDevice
[2015.07.23-09.02.30:480][568]BlueprintLog: New page: Compile MenuPrincpl
[2015.07.23-09.02.30:564][568]LogActorComponent: UnregisterComponent: (/Engine/Transient.CharMoveComp) Not registered. Aborting.
[2015.07.23-09.02.30:635][568]BlueprintEditorCompileResults: Info [0190.22] Compile of MenuPrincpl successful! [in 155 ms]
[2015.07.23-09.02.30:960][587]LogD3D11RHI: InitD3DDevice
[2015.07.23-09.02.30:973][587]Cmd: OBJ SAVEPACKAGE PACKAGE="/Game/Widget/MenuPrincpl" FILE="../../../../../../Users/Quentin/Desktop/ProjectTron-master/Content/Widget/MenuPrincpl.uasset" SILENT=true
[2015.07.23-09.02.31:047][587]LogSavePackage: Save=53.507191ms
[2015.07.23-09.02.31:047][587]LogSavePackage: Moving '../../../../../../Users/Quentin/Desktop/ProjectTron-master/Saved/MenuPrincpl7C8C01C54D9F26F26A5F0F8784DBDE6A.tmp' to '../../../../../../Users/Quentin/Desktop/ProjectTron-master/Content/Widget/MenuPrincpl.uasset'
[2015.07.23-09.02.38:382][709]LogD3D11RHI: InitD3DDevice
[2015.07.23-09.02.38:764][714]LogD3D11RHI: InitD3DDevice
[2015.07.23-09.02.55:711][957]LogD3D11RHI: InitD3DDevice
[2015.07.23-09.02.56:474][967]LogD3D11RHI: InitD3DDevice
[2015.07.23-09.03.00:497][ 21]LogD3D11RHI: InitD3DDevice
[2015.07.23-09.03.06:491][100]LogD3D11RHI: InitD3DDevice
[2015.07.23-09.03.06:714][100]LogSavePackage: Save=129.891846ms
[2015.07.23-09.03.06:714][100]LogSavePackage: Moving '../../../../../../Users/Quentin/Desktop/ProjectTron-master/Saved/Minimal_Default1BD5785C40661F7339B6EEA8D55F78B1.tmp' to '../../../../../../Users/Quentin/Desktop/ProjectTron-master/Content/StarterContent/Maps/Minimal_Default.umap'
[2015.07.23-09.03.07:827][116]LogD3D11RHI: InitD3DDevice
[2015.07.23-09.03.07:895][116]LogD3D11RHI: InitD3DDevice
[2015.07.23-09.03.14:542][116]LogSavePackage: Save=9.491092ms
[2015.07.23-09.03.14:542][116]LogSavePackage: Moving '../../../../../../Users/Quentin/Desktop/ProjectTron-master/Saved/MenuLevel16B8428340E33D5CBBEA19981F9EC9B1.tmp' to '../../../../../../Users/Quentin/Desktop/ProjectTron-master/Content/Widget/Level/MenuLevel.umap'
[2015.07.23-09.03.14:546][116]LogFileHelpers: Saving map 'MenuLevel' took 0.132
[2015.07.23-09.03.14:595][116]Cmd: MAP LOAD FILE="../../../../../../Users/Quentin/Desktop/ProjectTron-master/Content/Widget/Level/MenuLevel.umap" TEMPLATE=0 SHOWPROGRESS=1 FEATURELEVEL=3
[2015.07.23-09.03.14:595][116]LightingResults: New page: Lighting Build
[2015.07.23-09.03.14:618][116]LoadErrors: New page: Loading map: MenuLevel.umap
[2015.07.23-09.03.14:619][116]MapCheck: New page: Map Check
[2015.07.23-09.03.14:619][116]LightingResults: New page: Lighting Build
[2015.07.23-09.03.14:655][116]LogParticles: Destroying 0 GPU particle simulations for FXSystem 0x00000089925C2660
[2015.07.23-09.03.14:747][116]LogParticles: Destroying 0 GPU particle simulations for FXSystem 0x00000089FAC8D300
[2015.07.23-09.03.14:779][116]LogAIModule: Creating AISystem for world MenuLevel
[2015.07.23-09.03.14:791][116]LogEditorServer: Finished looking for orphan Actors (0.000 secs)
[2015.07.23-09.03.14:848][116]Cmd: MAP CHECKDEP NOCLEARLOG
[2015.07.23-09.03.14:914][116]MapCheck: Info Map check complete: 0 Error(s), 0 Warning(s), took 65.75ms to complete.
[2015.07.23-09.03.14:914][116]LogFileHelpers: Loading map 'MenuLevel' took 0.368
[2015.07.23-09.03.25:920][333]LogD3D11RHI: InitD3DDevice
[2015.07.23-09.03.39:662][587]LogD3D11RHI: InitD3DDevice
[2015.07.23-09.03.41:539][622]Cmd: BRUSH ADD SELECTNEWBRUSH
[2015.07.23-09.03.45:254][681]LogWindowsTextInputMethodSystem:Display: IME system now deactivated.
[2015.07.23-09.03.45:254][681]LogWindowsTextInputMethodSystem:Display: IME system now deactivated.
[2015.07.23-09.03.55:542][856]LogNavigationPoint: PostEditMove Clear paths rebuilt
[2015.07.23-09.03.57:552][890]LogNavigationPoint: PostEditMove Clear paths rebuilt
[2015.07.23-09.03.58:913][913]LogNavigationPoint: PostEditMove Clear paths rebuilt
[2015.07.23-09.03.59:857][928]LogNavigationPoint: PostEditMove Clear paths rebuilt
[2015.07.23-09.04.02:087][965]LogPlayLevel: PIE:  No blueprints needed recompiling
[2015.07.23-09.04.02:087][965]PIE: New page: PIE session: MenuLevel (Jul 23, 2015, 1:04:02 PM)
[2015.07.23-09.04.02:088][965]LogPlayLevel: Creating play world package: /Game/Widget/Level/UEDPIE_0_MenuLevel
[2015.07.23-09.04.02:117][965]LogPlayLevel: PIE: StaticDuplicateObject took: (0.029416s)
[2015.07.23-09.04.02:118][965]LogAIModule: Creating AISystem for world MenuLevel
[2015.07.23-09.04.02:119][965]LogPlayLevel: PIE: World Init took: (0.001668s)
[2015.07.23-09.04.02:119][965]LogPlayLevel: PIE: Created PIE world by copying editor world from /Game/Widget/Level/MenuLevel.MenuLevel to /Game/Widget/Level/UEDPIE_0_MenuLevel.MenuLevel (0.031328s)
[2015.07.23-09.04.02:176][965]LogInit: XAudio2 using 'Speakers (Realtek High Definition Audio)' : 2 channels at 48 kHz using 32 bits per sample (channel mask 0x3)
[2015.07.23-09.04.02:185][965]LogInit: FAudioDevice initialized.
[2015.07.23-09.04.02:233][965]LogWorld: Game class is 'GameMode_BP_C'
[2015.07.23-09.04.02:236][965]LogWorld: Bringing World /Game/Widget/Level/UEDPIE_0_MenuLevel.MenuLevel up for play (max tick rate 60) at 2015.07.23-11.04.02
[2015.07.23-09.04.02:236][965]LogActor:Warning: GameSession /Game/Widget/Level/UEDPIE_0_MenuLevel.MenuLevel:PersistentLevel.GameSession_3 has natively added scene component(s), but none of them were set as the actor's RootComponent - picking one arbitrarily
[2015.07.23-09.04.02:237][965]LogActor:Warning: GameNetworkManager /Game/Widget/Level/UEDPIE_0_MenuLevel.MenuLevel:PersistentLevel.GameNetworkManager_3 has natively added scene component(s), but none of them were set as the actor's RootComponent - picking one arbitrarily
[2015.07.23-09.04.02:237][965]LogWorld: Bringing up level for play took: 0.002387
[2015.07.23-09.04.02:241][965]PIE: Info Play in editor start time for /Game/Widget/Level/UEDPIE_0_MenuLevel 0.45
[2015.07.23-09.04.04:778][ 17]LogParticles: Destroying 0 GPU particle simulations for FXSystem 0x0000008998228E00
[2015.07.23-09.04.14:721][164]Cmd: DELETE
[2015.07.23-09.04.14:721][164]Cmd: ACTOR DELETE
[2015.07.23-09.04.14:739][164]LogEditorActor: Deleted Actor: PointLight
[2015.07.23-09.04.14:801][164]LogEditorActor: Deleted 1 Actors (0.072 secs)
[2015.07.23-09.04.21:506][282]LogD3D11RHI: InitD3DDevice
[2015.07.23-09.05.05:439][911]LogD3D11RHI: InitD3DDevice
[2015.07.23-09.05.25:737][ 51]Cmd: DELETE
[2015.07.23-09.05.25:737][ 51]Cmd: ACTOR DELETE
[2015.07.23-09.05.25:738][ 51]LogEditorActor: Deleted Actor: BP_LightStudio_C
[2015.07.23-09.05.25:915][ 51]LogEditorActor: Deleted 1 Actors (0.178 secs)
[2015.07.23-09.05.39:567][193]LogD3D11RHI: InitD3DDevice
[2015.07.23-09.05.55:637][373]LogEditorViewport: Clicking on Actor (LMB): DirectionalLight (DirectionalLight)
[2015.07.23-09.06.09:662][529]Cmd: DELETE
[2015.07.23-09.06.09:662][529]Cmd: ACTOR DELETE
[2015.07.23-09.06.09:664][529]LogEditorActor: Deleted Actor: DirectionalLight
[2015.07.23-09.06.09:807][529]LogEditorActor: Deleted 1 Actors (0.144 secs)
[2015.07.23-09.06.11:250][549]LogEditorViewport: Clicking on Actor (LMB): AtmosphericFog (AtmosphericFog)
[2015.07.23-09.06.12:371][563]Cmd: DELETE
[2015.07.23-09.06.12:372][563]Cmd: ACTOR DELETE
[2015.07.23-09.06.12:373][563]LogEditorActor: Deleted Actor: AtmosphericFog
[2015.07.23-09.06.12:431][563]LogEditorActor: Deleted 1 Actors (0.059 secs)
[2015.07.23-09.06.15:951][612]LogD3D11RHI: InitD3DDevice
[2015.07.23-09.06.16:501][619]LogD3D11RHI: InitD3DDevice
[2015.07.23-09.06.16:989][621]LogD3D11RHI: InitD3DDevice
[2015.07.23-09.06.20:535][813]LogD3D11RHI: InitD3DDevice
[2015.07.23-09.06.21:321][853]LogD3D11RHI: InitD3DDevice
[2015.07.23-09.06.29:208][304]LogWindowsTextInputMethodSystem:Display: IME system now deactivated.
[2015.07.23-09.06.29:208][304]LogWindowsTextInputMethodSystem:Display: IME system now deactivated.
[2015.07.23-09.06.36:258][713]LogD3D11RHI: InitD3DDevice
[2015.07.23-09.06.36:322][713]LogD3D11RHI: InitD3DDevice
[2015.07.23-09.07.31:646][333]LogD3D11RHI: InitD3DDevice
[2015.07.23-09.07.32:135][358]LogD3D11RHI: InitD3DDevice
[2015.07.23-09.07.40:047][816]LogD3D11RHI: InitD3DDevice
[2015.07.23-09.07.42:213][940]LogD3D11RHI: InitD3DDevice
[2015.07.23-09.07.48:079][263]LogD3D11RHI: InitD3DDevice
[2015.07.23-09.07.48:535][288]LogD3D11RHI: InitD3DDevice
[2015.07.23-09.07.55:657][710]LogD3D11RHI: InitD3DDevice
[2015.07.23-09.07.57:911][845]BlueprintLog: New page: Compile MenuLevel
[2015.07.23-09.07.58:049][845]BlueprintEditorCompileResults: Info [0517.63] Compile of MenuLevel successful! [in 137 ms]
[2015.07.23-09.08.04:967][127]BlueprintLog: New page: Compile MenuLevel
[2015.07.23-09.08.05:101][127]BlueprintEditorCompileResults: Info [0524.68] Compile of MenuLevel successful! [in 134 ms]
[2015.07.23-09.08.07:859][253]BlueprintLog: New page: Pre-PIE auto-recompile
[2015.07.23-09.08.07:877][253]LogPlayLevel: [PIE] Compiling MenuLevel before PIE...
[2015.07.23-09.08.08:015][253]LogPlayLevel: PIE:  Blueprint regeneration took 155 ms (1 blueprints)
[2015.07.23-09.08.08:015][253]PIE: New page: PIE session: MenuLevel (Jul 23, 2015, 1:08:08 PM)
[2015.07.23-09.08.08:016][253]LogPlayLevel: Creating play world package: /Game/Widget/Level/UEDPIE_0_MenuLevel
[2015.07.23-09.08.08:020][253]LogPlayLevel: PIE: StaticDuplicateObject took: (0.004362s)
[2015.07.23-09.08.08:021][253]LogAIModule: Creating AISystem for world MenuLevel
[2015.07.23-09.08.08:022][253]LogPlayLevel: PIE: World Init took: (0.001419s)
[2015.07.23-09.08.08:022][253]LogPlayLevel: PIE: Created PIE world by copying editor world from /Game/Widget/Level/MenuLevel.MenuLevel to /Game/Widget/Level/UEDPIE_0_MenuLevel.MenuLevel (0.005994s)
[2015.07.23-09.08.08:072][253]LogInit: XAudio2 using 'Speakers (Realtek High Definition Audio)' : 2 channels at 48 kHz using 32 bits per sample (channel mask 0x3)
[2015.07.23-09.08.08:080][253]LogInit: FAudioDevice initialized.
[2015.07.23-09.08.08:123][253]LogWorld: Game class is 'GameMode_BP_C'
[2015.07.23-09.08.08:126][253]LogWorld: Bringing World /Game/Widget/Level/UEDPIE_0_MenuLevel.MenuLevel up for play (max tick rate 60) at 2015.07.23-11.08.08
[2015.07.23-09.08.08:126][253]LogActor:Warning: GameSession /Game/Widget/Level/UEDPIE_0_MenuLevel.MenuLevel:PersistentLevel.GameSession_4 has natively added scene component(s), but none of them were set as the actor's RootComponent - picking one arbitrarily
[2015.07.23-09.08.08:127][253]LogActor:Warning: GameNetworkManager /Game/Widget/Level/UEDPIE_0_MenuLevel.MenuLevel:PersistentLevel.GameNetworkManager_4 has natively added scene component(s), but none of them were set as the actor's RootComponent - picking one arbitrarily
[2015.07.23-09.08.08:127][253]LogWorld: Bringing up level for play took: 0.001982
[2015.07.23-09.08.08:133][253]PIE: Info Play in editor start time for /Game/Widget/Level/UEDPIE_0_MenuLevel 0.342
[2015.07.23-09.08.10:167][311]LogPackageName: SearchForPackageOnDisk took   0.089s to resolve None.umap
[2015.07.23-09.08.10:564][311]LogPackageName: SearchForPackageOnDisk took   0.084s to resolve None.umap
[2015.07.23-09.08.10:564][311]LogNet: Browse: /Game/StarterContent/Maps/Minimal_Default
[2015.07.23-09.08.10:565][311]LogNet:Warning: Travel Failure: [InvalidURL]: Invalid URL: /Game/StarterContent/Maps/Minimal_Default
[2015.07.23-09.08.10:565][311]LogNet:Warning: TravelFailure: InvalidURL, Reason for Failure: 'Invalid URL: /Game/StarterContent/Maps/Minimal_Default'. Shutting down PIE.
[2015.07.23-09.08.10:568][311]PIE:Warning: Warning TravelFailure: InvalidURL, Reason for Failure: 'Invalid URL: /Game/StarterContent/Maps/Minimal_Default'. Shutting down PIE.
[2015.07.23-09.08.10:568][311]LogNet:Warning: Travel Failure: [ClientTravelFailure]: Invalid URL: /Game/StarterContent/Maps/Minimal_Default
[2015.07.23-09.08.10:568][311]LogNet:Warning: TravelFailure: ClientTravelFailure, Reason for Failure: 'Invalid URL: /Game/StarterContent/Maps/Minimal_Default'. Shutting down PIE.
[2015.07.23-09.08.10:568][311]PIE:Warning: Warning TravelFailure: ClientTravelFailure, Reason for Failure: 'Invalid URL: /Game/StarterContent/Maps/Minimal_Default'. Shutting down PIE.
[2015.07.23-09.08.10:674][312]LogParticles: Destroying 0 GPU particle simulations for FXSystem 0x00000089BE7C4900
[2015.07.23-09.08.20:175][676]LogD3D11RHI: InitD3DDevice
[2015.07.23-09.08.20:239][676]LogParticles: Destroying 0 GPU particle simulations for FXSystem 0x0000008990E9F2E0
[2015.07.23-09.08.20:368][676]LogSavePackage: Save=105.231743ms
[2015.07.23-09.08.20:368][676]LogSavePackage: Moving '../../../../../../Users/Quentin/Desktop/ProjectTron-master/Saved/MenuLevel9C87624F46228D2F8D9977BE05E9D99E.tmp' to '../../../../../../Users/Quentin/Desktop/ProjectTron-master/Content/Widget/Level/MenuLevel.umap'
[2015.07.23-09.08.39:429][212]BlueprintLog: New page: Compile MenuPrincpl
[2015.07.23-09.08.39:603][212]BlueprintEditorCompileResults: Info [0559.18] Compile of MenuPrincpl successful! [in 174 ms]
[2015.07.23-09.08.39:980][234]LogD3D11RHI: InitD3DDevice
[2015.07.23-09.08.39:998][234]Cmd: OBJ SAVEPACKAGE PACKAGE="/Game/Widget/MenuPrincpl" FILE="../../../../../../Users/Quentin/Desktop/ProjectTron-master/Content/Widget/MenuPrincpl.uasset" SILENT=true
[2015.07.23-09.08.40:072][234]LogSavePackage: Save=54.694172ms
[2015.07.23-09.08.40:072][234]LogSavePackage: Moving '../../../../../../Users/Quentin/Desktop/ProjectTron-master/Saved/MenuPrincplFBF3ADB5485B493041F8429A775D60A6.tmp' to '../../../../../../Users/Quentin/Desktop/ProjectTron-master/Content/Widget/MenuPrincpl.uasset'
[2015.07.23-09.08.44:318][331]BlueprintLog: New page: Pre-PIE auto-recompile
[2015.07.23-09.08.44:328][331]LogPlayLevel: [PIE] Compiling MenuLevel before PIE...
[2015.07.23-09.08.44:465][331]LogPlayLevel: PIE:  Blueprint regeneration took 147 ms (1 blueprints)
[2015.07.23-09.08.44:465][331]PIE: New page: PIE session: MenuLevel (Jul 23, 2015, 1:08:44 PM)
[2015.07.23-09.08.44:465][331]LogPlayLevel: Creating play world package: /Game/Widget/Level/UEDPIE_0_MenuLevel
[2015.07.23-09.08.44:470][331]LogPlayLevel: PIE: StaticDuplicateObject took: (0.004382s)
[2015.07.23-09.08.44:470][331]LogAIModule: Creating AISystem for world MenuLevel
[2015.07.23-09.08.44:471][331]LogPlayLevel: PIE: World Init took: (0.001239s)
[2015.07.23-09.08.44:471][331]LogPlayLevel: PIE: Created PIE world by copying editor world from /Game/Widget/Level/MenuLevel.MenuLevel to /Game/Widget/Level/UEDPIE_0_MenuLevel.MenuLevel (0.005831s)
[2015.07.23-09.08.44:521][331]LogInit: XAudio2 using 'Speakers (Realtek High Definition Audio)' : 2 channels at 48 kHz using 32 bits per sample (channel mask 0x3)
[2015.07.23-09.08.44:529][331]LogInit: FAudioDevice initialized.
[2015.07.23-09.08.44:569][331]LogWorld: Game class is 'GameMode_BP_C'
[2015.07.23-09.08.44:572][331]LogWorld: Bringing World /Game/Widget/Level/UEDPIE_0_MenuLevel.MenuLevel up for play (max tick rate 60) at 2015.07.23-11.08.44
[2015.07.23-09.08.44:572][331]LogActor:Warning: GameSession /Game/Widget/Level/UEDPIE_0_MenuLevel.MenuLevel:PersistentLevel.GameSession_5 has natively added scene component(s), but none of them were set as the actor's RootComponent - picking one arbitrarily
[2015.07.23-09.08.44:573][331]LogActor:Warning: GameNetworkManager /Game/Widget/Level/UEDPIE_0_MenuLevel.MenuLevel:PersistentLevel.GameNetworkManager_5 has natively added scene component(s), but none of them were set as the actor's RootComponent - picking one arbitrarily
[2015.07.23-09.08.44:573][331]LogWorld: Bringing up level for play took: 0.001974
[2015.07.23-09.08.44:578][331]PIE: Info Play in editor start time for /Game/Widget/Level/UEDPIE_0_MenuLevel 0.787
[2015.07.23-09.08.45:794][359]LogPackageName: SearchForPackageOnDisk took   0.084s to resolve Minimal_Default.umap
[2015.07.23-09.08.45:879][359]LogPackageName: SearchForPackageOnDisk took   0.084s to resolve Minimal_Default.umap
[2015.07.23-09.08.45:879][359]LogNet: Browse: /Game/StarterContent/Maps/Minimal_Default
[2015.07.23-09.08.45:879][359]LogLoad: LoadMap: /Game/StarterContent/Maps/Minimal_Default
[2015.07.23-09.08.45:933][359]LogParticles: Destroying 0 GPU particle simulations for FXSystem 0x0000008997794C20
[2015.07.23-09.08.45:934][359]Cmd: MEM
[2015.07.23-09.08.46:021][359]LogMemory: Platform Memory Stats for Windows
[2015.07.23-09.08.46:021][359]LogMemory: Process Physical Memory: 734.90 MB used, 739.21 MB peak
[2015.07.23-09.08.46:021][359]LogMemory: Process Virtual Memory: 1424.99 MB used, 1483.64 MB peak
[2015.07.23-09.08.46:021][359]LogMemory: Physical Memory: 3935.80 MB used, 8069.54 MB total
[2015.07.23-09.08.46:021][359]LogMemory: Virtual Memory: 2078.05 MB used, 134217728.00 MB total
[2015.07.23-09.08.46:021][359]LogMemory: 
[2015.07.23-09.08.46:021][359]Allocator Stats for TBB: (not implemented)
[2015.07.23-09.08.49:342][359]LogAIModule: Creating AISystem for world Minimal_Default
[2015.07.23-09.08.49:385][359]LogWorld: Game class is 'GameMode_BP_C'
[2015.07.23-09.08.49:401][359]LogWorld: Bringing World /Game/StarterContent/Maps/UEDPIE_0_Minimal_Default.Minimal_Default up for play (max tick rate 60) at 2015.07.23-11.08.49
[2015.07.23-09.08.49:401][359]LogActor:Warning: GameSession /Game/StarterContent/Maps/UEDPIE_0_Minimal_Default.Minimal_Default:PersistentLevel.GameSession_6 has natively added scene component(s), but none of them were set as the actor's RootComponent - picking one arbitrarily
[2015.07.23-09.08.49:402][359]LogActor:Warning: GameNetworkManager /Game/StarterContent/Maps/UEDPIE_0_Minimal_Default.Minimal_Default:PersistentLevel.GameNetworkManager_6 has natively added scene component(s), but none of them were set as the actor's RootComponent - picking one arbitrarily
[2015.07.23-09.08.49:402][359]LogWorld: Bringing up level for play took: 0.014779
[2015.07.23-09.08.49:696][364]LogBlueprintUserMessages: Projectile_BP
[2015.07.23-09.08.56:172][482]LogBlueprintUserMessages: Character_BP5
[2015.07.23-09.09.00:964][560]LogBlueprintUserMessages: Character_BP5
[2015.07.23-09.09.05:211][629]LogBlueprintUserMessages: Character_BP5
[2015.07.23-09.09.06:605][652]LogBlueprintUserMessages: Character_BP5
[2015.07.23-09.09.07:808][672]LogBlueprintUserMessages: Character_BP5
[2015.07.23-09.09.22:731][877]LogParticles: Destroying 0 GPU particle simulations for FXSystem 0x00000089AED2C9A0
[2015.07.23-09.10.01:397][180]LogD3D11RHI: InitD3DDevice
[2015.07.23-09.10.04:448][245]LogD3D11RHI: InitD3DDevice
[2015.07.23-09.10.10:916][374]LogD3D11RHI: InitD3DDevice
[2015.07.23-09.10.13:835][431]LogD3D11RHI: InitD3DDevice
[2015.07.23-09.10.14:819][449]LogD3D11RHI: InitD3DDevice
[2015.07.23-09.10.16:440][479]LogD3D11RHI: InitD3DDevice
[2015.07.23-09.10.37:827][879]LogD3D11RHI: InitD3DDevice
[2015.07.23-09.10.38:962][900]LogD3D11RHI: InitD3DDevice
[2015.07.23-09.10.40:045][920]LogD3D11RHI: InitD3DDevice
[2015.07.23-09.10.40:061][920]LogD3D11RHI: InitD3DDevice
[2015.07.23-09.10.40:284][920]LogMetaData: Removing '/Game/Level/MenuLevel.SKEL_MenuLevel_C' ref from Metadata '/Game/Widget/Level/MenuLevel.PackageMetaData'
[2015.07.23-09.10.40:284][920]LogMetaData: Removing '/Game/Level/MenuLevel.MenuLevel_C' ref from Metadata '/Game/Widget/Level/MenuLevel.PackageMetaData'
[2015.07.23-09.10.40:284][920]LogMetaData: Removing '/Game/Level/MenuLevel.MenuLevel:PersistentLevel.MenuLevel.EventGraph.K2Node_Event_181' ref from Metadata '/Game/Widget/Level/MenuLevel.PackageMetaData'
[2015.07.23-09.10.40:284][920]LogMetaData: Removing '/Game/Level/MenuLevel.MenuLevel:PersistentLevel.MenuLevel.EventGraph.K2Node_Event_182' ref from Metadata '/Game/Widget/Level/MenuLevel.PackageMetaData'
[2015.07.23-09.10.40:297][920]LogD3D11RHI: InitD3DDevice
[2015.07.23-09.10.40:379][920]Cmd: OBJ SAVEPACKAGE PACKAGE="/Game/Level/MenuLevel" FILE="../../../../../../Users/Quentin/Desktop/ProjectTron-master/Content/Level/MenuLevel.umap" SILENT=true AUTOSAVING=false KEEPDIRTY=false
[2015.07.23-09.10.40:542][920]LogSavePackage: Save=111.623352ms
[2015.07.23-09.10.40:542][920]LogSavePackage: Moving '../../../../../../Users/Quentin/Desktop/ProjectTron-master/Saved/MenuLevelEB1580804A9EF8F40ECAEA93E2AE9839.tmp' to '../../../../../../Users/Quentin/Desktop/ProjectTron-master/Content/Level/MenuLevel.umap'
[2015.07.23-09.10.40:680][920]LogFileHelpers: Saving map 'MenuLevel' took 0.374
[2015.07.23-09.10.40:685][920]LogD3D11RHI: InitD3DDevice
[2015.07.23-09.10.40:747][920]LogD3D11RHI: InitD3DDevice
[2015.07.23-09.10.47:273][ 40]LogD3D11RHI: InitD3DDevice
[2015.07.23-09.11.02:583][389]BlueprintLog: New page: Pre-PIE auto-recompile
[2015.07.23-09.11.02:601][389]LogPlayLevel: [PIE] Compiling MenuLevel before PIE...
[2015.07.23-09.11.02:766][389]LogPlayLevel: PIE:  Blueprint regeneration took 183 ms (1 blueprints)
[2015.07.23-09.11.02:766][389]PIE: New page: PIE session: MenuLevel (Jul 23, 2015, 1:11:02 PM)
[2015.07.23-09.11.02:767][389]LogPlayLevel: Creating play world package: /Game/Level/UEDPIE_0_MenuLevel
[2015.07.23-09.11.02:773][389]LogPlayLevel: PIE: StaticDuplicateObject took: (0.006022s)
[2015.07.23-09.11.02:773][389]LogAIModule: Creating AISystem for world MenuLevel
[2015.07.23-09.11.02:774][389]LogPlayLevel: PIE: World Init took: (0.001572s)
[2015.07.23-09.11.02:775][389]LogPlayLevel: PIE: Created PIE world by copying editor world from /Game/Level/MenuLevel.MenuLevel to /Game/Level/UEDPIE_0_MenuLevel.MenuLevel (0.007855s)
[2015.07.23-09.11.02:833][389]LogInit: XAudio2 using 'Speakers (Realtek High Definition Audio)' : 2 channels at 48 kHz using 32 bits per sample (channel mask 0x3)
[2015.07.23-09.11.02:842][389]LogInit: FAudioDevice initialized.
[2015.07.23-09.11.02:845][389]LogD3D11RHI: InitD3DDevice
[2015.07.23-09.11.02:934][389]LogWorld: Game class is 'GameMode_BP_C'
[2015.07.23-09.11.02:938][389]LogWorld: Bringing World /Game/Level/UEDPIE_0_MenuLevel.MenuLevel up for play (max tick rate 60) at 2015.07.23-11.11.02
[2015.07.23-09.11.02:938][389]LogActor:Warning: GameSession /Game/Level/UEDPIE_0_MenuLevel.MenuLevel:PersistentLevel.GameSession_7 has natively added scene component(s), but none of them were set as the actor's RootComponent - picking one arbitrarily
[2015.07.23-09.11.02:939][389]LogActor:Warning: GameNetworkManager /Game/Level/UEDPIE_0_MenuLevel.MenuLevel:PersistentLevel.GameNetworkManager_7 has natively added scene component(s), but none of them were set as the actor's RootComponent - picking one arbitrarily
[2015.07.23-09.11.02:939][389]LogWorld: Bringing up level for play took: 0.002975
[2015.07.23-09.11.02:967][389]PIE: Info Play in editor start time for /Game/Level/UEDPIE_0_MenuLevel 1.175
[2015.07.23-09.11.02:986][389]LogRenderer: Reallocating scene render targets to support 1296x760 (Frame:7264).
[2015.07.23-09.11.07:353][464]Cmd: r.setRes 1360x768
[2015.07.23-09.11.07:353][464]r.SetRes = "1360x768"
[2015.07.23-09.11.07:457][464]LogRenderer: Reallocating scene render targets to support 1352x760 (Frame:7340).
[2015.07.23-09.11.07:582][464]LogRenderer: Reallocating scene render targets to support 1360x768 (Frame:7341).
[2015.07.23-09.11.08:557][479]Cmd: r.setRes 1600x900
[2015.07.23-09.11.08:558][479]r.SetRes = "1600x900"
[2015.07.23-09.11.08:656][479]LogRenderer: Reallocating scene render targets to support 1592x872 (Frame:7358).
[2015.07.23-09.11.08:810][479]LogRenderer: Reallocating scene render targets to support 1600x904 (Frame:7359).
[2015.07.23-09.11.11:097][507]Cmd: r.setRes 800x600
[2015.07.23-09.11.11:097][507]r.SetRes = "800x600"
[2015.07.23-09.11.13:144][545]LogParticles: Destroying 0 GPU particle simulations for FXSystem 0x00000089AED2D300
[2015.07.23-09.11.21:283][ 26]LogD3D11RHI: InitD3DDevice
[2015.07.23-09.11.25:171][224]LogD3D11RHI: InitD3DDevice
[2015.07.23-09.11.28:719][432]LogD3D11RHI: InitD3DDevice
[2015.07.23-09.11.36:024][857]LogD3D11RHI: InitD3DDevice
[2015.07.23-09.11.36:496][881]LogD3D11RHI: InitD3DDevice
[2015.07.23-09.11.36:944][904]LogD3D11RHI: InitD3DDevice
[2015.07.23-09.11.37:379][926]LogD3D11RHI: InitD3DDevice
[2015.07.23-09.11.37:549][933]LogD3D11RHI: InitD3DDevice
[2015.07.23-09.11.40:566][111]LogD3D11RHI: InitD3DDevice
[2015.07.23-09.11.41:160][139]LogD3D11RHI: InitD3DDevice
[2015.07.23-09.11.57:121][979]LogD3D11RHI: InitD3DDevice
[2015.07.23-09.12.21:807][444]LogUObjectHash:Warning: Ambiguous search, could be HorizontalBox /Game/Widget/MenuPrincpl.MenuPrincpl:WidgetTree.SettingsMenu or HorizontalBox /Engine/Transient.World_5:MenuPrincpl_C_9.WidgetTree_76.SettingsMenu
[2015.07.23-09.12.21:807][444]LogUObjectHash:Warning: Ambiguous search, could be HorizontalBox /Game/Widget/MenuPrincpl.MenuPrincpl:WidgetTree.SettingsMenu or HorizontalBox /Game/Widget/MenuPrincpl.MenuPrincpl_C:WidgetTree_75.SettingsMenu
[2015.07.23-09.12.21:807][444]LogUObjectHash:Warning: Ambiguous search, could be HorizontalBox /Game/Widget/MenuPrincpl.MenuPrincpl:WidgetTree.SettingsMenu or HorizontalBox /Engine/Transient.REINST_SKEL_MenuPrincpl_C_12:WidgetTree_55.SettingsMenu
[2015.07.23-09.12.21:807][444]LogUObjectHash:Warning: Ambiguous search, could be HorizontalBox /Game/Widget/MenuPrincpl.MenuPrincpl:WidgetTree.SettingsMenu or HorizontalBox /Game/Widget/MenuPrincpl.MenuPrincpl_C:WidgetTree_79.SettingsMenu
[2015.07.23-09.12.21:807][444]LogUObjectHash:Warning: Ambiguous search, could be HorizontalBox /Game/Widget/MenuPrincpl.MenuPrincpl:WidgetTree.SettingsMenu or HorizontalBox /Game/Widget/MenuPrincpl.SKEL_MenuPrincpl_C:WidgetTree_78.SettingsMenu
[2015.07.23-09.12.21:807][444]LogUObjectHash:Warning: Ambiguous search, could be HorizontalBox /Game/Widget/MenuPrincpl.MenuPrincpl:WidgetTree.SettingsMenu or HorizontalBox /Engine/Transient.REINST_SKEL_MenuPrincpl_C_13:WidgetTree_74.SettingsMenu
[2015.07.23-09.12.21:807][444]LogUObjectHash:Warning: Ambiguous search, could be HorizontalBox /Game/Widget/MenuPrincpl.MenuPrincpl:WidgetTree.SettingsMenu or ObjectProperty /Engine/Transient.REINST_SKEL_MenuPrincpl_C_13:SettingsMenu
[2015.07.23-09.12.21:807][444]LogUObjectHash:Warning: Ambiguous search, could be HorizontalBox /Game/Widget/MenuPrincpl.MenuPrincpl:WidgetTree.SettingsMenu or HorizontalBox /Engine/Transient.World_5:MenuPrincpl_C_8.WidgetTree_73.SettingsMenu
[2015.07.23-09.12.21:807][444]LogUObjectHash:Warning: Ambiguous search, could be HorizontalBox /Game/Widget/MenuPrincpl.MenuPrincpl:WidgetTree.SettingsMenu or ObjectProperty /Engine/Transient.REINST_SKEL_MenuPrincpl_C_12:SettingsMenu
[2015.07.23-09.12.21:807][444]LogUObjectHash:Warning: Ambiguous search, could be HorizontalBox /Game/Widget/MenuPrincpl.MenuPrincpl:WidgetTree.SettingsMenu or HorizontalBox /Game/Widget/MenuPrincpl.MenuPrincpl_C:WidgetTree_72.SettingsMenu
[2015.07.23-09.12.21:807][444]LogUObjectHash:Warning: Ambiguous search, could be HorizontalBox /Game/Widget/MenuPrincpl.MenuPrincpl:WidgetTree.SettingsMenu or ObjectProperty /Game/Widget/MenuPrincpl.SKEL_MenuPrincpl_C:SettingsMenu
[2015.07.23-09.12.21:807][444]LogUObjectHash:Warning: Ambiguous search, could be HorizontalBox /Game/Widget/MenuPrincpl.MenuPrincpl:WidgetTree.SettingsMenu or HorizontalBox /Game/Widget/MenuPrincpl.SKEL_MenuPrincpl_C:WidgetTree_74.SettingsMenu
[2015.07.23-09.12.21:807][444]LogUObjectHash:Warning: Ambiguous search, could be HorizontalBox /Game/Widget/MenuPrincpl.MenuPrincpl:WidgetTree.SettingsMenu or ObjectProperty /Game/Widget/MenuPrincpl.MenuPrincpl_C:SettingsMenu
[2015.07.23-09.12.21:807][444]LogUObjectHash:Warning: Ambiguous search, could be HorizontalBox /Game/Widget/MenuPrincpl.MenuPrincpl:WidgetTree.SettingsMenu or HorizontalBox /Game/Widget/MenuPrincpl.MenuPrincpl_C:WidgetTree_70.SettingsMenu
[2015.07.23-09.12.21:807][444]LogUObjectHash:Warning: Ambiguous search, could be HorizontalBox /Game/Widget/MenuPrincpl.MenuPrincpl:WidgetTree.SettingsMenu or HorizontalBox /Engine/Transient.World_5:MenuPrincpl_C_10.WidgetTree_80.SettingsMenu
[2015.07.23-09.12.21:807][444]LogProperty:Warning: Illegal TEXT reference to a private object in external package (HorizontalBoxSlot /Game/Widget/MenuPrincpl.MenuPrincpl:WidgetTree.SettingsMenu.HorizontalBoxSlot_3663) from referencer (Button /Engine/UMG/Editor/Transient.REs4).  Import failed...
[2015.07.23-09.12.21:807][444]LogProperty:Warning: ObjectProperty /Script/UMG.Widget:Slot: unresolved reference to 'HorizontalBoxSlot'SettingsMenu.HorizontalBoxSlot_3663''
[2015.07.23-09.12.21:808][444]LogUObjectHash:Warning: Ambiguous search, could be HorizontalBox /Game/Widget/MenuPrincpl.MenuPrincpl:WidgetTree.SettingsMenu or HorizontalBox /Engine/Transient.World_5:MenuPrincpl_C_9.WidgetTree_76.SettingsMenu
[2015.07.23-09.12.21:808][444]LogUObjectHash:Warning: Ambiguous search, could be HorizontalBox /Game/Widget/MenuPrincpl.MenuPrincpl:WidgetTree.SettingsMenu or HorizontalBox /Game/Widget/MenuPrincpl.MenuPrincpl_C:WidgetTree_75.SettingsMenu
[2015.07.23-09.12.21:808][444]LogUObjectHash:Warning: Ambiguous search, could be HorizontalBox /Game/Widget/MenuPrincpl.MenuPrincpl:WidgetTree.SettingsMenu or HorizontalBox /Engine/Transient.REINST_SKEL_MenuPrincpl_C_12:WidgetTree_55.SettingsMenu
[2015.07.23-09.12.21:808][444]LogUObjectHash:Warning: Ambiguous search, could be HorizontalBox /Game/Widget/MenuPrincpl.MenuPrincpl:WidgetTree.SettingsMenu or HorizontalBox /Game/Widget/MenuPrincpl.MenuPrincpl_C:WidgetTree_79.SettingsMenu
[2015.07.23-09.12.21:808][444]LogUObjectHash:Warning: Ambiguous search, could be HorizontalBox /Game/Widget/MenuPrincpl.MenuPrincpl:WidgetTree.SettingsMenu or HorizontalBox /Game/Widget/MenuPrincpl.SKEL_MenuPrincpl_C:WidgetTree_78.SettingsMenu
[2015.07.23-09.12.21:808][444]LogUObjectHash:Warning: Ambiguous search, could be HorizontalBox /Game/Widget/MenuPrincpl.MenuPrincpl:WidgetTree.SettingsMenu or HorizontalBox /Engine/Transient.REINST_SKEL_MenuPrincpl_C_13:WidgetTree_74.SettingsMenu
[2015.07.23-09.12.21:808][444]LogUObjectHash:Warning: Ambiguous search, could be HorizontalBox /Game/Widget/MenuPrincpl.MenuPrincpl:WidgetTree.SettingsMenu or ObjectProperty /Engine/Transient.REINST_SKEL_MenuPrincpl_C_13:SettingsMenu
[2015.07.23-09.12.21:808][444]LogUObjectHash:Warning: Ambiguous search, could be HorizontalBox /Game/Widget/MenuPrincpl.MenuPrincpl:WidgetTree.SettingsMenu or HorizontalBox /Engine/Transient.World_5:MenuPrincpl_C_8.WidgetTree_73.SettingsMenu
[2015.07.23-09.12.21:808][444]LogUObjectHash:Warning: Ambiguous search, could be HorizontalBox /Game/Widget/MenuPrincpl.MenuPrincpl:WidgetTree.SettingsMenu or ObjectProperty /Engine/Transient.REINST_SKEL_MenuPrincpl_C_12:SettingsMenu
[2015.07.23-09.12.21:808][444]LogUObjectHash:Warning: Ambiguous search, could be HorizontalBox /Game/Widget/MenuPrincpl.MenuPrincpl:WidgetTree.SettingsMenu or HorizontalBox /Game/Widget/MenuPrincpl.MenuPrincpl_C:WidgetTree_72.SettingsMenu
[2015.07.23-09.12.21:808][444]LogUObjectHash:Warning: Ambiguous search, could be HorizontalBox /Game/Widget/MenuPrincpl.MenuPrincpl:WidgetTree.SettingsMenu or ObjectProperty /Game/Widget/MenuPrincpl.SKEL_MenuPrincpl_C:SettingsMenu
[2015.07.23-09.12.21:808][444]LogUObjectHash:Warning: Ambiguous search, could be HorizontalBox /Game/Widget/MenuPrincpl.MenuPrincpl:WidgetTree.SettingsMenu or HorizontalBox /Game/Widget/MenuPrincpl.SKEL_MenuPrincpl_C:WidgetTree_74.SettingsMenu
[2015.07.23-09.12.21:808][444]LogUObjectHash:Warning: Ambiguous search, could be HorizontalBox /Game/Widget/MenuPrincpl.MenuPrincpl:WidgetTree.SettingsMenu or ObjectProperty /Game/Widget/MenuPrincpl.MenuPrincpl_C:SettingsMenu
[2015.07.23-09.12.21:808][444]LogUObjectHash:Warning: Ambiguous search, could be HorizontalBox /Game/Widget/MenuPrincpl.MenuPrincpl:WidgetTree.SettingsMenu or HorizontalBox /Game/Widget/MenuPrincpl.MenuPrincpl_C:WidgetTree_70.SettingsMenu
[2015.07.23-09.12.21:808][444]LogUObjectHash:Warning: Ambiguous search, could be HorizontalBox /Game/Widget/MenuPrincpl.MenuPrincpl:WidgetTree.SettingsMenu or HorizontalBox /Engine/Transient.World_5:MenuPrincpl_C_10.WidgetTree_80.SettingsMenu
[2015.07.23-09.12.21:808][444]LogProperty:Warning: Illegal TEXT reference to a private object in external package (HorizontalBoxSlot /Game/Widget/MenuPrincpl.MenuPrincpl:WidgetTree.SettingsMenu.HorizontalBoxSlot_3718) from referencer (Spacer /Engine/UMG/Editor/Transient.Spacer_1243).  Import failed...
[2015.07.23-09.12.21:808][444]LogProperty:Warning: ObjectProperty /Script/UMG.Widget:Slot: unresolved reference to 'HorizontalBoxSlot'SettingsMenu.HorizontalBoxSlot_3718''
[2015.07.23-09.12.28:262][826]LogD3D11RHI: InitD3DDevice
[2015.07.23-09.12.29:947][920]LogEditorTransaction: Undo Move Widget
[2015.07.23-09.12.30:002][920]LogD3D11RHI: InitD3DDevice
[2015.07.23-09.12.31:911][ 24]LogD3D11RHI: InitD3DDevice
[2015.07.23-09.12.59:360][657]BlueprintLog: New page: Compile MenuPrincpl
[2015.07.23-09.12.59:629][657]BlueprintEditorCompileResults: Info [0819.21] Compile of MenuPrincpl successful! [in 269 ms]
[2015.07.23-09.13.01:214][747]BlueprintLog: New page: Pre-PIE auto-recompile
[2015.07.23-09.13.01:230][747]LogPlayLevel: [PIE] Compiling MenuLevel before PIE...
[2015.07.23-09.13.01:391][747]LogPlayLevel: PIE:  Blueprint regeneration took 177 ms (1 blueprints)
[2015.07.23-09.13.01:391][747]PIE: New page: PIE session: MenuLevel (Jul 23, 2015, 1:13:01 PM)
[2015.07.23-09.13.01:392][747]LogPlayLevel: Creating play world package: /Game/Level/UEDPIE_0_MenuLevel
[2015.07.23-09.13.01:397][747]LogPlayLevel: PIE: StaticDuplicateObject took: (0.005367s)
[2015.07.23-09.13.01:398][747]LogAIModule: Creating AISystem for world MenuLevel
[2015.07.23-09.13.01:399][747]LogPlayLevel: PIE: World Init took: (0.001491s)
[2015.07.23-09.13.01:399][747]LogPlayLevel: PIE: Created PIE world by copying editor world from /Game/Level/MenuLevel.MenuLevel to /Game/Level/UEDPIE_0_MenuLevel.MenuLevel (0.007151s)
[2015.07.23-09.13.01:466][747]LogInit: XAudio2 using 'Speakers (Realtek High Definition Audio)' : 2 channels at 48 kHz using 32 bits per sample (channel mask 0x3)
[2015.07.23-09.13.01:474][747]LogInit: FAudioDevice initialized.
[2015.07.23-09.13.01:478][747]LogD3D11RHI: InitD3DDevice
[2015.07.23-09.13.01:508][747]LogWorld: Game class is 'GameMode_BP_C'
[2015.07.23-09.13.01:512][747]LogWorld: Bringing World /Game/Level/UEDPIE_0_MenuLevel.MenuLevel up for play (max tick rate 60) at 2015.07.23-11.13.01
[2015.07.23-09.13.01:512][747]LogActor:Warning: GameSession /Game/Level/UEDPIE_0_MenuLevel.MenuLevel:PersistentLevel.GameSession_8 has natively added scene component(s), but none of them were set as the actor's RootComponent - picking one arbitrarily
[2015.07.23-09.13.01:513][747]LogActor:Warning: GameNetworkManager /Game/Level/UEDPIE_0_MenuLevel.MenuLevel:PersistentLevel.GameNetworkManager_8 has natively added scene component(s), but none of them were set as the actor's RootComponent - picking one arbitrarily
[2015.07.23-09.13.01:513][747]LogWorld: Bringing up level for play took: 0.002252
[2015.07.23-09.13.01:543][747]PIE: Info Play in editor start time for /Game/Level/UEDPIE_0_MenuLevel -0.249
[2015.07.23-09.13.05:503][820]LogParticles: Destroying 0 GPU particle simulations for FXSystem 0x00000089C6BBC7C0
[2015.07.23-09.13.19:744][658]LogD3D11RHI: InitD3DDevice
[2015.07.23-09.13.21:945][786]LogD3D11RHI: InitD3DDevice
[2015.07.23-09.13.28:399][158]LogD3D11RHI: InitD3DDevice
[2015.07.23-09.13.29:046][193]LogD3D11RHI: InitD3DDevice
[2015.07.23-09.13.34:191][486]LogD3D11RHI: InitD3DDevice
[2015.07.23-09.13.42:577][988]LogD3D11RHI: InitD3DDevice
[2015.07.23-09.13.47:317][271]LogD3D11RHI: InitD3DDevice
[2015.07.23-09.13.54:166][680]LogD3D11RHI: InitD3DDevice
[2015.07.23-09.13.56:854][838]LogD3D11RHI: InitD3DDevice
[2015.07.23-09.14.00:807][ 74]BlueprintLog: New page: Compile MenuPrincpl
[2015.07.23-09.14.01:085][ 74]BlueprintEditorCompileResults: Info [0880.67] Compile of MenuPrincpl successful! [in 277 ms]
[2015.07.23-09.14.01:369][ 90]LogD3D11RHI: InitD3DDevice
[2015.07.23-09.14.01:384][ 90]Cmd: OBJ SAVEPACKAGE PACKAGE="/Game/Widget/MenuPrincpl" FILE="../../../../../../Users/Quentin/Desktop/ProjectTron-master/Content/Widget/MenuPrincpl.uasset" SILENT=true
[2015.07.23-09.14.01:486][ 90]LogSavePackage: Save=78.531639ms
[2015.07.23-09.14.01:486][ 90]LogSavePackage: Moving '../../../../../../Users/Quentin/Desktop/ProjectTron-master/Saved/MenuPrincpl902656B44F4E3ABFDC22578E52995D22.tmp' to '../../../../../../Users/Quentin/Desktop/ProjectTron-master/Content/Widget/MenuPrincpl.uasset'
[2015.07.23-09.14.04:146][195]BlueprintLog: New page: Pre-PIE auto-recompile
[2015.07.23-09.14.04:160][195]LogPlayLevel: [PIE] Compiling MenuLevel before PIE...
[2015.07.23-09.14.04:298][195]LogPlayLevel: PIE:  Blueprint regeneration took 152 ms (1 blueprints)
[2015.07.23-09.14.04:298][195]PIE: New page: PIE session: MenuLevel (Jul 23, 2015, 1:14:04 PM)
[2015.07.23-09.14.04:299][195]LogPlayLevel: Creating play world package: /Game/Level/UEDPIE_0_MenuLevel
[2015.07.23-09.14.04:303][195]LogPlayLevel: PIE: StaticDuplicateObject took: (0.004181s)
[2015.07.23-09.14.04:304][195]LogAIModule: Creating AISystem for world MenuLevel
[2015.07.23-09.14.04:305][195]LogPlayLevel: PIE: World Init took: (0.001614s)
[2015.07.23-09.14.04:305][195]LogPlayLevel: PIE: Created PIE world by copying editor world from /Game/Level/MenuLevel.MenuLevel to /Game/Level/UEDPIE_0_MenuLevel.MenuLevel (0.006039s)
[2015.07.23-09.14.04:357][195]LogInit: XAudio2 using 'Speakers (Realtek High Definition Audio)' : 2 channels at 48 kHz using 32 bits per sample (channel mask 0x3)
[2015.07.23-09.14.04:365][195]LogInit: FAudioDevice initialized.
[2015.07.23-09.14.04:368][195]LogD3D11RHI: InitD3DDevice
[2015.07.23-09.14.04:404][195]LogWorld: Game class is 'GameMode_BP_C'
[2015.07.23-09.14.04:407][195]LogWorld: Bringing World /Game/Level/UEDPIE_0_MenuLevel.MenuLevel up for play (max tick rate 60) at 2015.07.23-11.14.04
[2015.07.23-09.14.04:407][195]LogActor:Warning: GameSession /Game/Level/UEDPIE_0_MenuLevel.MenuLevel:PersistentLevel.GameSession_9 has natively added scene component(s), but none of them were set as the actor's RootComponent - picking one arbitrarily
[2015.07.23-09.14.04:408][195]LogActor:Warning: GameNetworkManager /Game/Level/UEDPIE_0_MenuLevel.MenuLevel:PersistentLevel.GameNetworkManager_9 has natively added scene component(s), but none of them were set as the actor's RootComponent - picking one arbitrarily
[2015.07.23-09.14.04:408][195]LogWorld: Bringing up level for play took: 0.002238
[2015.07.23-09.14.04:430][195]PIE: Info Play in editor start time for /Game/Level/UEDPIE_0_MenuLevel 0.64
[2015.07.23-09.14.10:210][278]Cmd: r.setRes 1600x900
[2015.07.23-09.14.10:210][278]r.SetRes = "1600x900"
[2015.07.23-09.14.12:457][297]Cmd: r.setRes 1360x768
[2015.07.23-09.14.12:457][297]r.SetRes = "1360x768"
[2015.07.23-09.14.13:804][310]Cmd: r.setRes 800x600
[2015.07.23-09.14.13:805][310]r.SetRes = "800x600"
[2015.07.23-09.14.15:951][344]Cmd: r.setRes 1360x768
[2015.07.23-09.14.15:951][344]r.SetRes = "1360x768"
[2015.07.23-09.14.19:855][387]LogParticles: Destroying 0 GPU particle simulations for FXSystem 0x00000089C657F600
[2015.07.23-09.14.22:391][533]BlueprintLog: New page: Pre-PIE auto-recompile
[2015.07.23-09.14.22:408][533]LogPlayLevel: [PIE] Compiling MenuLevel before PIE...
[2015.07.23-09.14.22:550][533]LogPlayLevel: PIE:  Blueprint regeneration took 158 ms (1 blueprints)
[2015.07.23-09.14.22:550][533]PIE: New page: PIE session: MenuLevel (Jul 23, 2015, 1:14:22 PM)
[2015.07.23-09.14.22:550][533]LogPlayLevel: Creating play world package: /Game/Level/UEDPIE_0_MenuLevel
[2015.07.23-09.14.22:555][533]LogPlayLevel: PIE: StaticDuplicateObject took: (0.004390s)
[2015.07.23-09.14.22:555][533]LogAIModule: Creating AISystem for world MenuLevel
[2015.07.23-09.14.22:556][533]LogPlayLevel: PIE: World Init took: (0.001206s)
[2015.07.23-09.14.22:556][533]LogPlayLevel: PIE: Created PIE world by copying editor world from /Game/Level/MenuLevel.MenuLevel to /Game/Level/UEDPIE_0_MenuLevel.MenuLevel (0.005803s)
[2015.07.23-09.14.22:608][533]LogInit: XAudio2 using 'Speakers (Realtek High Definition Audio)' : 2 channels at 48 kHz using 32 bits per sample (channel mask 0x3)
[2015.07.23-09.14.22:615][533]LogInit: FAudioDevice initialized.
[2015.07.23-09.14.22:618][533]LogD3D11RHI: InitD3DDevice
[2015.07.23-09.14.22:655][533]LogWorld: Game class is 'GameMode_BP_C'
[2015.07.23-09.14.22:658][533]LogWorld: Bringing World /Game/Level/UEDPIE_0_MenuLevel.MenuLevel up for play (max tick rate 60) at 2015.07.23-11.14.22
[2015.07.23-09.14.22:658][533]LogActor:Warning: GameSession /Game/Level/UEDPIE_0_MenuLevel.MenuLevel:PersistentLevel.GameSession_10 has natively added scene component(s), but none of them were set as the actor's RootComponent - picking one arbitrarily
[2015.07.23-09.14.22:659][533]LogActor:Warning: GameNetworkManager /Game/Level/UEDPIE_0_MenuLevel.MenuLevel:PersistentLevel.GameNetworkManager_10 has natively added scene component(s), but none of them were set as the actor's RootComponent - picking one arbitrarily
[2015.07.23-09.14.22:659][533]LogWorld: Bringing up level for play took: 0.001892
[2015.07.23-09.14.22:682][533]PIE: Info Play in editor start time for /Game/Level/UEDPIE_0_MenuLevel 0.891
[2015.07.23-09.14.23:721][549]LogParticles: Destroying 0 GPU particle simulations for FXSystem 0x00000089BB1093A0
[2015.07.23-09.14.45:305][773]BlueprintLog: New page: Compile MenuPrincpl
[2015.07.23-09.14.45:546][773]BlueprintEditorCompileResults: Info [0925.13] Compile of MenuPrincpl successful! [in 241 ms]
[2015.07.23-09.15.02:797][798]LogD3D11RHI: InitD3DDevice
[2015.07.23-09.15.02:826][798]Cmd: OBJ SAVEPACKAGE PACKAGE="/Game/Widget/MenuPrincpl" FILE="../../../../../../Users/Quentin/Desktop/ProjectTron-master/Content/Widget/MenuPrincpl.uasset" SILENT=true
[2015.07.23-09.15.02:960][798]LogSavePackage: Save=116.108765ms
[2015.07.23-09.15.02:960][798]LogSavePackage: Moving '../../../../../../Users/Quentin/Desktop/ProjectTron-master/Saved/MenuPrincplE7EF0F474814D308A480DCBE7652068A.tmp' to '../../../../../../Users/Quentin/Desktop/ProjectTron-master/Content/Widget/MenuPrincpl.uasset'
[2015.07.23-09.15.16:535][453]LogParticles: Destroying 0 GPU particle simulations for FXSystem 0x00000089B88DAE80
[2015.07.23-09.15.16:832][454]Cmd: QUIT_EDITOR
[2015.07.23-09.15.17:179][454]LogWindowsTextInputMethodSystem:Display: IME system now deactivated.
[2015.07.23-09.15.17:327][454]LogExit: Preparing to exit.
[2015.07.23-09.15.17:630][454]LogExit: Editor shut down
[2015.07.23-09.15.17:631][454]LogExit: Transaction tracking system shut down
[2015.07.23-09.15.17:635][454]LogParticles: Destroying 0 GPU particle simulations for FXSystem 0x0000008997DBB1A0
[2015.07.23-09.15.17:635][454]LogParticles: Destroying 0 GPU particle simulations for FXSystem 0x000000899775D120
[2015.07.23-09.15.17:635][454]LogParticles: Destroying 0 GPU particle simulations for FXSystem 0x00000089A384FEC0
[2015.07.23-09.15.17:639][454]LogParticles: Destroying 0 GPU particle simulations for FXSystem 0x00000089B88D9120
[2015.07.23-09.15.17:639][454]LogParticles: Destroying 0 GPU particle simulations for FXSystem 0x000000899775E700
[2015.07.23-09.15.17:863][454]LogParticles: Destroying 0 GPU particle simulations for FXSystem 0x00000089FC6CC900
[2015.07.23-09.15.17:863][454]LogExit: Object subsystem successfully closed.
[2015.07.23-09.15.17:872][454]LogD3D11RHI: Shutdown
[2015.07.23-09.15.17:872][454]LogD3D11RHI: CleanupD3DDevice
[2015.07.23-09.15.17:951][454]LogD3D11RHI: ~FD3D11DynamicRHI
[2015.07.23-09.15.17:973][454]LogModuleManager: Shutting down and abandoning module SequencerWidgets (189)
[2015.07.23-09.15.17:973][454]LogModuleManager: Shutting down and abandoning module CrashTracker (188)
[2015.07.23-09.15.17:973][454]LogModuleManager: Shutting down and abandoning module SceneOutliner (187)
[2015.07.23-09.15.17:973][454]LogModuleManager: Shutting down and abandoning module SuperSearch (186)
[2015.07.23-09.15.17:973][454]LogModuleManager: Shutting down and abandoning module WidgetCarousel (185)
[2015.07.23-09.15.17:973][454]LogModuleManager: Shutting down and abandoning module AddContentDialog (184)
[2015.07.23-09.15.17:974][454]LogModuleManager: Shutting down and abandoning module EditorWidgets (183)
[2015.07.23-09.15.17:974][454]LogModuleManager: Shutting down and abandoning module CollectionManager (182)
[2015.07.23-09.15.17:974][454]LogModuleManager: Shutting down and abandoning module StatsViewer (181)
[2015.07.23-09.15.17:974][454]LogModuleManager: Shutting down and abandoning module FoliageEdit (180)
[2015.07.23-09.15.17:974][454]LogModuleManager: Shutting down and abandoning module LandscapeEditor (179)
[2015.07.23-09.15.17:974][454]LogModuleManager: Shutting down and abandoning module ActorPickerMode (178)
[2015.07.23-09.15.17:974][454]LogModuleManager: Shutting down and abandoning module GeometryMode (177)
[2015.07.23-09.15.17:974][454]LogModuleManager: Shutting down and abandoning module TextureAlignMode (176)
[2015.07.23-09.15.17:974][454]LogModuleManager: Shutting down and abandoning module BspMode (175)
[2015.07.23-09.15.17:974][454]LogModuleManager: Shutting down and abandoning module PlacementMode (174)
[2015.07.23-09.15.17:974][454]LogModuleManager: Shutting down and abandoning module AutomationWorker (173)
[2015.07.23-09.15.17:974][454]LogModuleManager: Shutting down and abandoning module CharacterAI (172)
[2015.07.23-09.15.17:974][454]LogModuleManager: Shutting down and abandoning module SmartSnapping (171)
[2015.07.23-09.15.17:974][454]LogModuleManager: Shutting down and abandoning module ViewportSnapping (170)
[2015.07.23-09.15.17:974][454]LogModuleManager: Shutting down and abandoning module LogVisualizer (169)
[2015.07.23-09.15.17:975][454]LogModuleManager: Shutting down and abandoning module GameProjectGeneration (168)
[2015.07.23-09.15.17:975][454]LogModuleManager: Shutting down and abandoning module IntroTutorials (167)
[2015.07.23-09.15.17:975][454]LogModuleManager: Shutting down and abandoning module EditorLiveStreaming (166)
[2015.07.23-09.15.17:975][454]LogModuleManager: Shutting down and abandoning module IOSPlatformEditor (165)
[2015.07.23-09.15.17:975][454]LogModuleManager: Shutting down and abandoning module HTML5PlatformEditor (164)
[2015.07.23-09.15.17:975][454]LogModuleManager: Shutting down and abandoning module AndroidDeviceDetection (163)
[2015.07.23-09.15.18:435][454]LogModuleManager: Shutting down and abandoning module AndroidPlatformEditor (162)
[2015.07.23-09.15.18:435][454]LogModuleManager: Shutting down and abandoning module IOSRuntimeSettings (161)
[2015.07.23-09.15.18:435][454]LogModuleManager: Shutting down and abandoning module AndroidRuntimeSettings (160)
[2015.07.23-09.15.18:435][454]LogModuleManager: Shutting down and abandoning module MergeActors (159)
[2015.07.23-09.15.18:435][454]LogModuleManager: Shutting down and abandoning module SizeMap (158)
[2015.07.23-09.15.18:435][454]LogModuleManager: Shutting down and abandoning module TreeMap (157)
[2015.07.23-09.15.18:435][454]LogModuleManager: Shutting down and abandoning module ReferenceViewer (156)
[2015.07.23-09.15.18:435][454]LogModuleManager: Shutting down and abandoning module LocalizationDashboard (155)
[2015.07.23-09.15.18:435][454]LogModuleManager: Shutting down and abandoning module HardwareTargeting (154)
[2015.07.23-09.15.18:435][454]LogModuleManager: Shutting down and abandoning module DeviceProfileEditor (153)
[2015.07.23-09.15.18:435][454]LogModuleManager: Shutting down and abandoning module UndoHistory (152)
[2015.07.23-09.15.18:435][454]LogModuleManager: Shutting down and abandoning module GameplayTagsEditor (151)
[2015.07.23-09.15.18:435][454]LogModuleManager: Shutting down and abandoning module UserFeedback (150)
[2015.07.23-09.15.18:435][454]LogModuleManager: Shutting down and abandoning module XmlParser (149)
[2015.07.23-09.15.18:435][454]LogModuleManager: Shutting down and abandoning module Blutility (148)
[2015.07.23-09.15.18:435][454]LogModuleManager: Shutting down and abandoning module ProjectTargetPlatformEditor (147)
[2015.07.23-09.15.18:435][454]LogModuleManager: Shutting down and abandoning module ProjectSettingsViewer (146)
[2015.07.23-09.15.18:435][454]LogModuleManager: Shutting down and abandoning module InputBindingEditor (145)
[2015.07.23-09.15.18:435][454]LogModuleManager: Shutting down and abandoning module EditorSettingsViewer (144)
[2015.07.23-09.15.18:435][454]LogModuleManager: Shutting down and abandoning module SettingsEditor (143)
[2015.07.23-09.15.18:435][454]LogModuleManager: Shutting down and abandoning module ProjectLauncher (142)
[2015.07.23-09.15.18:435][454]LogModuleManager: Shutting down and abandoning module SessionFrontend (141)
[2015.07.23-09.15.18:435][454]LogModuleManager: Shutting down and abandoning module ProfilerClient (140)
[2015.07.23-09.15.18:435][454]LogModuleManager: Shutting down and abandoning module TargetDeviceServices (139)
[2015.07.23-09.15.18:436][454]LogModuleManager: Shutting down and abandoning module DeviceManager (138)
[2015.07.23-09.15.18:436][454]LogModuleManager: Shutting down and abandoning module AutomationController (137)
[2015.07.23-09.15.18:436][454]LogModuleManager: Shutting down and abandoning module AutomationWindow (136)
[2015.07.23-09.15.18:436][454]LogModuleManager: Shutting down and abandoning module Layers (135)
[2015.07.23-09.15.18:436][454]LogModuleManager: Shutting down and abandoning module ComponentVisualizers (134)
[2015.07.23-09.15.18:436][454]LogModuleManager: Shutting down and abandoning module DetailCustomizations (133)
[2015.07.23-09.15.18:436][454]LogModuleManager: Shutting down and abandoning module PackagesDialog (132)
[2015.07.23-09.15.18:436][454]LogModuleManager: Shutting down and abandoning module AssetRegistry (131)
[2015.07.23-09.15.18:534][454]LogModuleManager: Shutting down and abandoning module Persona (130)
[2015.07.23-09.15.18:534][454]LogModuleManager: Shutting down and abandoning module Kismet (129)
[2015.07.23-09.15.18:534][454]LogModuleManager: Shutting down and abandoning module GraphEditor (128)
[2015.07.23-09.15.18:534][454]LogModuleManager: Shutting down and abandoning module ClassViewer (127)
[2015.07.23-09.15.18:535][454]LogModuleManager: Shutting down and abandoning module Toolbox (126)
[2015.07.23-09.15.18:535][454]LogModuleManager: Shutting down and abandoning module ModuleUI (125)
[2015.07.23-09.15.18:535][454]LogModuleManager: Shutting down and abandoning module MovieSceneTools (124)
[2015.07.23-09.15.18:535][454]LogModuleManager: Shutting down and abandoning module OutputLog (123)
[2015.07.23-09.15.18:535][454]LogModuleManager: Shutting down and abandoning module GammaUI (122)
[2015.07.23-09.15.18:535][454]LogModuleManager: Shutting down and abandoning module Documentation (121)
[2015.07.23-09.15.18:535][454]LogModuleManager: Shutting down and abandoning module GameLiveStreaming (120)
[2015.07.23-09.15.18:535][454]LogModuleManager: Shutting down and abandoning module StreamingPauseRendering (119)
[2015.07.23-09.15.18:535][454]LogModuleManager: Shutting down and abandoning module AnalyticsET (118)
[2015.07.23-09.15.18:535][454]LogModuleManager: Shutting down and abandoning module Analytics (117)
[2015.07.23-09.15.18:535][454]LogModuleManager: Shutting down and abandoning module AITestSuite (116)
[2015.07.23-09.15.18:536][454]LogModuleManager: Shutting down and abandoning module GameplayDebugger (115)
[2015.07.23-09.15.18:536][454]LogModuleManager: Shutting down and abandoning module AIModule (114)
[2015.07.23-09.15.18:536][454]LogModuleManager: Shutting down and abandoning module ProfilerService (113)
[2015.07.23-09.15.18:659][454]LogModuleManager: Shutting down and abandoning module TaskGraph (112)
[2015.07.23-09.15.18:659][454]LogModuleManager: Shutting down and abandoning module SlateRemote (111)
[2015.07.23-09.15.18:659][454]LogModuleManager: Shutting down and abandoning module SteamVRController (110)
[2015.07.23-09.15.18:659][454]LogModuleManager: Shutting down and abandoning module SteamVR (109)
[2015.07.23-09.15.18:659][454]LogModuleManager: Shutting down and abandoning module ProceduralMeshComponent (108)
[2015.07.23-09.15.18:659][454]LogModuleManager: Shutting down and abandoning module OculusRift (107)
[2015.07.23-09.15.18:659][454]LogModuleManager: Shutting down and abandoning module LeapMotionController (106)
[2015.07.23-09.15.18:669][454]LogModuleManager: Shutting down and abandoning module CustomMeshComponent (105)
[2015.07.23-09.15.18:669][454]LogModuleManager: Shutting down and abandoning module CableComponent (104)
[2015.07.23-09.15.18:669][454]LogModuleManager: Shutting down and abandoning module MessagingDebugger (103)
[2015.07.23-09.15.18:670][454]LogModuleManager: Shutting down and abandoning module MediaPlayerEditor (102)
[2015.07.23-09.15.18:670][454]LogModuleManager: Shutting down and abandoning module SpeedTreeImporter (101)
[2015.07.23-09.15.18:670][454]LogModuleManager: Shutting down and abandoning module PluginBrowser (100)
[2015.07.23-09.15.18:670][454]LogModuleManager: Shutting down and abandoning module EpicSurvey (99)
[2015.07.23-09.15.18:670][454]LogModuleManager: Shutting down and abandoning module DesktopPlatform (98)
[2015.07.23-09.15.18:670][454]LogModuleManager: Shutting down and abandoning module VisualStudioSourceCodeAccess (97)
[2015.07.23-09.15.18:670][454]LogModuleManager: Shutting down and abandoning module UObjectPlugin (96)
[2015.07.23-09.15.18:670][454]LogModuleManager: Shutting down and abandoning module SubversionSourceControl (95)
[2015.07.23-09.15.18:670][454]LogModuleManager: Shutting down and abandoning module PerforceSourceControl (94)
[2015.07.23-09.15.18:670][454]LogModuleManager: Shutting down and abandoning module SourceControl (93)
[2015.07.23-09.15.18:670][454]LogModuleManager: Shutting down and abandoning module GitSourceControl (92)
[2015.07.23-09.15.18:670][454]LogModuleManager: Shutting down and abandoning module BlankPlugin (91)
[2015.07.23-09.15.18:670][454]LogModuleManager: Shutting down and abandoning module PaperTiledImporter (90)
[2015.07.23-09.15.18:670][454]LogModuleManager: Shutting down and abandoning module PaperSpriteSheetImporter (89)
[2015.07.23-09.15.18:670][454]LogModuleManager: Shutting down and abandoning module MeshPaint (88)
[2015.07.23-09.15.18:670][454]LogModuleManager: Shutting down and abandoning module SlateReflector (87)
[2015.07.23-09.15.18:670][454]LogModuleManager: Shutting down and abandoning module DirectoryWatcher (86)
[2015.07.23-09.15.18:670][454]LogModuleManager: Shutting down and abandoning module HotReload (85)
[2015.07.23-09.15.18:670][454]LogModuleManager: Shutting down and abandoning module MainFrame (84)
[2015.07.23-09.15.18:670][454]LogModuleManager: Shutting down and abandoning module LevelEditor (83)
[2015.07.23-09.15.18:672][454]LogModuleManager: Shutting down and abandoning module ContentBrowser (82)
[2015.07.23-09.15.18:672][454]LogModuleManager: Shutting down and abandoning module Paper2DEditor (81)
[2015.07.23-09.15.18:672][454]LogModuleManager: Shutting down and abandoning module UdpMessaging (80)
[2015.07.23-09.15.18:773][454]LogModuleManager: Shutting down and abandoning module Paper2D (79)
[2015.07.23-09.15.18:773][454]LogModuleManager: Shutting down and abandoning module WindowsMoviePlayer (78)
[2015.07.23-09.15.18:776][454]LogModuleManager: Shutting down and abandoning module Media (77)
[2015.07.23-09.15.18:776][454]LogModuleManager: Shutting down and abandoning module WmfMedia (76)
[2015.07.23-09.15.18:776][454]LogModuleManager: Shutting down and abandoning module OnlineBlueprintSupport (75)
[2015.07.23-09.15.18:776][454]LogModuleManager: Shutting down and abandoning module PropertyEditor (74)
[2015.07.23-09.15.18:776][454]LogModuleManager: Shutting down and abandoning module BehaviorTreeEditor (73)
[2015.07.23-09.15.18:776][454]LogModuleManager: Shutting down and abandoning module FunctionalTesting (72)
[2015.07.23-09.15.18:776][454]LogModuleManager: Shutting down and abandoning module CollisionAnalyzer (71)
[2015.07.23-09.15.18:776][454]LogModuleManager: Shutting down and abandoning module WorkspaceMenuStructure (70)
[2015.07.23-09.15.18:776][454]LogModuleManager: Shutting down and abandoning module MessageLog (69)
[2015.07.23-09.15.18:776][454]LogModuleManager: Shutting down and abandoning module Sequencer (68)
[2015.07.23-09.15.18:776][454]LogModuleManager: Shutting down and abandoning module AssetTools (67)
[2015.07.23-09.15.18:776][454]LogModuleManager: Shutting down and abandoning module UMGEditor (66)
[2015.07.23-09.15.18:776][454]LogModuleManager: Shutting down and abandoning module UMG (65)
[2015.07.23-09.15.18:776][454]LogModuleManager: Shutting down and abandoning module Slate (64)
[2015.07.23-09.15.18:776][454]LogModuleManager: Shutting down and abandoning module EditorStyle (63)
[2015.07.23-09.15.18:779][454]LogModuleManager: Shutting down and abandoning module SessionServices (62)
[2015.07.23-09.15.18:779][454]LogModuleManager: Shutting down and abandoning module SourceCodeAccess (61)
[2015.07.23-09.15.18:779][454]LogModuleManager: Shutting down and abandoning module HeadMountedDisplay (60)
[2015.07.23-09.15.18:779][454]LogModuleManager: Shutting down and abandoning module XAudio2 (59)
[2015.07.23-09.15.18:779][454]LogModuleManager: Shutting down and abandoning module Networking (57)
[2015.07.23-09.15.18:779][454]LogModuleManager: Shutting down and abandoning module Core (56)
[2015.07.23-09.15.18:779][454]LogModuleManager: Shutting down and abandoning module KismetCompiler (55)
[2015.07.23-09.15.18:779][454]LogModuleManager: Shutting down and abandoning module PhysXFormats (54)
[2015.07.23-09.15.18:779][454]LogModuleManager: Shutting down and abandoning module MeshUtilities (53)
[2015.07.23-09.15.18:779][454]LogModuleManager: Shutting down and abandoning module DerivedDataCache (52)
[2015.07.23-09.15.18:785][454]LogDerivedDataCache: Shutdown
[2015.07.23-09.15.18:785][454]LogModuleManager: Shutting down and abandoning module ShaderFormatOpenGL (51)
[2015.07.23-09.15.18:785][454]LogModuleManager: Shutting down and abandoning module ShaderFormatD3D (50)
[2015.07.23-09.15.18:785][454]LogModuleManager: Shutting down and abandoning module MetalShaderFormat (49)
[2015.07.23-09.15.18:785][454]LogModuleManager: Shutting down and abandoning module TextureFormatUncompressed (48)
[2015.07.23-09.15.18:785][454]LogModuleManager: Shutting down and abandoning module TextureFormatPVR (47)
[2015.07.23-09.15.18:785][454]LogModuleManager: Shutting down and abandoning module TextureFormatIntelISPCTexComp (46)
[2015.07.23-09.15.18:785][454]LogModuleManager: Shutting down and abandoning module TextureFormatDXT (45)
[2015.07.23-09.15.18:785][454]LogModuleManager: Shutting down and abandoning module ImageWrapper (44)
[2015.07.23-09.15.18:785][454]LogModuleManager: Shutting down and abandoning module TextureFormatASTC (43)
[2015.07.23-09.15.18:785][454]LogModuleManager: Shutting down and abandoning module TextureFormatAndroid (42)
[2015.07.23-09.15.18:785][454]LogModuleManager: Shutting down and abandoning module AudioFormatOpus (41)
[2015.07.23-09.15.18:785][454]LogModuleManager: Shutting down and abandoning module AudioFormatOgg (40)
[2015.07.23-09.15.18:785][454]LogModuleManager: Shutting down and abandoning module AudioFormatADPCM (39)
[2015.07.23-09.15.18:785][454]LogModuleManager: Shutting down and abandoning module LinuxTargetPlatform (38)
[2015.07.23-09.15.18:785][454]LogModuleManager: Shutting down and abandoning module LinuxServerTargetPlatform (37)
[2015.07.23-09.15.18:785][454]LogModuleManager: Shutting down and abandoning module LinuxNoEditorTargetPlatform (36)
[2015.07.23-09.15.18:785][454]LogModuleManager: Shutting down and abandoning module Messaging (35)
[2015.07.23-09.15.18:785][454]LogModuleManager: Shutting down and abandoning module IOSTargetPlatform (34)
[2015.07.23-09.15.18:785][454]LogModuleManager: Shutting down and abandoning module HTML5TargetPlatform (33)
[2015.07.23-09.15.18:785][454]LogModuleManager: Shutting down and abandoning module Android_PVRTCTargetPlatform (32)
[2015.07.23-09.15.18:785][454]LogModuleManager: Shutting down and abandoning module Android_ETC2TargetPlatform (31)
[2015.07.23-09.15.18:785][454]LogModuleManager: Shutting down and abandoning module Android_ETC1TargetPlatform (30)
[2015.07.23-09.15.18:785][454]LogModuleManager: Shutting down and abandoning module Android_DXTTargetPlatform (29)
[2015.07.23-09.15.18:785][454]LogModuleManager: Shutting down and abandoning module Android_ATCTargetPlatform (28)
[2015.07.23-09.15.18:785][454]LogModuleManager: Shutting down and abandoning module Android_ASTCTargetPlatform (27)
[2015.07.23-09.15.18:785][454]LogModuleManager: Shutting down and abandoning module AndroidTargetPlatform (26)
[2015.07.23-09.15.18:785][454]LogModuleManager: Shutting down and abandoning module WindowsTargetPlatform (25)
[2015.07.23-09.15.18:785][454]LogModuleManager: Shutting down and abandoning module WindowsServerTargetPlatform (24)
[2015.07.23-09.15.18:785][454]LogModuleManager: Shutting down and abandoning module WindowsNoEditorTargetPlatform (23)
[2015.07.23-09.15.18:785][454]LogModuleManager: Shutting down and abandoning module WindowsClientTargetPlatform (22)
[2015.07.23-09.15.18:785][454]LogModuleManager: Shutting down and abandoning module DesktopTargetPlatform (21)
[2015.07.23-09.15.18:785][454]LogModuleManager: Shutting down and abandoning module TargetPlatform (20)
[2015.07.23-09.15.18:785][454]LogModuleManager: Shutting down and abandoning module InputCore (19)
[2015.07.23-09.15.18:785][454]LogModuleManager: Shutting down and abandoning module Settings (18)
[2015.07.23-09.15.18:785][454]LogModuleManager: Shutting down and abandoning module OnlineSubsystem (16)
[2015.07.23-09.15.18:785][454]LogModuleManager: Shutting down and abandoning module HTTP (15)
[2015.07.23-09.15.18:786][454]LogModuleManager: Shutting down and abandoning module ExampleDeviceProfileSelector (14)
[2015.07.23-09.15.18:786][454]LogModuleManager: Shutting down and abandoning module TextureCompressor (13)
[2015.07.23-09.15.18:786][454]LogModuleManager: Shutting down and abandoning module ShaderCore (12)
[2015.07.23-09.15.18:786][454]LogModuleManager: Shutting down and abandoning module Landscape (11)
[2015.07.23-09.15.18:786][454]LogModuleManager: Shutting down and abandoning module SlateRHIRenderer (10)
[2015.07.23-09.15.18:789][454]LogModuleManager: Shutting down and abandoning module OpenGLDrv (9)
[2015.07.23-09.15.18:789][454]LogModuleManager: Shutting down and abandoning module D3D11RHI (8)
[2015.07.23-09.15.18:789][454]LogModuleManager: Shutting down and abandoning module Renderer (7)
[2015.07.23-09.15.18:789][454]LogModuleManager: Shutting down and abandoning module Engine (6)
[2015.07.23-09.15.18:789][454]LogModuleManager: Shutting down and abandoning module CoreUObject (5)
[2015.07.23-09.15.18:789][454]LogModuleManager: Shutting down and abandoning module NetworkFile (4)
[2015.07.23-09.15.18:789][454]LogModuleManager: Shutting down and abandoning module StreamingFile (3)
[2015.07.23-09.15.18:789][454]LogModuleManager: Shutting down and abandoning module SandboxFile (2)
[2015.07.23-09.15.18:789][454]LogModuleManager: Shutting down and abandoning module PakFile (1)
[2015.07.23-09.15.18:790][454]LogExit: Exiting.
[2015.07.23-09.15.18:811][454]Log file closed, 07/23/15 11:15:18
