[2015.07.22-13.42.35:415][  0]Log file open, 07/22/15 15:42:35
[2015.07.22-13.42.35:415][  0]LogInit:Display: Running engine for game: ProjectTron
[2015.07.22-13.42.35:415][  0]LogInit:Display: RandInit(-1814855475) SRandInit(-1814855474).
[2015.07.22-13.42.35:415][  0]LogTaskGraph: Started task graph with 4 named threads and 7 total threads.
[2015.07.22-13.42.35:415][  0]LogStats: Stats thread started
[2015.07.22-13.42.35:415][  0]LogInit: Version: 4.8.2-2614606+++depot+UE4-Releases+4.8
[2015.07.22-13.42.35:415][  0]LogInit: API Version: 2579680
[2015.07.22-13.42.35:415][  0]LogInit: Compiled (64-bit): Jul  8 2015 23:43:41
[2015.07.22-13.42.35:415][  0]LogInit: Compiled with Visual C++: 18.00.21005.01
[2015.07.22-13.42.35:415][  0]LogInit: Build Configuration: Development
[2015.07.22-13.42.35:415][  0]LogInit: Branch Name: ++depot+UE4-Releases+4.8
[2015.07.22-13.42.35:415][  0]LogInit: Command line:  
[2015.07.22-13.42.35:415][  0]LogInit: Base directory: D:/UnrealEngine/4.8/Engine/Binaries/Win64/
[2015.07.22-13.42.35:415][  0]LogInit: Rocket: 1
[2015.07.22-13.42.35:424][  0]LogInit: Using libcurl 7.41.0
[2015.07.22-13.42.35:424][  0]LogInit:  - built for x86_64-pc-win32
[2015.07.22-13.42.35:424][  0]LogInit:  - supports SSL with WinSSL
[2015.07.22-13.42.35:424][  0]LogInit:  - other features:
[2015.07.22-13.42.35:424][  0]LogInit:      CURL_VERSION_SSL
[2015.07.22-13.42.35:424][  0]LogInit:      CURL_VERSION_IPV6
[2015.07.22-13.42.35:424][  0]LogInit:      CURL_VERSION_ASYNCHDNS
[2015.07.22-13.42.35:424][  0]LogInit:      CURL_VERSION_LARGEFILE
[2015.07.22-13.42.35:424][  0]LogInit:      CURL_VERSION_IDN
[2015.07.22-13.42.35:424][  0]LogInit:  CurlRequestOptions (configurable via config and command line):
[2015.07.22-13.42.35:424][  0]LogInit:  - bVerifyPeer = true  - Libcurl will verify peer certificate
[2015.07.22-13.42.35:424][  0]LogInit:  - bUseHttpProxy = false  - Libcurl will NOT use HTTP proxy
[2015.07.22-13.42.35:424][  0]LogInit:  - bDontReuseConnections = false  - Libcurl will reuse connections
[2015.07.22-13.42.35:424][  0]LogInit:  - CertBundlePath = nullptr  - Libcurl will use whatever was configured at build time.
[2015.07.22-13.42.35:431][  0]LogOnline:Warning: No default platform service specified for OnlineSubsystem
[2015.07.22-13.42.35:441][  0]LogInit: Presizing for 0 objects not considered by GC, pre-allocating 0 bytes.
[2015.07.22-13.42.35:447][  0]LogInit: Object subsystem initialized
[2015.07.22-13.42.35:448][  0]LogConsoleResponse:Warning: Skipping Unknown console variable: 'TranslucentSortAxis = (X=0.000000,Y=-1.000000,Z=0.000000)'
[2015.07.22-13.42.35:448][  0]LogConsoleResponse:Warning:   Found in ini file 'D:/UnrealEngineProject/ProjectTron/Saved/Config/Windows/Engine.ini', in section '[/Script/Engine.RendererSettings]'
[2015.07.22-13.42.35:448][  0]LogConsoleResponse:Warning: Skipping Unknown console variable: 'UIScaleRule = ShortestSide'
[2015.07.22-13.42.35:448][  0]LogConsoleResponse:Warning:   Found in ini file 'D:/UnrealEngineProject/ProjectTron/Saved/Config/Windows/Engine.ini', in section '[/Script/Engine.RendererSettings]'
[2015.07.22-13.42.35:448][  0]LogConsoleResponse:Warning: Skipping Unknown console variable: 'UIScaleCurve = (EditorCurveData=(Keys=),ExternalCurve=None)'
[2015.07.22-13.42.35:448][  0]LogConsoleResponse:Warning:   Found in ini file 'D:/UnrealEngineProject/ProjectTron/Saved/Config/Windows/Engine.ini', in section '[/Script/Engine.RendererSettings]'
[2015.07.22-13.42.35:448][  0]LogInit: Selected Device Profile: [Windows]
[2015.07.22-13.42.35:448][  0]LogInit: Applying CVar settings loaded from the selected device profile: [Windows]
[2015.07.22-13.42.35:454][  0]LogInit: Computer: FIELDRAIN-PC
[2015.07.22-13.42.35:454][  0]LogInit: User: Adrien
[2015.07.22-13.42.35:454][  0]LogInit: CPU Page size=4096, Cores=4
[2015.07.22-13.42.35:454][  0]LogInit: High frequency timer resolution =2.338343 MHz
[2015.07.22-13.42.35:454][  0]LogMemory: Memory total: Physical=15.9GB (16GB approx)
[2015.07.22-13.42.35:454][  0]LogMemory: Platform Memory Stats for Windows
[2015.07.22-13.42.35:454][  0]LogMemory: Process Physical Memory: 48.20 MB used, 48.20 MB peak
[2015.07.22-13.42.35:454][  0]LogMemory: Process Virtual Memory: 22.34 MB used, 22.34 MB peak
[2015.07.22-13.42.35:454][  0]LogMemory: Physical Memory: 4152.93 MB used, 16271.36 MB total
[2015.07.22-13.42.35:454][  0]LogMemory: Virtual Memory: 291.79 MB used, 134217728.00 MB total
[2015.07.22-13.42.35:488][  0]LogTextLocalizationManager: The requested culture ('en_150') has no localization data; parent culture's ('en') localization data will be used.
[2015.07.22-13.42.35:699][  0]LogTextLocalizationManager:Warning: Loaded localization resources contain conflicting entries for (Namespace:ContentBrowser, Key:ImportAssetToolTip):
Localization Resource: (D:/UnrealEngine/4.8/Engine/Content/Localization/Editor/en/Editor.locres) Source String Hash: (-630476809) Localized String: (Import to {0}...)
Localization Resource: (D:/UnrealEngine/4.8/Engine/Content/Localization/Editor/en/Editor.locres) Source String Hash: (1271782899) Localized String: (Imports an asset from file to this folder.)
[2015.07.22-13.42.36:125][  0]LogD3D11RHI: Found D3D11 adapter 0: Intel(R) HD Graphics 4600 (Feature Level 11_0)
[2015.07.22-13.42.36:125][  0]LogD3D11RHI: Adapter has 0MB of dedicated video memory, 0MB of dedicated system memory, and 1792MB of shared system memory, 2 output[s]
[2015.07.22-13.42.36:153][  0]LogD3D11RHI: Found D3D11 adapter 1: NVIDIA GeForce GTX 780M (Feature Level 11_0)
[2015.07.22-13.42.36:153][  0]LogD3D11RHI: Adapter has 3995MB of dedicated video memory, 0MB of dedicated system memory, and 8135MB of shared system memory, 0 output[s]
[2015.07.22-13.42.36:155][  0]LogD3D11RHI: Found D3D11 adapter 2: Microsoft Basic Render Driver (Feature Level 11_0)
[2015.07.22-13.42.36:155][  0]LogD3D11RHI: Adapter has 0MB of dedicated video memory, 0MB of dedicated system memory, and 256MB of shared system memory, 0 output[s]
[2015.07.22-13.42.36:155][  0]LogD3D11RHI: Chosen D3D11 Adapter Id = 0
[2015.07.22-13.42.36:160][  0]LogD3D11RHI: InitD3DDevice
[2015.07.22-13.42.36:160][  0]LogD3D11RHI: !Direct3DDevice
[2015.07.22-13.42.36:160][  0]LogRHI: Texture pool is 1361 MB (70% of 1945 MB)
[2015.07.22-13.42.36:181][  0]LogD3D11RHI: Async texture creation enabled
[2015.07.22-13.42.36:621][  0]LogShaderCompilers:Display: Using Local Shader Compiler.
[2015.07.22-13.42.37:353][  0]LogTemp:Display: Loaded TP DesktopTargetPlatform
[2015.07.22-13.42.37:363][  0]LogTemp:Display: Loaded TP WindowsClientTargetPlatform
[2015.07.22-13.42.37:372][  0]LogTemp:Display: Loaded TP WindowsNoEditorTargetPlatform
[2015.07.22-13.42.37:382][  0]LogTemp:Display: Loaded TP WindowsServerTargetPlatform
[2015.07.22-13.42.37:392][  0]LogTemp:Display: Loaded TP WindowsTargetPlatform
[2015.07.22-13.42.37:400][  0]LogTemp:Display: Loaded TP AndroidTargetPlatform
[2015.07.22-13.42.37:410][  0]LogTemp:Display: Loaded TP Android_ASTCTargetPlatform
[2015.07.22-13.42.37:419][  0]LogTemp:Display: Loaded TP Android_ATCTargetPlatform
[2015.07.22-13.42.37:427][  0]LogTemp:Display: Loaded TP Android_DXTTargetPlatform
[2015.07.22-13.42.37:436][  0]LogTemp:Display: Loaded TP Android_ETC1TargetPlatform
[2015.07.22-13.42.37:444][  0]LogTemp:Display: Loaded TP Android_ETC2TargetPlatform
[2015.07.22-13.42.37:453][  0]LogTemp:Display: Loaded TP Android_PVRTCTargetPlatform
[2015.07.22-13.42.37:488][  0]LogTemp:Display: Loaded TP IOSTargetPlatform
[2015.07.22-13.42.37:496][  0]LogTemp:Display: Loaded TP LinuxNoEditorTargetPlatform
[2015.07.22-13.42.37:504][  0]LogTemp:Display: Loaded TP LinuxServerTargetPlatform
[2015.07.22-13.42.37:514][  0]LogTemp:Display: Loaded TP LinuxTargetPlatform
[2015.07.22-13.42.37:514][  0]LogTargetPlatformManager:Display: Building Assets For Windows
[2015.07.22-13.42.37:650][  0]LogDerivedDataCache:Display: Max Cache Size: 512 MB
[2015.07.22-13.42.37:704][  0]LogDerivedDataCache: Loaded boot cache 0.05s 61MB C:/Users/Adrien/AppData/Local/UnrealEngine/4.8/DerivedDataCache/Boot.ddc.
[2015.07.22-13.42.37:704][  0]LogDerivedDataCache:Display: Loaded Boot cache: C:/Users/Adrien/AppData/Local/UnrealEngine/4.8/DerivedDataCache/Boot.ddc
[2015.07.22-13.42.37:704][  0]LogDerivedDataCache: FDerivedDataBackendGraph:  Pak pak cache file ../../../../../UnrealEngineProject/ProjectTron/DerivedDataCache/DDC.ddp not found, will not use a pak cache.
[2015.07.22-13.42.37:704][  0]LogDerivedDataCache: Unable to find inner node Pak for hierarchical cache Hierarchy.
[2015.07.22-13.42.37:704][  0]LogDerivedDataCache: FDerivedDataBackendGraph:  CompressedPak pak cache file ../../../../../UnrealEngineProject/ProjectTron/DerivedDataCache/Compressed.ddp not found, will not use a pak cache.
[2015.07.22-13.42.37:704][  0]LogDerivedDataCache: Unable to find inner node CompressedPak for hierarchical cache Hierarchy.
[2015.07.22-13.42.37:846][  0]LogDerivedDataCache:Display: Pak cache opened for reading ../../../Engine/DerivedDataCache/Compressed.ddp.
[2015.07.22-13.42.37:858][  0]LogDerivedDataCache: Using Local data cache path C:/Users/Adrien/AppData/Local/UnrealEngine/Common/DerivedDataCache: Writable
[2015.07.22-13.42.38:041][  0]LogInit: Selected Device Profile: [Windows]
[2015.07.22-13.42.38:119][  0]ImportText (ComponentSweepMultiTests): Missing closing parenthesis: (RootShapeAsset="/Engine/BasicShapes/Cube.Cube",ShapeType="TriggerCapsule",HitResult=(Time=0.50,Location=(X=-100.000015,Y=0.0,Z=100.000015),ImpactPoint=(X=-50.0,Y=0.0,Z=50.0),Normal=(X=-1.0,Y=-0.0,Z=0.0),ImpactNormal=(X=0.0,Y=0.0,Z=1.0),TraceStart=(X=-200.0,Y=0.0,Z=200.0),TraceEnd=(X=0.0,Y=0.0,Z=0.0))
[2015.07.22-13.42.38:119][  0]ImportText (LineTraceSingleByChannelTests): Missing closing parenthesis: (RootShapeAsset="/Engine/BasicShapes/Cube.Cube",HitResult=(Time=0.50,Location=(X=-100.000015,Y=0.0,Z=100.000015),ImpactPoint=(X=-50.0,Y=0.0,Z=50.0),Normal=(X=-1.0,Y=-0.0,Z=0.0),ImpactNormal=(X=0.0,Y=0.0,Z=1.0),TraceStart=(X=-200.0,Y=0.0,Z=200.0),TraceEnd=(X=0.0,Y=0.0,Z=0.0))
[2015.07.22-13.42.38:137][  0]LogMeshUtilities: No automatic mesh reduction module available
[2015.07.22-13.42.38:137][  0]LogMeshUtilities: No automatic mesh merging module available
[2015.07.22-13.42.38:397][  0]LogInit: WinSock: version 1.1 (2.2), MaxSocks=32767, MaxUdp=65467
[2015.07.22-13.42.39:169][  0]UdpMessaging: Initializing bridge on interface 0.0.0.0:0 to multicast group 230.0.0.1:6666.
[2015.07.22-13.42.39:426][  0]SourceControl: Info Source control is disabled
[2015.07.22-13.42.39:433][  0]SourceControl: Info Source control is disabled
[2015.07.22-13.42.39:439][  0]SourceControl: Info Source control is disabled
[2015.07.22-13.42.39:446][  0]SourceControl: Info Source control is disabled
[2015.07.22-13.42.39:599][  0]LogObj: 26273 objects as part of root set at end of initial load.
[2015.07.22-13.42.39:599][  0]LogUObjectAllocator: 5409248 out of 0 bytes used by permanent object pool.
[2015.07.22-13.42.39:658][  0]LogEngine: Initializing Engine...
[2015.07.22-13.42.39:659][  0]LogHMD: Can't find Oculus library dev build: is proper Runtime installed? Version: 0.6.0.0
[2015.07.22-13.42.39:660][  0]LogHMD:Warning: SteamVR failed to initialize.  Error: 110
[2015.07.22-13.42.39:780][  0]LogAIModule: Creating AISystem for world NewWorld
[2015.07.22-13.42.39:785][  0]LogInit: XAudio2 using 'Haut-parleurs (2- Plantronics GameCom 780)' : 6 channels at 44.1 kHz using 16 bits per sample (channel mask 0x60f)
[2015.07.22-13.42.39:803][  0]LogInit: FAudioDevice initialized.
[2015.07.22-13.42.39:834][  0]LogDerivedDataCache: Saved boot cache 0.03s 61MB C:/Users/Adrien/AppData/Local/UnrealEngine/4.8/DerivedDataCache/Boot.ddc.
[2015.07.22-13.42.39:837][  0]LogInit: Texture streaming: Disabled
[2015.07.22-13.42.39:852][  0]LogAnalytics: Creating configured Analytics provider AnalyticsET
[2015.07.22-13.42.39:852][  0]LogAnalytics: [UEEditor.Rocket.Release] APIServer = http://et2.epicgames.com/ET2/. AppVersion = 4.8.2-2614606+++depot+UE4-Releases+4.8
[2015.07.22-13.42.39:852][  0]LogAnalytics: [UEEditor.Rocket.Release] SetUserId 2e87543741be94097c1db6846465a91d|d27d10dde35e45258d9f88e0d3b9cd63|7789eb87-d837-4324-a798-0149adb08d39
[2015.07.22-13.42.39:852][  0]LogAnalytics: [UEEditor.Rocket.Release] AnalyticsET::StartSession
[2015.07.22-13.42.39:874][  0]LogInit: Transaction tracking system initialized
[2015.07.22-13.42.39:963][  0]BlueprintLog: New page: Editor Load
[2015.07.22-13.42.39:989][  0]LogAssetRegistry: FAssetRegistry took 0.0110 seconds to start up
[2015.07.22-13.42.39:989][  0]LogDirectoryWatcher:Warning: Failed to begin reading directory changes for ../../../Engine/Plugins/Experimental/CharacterAI/Content/. Error: 0
[2015.07.22-13.42.40:472][  0]LogConsoleManager:Warning: Console variable 'r.VSync' wasn't set ('GameSetting' has a lower priority than 'SystemSettingsIni')
[2015.07.22-13.42.40:472][  0]LogConsoleResponse:Display: 
[2015.07.22-13.42.40:580][  0]LogCook:Display: Done creating registry. It took  0.00s.
[2015.07.22-13.42.40:711][  0]SourceControl: Info Source control is disabled
[2015.07.22-13.42.40:711][  0]Cmd: MAP LOAD FILE="../../../../../UnrealEngineProject/ProjectTron/Content/StarterContent/Maps/Minimal_Default.umap" TEMPLATE=0 SHOWPROGRESS=1 FEATURELEVEL=3
[2015.07.22-13.42.40:712][  0]LightingResults: New page: Lighting Build
[2015.07.22-13.42.40:719][  0]MapCheck: New page: Map Check
[2015.07.22-13.42.40:719][  0]LightingResults: New page: Lighting Build
[2015.07.22-13.42.40:730][  0]LogParticles: Destroying 0 GPU particle simulations for FXSystem 0x000000106A208B80
[2015.07.22-13.42.41:358][  0]LogAIModule: Creating AISystem for world Minimal_Default
[2015.07.22-13.42.41:366][  0]LogEditorServer: Finished looking for orphan Actors (0.000 secs)
[2015.07.22-13.42.41:388][  0]Cmd: MAP CHECKDEP NOCLEARLOG
[2015.07.22-13.42.41:421][  0]MapCheck: Info Map check complete: 0 Error(s), 0 Warning(s), took 33,363ms to complete.
[2015.07.22-13.42.41:421][  0]LogFileHelpers: Loading map 'Minimal_Default' took 0.710
[2015.07.22-13.42.41:526][  0]LogCollectionManager: Loaded 0 collections in 0.001141 seconds
[2015.07.22-13.42.41:536][  0]LogContentBrowser: Native class hierarchy populated in 0.0089 seconds. Added 1792 classes and 301 folders.
[2015.07.22-13.42.41:571][  0]LogContentBrowser: Native class hierarchy updated for 'WidgetCarousel' in 0.0003 seconds. Added 0 classes and 0 folders.
[2015.07.22-13.42.41:591][  0]LogContentBrowser: Native class hierarchy updated for 'AddContentDialog' in 0.0003 seconds. Added 0 classes and 0 folders.
[2015.07.22-13.42.41:601][  0]LogContentBrowser: Native class hierarchy updated for 'SceneOutliner' in 0.0003 seconds. Added 1 classes and 2 folders.
[2015.07.22-13.42.41:631][  0]LogCrashTracker: Crashtracker disabled due to settings.
[2015.07.22-13.42.41:632][  0]LogD3D11RHI: InitD3DDevice
[2015.07.22-13.42.41:637][  0]LogUObjectGlobals:Warning: Failed to find object 'Class None.'
[2015.07.22-13.42.41:660][  0]LogLoad: Full Startup: 7.38 seconds (BP compile: 0.13 seconds)
[2015.07.22-13.42.41:669][  0]LogWindowsTextInputMethodSystem:Display: IME system now deactivated.
[2015.07.22-13.42.41:725][  0]LogContentStreaming: Texture pool size is 0.000000MB
[2015.07.22-13.42.41:775][  0]LogContentStreaming: Texture pool size now 1000 MB
[2015.07.22-13.42.41:908][  0]LogRenderer: Reallocating scene render targets to support 1208x600 (Frame:2).
[2015.07.22-13.42.42:224][  8]LogAssetRegistry: Asset discovery search completed in 2.2470 seconds
[2015.07.22-13.42.42:696][ 43]LogD3D11RHI: InitD3DDevice
[2015.07.22-13.42.45:988][302]LogD3D11RHI: InitD3DDevice
[2015.07.22-13.42.46:015][302]LogD3D11RHI: InitD3DDevice
[2015.07.22-13.42.46:051][302]LogLinker:Warning: Asset '../../../Engine/Content/ArtTools/RenderToTexture/Macros/RenderToTextureMacros.uasset' has been saved with empty engine version. The asset will be loaded but may be incompatible.
[2015.07.22-13.42.46:126][302]LogLinker:Warning: Asset '../../../Engine/Content/ArtTools/RenderToTexture/Enums/RenderToTexture_Enum.uasset' has been saved with empty engine version. The asset will be loaded but may be incompatible.
[2015.07.22-13.42.46:876][302]LogD3D11RHI: InitD3DDevice
[2015.07.22-13.42.47:966][356]LogD3D11RHI: InitD3DDevice
[2015.07.22-13.42.55:266][790]LogD3D11RHI: InitD3DDevice
[2015.07.22-13.43.02:645][350]LogD3D11RHI: InitD3DDevice
[2015.07.22-13.43.02:958][376]LogD3D11RHI: InitD3DDevice
[2015.07.22-13.43.06:361][635]LogD3D11RHI: InitD3DDevice
[2015.07.22-13.43.06:393][636]LogD3D11RHI: InitD3DDevice
[2015.07.22-13.43.11:388][973]LogD3D11RHI: InitD3DDevice
[2015.07.22-13.43.11:413][973]Cmd: OBJ SAVEPACKAGE PACKAGE="/Game/Plateforme/Blueprint/Plateforme_BP" FILE="../../../../../UnrealEngineProject/ProjectTron/Content/Plateforme/Blueprint/Plateforme_BP.uasset" SILENT=true
[2015.07.22-13.43.11:428][973]LogSavePackage: Save=9.132108ms
[2015.07.22-13.43.11:428][973]LogSavePackage: Moving '../../../../../UnrealEngineProject/ProjectTron/Saved/Plateforme_BP8AC2D44B4445A2A112D919802811D7DC.tmp' to '../../../../../UnrealEngineProject/ProjectTron/Content/Plateforme/Blueprint/Plateforme_BP.uasset'
[2015.07.22-13.43.11:806][996]BlueprintLog: New page: Compile Plateforme_BP
[2015.07.22-13.43.11:928][996]BlueprintEditorCompileResults: Info [0037,65] Compile of Plateforme_BP successful! [in 121 ms]
[2015.07.22-13.43.26:646][993]LogD3D11RHI: InitD3DDevice
[2015.07.22-13.43.39:276][900]LogD3D11RHI: InitD3DDevice
[2015.07.22-13.43.43:798][295]LogD3D11RHI: InitD3DDevice
[2015.07.22-13.43.53:641][201]LogD3D11RHI: InitD3DDevice
[2015.07.22-13.43.53:664][201]Cmd: OBJ SAVEPACKAGE PACKAGE="/Game/Plateforme/Blueprint/Plateforme_Mesh" FILE="../../../../../UnrealEngineProject/ProjectTron/Content/Plateforme/Blueprint/Plateforme_Mesh.uasset" SILENT=true
[2015.07.22-13.43.53:677][201]LogSavePackage: Save=9.545649ms
[2015.07.22-13.43.53:677][201]LogSavePackage: Moving '../../../../../UnrealEngineProject/ProjectTron/Saved/Plateforme_Mesh992D57314DA208C895492682037EB335.tmp' to '../../../../../UnrealEngineProject/ProjectTron/Content/Plateforme/Blueprint/Plateforme_Mesh.uasset'
[2015.07.22-13.43.55:486][320]LogD3D11RHI: InitD3DDevice
[2015.07.22-13.43.59:664][628]LogD3D11RHI: InitD3DDevice
[2015.07.22-13.43.59:679][628]Cmd: OBJ SAVEPACKAGE PACKAGE="/Game/Plateforme/Blueprint/Plateforme_Mesh" FILE="../../../../../UnrealEngineProject/ProjectTron/Content/Plateforme/Blueprint/Plateforme_Mesh.uasset" SILENT=true
[2015.07.22-13.43.59:691][628]LogSavePackage: Save=9.369027ms
[2015.07.22-13.43.59:691][628]LogSavePackage: Moving '../../../../../UnrealEngineProject/ProjectTron/Saved/Plateforme_Mesh64E83FDD4CDA2D17BEF92F8756BB853B.tmp' to '../../../../../UnrealEngineProject/ProjectTron/Content/Plateforme/Blueprint/Plateforme_Mesh.uasset'
[2015.07.22-13.43.59:995][651]BlueprintLog: New page: Compile Plateforme_Mesh
[2015.07.22-13.44.00:071][651]BlueprintEditorCompileResults: Info [0085,79] Compile of Plateforme_Mesh successful! [in 75 ms]
[2015.07.22-13.44.04:174][956]LogD3D11RHI: InitD3DDevice
[2015.07.22-13.44.22:711][568]LogD3D11RHI: InitD3DDevice
[2015.07.22-13.44.22:761][568]LogD3D11RHI: InitD3DDevice
[2015.07.22-13.44.31:909][379]LogD3D11RHI: InitD3DDevice
[2015.07.22-13.44.35:812][713]LogD3D11RHI: InitD3DDevice
[2015.07.22-13.44.35:834][713]Cmd: OBJ SAVEPACKAGE PACKAGE="/Game/Plateforme/Blueprint/Plateforme_Mesh" FILE="../../../../../UnrealEngineProject/ProjectTron/Content/Plateforme/Blueprint/Plateforme_Mesh.uasset" SILENT=true
[2015.07.22-13.44.35:848][713]LogSavePackage: Save=10.403093ms
[2015.07.22-13.44.35:848][713]LogSavePackage: Moving '../../../../../UnrealEngineProject/ProjectTron/Saved/Plateforme_Mesh73E21559484B47215258B096CFC7FD51.tmp' to '../../../../../UnrealEngineProject/ProjectTron/Content/Plateforme/Blueprint/Plateforme_Mesh.uasset'
[2015.07.22-13.44.36:186][738]BlueprintLog: New page: Compile Plateforme_Mesh
[2015.07.22-13.44.36:270][738]BlueprintEditorCompileResults: Info [0121,99] Compile of Plateforme_Mesh successful! [in 83 ms]
[2015.07.22-13.44.48:051][532]LogD3D11RHI: InitD3DDevice
[2015.07.22-13.44.48:386][557]LogD3D11RHI: InitD3DDevice
[2015.07.22-13.45.00:252][583]LogD3D11RHI: InitD3DDevice
[2015.07.22-13.45.00:535][605]LogD3D11RHI: InitD3DDevice
[2015.07.22-13.45.06:281][111]LogD3D11RHI: InitD3DDevice
[2015.07.22-13.45.06:290][111]LogSlate:Warning: Prevented a slow task dialog from being summoned while a context menu was open
[2015.07.22-13.45.11:830][587]LogD3D11RHI: InitD3DDevice
[2015.07.22-13.45.12:110][609]LogD3D11RHI: InitD3DDevice
[2015.07.22-13.45.33:841][588]LogD3D11RHI: InitD3DDevice
[2015.07.22-13.45.44:027][437]LogD3D11RHI: InitD3DDevice
[2015.07.22-13.45.44:042][437]Cmd: OBJ SAVEPACKAGE PACKAGE="/Game/Plateforme/Blueprint/Plateforme_Mesh" FILE="../../../../../UnrealEngineProject/ProjectTron/Content/Plateforme/Blueprint/Plateforme_Mesh.uasset" SILENT=true
[2015.07.22-13.45.44:055][437]LogSavePackage: Save=9.076512ms
[2015.07.22-13.45.44:055][437]LogSavePackage: Moving '../../../../../UnrealEngineProject/ProjectTron/Saved/Plateforme_Mesh4AE8205844A60485C4FBE89C8349E97D.tmp' to '../../../../../UnrealEngineProject/ProjectTron/Content/Plateforme/Blueprint/Plateforme_Mesh.uasset'
[2015.07.22-13.45.45:579][540]BlueprintLog: New page: Compile Plateforme_Mesh
[2015.07.22-13.45.45:656][540]BlueprintEditorCompileResults: Info [0191,38] Compile of Plateforme_Mesh successful! [in 77 ms]
[2015.07.22-13.45.58:977][652]LogD3D11RHI: InitD3DDevice
[2015.07.22-13.46.01:884][983]LogD3D11RHI: InitD3DDevice
[2015.07.22-13.46.01:916][983]LogContentBrowser: Native class hierarchy updated for 'DestructibleMeshEditor' in 0.0004 seconds. Added 1 classes and 2 folders.
[2015.07.22-13.46.02:011][983]LogRenderer: Reallocating scene render targets to support 1208x968 (Frame:6801).
[2015.07.22-13.46.13:640][749]LogD3D11RHI: InitD3DDevice
[2015.07.22-13.46.15:196][913]LogD3D11RHI: InitD3DDevice
[2015.07.22-13.46.16:617][ 56]LogD3D11RHI: InitD3DDevice
[2015.07.22-13.46.17:126][107]LogD3D11RHI: InitD3DDevice
[2015.07.22-13.46.17:626][154]LogD3D11RHI: InitD3DDevice
[2015.07.22-13.46.18:838][282]LogD3D11RHI: InitD3DDevice
[2015.07.22-13.46.20:512][453]LogD3D11RHI: InitD3DDevice
[2015.07.22-13.46.21:181][519]LogD3D11RHI: InitD3DDevice
[2015.07.22-13.46.42:728][ 23]LogD3D11RHI: InitD3DDevice
[2015.07.22-13.46.43:459][ 99]LogD3D11RHI: InitD3DDevice
[2015.07.22-13.46.50:890][617]LogD3D11RHI: InitD3DDevice
[2015.07.22-13.46.50:908][617]LogD3D11RHI: InitD3DDevice
[2015.07.22-13.46.50:922][617]LogD3D11RHI: InitD3DDevice
[2015.07.22-13.46.50:951][617]Cmd: OBJ SAVEPACKAGE PACKAGE="/Game/Plateforme/Mesh/PM_Default" FILE="../../../../../UnrealEngineProject/ProjectTron/Content/Plateforme/Mesh/PM_Default.uasset" SILENT=true
[2015.07.22-13.46.50:967][617]LogSavePackage: Save=15.942059ms
[2015.07.22-13.46.50:967][617]LogSavePackage: Moving '../../../../../UnrealEngineProject/ProjectTron/Saved/PM_DefaultC8728C3E4893EFE63297C68BCBDB490C.tmp' to '../../../../../UnrealEngineProject/ProjectTron/Content/Plateforme/Mesh/PM_Default.uasset'
[2015.07.22-13.46.50:978][617]LogD3D11RHI: InitD3DDevice
[2015.07.22-13.46.51:026][617]LogD3D11RHI: InitD3DDevice
[2015.07.22-13.46.51:046][617]LogParticles: Destroying 0 GPU particle simulations for FXSystem 0x00000010239305E0
[2015.07.22-13.46.58:331][277]LogD3D11RHI: InitD3DDevice
[2015.07.22-13.46.58:642][302]LogD3D11RHI: InitD3DDevice
[2015.07.22-13.47.03:862][770]LogD3D11RHI: InitD3DDevice
[2015.07.22-13.47.03:872][770]LogSlate:Warning: Prevented a slow task dialog from being summoned while a context menu was open
[2015.07.22-13.47.13:336][612]LogD3D11RHI: InitD3DDevice
[2015.07.22-13.47.13:818][661]LogD3D11RHI: InitD3DDevice
[2015.07.22-13.47.22:967][447]LogD3D11RHI: InitD3DDevice
[2015.07.22-13.47.27:342][810]LogD3D11RHI: InitD3DDevice
[2015.07.22-13.47.27:588][828]LogD3D11RHI: InitD3DDevice
[2015.07.22-13.47.35:101][494]LogD3D11RHI: InitD3DDevice
[2015.07.22-13.47.35:321][510]LogD3D11RHI: InitD3DDevice
[2015.07.22-13.47.43:186][139]LogD3D11RHI: InitD3DDevice
[2015.07.22-13.47.43:409][157]LogD3D11RHI: InitD3DDevice
[2015.07.22-13.47.55:178][177]LogD3D11RHI: InitD3DDevice
[2015.07.22-13.47.55:444][200]LogD3D11RHI: InitD3DDevice
[2015.07.22-13.48.18:714][261]LogD3D11RHI: InitD3DDevice
[2015.07.22-13.48.19:004][287]LogD3D11RHI: InitD3DDevice
[2015.07.22-13.48.25:010][807]LogD3D11RHI: InitD3DDevice
[2015.07.22-13.48.25:876][890]LogD3D11RHI: InitD3DDevice
[2015.07.22-13.48.43:361][213]LogD3D11RHI: InitD3DDevice
[2015.07.22-13.48.43:645][236]LogD3D11RHI: InitD3DDevice
[2015.07.22-13.48.58:424][478]LogD3D11RHI: InitD3DDevice
[2015.07.22-13.49.07:615][259]LogD3D11RHI: InitD3DDevice
[2015.07.22-13.49.08:380][328]LogD3D11RHI: InitD3DDevice
[2015.07.22-13.49.11:262][551]LogD3D11RHI: InitD3DDevice
[2015.07.22-13.49.11:499][568]LogD3D11RHI: InitD3DDevice
[2015.07.22-13.49.19:800][246]LogD3D11RHI: InitD3DDevice
[2015.07.22-13.49.21:384][363]LogD3D11RHI: InitD3DDevice
[2015.07.22-13.49.23:569][536]LogD3D11RHI: InitD3DDevice
[2015.07.22-13.49.26:756][793]LogD3D11RHI: InitD3DDevice
[2015.07.22-13.49.28:240][929]LogD3D11RHI: InitD3DDevice
[2015.07.22-13.49.30:222][ 71]LogD3D11RHI: InitD3DDevice
[2015.07.22-13.49.30:642][106]LogD3D11RHI: InitD3DDevice
[2015.07.22-13.49.39:395][846]LogD3D11RHI: InitD3DDevice
[2015.07.22-13.49.39:719][873]LogD3D11RHI: InitD3DDevice
[2015.07.22-13.50.08:774][135]LogD3D11RHI: InitD3DDevice
[2015.07.22-13.50.21:849][244]LogD3D11RHI: InitD3DDevice
[2015.07.22-13.50.27:409][688]LogD3D11RHI: InitD3DDevice
[2015.07.22-13.50.31:734][ 10]LogD3D11RHI: InitD3DDevice
[2015.07.22-13.50.53:895][808]LogD3D11RHI: InitD3DDevice
[2015.07.22-13.50.59:530][262]LogD3D11RHI: InitD3DDevice
[2015.07.22-13.50.59:904][279]LogD3D11RHI: InitD3DDevice
[2015.07.22-13.51.09:390][104]LogD3D11RHI: InitD3DDevice
[2015.07.22-13.51.09:417][104]Cmd: OBJ SAVEPACKAGE PACKAGE="/Game/Plateforme/Blueprint/Plateforme_Mesh" FILE="../../../../../UnrealEngineProject/ProjectTron/Content/Plateforme/Blueprint/Plateforme_Mesh.uasset" SILENT=true
[2015.07.22-13.51.09:441][104]LogSavePackage: Save=19.790510ms
[2015.07.22-13.51.09:441][104]LogSavePackage: Moving '../../../../../UnrealEngineProject/ProjectTron/Saved/Plateforme_Mesh71A94F1E42249BE1DEC2C49913BD30F6.tmp' to '../../../../../UnrealEngineProject/ProjectTron/Content/Plateforme/Blueprint/Plateforme_Mesh.uasset'
[2015.07.22-13.51.09:741][125]BlueprintLog: New page: Compile Plateforme_Mesh
[2015.07.22-13.51.09:757][125]LogBlueprint:Warning: [compiler Plateforme_Mesh] Warning 'Destructible Mesh' does not inherit from 'Destructible Actor' ( Cast To DestructibleMesh  would always fail).
[2015.07.22-13.51.10:091][125]LogBlueprint:Warning: [compiler Plateforme_Mesh] Warning [0515,81] Compile of Plateforme_Mesh successful, but with 1 Warning(s) [in 350 ms]
[2015.07.22-13.51.10:091][125]BlueprintEditorCompileResults:Warning: Warning 'Destructible Mesh' does not inherit from 'Destructible Actor' ( Cast To DestructibleMesh  would always fail).
[2015.07.22-13.51.10:091][125]BlueprintEditorCompileResults:Warning: Warning [0515,81] Compile of Plateforme_Mesh successful, but with 1 Warning(s) [in 350 ms]
[2015.07.22-13.51.22:919][991]LogD3D11RHI: InitD3DDevice
[2015.07.22-13.51.23:336][ 12]LogD3D11RHI: InitD3DDevice
[2015.07.22-13.51.51:619][329]LogD3D11RHI: InitD3DDevice
[2015.07.22-13.51.51:634][329]Cmd: OBJ SAVEPACKAGE PACKAGE="/Game/Plateforme/Blueprint/Plateforme_Mesh" FILE="../../../../../UnrealEngineProject/ProjectTron/Content/Plateforme/Blueprint/Plateforme_Mesh.uasset" SILENT=true
[2015.07.22-13.51.51:647][329]LogSavePackage: Save=9.775298ms
[2015.07.22-13.51.51:648][329]LogSavePackage: Moving '../../../../../UnrealEngineProject/ProjectTron/Saved/Plateforme_Mesh6AC44F8447A27CAE76FAE9AEFAF17FEF.tmp' to '../../../../../UnrealEngineProject/ProjectTron/Content/Plateforme/Blueprint/Plateforme_Mesh.uasset'
[2015.07.22-13.51.52:239][370]LogD3D11RHI: InitD3DDevice
[2015.07.22-13.51.52:250][370]Cmd: OBJ SAVEPACKAGE PACKAGE="/Game/Plateforme/Blueprint/Plateforme_Mesh" FILE="../../../../../UnrealEngineProject/ProjectTron/Content/Plateforme/Blueprint/Plateforme_Mesh.uasset" SILENT=true
[2015.07.22-13.51.52:263][370]LogSavePackage: Save=9.632034ms
[2015.07.22-13.51.52:263][370]LogSavePackage: Moving '../../../../../UnrealEngineProject/ProjectTron/Saved/Plateforme_Mesh30E4AD954E30EB1DCD62E8A868919F66.tmp' to '../../../../../UnrealEngineProject/ProjectTron/Content/Plateforme/Blueprint/Plateforme_Mesh.uasset'
[2015.07.22-13.51.52:574][392]BlueprintLog: New page: Compile Plateforme_Mesh
[2015.07.22-13.51.52:650][392]BlueprintEditorCompileResults: Info [0558,37] Compile of Plateforme_Mesh successful! [in 76 ms]
[2015.07.22-13.52.12:544][826]LogD3D11RHI: InitD3DDevice
[2015.07.22-13.52.12:959][872]LogD3D11RHI: InitD3DDevice
[2015.07.22-13.52.16:167][247]LogD3D11RHI: InitD3DDevice
[2015.07.22-13.52.18:599][247]LogD3D11RHI: InitD3DDevice
[2015.07.22-13.52.56:411][268]LogD3D11RHI: InitD3DDevice
[2015.07.22-13.52.56:802][311]LogD3D11RHI: InitD3DDevice
[2015.07.22-13.52.57:952][415]LogD3D11RHI: InitD3DDevice
[2015.07.22-13.53.05:056][147]LogD3D11RHI: InitD3DDevice
[2015.07.22-13.53.13:482][731]LogD3D11RHI: InitD3DDevice
[2015.07.22-13.53.14:083][789]LogD3D11RHI: InitD3DDevice
[2015.07.22-13.53.14:840][868]LogD3D11RHI: InitD3DDevice
[2015.07.22-13.53.16:787][868]LogActorComponent: UnregisterComponent: (/Engine/Transient.EditorFloorComp) Not registered. Aborting.
[2015.07.22-13.53.16:852][868]LogD3D11RHI: InitD3DDevice
[2015.07.22-13.53.17:123][868]LogObjectTools:Warning: ForceReplaceReferences replaced references for a transient object 'DEADCLASS_Plateforme_Mesh_C_0' or package '/Engine/Transient'.
[2015.07.22-13.53.17:124][868]LogObjectTools:Warning: ForceReplaceReferences replaced references for a transient object 'DEADCLASS_Plateforme_Mesh_C_1' or package '/Engine/Transient'.
[2015.07.22-13.53.17:124][868]LogObjectTools:Warning: ForceReplaceReferences replaced references for a transient object 'REINST_SKEL_Plateforme_Mesh_C_93' or package '/Engine/Transient'.
[2015.07.22-13.53.17:124][868]LogObjectTools:Warning: ForceReplaceReferences replaced references for a transient object 'REINST_SKEL_Plateforme_Mesh_C_72' or package '/Engine/Transient'.
[2015.07.22-13.53.17:124][868]LogObjectTools:Warning: ForceReplaceReferences replaced references for a transient object 'REINST_SKEL_Plateforme_Mesh_C_87' or package '/Engine/Transient'.
[2015.07.22-13.53.17:124][868]LogObjectTools:Warning: ForceReplaceReferences replaced references for a transient object 'REINST_SKEL_Plateforme_Mesh_C_70' or package '/Engine/Transient'.
[2015.07.22-13.53.17:124][868]LogObjectTools:Warning: ForceReplaceReferences replaced references for a transient object 'REINST_SKEL_Plateforme_Mesh_C_104' or package '/Engine/Transient'.
[2015.07.22-13.53.17:124][868]LogObjectTools:Warning: ForceReplaceReferences replaced references for a transient object 'REINST_Plateforme_Mesh_C_103' or package '/Engine/Transient'.
[2015.07.22-13.53.17:124][868]LogObjectTools:Warning: ForceReplaceReferences replaced references for a transient object 'PlateformeMesh' or package '/Game/Plateforme/Blueprint/Plateforme_BP'.
[2015.07.22-13.53.17:124][868]LogObjectTools:Warning: ForceReplaceReferences replaced references for a transient object 'REINST_SKEL_Plateforme_Mesh_C_68' or package '/Engine/Transient'.
[2015.07.22-13.53.17:124][868]LogObjectTools:Warning: ForceReplaceReferences replaced references for a transient object 'REINST_Plateforme_Mesh_C_74' or package '/Engine/Transient'.
[2015.07.22-13.53.17:234][868]LogParticles: Destroying 0 GPU particle simulations for FXSystem 0x00000010097744A0
[2015.07.22-13.53.17:235][868]LogParticles: Destroying 0 GPU particle simulations for FXSystem 0x000000107D4A7920
[2015.07.22-13.53.17:235][868]LogParticles: Destroying 0 GPU particle simulations for FXSystem 0x000000105FE811C0
[2015.07.22-13.53.19:534][ 53]LogD3D11RHI: InitD3DDevice
[2015.07.22-13.53.19:555][ 53]Cmd: OBJ SAVEPACKAGE PACKAGE="/Game/Plateforme/Blueprint/Plateforme_BP" FILE="../../../../../UnrealEngineProject/ProjectTron/Content/Plateforme/Blueprint/Plateforme_BP.uasset" SILENT=true
[2015.07.22-13.53.19:568][ 53]LogSavePackage: Save=8.660833ms
[2015.07.22-13.53.19:568][ 53]LogSavePackage: Moving '../../../../../UnrealEngineProject/ProjectTron/Saved/Plateforme_BP07C541FC4DA87206C5A35BA414529B1E.tmp' to '../../../../../UnrealEngineProject/ProjectTron/Content/Plateforme/Blueprint/Plateforme_BP.uasset'
[2015.07.22-13.53.19:575][ 53]Cmd: OBJ SAVEPACKAGE PACKAGE="/Game/Plateforme/Blueprint/NewFunctionLibrary" FILE="../../../../../UnrealEngineProject/ProjectTron/Content/Plateforme/Blueprint/NewFunctionLibrary.uasset" SILENT=true
[2015.07.22-13.53.19:578][ 53]LogSavePackage: Save=2.448315ms
[2015.07.22-13.53.19:578][ 53]LogSavePackage: Moving '../../../../../UnrealEngineProject/ProjectTron/Saved/NewFunctionLibraryB03BA79342E06605D3223BAC6875C936.tmp' to '../../../../../UnrealEngineProject/ProjectTron/Content/Plateforme/Blueprint/NewFunctionLibrary.uasset'
[2015.07.22-13.53.21:615][233]LogD3D11RHI: InitD3DDevice
[2015.07.22-13.53.22:438][324]LogD3D11RHI: InitD3DDevice
[2015.07.22-13.53.31:046][ 89]LogD3D11RHI: InitD3DDevice
[2015.07.22-13.53.31:070][ 89]LogD3D11RHI: InitD3DDevice
[2015.07.22-13.53.31:145][ 89]LogMetaData: Removing '/Game/Plateforme/Blueprint/Plateforme_Mesh.Plateforme_Mesh:NewFunction_0.K2Node_FunctionEntry_15' ref from Metadata '/Game/Plateforme/Blueprint/NewFunctionLibrary.PackageMetaData'
[2015.07.22-13.53.31:153][ 89]LogD3D11RHI: InitD3DDevice
[2015.07.22-13.53.31:166][ 89]Cmd: OBJ SAVEPACKAGE PACKAGE="/Game/Plateforme/Blueprint/Plateforme_Mesh" FILE="../../../../../UnrealEngineProject/ProjectTron/Content/Plateforme/Blueprint/Plateforme_Mesh.uasset" SILENT=true
[2015.07.22-13.53.31:169][ 89]LogSavePackage: Save=2.121588ms
[2015.07.22-13.53.31:169][ 89]LogSavePackage: Moving '../../../../../UnrealEngineProject/ProjectTron/Saved/Plateforme_Mesh84D0FDB2464A2BC14D53F9940A2EB918.tmp' to '../../../../../UnrealEngineProject/ProjectTron/Content/Plateforme/Blueprint/Plateforme_Mesh.uasset'
[2015.07.22-13.53.31:177][ 89]LogD3D11RHI: InitD3DDevice
[2015.07.22-13.53.31:224][ 89]LogD3D11RHI: InitD3DDevice
[2015.07.22-13.53.32:523][198]LogD3D11RHI: InitD3DDevice
[2015.07.22-13.53.32:556][198]LogD3D11RHI: InitD3DDevice
[2015.07.22-13.53.32:580][198]LogLinker:Warning: Asset '../../../Engine/Content/ArtTools/RenderToTexture/Macros/RenderToTextureMacros.uasset' has been saved with empty engine version. The asset will be loaded but may be incompatible.
[2015.07.22-13.53.32:587][198]LogLinker:Warning: Asset '../../../Engine/Content/ArtTools/RenderToTexture/Enums/RenderToTexture_Enum.uasset' has been saved with empty engine version. The asset will be loaded but may be incompatible.
[2015.07.22-13.53.42:728][875]LogD3D11RHI: InitD3DDevice
[2015.07.22-13.53.46:494][198]LogD3D11RHI: InitD3DDevice
[2015.07.22-13.53.46:513][198]Cmd: OBJ SAVEPACKAGE PACKAGE="/Game/Plateforme/Blueprint/Plateforme_BP" FILE="../../../../../UnrealEngineProject/ProjectTron/Content/Plateforme/Blueprint/Plateforme_BP.uasset" SILENT=true
[2015.07.22-13.53.46:529][198]LogSavePackage: Save=11.364885ms
[2015.07.22-13.53.46:529][198]LogSavePackage: Moving '../../../../../UnrealEngineProject/ProjectTron/Saved/Plateforme_BP4589778C4D26A2F91B5C68A222BAE123.tmp' to '../../../../../UnrealEngineProject/ProjectTron/Content/Plateforme/Blueprint/Plateforme_BP.uasset'
[2015.07.22-13.53.46:803][219]BlueprintLog: New page: Compile Plateforme_BP
[2015.07.22-13.53.46:886][219]BlueprintEditorCompileResults: Info [0672,61] Compile of Plateforme_BP successful! [in 83 ms]
[2015.07.22-13.53.58:856][ 22]LogD3D11RHI: InitD3DDevice
[2015.07.22-13.54.03:737][470]LogD3D11RHI: InitD3DDevice
[2015.07.22-13.54.06:642][695]LogD3D11RHI: InitD3DDevice
[2015.07.22-13.54.06:983][720]LogD3D11RHI: InitD3DDevice
[2015.07.22-13.54.14:779][278]LogD3D11RHI: InitD3DDevice
[2015.07.22-13.54.17:981][532]LogD3D11RHI: InitD3DDevice
[2015.07.22-13.54.18:001][532]Cmd: OBJ SAVEPACKAGE PACKAGE="/Game/Plateforme/Blueprint/Plateforme_BP" FILE="../../../../../UnrealEngineProject/ProjectTron/Content/Plateforme/Blueprint/Plateforme_BP.uasset" SILENT=true
[2015.07.22-13.54.18:015][532]LogSavePackage: Save=8.863969ms
[2015.07.22-13.54.18:015][532]LogSavePackage: Moving '../../../../../UnrealEngineProject/ProjectTron/Saved/Plateforme_BP7AD0DFE4490ED6DAF2B8D39F90918D01.tmp' to '../../../../../UnrealEngineProject/ProjectTron/Content/Plateforme/Blueprint/Plateforme_BP.uasset'
[2015.07.22-13.54.19:278][618]LogD3D11RHI: InitD3DDevice
[2015.07.22-13.54.19:300][618]Cmd: OBJ SAVEPACKAGE PACKAGE="/Game/Plateforme/Blueprint/Plateforme_BP" FILE="../../../../../UnrealEngineProject/ProjectTron/Content/Plateforme/Blueprint/Plateforme_BP.uasset" SILENT=true
[2015.07.22-13.54.19:312][618]LogSavePackage: Save=8.405525ms
[2015.07.22-13.54.19:312][618]LogSavePackage: Moving '../../../../../UnrealEngineProject/ProjectTron/Saved/Plateforme_BPAD33DD7B40B66018423BDEBD71EB55A2.tmp' to '../../../../../UnrealEngineProject/ProjectTron/Content/Plateforme/Blueprint/Plateforme_BP.uasset'
[2015.07.22-13.54.19:600][639]BlueprintLog: New page: Compile Plateforme_BP
[2015.07.22-13.54.19:682][639]BlueprintEditorCompileResults: Info [0705,40] Compile of Plateforme_BP successful! [in 81 ms]
[2015.07.22-13.54.40:023][  1]LogD3D11RHI: InitD3DDevice
[2015.07.22-13.54.40:032][  1]LogSlate:Warning: Prevented a slow task dialog from being summoned while a context menu was open
[2015.07.22-13.54.57:561][434]LogD3D11RHI: InitD3DDevice
[2015.07.22-13.54.58:198][500]LogD3D11RHI: InitD3DDevice
[2015.07.22-13.54.58:744][559]LogD3D11RHI: InitD3DDevice
[2015.07.22-13.54.59:755][559]LogD3D11RHI: InitD3DDevice
[2015.07.22-13.54.59:826][559]LogObjectTools:Warning: ForceReplaceReferences replaced references for a transient object 'DEADCLASS_Plateforme_Mesh_C_2' or package '/Engine/Transient'.
[2015.07.22-13.54.59:826][559]LogObjectTools:Warning: ForceReplaceReferences replaced references for a transient object 'DEADCLASS_Plateforme_Mesh_C_3' or package '/Engine/Transient'.
[2015.07.22-13.54.59:826][559]LogObjectTools:Warning: ForceReplaceReferences replaced references for a transient object 'REINST_SKEL_Plateforme_Mesh_C_128' or package '/Engine/Transient'.
[2015.07.22-13.54.59:826][559]LogObjectTools:Warning: ForceReplaceReferences replaced references for a transient object 'REINST_Plateforme_Mesh_C_127' or package '/Engine/Transient'.
[2015.07.22-13.55.00:434][593]LogD3D11RHI: InitD3DDevice
[2015.07.22-13.55.01:000][659]LogD3D11RHI: InitD3DDevice
[2015.07.22-13.55.01:752][743]LogD3D11RHI: InitD3DDevice
[2015.07.22-13.55.02:762][862]LogD3D11RHI: InitD3DDevice
[2015.07.22-13.55.08:359][478]LogD3D11RHI: InitD3DDevice
[2015.07.22-13.55.08:405][478]LogD3D11RHI: InitD3DDevice
[2015.07.22-13.55.08:409][478]LogLinker:Warning: Asset '../../../Engine/Content/ArtTools/RenderToTexture/Enums/RenderToTexture_Enum.uasset' has been saved with empty engine version. The asset will be loaded but may be incompatible.
[2015.07.22-13.55.18:759][182]LogD3D11RHI: InitD3DDevice
[2015.07.22-13.55.31:764][315]LogD3D11RHI: InitD3DDevice
[2015.07.22-13.55.32:595][404]LogD3D11RHI: InitD3DDevice
[2015.07.22-13.55.34:698][651]LogParticles: Destroying 0 GPU particle simulations for FXSystem 0x0000001060962B60
[2015.07.22-13.55.34:713][651]LogD3D11RHI: InitD3DDevice
[2015.07.22-13.55.35:590][651]LogD3D11RHI: InitD3DDevice
[2015.07.22-13.55.35:618][651]LogD3D11RHI: InitD3DDevice
[2015.07.22-13.55.35:657][651]LogParticles: Destroying 0 GPU particle simulations for FXSystem 0x000000100AD1B740
[2015.07.22-13.55.36:855][757]LogD3D11RHI: InitD3DDevice
[2015.07.22-13.55.37:342][812]LogD3D11RHI: InitD3DDevice
[2015.07.22-13.55.38:251][919]LogD3D11RHI: InitD3DDevice
[2015.07.22-13.55.39:615][ 81]LogD3D11RHI: InitD3DDevice
[2015.07.22-13.55.41:731][333]LogD3D11RHI: InitD3DDevice
[2015.07.22-13.55.48:571][559]LogD3D11RHI: InitD3DDevice
[2015.07.22-13.55.48:608][559]LogD3D11RHI: InitD3DDevice
[2015.07.22-13.55.48:624][559]LogLinker:Warning: Asset '../../../Engine/Content/ArtTools/RenderToTexture/Macros/RenderToTextureMacros.uasset' has been saved with empty engine version. The asset will be loaded but may be incompatible.
[2015.07.22-13.56.04:882][639]LogD3D11RHI: InitD3DDevice
[2015.07.22-13.56.13:567][436]LogD3D11RHI: InitD3DDevice
[2015.07.22-13.56.13:578][436]Cmd: OBJ SAVEPACKAGE PACKAGE="/Game/Plateforme/Blueprint/NewBlueprint" FILE="../../../../../UnrealEngineProject/ProjectTron/Content/Plateforme/Blueprint/NewBlueprint.uasset" SILENT=true
[2015.07.22-13.56.13:581][436]LogSavePackage: Save=1.738838ms
[2015.07.22-13.56.13:581][436]LogSavePackage: Moving '../../../../../UnrealEngineProject/ProjectTron/Saved/NewBlueprint885F72D540E103BA6F5571B918F984F3.tmp' to '../../../../../UnrealEngineProject/ProjectTron/Content/Plateforme/Blueprint/NewBlueprint.uasset'
[2015.07.22-13.56.14:085][471]LogD3D11RHI: InitD3DDevice
[2015.07.22-13.56.14:110][471]Cmd: OBJ SAVEPACKAGE PACKAGE="/Game/Plateforme/Blueprint/NewBlueprint" FILE="../../../../../UnrealEngineProject/ProjectTron/Content/Plateforme/Blueprint/NewBlueprint.uasset" SILENT=true
[2015.07.22-13.56.14:115][471]LogSavePackage: Save=1.486950ms
[2015.07.22-13.56.14:115][471]LogSavePackage: Moving '../../../../../UnrealEngineProject/ProjectTron/Saved/NewBlueprint1D7366FB4E1A7009DAC70B9F5179F0B2.tmp' to '../../../../../UnrealEngineProject/ProjectTron/Content/Plateforme/Blueprint/NewBlueprint.uasset'
[2015.07.22-13.56.14:380][491]BlueprintLog: New page: Compile NewBlueprint
[2015.07.22-13.56.14:452][491]BlueprintEditorCompileResults: Info [0820,17] Compile of NewBlueprint successful! [in 71 ms]
[2015.07.22-13.56.18:246][779]LogD3D11RHI: InitD3DDevice
[2015.07.22-13.56.18:792][838]LogD3D11RHI: InitD3DDevice
[2015.07.22-13.56.19:177][882]LogD3D11RHI: InitD3DDevice
[2015.07.22-13.56.20:425][ 30]LogD3D11RHI: InitD3DDevice
[2015.07.22-13.56.27:514][675]LogD3D11RHI: InitD3DDevice
[2015.07.22-13.56.27:543][675]LogD3D11RHI: InitD3DDevice
[2015.07.22-13.56.27:619][675]LogParticles: Destroying 0 GPU particle simulations for FXSystem 0x000000102B604900
[2015.07.22-13.56.27:619][675]LogMetaData: Removing '/Game/Plateforme/Blueprint/Plateforme_Mesh.SKEL_Plateforme_Mesh_C' ref from Metadata '/Game/Plateforme/Blueprint/NewBlueprint.PackageMetaData'
[2015.07.22-13.56.27:619][675]LogMetaData: Removing '/Game/Plateforme/Blueprint/Plateforme_Mesh.Plateforme_Mesh_C' ref from Metadata '/Game/Plateforme/Blueprint/NewBlueprint.PackageMetaData'
[2015.07.22-13.56.27:627][675]LogD3D11RHI: InitD3DDevice
[2015.07.22-13.56.27:639][675]Cmd: OBJ SAVEPACKAGE PACKAGE="/Game/Plateforme/Blueprint/Plateforme_Mesh" FILE="../../../../../UnrealEngineProject/ProjectTron/Content/Plateforme/Blueprint/Plateforme_Mesh.uasset" SILENT=true
[2015.07.22-13.56.27:642][675]LogSavePackage: Save=1.535703ms
[2015.07.22-13.56.27:642][675]LogSavePackage: Moving '../../../../../UnrealEngineProject/ProjectTron/Saved/Plateforme_Mesh197230EC4FEE5A6C3F60E68AB0196E65.tmp' to '../../../../../UnrealEngineProject/ProjectTron/Content/Plateforme/Blueprint/Plateforme_Mesh.uasset'
[2015.07.22-13.56.27:652][675]LogD3D11RHI: InitD3DDevice
[2015.07.22-13.56.27:735][675]LogD3D11RHI: InitD3DDevice
[2015.07.22-13.56.29:165][796]LogD3D11RHI: InitD3DDevice
[2015.07.22-13.56.29:210][796]LogD3D11RHI: InitD3DDevice
[2015.07.22-13.56.35:295][190]LogD3D11RHI: InitD3DDevice
[2015.07.22-13.56.47:497][ 58]LogD3D11RHI: InitD3DDevice
[2015.07.22-13.57.02:096][413]LogD3D11RHI: InitD3DDevice
[2015.07.22-13.57.05:177][715]LogD3D11RHI: InitD3DDevice
[2015.07.22-13.57.11:401][145]LogD3D11RHI: InitD3DDevice
[2015.07.22-13.57.16:737][622]LogD3D11RHI: InitD3DDevice
[2015.07.22-13.57.16:758][622]Cmd: OBJ SAVEPACKAGE PACKAGE="/Game/Plateforme/Blueprint/Plateforme_BP" FILE="../../../../../UnrealEngineProject/ProjectTron/Content/Plateforme/Blueprint/Plateforme_BP.uasset" SILENT=true
[2015.07.22-13.57.16:770][622]LogSavePackage: Save=9.061544ms
[2015.07.22-13.57.16:770][622]LogSavePackage: Moving '../../../../../UnrealEngineProject/ProjectTron/Saved/Plateforme_BP662F9B044FCB35CEB9F0C1A5220BB1BC.tmp' to '../../../../../UnrealEngineProject/ProjectTron/Content/Plateforme/Blueprint/Plateforme_BP.uasset'
[2015.07.22-13.57.23:169][ 59]LogD3D11RHI: InitD3DDevice
[2015.07.22-13.57.23:188][ 59]Cmd: OBJ SAVEPACKAGE PACKAGE="/Game/Plateforme/Blueprint/Plateforme_BP" FILE="../../../../../UnrealEngineProject/ProjectTron/Content/Plateforme/Blueprint/Plateforme_BP.uasset" SILENT=true
[2015.07.22-13.57.23:202][ 59]LogSavePackage: Save=8.960191ms
[2015.07.22-13.57.23:202][ 59]LogSavePackage: Moving '../../../../../UnrealEngineProject/ProjectTron/Saved/Plateforme_BPC991E49C48D858414161A09750643155.tmp' to '../../../../../UnrealEngineProject/ProjectTron/Content/Plateforme/Blueprint/Plateforme_BP.uasset'
[2015.07.22-13.57.23:502][ 80]BlueprintLog: New page: Compile Plateforme_BP
[2015.07.22-13.57.23:582][ 80]BlueprintEditorCompileResults: Info [0889,30] Compile of Plateforme_BP successful! [in 79 ms]
[2015.07.22-13.57.27:761][385]LogD3D11RHI: InitD3DDevice
[2015.07.22-13.58.31:228][703]LogD3D11RHI: InitD3DDevice
[2015.07.22-13.58.31:247][703]Cmd: OBJ SAVEPACKAGE PACKAGE="/Game/Plateforme/Blueprint/Plateforme_Mesh" FILE="../../../../../UnrealEngineProject/ProjectTron/Content/Plateforme/Blueprint/Plateforme_Mesh.uasset" SILENT=true
[2015.07.22-13.58.31:253][703]LogSavePackage: Save=2.674543ms
[2015.07.22-13.58.31:253][703]LogSavePackage: Moving '../../../../../UnrealEngineProject/ProjectTron/Saved/Plateforme_MeshA37ABB9A4F2CD20A182F6EA24F4876B1.tmp' to '../../../../../UnrealEngineProject/ProjectTron/Content/Plateforme/Blueprint/Plateforme_Mesh.uasset'
[2015.07.22-13.58.50:805][ 43]LogD3D11RHI: InitD3DDevice
[2015.07.22-13.59.01:777][861]LogD3D11RHI: InitD3DDevice
[2015.07.22-13.59.09:794][669]LogD3D11RHI: InitD3DDevice
[2015.07.22-13.59.11:542][828]LogD3D11RHI: InitD3DDevice
[2015.07.22-14.00.55:370][674]LogD3D11RHI: InitD3DDevice
[2015.07.22-14.01.14:554][263]LogD3D11RHI: InitD3DDevice
[2015.07.22-14.01.18:144][563]LogD3D11RHI: InitD3DDevice
[2015.07.22-14.01.19:332][685]LogD3D11RHI: InitD3DDevice
[2015.07.22-14.01.19:860][737]LogD3D11RHI: InitD3DDevice
[2015.07.22-14.01.21:290][902]LogParticles: Destroying 0 GPU particle simulations for FXSystem 0x000000100AAB3560
[2015.07.22-14.01.21:305][902]LogD3D11RHI: InitD3DDevice
[2015.07.22-14.01.22:922][902]LogD3D11RHI: InitD3DDevice
[2015.07.22-14.01.22:995][902]LogObjectTools:Warning: ForceReplaceReferences replaced references for a transient object 'DEADCLASS_Plateforme_Mesh_C_4' or package '/Engine/Transient'.
[2015.07.22-14.01.22:995][902]LogObjectTools:Warning: ForceReplaceReferences replaced references for a transient object 'REINST_SKEL_Plateforme_Mesh_C_184' or package '/Engine/Transient'.
[2015.07.22-14.01.22:995][902]LogObjectTools:Warning: ForceReplaceReferences replaced references for a transient object 'DEADCLASS_Plateforme_Mesh_C_5' or package '/Engine/Transient'.
[2015.07.22-14.01.22:995][902]LogObjectTools:Warning: ForceReplaceReferences replaced references for a transient object 'REINST_Plateforme_Mesh_C_183' or package '/Engine/Transient'.
[2015.07.22-14.01.23:108][902]LogParticles: Destroying 0 GPU particle simulations for FXSystem 0x000000105FB46480
[2015.07.22-14.01.24:916][ 48]LogD3D11RHI: InitD3DDevice
[2015.07.22-14.01.24:938][ 48]Cmd: OBJ SAVEPACKAGE PACKAGE="/Game/Plateforme/Blueprint/Plateforme_BP" FILE="../../../../../UnrealEngineProject/ProjectTron/Content/Plateforme/Blueprint/Plateforme_BP.uasset" SILENT=true
[2015.07.22-14.01.24:953][ 48]LogSavePackage: Save=10.682778ms
[2015.07.22-14.01.24:953][ 48]LogSavePackage: Moving '../../../../../UnrealEngineProject/ProjectTron/Saved/Plateforme_BP5A9ED63746A111FC769EE6BC8DF30FBC.tmp' to '../../../../../UnrealEngineProject/ProjectTron/Content/Plateforme/Blueprint/Plateforme_BP.uasset'
[2015.07.22-14.01.25:613][109]LogD3D11RHI: InitD3DDevice
[2015.07.22-14.01.26:015][155]LogD3D11RHI: InitD3DDevice
[2015.07.22-14.01.26:823][247]LogD3D11RHI: InitD3DDevice
[2015.07.22-14.01.26:831][247]LogD3D11RHI: InitD3DDevice
[2015.07.22-14.01.40:248][284]LogD3D11RHI: InitD3DDevice
[2015.07.22-14.01.40:380][298]LogD3D11RHI: InitD3DDevice
[2015.07.22-14.01.41:441][424]LogD3D11RHI: InitD3DDevice
[2015.07.22-14.01.48:557][187]LogD3D11RHI: InitD3DDevice
[2015.07.22-14.01.48:593][187]LogD3D11RHI: InitD3DDevice
[2015.07.22-14.02.05:337][434]LogD3D11RHI: InitD3DDevice
[2015.07.22-14.02.25:685][130]LogD3D11RHI: InitD3DDevice
[2015.07.22-14.02.25:704][130]Cmd: OBJ SAVEPACKAGE PACKAGE="/Game/Plateforme/Blueprint/NewUserDefinedStruct" FILE="../../../../../UnrealEngineProject/ProjectTron/Content/Plateforme/Blueprint/NewUserDefinedStruct.uasset" SILENT=true
[2015.07.22-14.02.25:706][130]LogSavePackage: Save=1.108477ms
[2015.07.22-14.02.25:706][130]LogSavePackage: Moving '../../../../../UnrealEngineProject/ProjectTron/Saved/NewUserDefinedStruct826AC1BD464C487709363AAD67C360D9.tmp' to '../../../../../UnrealEngineProject/ProjectTron/Content/Plateforme/Blueprint/NewUserDefinedStruct.uasset'
[2015.07.22-14.02.36:804][956]LogD3D11RHI: InitD3DDevice
[2015.07.22-14.02.36:828][956]LogD3D11RHI: InitD3DDevice
[2015.07.22-14.02.46:111][641]LogD3D11RHI: InitD3DDevice
[2015.07.22-14.02.46:761][709]LogD3D11RHI: InitD3DDevice
[2015.07.22-14.02.48:095][865]LogD3D11RHI: InitD3DDevice
[2015.07.22-14.02.50:006][ 85]LogD3D11RHI: InitD3DDevice
[2015.07.22-14.02.51:137][ 85]LogD3D11RHI: InitD3DDevice
[2015.07.22-14.02.51:168][ 85]LogD3D11RHI: InitD3DDevice
[2015.07.22-14.02.51:196][ 85]LogD3D11RHI: InitD3DDevice
[2015.07.22-14.02.55:630][459]LogD3D11RHI: InitD3DDevice
[2015.07.22-14.02.55:893][488]LogD3D11RHI: InitD3DDevice
[2015.07.22-14.02.58:101][744]LogD3D11RHI: InitD3DDevice
[2015.07.22-14.02.59:024][853]LogD3D11RHI: InitD3DDevice
[2015.07.22-14.02.59:782][936]LogD3D11RHI: InitD3DDevice
[2015.07.22-14.03.00:902][ 69]LogD3D11RHI: InitD3DDevice
[2015.07.22-14.03.08:655][996]LogD3D11RHI: InitD3DDevice
[2015.07.22-14.03.08:673][997]LogD3D11RHI: InitD3DDevice
[2015.07.22-14.03.08:689][998]LogD3D11RHI: InitD3DDevice
[2015.07.22-14.03.09:240][  1]LogD3D11RHI: InitD3DDevice
[2015.07.22-14.03.10:433][142]LogD3D11RHI: InitD3DDevice
[2015.07.22-14.03.11:518][271]LogD3D11RHI: InitD3DDevice
[2015.07.22-14.03.29:585][378]LogD3D11RHI: InitD3DDevice
[2015.07.22-14.03.29:618][378]LogD3D11RHI: InitD3DDevice
[2015.07.22-14.03.29:636][378]LogLinker:Warning: Asset '../../../Engine/Content/ArtTools/RenderToTexture/Macros/RenderToTextureMacros.uasset' has been saved with empty engine version. The asset will be loaded but may be incompatible.
[2015.07.22-14.03.29:645][378]LogLinker:Warning: Asset '../../../Engine/Content/ArtTools/RenderToTexture/Enums/RenderToTexture_Enum.uasset' has been saved with empty engine version. The asset will be loaded but may be incompatible.
[2015.07.22-14.03.54:706][147]LogD3D11RHI: InitD3DDevice
[2015.07.22-14.03.55:221][199]LogD3D11RHI: InitD3DDevice
[2015.07.22-14.03.55:935][280]LogParticles: Destroying 0 GPU particle simulations for FXSystem 0x0000001009D12200
[2015.07.22-14.03.55:937][280]LogD3D11RHI: InitD3DDevice
[2015.07.22-14.03.56:966][280]LogD3D11RHI: InitD3DDevice
[2015.07.22-14.03.56:996][280]LogD3D11RHI: InitD3DDevice
[2015.07.22-14.03.57:661][335]LogD3D11RHI: InitD3DDevice
[2015.07.22-14.03.57:898][361]LogD3D11RHI: InitD3DDevice
[2015.07.22-14.03.58:890][476]LogD3D11RHI: InitD3DDevice
[2015.07.22-14.04.06:719][788]LogD3D11RHI: InitD3DDevice
[2015.07.22-14.04.07:422][862]LogD3D11RHI: InitD3DDevice
[2015.07.22-14.04.08:701][ 11]LogD3D11RHI: InitD3DDevice
[2015.07.22-14.04.10:099][ 11]LogD3D11RHI: InitD3DDevice
[2015.07.22-14.04.10:127][ 11]LogD3D11RHI: InitD3DDevice
[2015.07.22-14.04.11:247][108]LogD3D11RHI: InitD3DDevice
[2015.07.22-14.04.12:208][185]LogD3D11RHI: InitD3DDevice
[2015.07.22-14.04.14:304][410]LogD3D11RHI: InitD3DDevice
[2015.07.22-14.04.14:353][410]LogD3D11RHI: InitD3DDevice
[2015.07.22-14.04.42:637][351]LogD3D11RHI: InitD3DDevice
[2015.07.22-14.04.59:079][838]LogD3D11RHI: InitD3DDevice
[2015.07.22-14.05.04:334][224]LogD3D11RHI: InitD3DDevice
[2015.07.22-14.05.04:348][224]Cmd: OBJ SAVEPACKAGE PACKAGE="/Game/Plateforme/Blueprint/Plateforme_BP" FILE="../../../../../UnrealEngineProject/ProjectTron/Content/Plateforme/Blueprint/Plateforme_BP.uasset" SILENT=true
[2015.07.22-14.05.04:361][224]LogSavePackage: Save=8.868245ms
[2015.07.22-14.05.04:361][224]LogSavePackage: Moving '../../../../../UnrealEngineProject/ProjectTron/Saved/Plateforme_BP30A1A1494703B3AC139AD99B145E2BE2.tmp' to '../../../../../UnrealEngineProject/ProjectTron/Content/Plateforme/Blueprint/Plateforme_BP.uasset'
[2015.07.22-14.05.07:607][444]LogD3D11RHI: InitD3DDevice
[2015.07.22-14.05.07:629][444]Cmd: OBJ SAVEPACKAGE PACKAGE="/Game/Plateforme/Blueprint/Plateforme_BP" FILE="../../../../../UnrealEngineProject/ProjectTron/Content/Plateforme/Blueprint/Plateforme_BP.uasset" SILENT=true
[2015.07.22-14.05.07:641][444]LogSavePackage: Save=8.322988ms
[2015.07.22-14.05.07:641][444]LogSavePackage: Moving '../../../../../UnrealEngineProject/ProjectTron/Saved/Plateforme_BPA31BCB254879A34D6658C79D65C00426.tmp' to '../../../../../UnrealEngineProject/ProjectTron/Content/Plateforme/Blueprint/Plateforme_BP.uasset'
[2015.07.22-14.05.07:957][467]BlueprintLog: New page: Compile Plateforme_BP
[2015.07.22-14.05.08:036][467]BlueprintEditorCompileResults: Info [1353,76] Compile of Plateforme_BP successful! [in 78 ms]
[2015.07.22-14.05.16:995][ 64]LogD3D11RHI: InitD3DDevice
[2015.07.22-14.05.17:009][ 64]Cmd: OBJ SAVEPACKAGE PACKAGE="/Game/Plateforme/Blueprint/Plateforme_BP" FILE="../../../../../UnrealEngineProject/ProjectTron/Content/Plateforme/Blueprint/Plateforme_BP.uasset" SILENT=true
[2015.07.22-14.05.17:022][ 64]LogSavePackage: Save=9.011937ms
[2015.07.22-14.05.17:022][ 64]LogSavePackage: Moving '../../../../../UnrealEngineProject/ProjectTron/Saved/Plateforme_BPB6FE439F46C1891624F52B9640B55EE1.tmp' to '../../../../../UnrealEngineProject/ProjectTron/Content/Plateforme/Blueprint/Plateforme_BP.uasset'
[2015.07.22-14.05.23:256][483]LogD3D11RHI: InitD3DDevice
[2015.07.22-14.05.23:274][483]Cmd: OBJ SAVEPACKAGE PACKAGE="/Game/Plateforme/Blueprint/Plateforme_BP" FILE="../../../../../UnrealEngineProject/ProjectTron/Content/Plateforme/Blueprint/Plateforme_BP.uasset" SILENT=true
[2015.07.22-14.05.23:286][483]LogSavePackage: Save=8.410229ms
[2015.07.22-14.05.23:286][483]LogSavePackage: Moving '../../../../../UnrealEngineProject/ProjectTron/Saved/Plateforme_BPD300F4E144AA7C83A041CEB5AE5B66F7.tmp' to '../../../../../UnrealEngineProject/ProjectTron/Content/Plateforme/Blueprint/Plateforme_BP.uasset'
[2015.07.22-14.05.24:248][549]LogD3D11RHI: InitD3DDevice
[2015.07.22-14.05.24:273][549]Cmd: OBJ SAVEPACKAGE PACKAGE="/Game/Plateforme/Blueprint/Plateforme_BP" FILE="../../../../../UnrealEngineProject/ProjectTron/Content/Plateforme/Blueprint/Plateforme_BP.uasset" SILENT=true
[2015.07.22-14.05.24:286][549]LogSavePackage: Save=8.825052ms
[2015.07.22-14.05.24:286][549]LogSavePackage: Moving '../../../../../UnrealEngineProject/ProjectTron/Saved/Plateforme_BP8AC7AD1E4FBF3A0925259AB12775038A.tmp' to '../../../../../UnrealEngineProject/ProjectTron/Content/Plateforme/Blueprint/Plateforme_BP.uasset'
[2015.07.22-14.05.24:531][567]BlueprintLog: New page: Compile Plateforme_BP
[2015.07.22-14.05.24:610][567]BlueprintEditorCompileResults: Info [1370,33] Compile of Plateforme_BP successful! [in 78 ms]
[2015.07.22-14.05.27:496][763]LogD3D11RHI: InitD3DDevice
[2015.07.22-14.05.29:404][913]LogD3D11RHI: InitD3DDevice
[2015.07.22-14.05.29:424][913]Cmd: OBJ SAVEPACKAGE PACKAGE="/Game/Plateforme/Blueprint/Plateforme_BP" FILE="../../../../../UnrealEngineProject/ProjectTron/Content/Plateforme/Blueprint/Plateforme_BP.uasset" SILENT=true
[2015.07.22-14.05.29:437][913]LogSavePackage: Save=8.898609ms
[2015.07.22-14.05.29:437][913]LogSavePackage: Moving '../../../../../UnrealEngineProject/ProjectTron/Saved/Plateforme_BP2AAED51B4A4E49B03232D0B6C93EA0EE.tmp' to '../../../../../UnrealEngineProject/ProjectTron/Content/Plateforme/Blueprint/Plateforme_BP.uasset'
[2015.07.22-14.05.30:881][ 12]BlueprintLog: New page: Compile Plateforme_BP
[2015.07.22-14.05.30:964][ 12]BlueprintEditorCompileResults: Info [1376,68] Compile of Plateforme_BP successful! [in 82 ms]
[2015.07.22-14.05.31:222][ 31]LogD3D11RHI: InitD3DDevice
[2015.07.22-14.05.31:238][ 31]Cmd: OBJ SAVEPACKAGE PACKAGE="/Game/Plateforme/Blueprint/Plateforme_BP" FILE="../../../../../UnrealEngineProject/ProjectTron/Content/Plateforme/Blueprint/Plateforme_BP.uasset" SILENT=true
[2015.07.22-14.05.31:251][ 31]LogSavePackage: Save=9.392976ms
[2015.07.22-14.05.31:251][ 31]LogSavePackage: Moving '../../../../../UnrealEngineProject/ProjectTron/Saved/Plateforme_BP2BA8769642FAD3DFEB9A15B07D87CDB5.tmp' to '../../../../../UnrealEngineProject/ProjectTron/Content/Plateforme/Blueprint/Plateforme_BP.uasset'
[2015.07.22-14.05.36:085][379]LogD3D11RHI: InitD3DDevice
[2015.07.22-14.05.36:329][395]LogD3D11RHI: InitD3DDevice
[2015.07.22-14.05.49:436][467]LogD3D11RHI: InitD3DDevice
[2015.07.22-14.05.53:919][796]LogD3D11RHI: InitD3DDevice
[2015.07.22-14.05.53:944][796]LogD3D11RHI: InitD3DDevice
[2015.07.22-14.05.53:965][796]LogD3D11RHI: InitD3DDevice
[2015.07.22-14.05.53:995][796]Cmd: OBJ SAVEPACKAGE PACKAGE="/Game/Plateforme/Mesh/Default" FILE="../../../../../UnrealEngineProject/ProjectTron/Content/Plateforme/Mesh/Default.uasset" SILENT=true
[2015.07.22-14.05.54:012][796]LogSavePackage: Save=15.822742ms
[2015.07.22-14.05.54:012][796]LogSavePackage: Moving '../../../../../UnrealEngineProject/ProjectTron/Saved/DefaultC4D6D4AA4770372DA0A1FC8FE95DDD52.tmp' to '../../../../../UnrealEngineProject/ProjectTron/Content/Plateforme/Mesh/Default.uasset'
[2015.07.22-14.05.54:022][796]LogD3D11RHI: InitD3DDevice
[2015.07.22-14.05.54:075][796]LogD3D11RHI: InitD3DDevice
[2015.07.22-14.05.54:162][796]LogD3D11RHI: InitD3DDevice
[2015.07.22-14.05.54:180][796]Cmd: OBJ SAVEPACKAGE PACKAGE="/Game/Plateforme/Blueprint/Plateforme_BP" FILE="../../../../../UnrealEngineProject/ProjectTron/Content/Plateforme/Blueprint/Plateforme_BP.uasset" SILENT=true
[2015.07.22-14.05.54:193][796]LogSavePackage: Save=9.331821ms
[2015.07.22-14.05.54:193][796]LogSavePackage: Moving '../../../../../UnrealEngineProject/ProjectTron/Saved/Plateforme_BPFEEFF40A49F08278AB5C82A45845EB56.tmp' to '../../../../../UnrealEngineProject/ProjectTron/Content/Plateforme/Blueprint/Plateforme_BP.uasset'
[2015.07.22-14.05.59:700][262]LogD3D11RHI: InitD3DDevice
[2015.07.22-14.05.59:962][280]LogD3D11RHI: InitD3DDevice
[2015.07.22-14.06.05:699][806]LogD3D11RHI: InitD3DDevice
[2015.07.22-14.06.06:014][835]LogD3D11RHI: InitD3DDevice
[2015.07.22-14.06.08:291][  4]LogD3D11RHI: InitD3DDevice
[2015.07.22-14.06.08:525][ 21]LogD3D11RHI: InitD3DDevice
[2015.07.22-14.06.14:860][625]LogD3D11RHI: InitD3DDevice
[2015.07.22-14.06.15:499][690]LogD3D11RHI: InitD3DDevice
[2015.07.22-14.06.21:206][169]LogD3D11RHI: InitD3DDevice
[2015.07.22-14.06.21:432][189]LogD3D11RHI: InitD3DDevice
[2015.07.22-14.06.25:922][579]LogD3D11RHI: InitD3DDevice
[2015.07.22-14.06.34:563][201]LogD3D11RHI: InitD3DDevice
[2015.07.22-14.06.49:332][195]LogD3D11RHI: InitD3DDevice
[2015.07.22-14.06.49:787][239]LogD3D11RHI: InitD3DDevice
[2015.07.22-14.06.53:404][570]LogD3D11RHI: InitD3DDevice
[2015.07.22-14.06.55:156][727]LogD3D11RHI: InitD3DDevice
[2015.07.22-14.07.10:058][825]LogD3D11RHI: InitD3DDevice
[2015.07.22-14.07.21:027][766]LogD3D11RHI: InitD3DDevice
[2015.07.22-14.07.21:319][788]LogD3D11RHI: InitD3DDevice
[2015.07.22-14.07.26:578][289]LogD3D11RHI: InitD3DDevice
[2015.07.22-14.07.26:844][312]LogD3D11RHI: InitD3DDevice
[2015.07.22-14.07.38:035][364]LogD3D11RHI: InitD3DDevice
[2015.07.22-14.07.38:413][399]LogD3D11RHI: InitD3DDevice
[2015.07.22-14.07.49:019][346]LogD3D11RHI: InitD3DDevice
[2015.07.22-14.07.52:568][626]LogD3D11RHI: InitD3DDevice
[2015.07.22-14.07.52:791][640]LogD3D11RHI: InitD3DDevice
[2015.07.22-14.08.00:409][240]LogD3D11RHI: InitD3DDevice
[2015.07.22-14.08.01:956][362]LogD3D11RHI: InitD3DDevice
[2015.07.22-14.08.06:498][718]LogD3D11RHI: InitD3DDevice
[2015.07.22-14.08.06:881][748]LogD3D11RHI: InitD3DDevice
[2015.07.22-14.08.20:688][907]LogD3D11RHI: InitD3DDevice
[2015.07.22-14.08.25:364][280]LogD3D11RHI: InitD3DDevice
[2015.07.22-14.08.29:483][635]LogD3D11RHI: InitD3DDevice
[2015.07.22-14.08.35:678][125]LogD3D11RHI: InitD3DDevice
[2015.07.22-14.08.38:105][314]LogD3D11RHI: InitD3DDevice
[2015.07.22-14.09.18:547][736]LogD3D11RHI: InitD3DDevice
[2015.07.22-14.09.18:564][736]Cmd: OBJ SAVEPACKAGE PACKAGE="/Game/Plateforme/Blueprint/Plateforme_BP" FILE="../../../../../UnrealEngineProject/ProjectTron/Content/Plateforme/Blueprint/Plateforme_BP.uasset" SILENT=true
[2015.07.22-14.09.18:586][736]LogSavePackage: Save=18.074764ms