[2015.07.22-16.45.26:623][  0]Log file open, 07/22/15 18:45:26
[2015.07.22-16.45.26:623][  0]LogInit:Display: Running engine for game: ProjectTron
[2015.07.22-16.45.26:623][  0]LogInit:Display: RandInit(-1930311484) SRandInit(-1930311483).
[2015.07.22-16.45.26:623][  0]LogTaskGraph: Started task graph with 4 named threads and 7 total threads.
[2015.07.22-16.45.26:623][  0]LogStats: Stats thread started
[2015.07.22-16.45.26:623][  0]LogInit: Version: 4.8.2-2614606+++depot+UE4-Releases+4.8
[2015.07.22-16.45.26:623][  0]LogInit: API Version: 2579680
[2015.07.22-16.45.26:623][  0]LogInit: Compiled (64-bit): Jul  8 2015 23:43:41
[2015.07.22-16.45.26:623][  0]LogInit: Compiled with Visual C++: 18.00.21005.01
[2015.07.22-16.45.26:623][  0]LogInit: Build Configuration: Development
[2015.07.22-16.45.26:623][  0]LogInit: Branch Name: ++depot+UE4-Releases+4.8
[2015.07.22-16.45.26:623][  0]LogInit: Command line:  
[2015.07.22-16.45.26:623][  0]LogInit: Base directory: D:/UnrealEngine/4.8/Engine/Binaries/Win64/
[2015.07.22-16.45.26:623][  0]LogInit: Rocket: 1
[2015.07.22-16.45.26:633][  0]LogInit: Using libcurl 7.41.0
[2015.07.22-16.45.26:633][  0]LogInit:  - built for x86_64-pc-win32
[2015.07.22-16.45.26:633][  0]LogInit:  - supports SSL with WinSSL
[2015.07.22-16.45.26:633][  0]LogInit:  - other features:
[2015.07.22-16.45.26:633][  0]LogInit:      CURL_VERSION_SSL
[2015.07.22-16.45.26:633][  0]LogInit:      CURL_VERSION_IPV6
[2015.07.22-16.45.26:633][  0]LogInit:      CURL_VERSION_ASYNCHDNS
[2015.07.22-16.45.26:633][  0]LogInit:      CURL_VERSION_LARGEFILE
[2015.07.22-16.45.26:633][  0]LogInit:      CURL_VERSION_IDN
[2015.07.22-16.45.26:633][  0]LogInit:  CurlRequestOptions (configurable via config and command line):
[2015.07.22-16.45.26:633][  0]LogInit:  - bVerifyPeer = true  - Libcurl will verify peer certificate
[2015.07.22-16.45.26:633][  0]LogInit:  - bUseHttpProxy = false  - Libcurl will NOT use HTTP proxy
[2015.07.22-16.45.26:633][  0]LogInit:  - bDontReuseConnections = false  - Libcurl will reuse connections
[2015.07.22-16.45.26:633][  0]LogInit:  - CertBundlePath = nullptr  - Libcurl will use whatever was configured at build time.
[2015.07.22-16.45.26:641][  0]LogOnline:Warning: No default platform service specified for OnlineSubsystem
[2015.07.22-16.45.26:651][  0]LogInit: Presizing for 0 objects not considered by GC, pre-allocating 0 bytes.
[2015.07.22-16.45.26:657][  0]LogInit: Object subsystem initialized
[2015.07.22-16.45.26:658][  0]LogConsoleResponse:Warning: Skipping Unknown console variable: 'TranslucentSortAxis = (X=0.000000,Y=-1.000000,Z=0.000000)'
[2015.07.22-16.45.26:658][  0]LogConsoleResponse:Warning:   Found in ini file 'D:/UnrealEngineProject/ProjectTron/Saved/Config/Windows/Engine.ini', in section '[/Script/Engine.RendererSettings]'
[2015.07.22-16.45.26:658][  0]LogConsoleResponse:Warning: Skipping Unknown console variable: 'UIScaleRule = ShortestSide'
[2015.07.22-16.45.26:658][  0]LogConsoleResponse:Warning:   Found in ini file 'D:/UnrealEngineProject/ProjectTron/Saved/Config/Windows/Engine.ini', in section '[/Script/Engine.RendererSettings]'
[2015.07.22-16.45.26:658][  0]LogConsoleResponse:Warning: Skipping Unknown console variable: 'UIScaleCurve = (EditorCurveData=(Keys=),ExternalCurve=None)'
[2015.07.22-16.45.26:658][  0]LogConsoleResponse:Warning:   Found in ini file 'D:/UnrealEngineProject/ProjectTron/Saved/Config/Windows/Engine.ini', in section '[/Script/Engine.RendererSettings]'
[2015.07.22-16.45.26:658][  0]LogInit: Selected Device Profile: [Windows]
[2015.07.22-16.45.26:658][  0]LogInit: Applying CVar settings loaded from the selected device profile: [Windows]
[2015.07.22-16.45.26:697][  0]LogInit: Computer: FIELDRAIN-PC
[2015.07.22-16.45.26:697][  0]LogInit: User: Adrien
[2015.07.22-16.45.26:697][  0]LogInit: CPU Page size=4096, Cores=4
[2015.07.22-16.45.26:697][  0]LogInit: High frequency timer resolution =2.338343 MHz
[2015.07.22-16.45.26:697][  0]LogMemory: Memory total: Physical=15.9GB (16GB approx)
[2015.07.22-16.45.26:697][  0]LogMemory: Platform Memory Stats for Windows
[2015.07.22-16.45.26:697][  0]LogMemory: Process Physical Memory: 49.45 MB used, 49.45 MB peak
[2015.07.22-16.45.26:697][  0]LogMemory: Process Virtual Memory: 22.34 MB used, 22.34 MB peak
[2015.07.22-16.45.26:697][  0]LogMemory: Physical Memory: 4900.86 MB used, 16271.36 MB total
[2015.07.22-16.45.26:697][  0]LogMemory: Virtual Memory: 291.79 MB used, 134217728.00 MB total
[2015.07.22-16.45.26:730][  0]LogTextLocalizationManager: The requested culture ('en_150') has no localization data; parent culture's ('en') localization data will be used.
[2015.07.22-16.45.26:945][  0]LogTextLocalizationManager:Warning: Loaded localization resources contain conflicting entries for (Namespace:ContentBrowser, Key:ImportAssetToolTip):
Localization Resource: (D:/UnrealEngine/4.8/Engine/Content/Localization/Editor/en/Editor.locres) Source String Hash: (-630476809) Localized String: (Import to {0}...)
Localization Resource: (D:/UnrealEngine/4.8/Engine/Content/Localization/Editor/en/Editor.locres) Source String Hash: (1271782899) Localized String: (Imports an asset from file to this folder.)
[2015.07.22-16.45.27:496][  0]LogD3D11RHI: Found D3D11 adapter 0: Intel(R) HD Graphics 4600 (Feature Level 11_0)
[2015.07.22-16.45.27:496][  0]LogD3D11RHI: Adapter has 0MB of dedicated video memory, 0MB of dedicated system memory, and 1792MB of shared system memory, 2 output[s]
[2015.07.22-16.45.27:526][  0]LogD3D11RHI: Found D3D11 adapter 1: NVIDIA GeForce GTX 780M (Feature Level 11_0)
[2015.07.22-16.45.27:526][  0]LogD3D11RHI: Adapter has 3995MB of dedicated video memory, 0MB of dedicated system memory, and 8135MB of shared system memory, 0 output[s]
[2015.07.22-16.45.27:527][  0]LogD3D11RHI: Found D3D11 adapter 2: Microsoft Basic Render Driver (Feature Level 11_0)
[2015.07.22-16.45.27:527][  0]LogD3D11RHI: Adapter has 0MB of dedicated video memory, 0MB of dedicated system memory, and 256MB of shared system memory, 0 output[s]
[2015.07.22-16.45.27:527][  0]LogD3D11RHI: Chosen D3D11 Adapter Id = 0
[2015.07.22-16.45.27:532][  0]LogD3D11RHI: InitD3DDevice
[2015.07.22-16.45.27:532][  0]LogD3D11RHI: !Direct3DDevice
[2015.07.22-16.45.27:532][  0]LogRHI: Texture pool is 1361 MB (70% of 1945 MB)
[2015.07.22-16.45.27:550][  0]LogD3D11RHI: Async texture creation enabled
[2015.07.22-16.45.27:984][  0]LogShaderCompilers:Display: Using Local Shader Compiler.
[2015.07.22-16.45.28:743][  0]LogTemp:Display: Loaded TP DesktopTargetPlatform
[2015.07.22-16.45.28:753][  0]LogTemp:Display: Loaded TP WindowsClientTargetPlatform
[2015.07.22-16.45.28:763][  0]LogTemp:Display: Loaded TP WindowsNoEditorTargetPlatform
[2015.07.22-16.45.28:773][  0]LogTemp:Display: Loaded TP WindowsServerTargetPlatform
[2015.07.22-16.45.28:783][  0]LogTemp:Display: Loaded TP WindowsTargetPlatform
[2015.07.22-16.45.28:792][  0]LogTemp:Display: Loaded TP AndroidTargetPlatform
[2015.07.22-16.45.28:800][  0]LogTemp:Display: Loaded TP Android_ASTCTargetPlatform
[2015.07.22-16.45.28:809][  0]LogTemp:Display: Loaded TP Android_ATCTargetPlatform
[2015.07.22-16.45.28:817][  0]LogTemp:Display: Loaded TP Android_DXTTargetPlatform
[2015.07.22-16.45.28:825][  0]LogTemp:Display: Loaded TP Android_ETC1TargetPlatform
[2015.07.22-16.45.28:834][  0]LogTemp:Display: Loaded TP Android_ETC2TargetPlatform
[2015.07.22-16.45.28:842][  0]LogTemp:Display: Loaded TP Android_PVRTCTargetPlatform
[2015.07.22-16.45.28:882][  0]LogTemp:Display: Loaded TP IOSTargetPlatform
[2015.07.22-16.45.28:891][  0]LogTemp:Display: Loaded TP LinuxNoEditorTargetPlatform
[2015.07.22-16.45.28:900][  0]LogTemp:Display: Loaded TP LinuxServerTargetPlatform
[2015.07.22-16.45.28:910][  0]LogTemp:Display: Loaded TP LinuxTargetPlatform
[2015.07.22-16.45.28:910][  0]LogTargetPlatformManager:Display: Building Assets For Windows
[2015.07.22-16.45.29:045][  0]LogDerivedDataCache:Display: Max Cache Size: 512 MB
[2015.07.22-16.45.29:097][  0]LogDerivedDataCache: Loaded boot cache 0.05s 53MB C:/Users/Adrien/AppData/Local/UnrealEngine/4.8/DerivedDataCache/Boot.ddc.
[2015.07.22-16.45.29:097][  0]LogDerivedDataCache:Display: Loaded Boot cache: C:/Users/Adrien/AppData/Local/UnrealEngine/4.8/DerivedDataCache/Boot.ddc
[2015.07.22-16.45.29:097][  0]LogDerivedDataCache: FDerivedDataBackendGraph:  Pak pak cache file ../../../../../UnrealEngineProject/ProjectTron/DerivedDataCache/DDC.ddp not found, will not use a pak cache.
[2015.07.22-16.45.29:097][  0]LogDerivedDataCache: Unable to find inner node Pak for hierarchical cache Hierarchy.
[2015.07.22-16.45.29:097][  0]LogDerivedDataCache: FDerivedDataBackendGraph:  CompressedPak pak cache file ../../../../../UnrealEngineProject/ProjectTron/DerivedDataCache/Compressed.ddp not found, will not use a pak cache.
[2015.07.22-16.45.29:097][  0]LogDerivedDataCache: Unable to find inner node CompressedPak for hierarchical cache Hierarchy.
[2015.07.22-16.45.29:237][  0]LogDerivedDataCache:Display: Pak cache opened for reading ../../../Engine/DerivedDataCache/Compressed.ddp.
[2015.07.22-16.45.29:250][  0]LogDerivedDataCache: Using Local data cache path C:/Users/Adrien/AppData/Local/UnrealEngine/Common/DerivedDataCache: Writable
[2015.07.22-16.45.29:437][  0]LogInit: Selected Device Profile: [Windows]
[2015.07.22-16.45.29:515][  0]ImportText (ComponentSweepMultiTests): Missing closing parenthesis: (RootShapeAsset="/Engine/BasicShapes/Cube.Cube",ShapeType="TriggerCapsule",HitResult=(Time=0.50,Location=(X=-100.000015,Y=0.0,Z=100.000015),ImpactPoint=(X=-50.0,Y=0.0,Z=50.0),Normal=(X=-1.0,Y=-0.0,Z=0.0),ImpactNormal=(X=0.0,Y=0.0,Z=1.0),TraceStart=(X=-200.0,Y=0.0,Z=200.0),TraceEnd=(X=0.0,Y=0.0,Z=0.0))
[2015.07.22-16.45.29:515][  0]ImportText (LineTraceSingleByChannelTests): Missing closing parenthesis: (RootShapeAsset="/Engine/BasicShapes/Cube.Cube",HitResult=(Time=0.50,Location=(X=-100.000015,Y=0.0,Z=100.000015),ImpactPoint=(X=-50.0,Y=0.0,Z=50.0),Normal=(X=-1.0,Y=-0.0,Z=0.0),ImpactNormal=(X=0.0,Y=0.0,Z=1.0),TraceStart=(X=-200.0,Y=0.0,Z=200.0),TraceEnd=(X=0.0,Y=0.0,Z=0.0))
[2015.07.22-16.45.29:533][  0]LogMeshUtilities: No automatic mesh reduction module available
[2015.07.22-16.45.29:533][  0]LogMeshUtilities: No automatic mesh merging module available
[2015.07.22-16.45.29:804][  0]LogInit: WinSock: version 1.1 (2.2), MaxSocks=32767, MaxUdp=65467
[2015.07.22-16.45.30:566][  0]UdpMessaging: Initializing bridge on interface 0.0.0.0:0 to multicast group 230.0.0.1:6666.
[2015.07.22-16.45.30:824][  0]SourceControl: Info Source control is disabled
[2015.07.22-16.45.30:832][  0]SourceControl: Info Source control is disabled
[2015.07.22-16.45.30:838][  0]SourceControl: Info Source control is disabled
[2015.07.22-16.45.30:844][  0]SourceControl: Info Source control is disabled
[2015.07.22-16.45.30:996][  0]LogObj: 26273 objects as part of root set at end of initial load.
[2015.07.22-16.45.30:996][  0]LogUObjectAllocator: 5409248 out of 0 bytes used by permanent object pool.
[2015.07.22-16.45.31:055][  0]LogEngine: Initializing Engine...
[2015.07.22-16.45.31:056][  0]LogHMD: Can't find Oculus library dev build: is proper Runtime installed? Version: 0.6.0.0
[2015.07.22-16.45.31:057][  0]LogHMD:Warning: SteamVR failed to initialize.  Error: 110
[2015.07.22-16.45.31:185][  0]LogAIModule: Creating AISystem for world NewWorld
[2015.07.22-16.45.31:190][  0]LogInit: XAudio2 using 'Haut-parleurs (2- Plantronics GameCom 780)' : 6 channels at 44.1 kHz using 16 bits per sample (channel mask 0x60f)
[2015.07.22-16.45.31:208][  0]LogInit: FAudioDevice initialized.
[2015.07.22-16.45.31:232][  0]LogDerivedDataCache: Saved boot cache 0.02s 53MB C:/Users/Adrien/AppData/Local/UnrealEngine/4.8/DerivedDataCache/Boot.ddc.
[2015.07.22-16.45.31:235][  0]LogInit: Texture streaming: Disabled
[2015.07.22-16.45.31:250][  0]LogAnalytics: Creating configured Analytics provider AnalyticsET
[2015.07.22-16.45.31:250][  0]LogAnalytics: [UEEditor.Rocket.Release] APIServer = http://et2.epicgames.com/ET2/. AppVersion = 4.8.2-2614606+++depot+UE4-Releases+4.8
[2015.07.22-16.45.31:250][  0]LogAnalytics: [UEEditor.Rocket.Release] SetUserId 2e87543741be94097c1db6846465a91d|d27d10dde35e45258d9f88e0d3b9cd63|7789eb87-d837-4324-a798-0149adb08d39
[2015.07.22-16.45.31:250][  0]LogAnalytics: [UEEditor.Rocket.Release] AnalyticsET::StartSession
[2015.07.22-16.45.31:271][  0]LogInit: Transaction tracking system initialized
[2015.07.22-16.45.31:356][  0]BlueprintLog: New page: Editor Load
[2015.07.22-16.45.31:382][  0]LogAssetRegistry: FAssetRegistry took 0.0109 seconds to start up
[2015.07.22-16.45.31:383][  0]LogDirectoryWatcher:Warning: Failed to begin reading directory changes for ../../../Engine/Plugins/Experimental/CharacterAI/Content/. Error: 0
[2015.07.22-16.45.31:848][  0]LogConsoleManager:Warning: Console variable 'r.VSync' wasn't set ('GameSetting' has a lower priority than 'SystemSettingsIni')
[2015.07.22-16.45.31:848][  0]LogConsoleResponse:Display: 
[2015.07.22-16.45.31:940][  0]LogCook:Display: Done creating registry. It took  0.00s.
[2015.07.22-16.45.32:069][  0]SourceControl: Info Source control is disabled
[2015.07.22-16.45.32:069][  0]Cmd: MAP LOAD FILE="../../../../../UnrealEngineProject/ProjectTron/Content/StarterContent/Maps/Minimal_Default.umap" TEMPLATE=0 SHOWPROGRESS=1 FEATURELEVEL=3
[2015.07.22-16.45.32:069][  0]LightingResults: New page: Lighting Build
[2015.07.22-16.45.32:077][  0]MapCheck: New page: Map Check
[2015.07.22-16.45.32:077][  0]LightingResults: New page: Lighting Build
[2015.07.22-16.45.32:087][  0]LogParticles: Destroying 0 GPU particle simulations for FXSystem 0x0000004D428F0B80
[2015.07.22-16.45.32:519][  0]LogAIModule: Creating AISystem for world Minimal_Default
[2015.07.22-16.45.32:531][  0]LogEditorServer: Finished looking for orphan Actors (0.000 secs)
[2015.07.22-16.45.32:539][  0]Cmd: MAP CHECKDEP NOCLEARLOG
[2015.07.22-16.45.32:573][  0]MapCheck: Info Map check complete: 0 Error(s), 0 Warning(s), took 34,124ms to complete.
[2015.07.22-16.45.32:573][  0]LogFileHelpers: Loading map 'Minimal_Default' took 0.504
[2015.07.22-16.45.32:691][  0]LogCollectionManager: Loaded 0 collections in 0.001179 seconds
[2015.07.22-16.45.32:698][  0]LogContentBrowser: Native class hierarchy populated in 0.0065 seconds. Added 1792 classes and 301 folders.
[2015.07.22-16.45.32:729][  0]LogContentBrowser: Native class hierarchy updated for 'WidgetCarousel' in 0.0003 seconds. Added 0 classes and 0 folders.
[2015.07.22-16.45.32:751][  0]LogContentBrowser: Native class hierarchy updated for 'AddContentDialog' in 0.0003 seconds. Added 0 classes and 0 folders.
[2015.07.22-16.45.32:764][  0]LogContentBrowser: Native class hierarchy updated for 'SceneOutliner' in 0.0005 seconds. Added 1 classes and 2 folders.
[2015.07.22-16.45.32:800][  0]LogCrashTracker: Crashtracker disabled due to settings.
[2015.07.22-16.45.32:801][  0]LogD3D11RHI: InitD3DDevice
[2015.07.22-16.45.32:806][  0]LogUObjectGlobals:Warning: Failed to find object 'Class None.'
[2015.07.22-16.45.32:829][  0]LogLoad: Full Startup: 7.38 seconds (BP compile: 0.13 seconds)
[2015.07.22-16.45.32:837][  0]LogWindowsTextInputMethodSystem:Display: IME system now deactivated.
[2015.07.22-16.45.32:899][  0]LogContentStreaming: Texture pool size is 0.000000MB
[2015.07.22-16.45.32:944][  0]LogContentStreaming: Texture pool size now 1000 MB
[2015.07.22-16.45.33:084][  0]LogRenderer: Reallocating scene render targets to support 1208x600 (Frame:2).
[2015.07.22-16.45.33:380][  8]LogAssetRegistry: Asset discovery search completed in 2.0094 seconds
[2015.07.22-16.45.33:858][ 42]LogD3D11RHI: InitD3DDevice
[2015.07.22-16.45.37:429][307]LogD3D11RHI: InitD3DDevice
[2015.07.22-16.45.43:334][741]LogD3D11RHI: InitD3DDevice
[2015.07.22-16.45.44:251][842]LogD3D11RHI: InitD3DDevice
[2015.07.22-16.45.46:294][ 79]LogD3D11RHI: InitD3DDevice
[2015.07.22-16.45.47:472][ 79]LogD3D11RHI: InitD3DDevice
[2015.07.22-16.45.48:424][124]LogD3D11RHI: InitD3DDevice
[2015.07.22-16.45.57:135][723]LogD3D11RHI: InitD3DDevice
[2015.07.22-16.46.00:589][ 70]LogWindowsTextInputMethodSystem:Display: IME system now deactivated.
[2015.07.22-16.46.00:589][ 70]LogWindowsTextInputMethodSystem:Display: IME system now deactivated.
[2015.07.22-16.46.02:940][219]LogD3D11RHI: InitD3DDevice
[2015.07.22-16.46.02:987][219]LogD3D11RHI: InitD3DDevice
[2015.07.22-16.46.03:011][219]LogD3D11RHI: InitD3DDevice
[2015.07.22-16.46.03:042][219]Cmd: OBJ SAVEPACKAGE PACKAGE="/Game/Projectile/Mesh/Projectile_Mesh" FILE="../../../../../UnrealEngineProject/ProjectTron/Content/Projectile/Mesh/Projectile_Mesh.uasset" SILENT=true
[2015.07.22-16.46.03:110][219]LogSavePackage: Save=58.807884ms
[2015.07.22-16.46.03:110][219]LogSavePackage: Moving '../../../../../UnrealEngineProject/ProjectTron/Saved/Projectile_Mesh504E94C64392D57B17B3549976F393C4.tmp' to '../../../../../UnrealEngineProject/ProjectTron/Content/Projectile/Mesh/Projectile_Mesh.uasset'
[2015.07.22-16.46.03:121][219]LogD3D11RHI: InitD3DDevice
[2015.07.22-16.46.03:153][219]LogD3D11RHI: InitD3DDevice
[2015.07.22-16.46.03:212][219]LogD3D11RHI: InitD3DDevice
[2015.07.22-16.46.03:226][219]Cmd: OBJ SAVEPACKAGE PACKAGE="/Game/Projectile/Blueprint/Projectile_BP" FILE="../../../../../UnrealEngineProject/ProjectTron/Content/Projectile/Blueprint/Projectile_BP.uasset" SILENT=true
[2015.07.22-16.46.03:240][219]LogSavePackage: Save=8.337528ms
[2015.07.22-16.46.03:240][219]LogSavePackage: Moving '../../../../../UnrealEngineProject/ProjectTron/Saved/Projectile_BPF70A04FE41C10DFC7CD3E099568DD344.tmp' to '../../../../../UnrealEngineProject/ProjectTron/Content/Projectile/Blueprint/Projectile_BP.uasset'
[2015.07.22-16.46.04:279][283]LogD3D11RHI: InitD3DDevice
[2015.07.22-16.46.04:398][283]LogSavePackage: Save=57.283726ms
[2015.07.22-16.46.04:398][283]LogSavePackage: Moving '../../../../../UnrealEngineProject/ProjectTron/Saved/Minimal_Default3B7B811A4846B318A3118B8B1CCA3449.tmp' to '../../../../../UnrealEngineProject/ProjectTron/Content/StarterContent/Maps/Minimal_Default.umap'
[2015.07.22-16.46.04:420][283]LogFileHelpers: Saving map 'Minimal_Default' took 0.131
[2015.07.22-16.46.05:715][377]LogD3D11RHI: InitD3DDevice
[2015.07.22-16.46.06:656][487]LogD3D11RHI: InitD3DDevice
[2015.07.22-16.46.22:137][570]LogPlayLevel: PIE:  No blueprints needed recompiling
[2015.07.22-16.46.22:139][570]PIE: New page: PIE session: Minimal_Default (22 Jul 2015 20:46:22)
[2015.07.22-16.46.22:139][570]LogPlayLevel: Creating play world package: /Game/StarterContent/Maps/UEDPIE_0_Minimal_Default
[2015.07.22-16.46.22:143][570]LogPlayLevel: PIE: StaticDuplicateObject took: (0.003959s)
[2015.07.22-16.46.22:143][570]LogAIModule: Creating AISystem for world Minimal_Default
[2015.07.22-16.46.22:144][570]LogPlayLevel: PIE: World Init took: (0.001243s)
[2015.07.22-16.46.22:145][570]LogPlayLevel: PIE: Created PIE world by copying editor world from /Game/StarterContent/Maps/Minimal_Default.Minimal_Default to /Game/StarterContent/Maps/UEDPIE_0_Minimal_Default.Minimal_Default (0.005915s)
[2015.07.22-16.46.22:167][570]LogInit: XAudio2 using 'Haut-parleurs (2- Plantronics GameCom 780)' : 6 channels at 44.1 kHz using 16 bits per sample (channel mask 0x60f)
[2015.07.22-16.46.22:173][570]LogInit: FAudioDevice initialized.
[2015.07.22-16.46.22:563][570]LogWorld: Game class is 'GameMode_BP_C'
[2015.07.22-16.46.22:574][570]LogWorld: Bringing World /Game/StarterContent/Maps/UEDPIE_0_Minimal_Default.Minimal_Default up for play (max tick rate 0) at 2015.07.22-18.46.22
[2015.07.22-16.46.22:574][570]LogActor:Warning: GameSession /Game/StarterContent/Maps/UEDPIE_0_Minimal_Default.Minimal_Default:PersistentLevel.GameSession_0 has natively added scene component(s), but none of them were set as the actor's RootComponent - picking one arbitrarily
[2015.07.22-16.46.22:575][570]LogActor:Warning: GameNetworkManager /Game/StarterContent/Maps/UEDPIE_0_Minimal_Default.Minimal_Default:PersistentLevel.GameNetworkManager_0 has natively added scene component(s), but none of them were set as the actor's RootComponent - picking one arbitrarily
[2015.07.22-16.46.22:575][570]LogWorld: Bringing up level for play took: 0.010311
[2015.07.22-16.46.22:578][570]PIE: Info Play in editor start time for /Game/StarterContent/Maps/UEDPIE_0_Minimal_Default 1,436
[2015.07.22-16.46.28:853][159]LogParticles: Destroying 0 GPU particle simulations for FXSystem 0x0000004D3C03DA80
[2015.07.22-16.46.36:545][730]LogD3D11RHI: InitD3DDevice
[2015.07.22-16.46.36:600][730]LogLinker:Warning: Asset '../../../Engine/Content/ArtTools/RenderToTexture/Macros/RenderToTextureMacros.uasset' has been saved with empty engine version. The asset will be loaded but may be incompatible.
[2015.07.22-16.46.36:668][730]LogLinker:Warning: Asset '../../../Engine/Content/ArtTools/RenderToTexture/Enums/RenderToTexture_Enum.uasset' has been saved with empty engine version. The asset will be loaded but may be incompatible.
[2015.07.22-16.46.38:880][888]LogRenderer: Reallocating scene render targets to support 1208x744 (Frame:4865).
[2015.07.22-16.46.50:901][132]LogD3D11RHI: InitD3DDevice
[2015.07.22-16.46.50:927][132]Cmd: OBJ SAVEPACKAGE PACKAGE="/Game/Projectile/Blueprint/Projectile_BP" FILE="../../../../../UnrealEngineProject/ProjectTron/Content/Projectile/Blueprint/Projectile_BP.uasset" SILENT=true
[2015.07.22-16.46.50:942][132]LogSavePackage: Save=7.865399ms
[2015.07.22-16.46.50:942][132]LogSavePackage: Moving '../../../../../UnrealEngineProject/ProjectTron/Saved/Projectile_BPCD40F54E4B3EDF3A09EDB48617F76673.tmp' to '../../../../../UnrealEngineProject/ProjectTron/Content/Projectile/Blueprint/Projectile_BP.uasset'
[2015.07.22-16.46.55:171][504]LogPlayLevel: PIE:  No blueprints needed recompiling
[2015.07.22-16.46.55:171][504]PIE: New page: PIE session: Minimal_Default (22 Jul 2015 20:46:55)
[2015.07.22-16.46.55:172][504]LogPlayLevel: Creating play world package: /Game/StarterContent/Maps/UEDPIE_0_Minimal_Default
[2015.07.22-16.46.55:175][504]LogPlayLevel: PIE: StaticDuplicateObject took: (0.003611s)
[2015.07.22-16.46.55:176][504]LogAIModule: Creating AISystem for world Minimal_Default
[2015.07.22-16.46.55:176][504]LogPlayLevel: PIE: World Init took: (0.001091s)
[2015.07.22-16.46.55:177][504]LogPlayLevel: PIE: Created PIE world by copying editor world from /Game/StarterContent/Maps/Minimal_Default.Minimal_Default to /Game/StarterContent/Maps/UEDPIE_0_Minimal_Default.Minimal_Default (0.004886s)
[2015.07.22-16.46.55:194][504]LogParticles: Destroying 0 GPU particle simulations for FXSystem 0x0000004D3BFEDBC0
[2015.07.22-16.46.55:210][504]LogInit: XAudio2 using 'Haut-parleurs (2- Plantronics GameCom 780)' : 6 channels at 44.1 kHz using 16 bits per sample (channel mask 0x60f)
[2015.07.22-16.46.55:215][504]LogInit: FAudioDevice initialized.
[2015.07.22-16.46.55:247][504]LogWorld: Game class is 'GameMode_BP_C'
[2015.07.22-16.46.55:252][504]LogWorld: Bringing World /Game/StarterContent/Maps/UEDPIE_0_Minimal_Default.Minimal_Default up for play (max tick rate 0) at 2015.07.22-18.46.55
[2015.07.22-16.46.55:252][504]LogActor:Warning: GameSession /Game/StarterContent/Maps/UEDPIE_0_Minimal_Default.Minimal_Default:PersistentLevel.GameSession_1 has natively added scene component(s), but none of them were set as the actor's RootComponent - picking one arbitrarily
[2015.07.22-16.46.55:252][504]LogActor:Warning: GameNetworkManager /Game/StarterContent/Maps/UEDPIE_0_Minimal_Default.Minimal_Default:PersistentLevel.GameNetworkManager_1 has natively added scene component(s), but none of them were set as the actor's RootComponent - picking one arbitrarily
[2015.07.22-16.46.55:252][504]LogWorld: Bringing up level for play took: 0.003926
[2015.07.22-16.46.55:255][504]PIE: Info Play in editor start time for /Game/StarterContent/Maps/UEDPIE_0_Minimal_Default 0,113
[2015.07.22-16.47.01:744][ 98]LogParticles: Destroying 0 GPU particle simulations for FXSystem 0x0000004D0CEDA8E0
[2015.07.22-16.47.07:671][530]Cmd: DELETE
[2015.07.22-16.47.07:671][530]Cmd: ACTOR DELETE
[2015.07.22-16.47.07:672][530]LogEditorActor: Deleted Actor: Projectile_BP_C
[2015.07.22-16.47.07:708][530]LogEditorActor: Deleted 1 Actors (0.037 secs)
[2015.07.22-16.47.08:855][624]LogD3D11RHI: InitD3DDevice
[2015.07.22-16.47.13:034][948]LogPlayLevel: PIE:  No blueprints needed recompiling
[2015.07.22-16.47.13:034][948]PIE: New page: PIE session: Minimal_Default (22 Jul 2015 20:47:13)
[2015.07.22-16.47.13:034][948]LogPlayLevel: Creating play world package: /Game/StarterContent/Maps/UEDPIE_0_Minimal_Default
[2015.07.22-16.47.13:038][948]LogPlayLevel: PIE: StaticDuplicateObject took: (0.003916s)
[2015.07.22-16.47.13:039][948]LogAIModule: Creating AISystem for world Minimal_Default
[2015.07.22-16.47.13:040][948]LogPlayLevel: PIE: World Init took: (0.001580s)
[2015.07.22-16.47.13:040][948]LogPlayLevel: PIE: Created PIE world by copying editor world from /Game/StarterContent/Maps/Minimal_Default.Minimal_Default to /Game/StarterContent/Maps/UEDPIE_0_Minimal_Default.Minimal_Default (0.005732s)
[2015.07.22-16.47.13:070][948]LogInit: XAudio2 using 'Haut-parleurs (2- Plantronics GameCom 780)' : 6 channels at 44.1 kHz using 16 bits per sample (channel mask 0x60f)
[2015.07.22-16.47.13:075][948]LogInit: FAudioDevice initialized.
[2015.07.22-16.47.13:114][948]LogWorld: Game class is 'GameMode_BP_C'
[2015.07.22-16.47.13:135][948]LogWorld: Bringing World /Game/StarterContent/Maps/UEDPIE_0_Minimal_Default.Minimal_Default up for play (max tick rate 0) at 2015.07.22-18.47.13
[2015.07.22-16.47.13:135][948]LogActor:Warning: GameSession /Game/StarterContent/Maps/UEDPIE_0_Minimal_Default.Minimal_Default:PersistentLevel.GameSession_2 has natively added scene component(s), but none of them were set as the actor's RootComponent - picking one arbitrarily
[2015.07.22-16.47.13:136][948]LogActor:Warning: GameNetworkManager /Game/StarterContent/Maps/UEDPIE_0_Minimal_Default.Minimal_Default:PersistentLevel.GameNetworkManager_2 has natively added scene component(s), but none of them were set as the actor's RootComponent - picking one arbitrarily
[2015.07.22-16.47.13:136][948]LogWorld: Bringing up level for play took: 0.020769
[2015.07.22-16.47.13:138][948]PIE: Info Play in editor start time for /Game/StarterContent/Maps/UEDPIE_0_Minimal_Default -0,004
[2015.07.22-16.47.13:700][999]LogBlueprintUserMessages: Projectile_BP
[2015.07.22-16.47.15:709][184]LogParticles: Destroying 0 GPU particle simulations for FXSystem 0x0000004D397C23E0
[2015.07.22-16.47.22:048][677]LogD3D11RHI: InitD3DDevice
[2015.07.22-16.47.22:207][677]LogSavePackage: Save=72.169907ms
[2015.07.22-16.47.22:207][677]LogSavePackage: Moving '../../../../../UnrealEngineProject/ProjectTron/Saved/Minimal_Default6C1141154D3644F0796BC598F976C49B.tmp' to '../../../../../UnrealEngineProject/ProjectTron/Content/StarterContent/Maps/Minimal_Default.umap'
[2015.07.22-16.47.22:230][677]LogFileHelpers: Saving map 'Minimal_Default' took 0.165
[2015.07.22-16.47.23:542][775]LogWindowsTextInputMethodSystem:Display: IME system now deactivated.
[2015.07.22-16.47.23:785][776]Cmd: QUIT_EDITOR
[2015.07.22-16.47.24:490][776]LogExit: Preparing to exit.
[2015.07.22-16.47.24:730][776]LogExit: Editor shut down
[2015.07.22-16.47.24:730][776]LogExit: Transaction tracking system shut down
[2015.07.22-16.47.24:731][776]LogParticles: Destroying 0 GPU particle simulations for FXSystem 0x0000004D4EE46FC0
[2015.07.22-16.47.24:732][776]LogParticles: Destroying 0 GPU particle simulations for FXSystem 0x0000004D5460B100
[2015.07.22-16.47.24:732][776]LogParticles: Destroying 0 GPU particle simulations for FXSystem 0x0000004D54518D60
[2015.07.22-16.47.24:732][776]LogParticles: Destroying 0 GPU particle simulations for FXSystem 0x0000004D398B7A60
[2015.07.22-16.47.24:732][776]LogParticles: Destroying 0 GPU particle simulations for FXSystem 0x0000004D496547C0
[2015.07.22-16.47.24:735][776]LogParticles: Destroying 0 GPU particle simulations for FXSystem 0x0000004D05AD2480
[2015.07.22-16.47.24:888][776]LogExit: Object subsystem successfully closed.
[2015.07.22-16.47.24:900][776]LogD3D11RHI: Shutdown
[2015.07.22-16.47.24:900][776]LogD3D11RHI: CleanupD3DDevice
[2015.07.22-16.47.25:004][776]LogD3D11RHI: ~FD3D11DynamicRHI
[2015.07.22-16.47.25:015][776]LogModuleManager: Shutting down and abandoning module ExternalImagePicker (189)
[2015.07.22-16.47.25:015][776]LogModuleManager: Shutting down and abandoning module CrashTracker (188)
[2015.07.22-16.47.25:015][776]LogModuleManager: Shutting down and abandoning module SceneOutliner (187)
[2015.07.22-16.47.25:015][776]LogModuleManager: Shutting down and abandoning module SuperSearch (186)
[2015.07.22-16.47.25:015][776]LogModuleManager: Shutting down and abandoning module WidgetCarousel (185)
[2015.07.22-16.47.25:015][776]LogModuleManager: Shutting down and abandoning module AddContentDialog (184)
[2015.07.22-16.47.25:015][776]LogModuleManager: Shutting down and abandoning module EditorWidgets (183)
[2015.07.22-16.47.25:015][776]LogModuleManager: Shutting down and abandoning module CollectionManager (182)
[2015.07.22-16.47.25:016][776]LogModuleManager: Shutting down and abandoning module StatsViewer (181)
[2015.07.22-16.47.25:016][776]LogModuleManager: Shutting down and abandoning module FoliageEdit (180)
[2015.07.22-16.47.25:016][776]LogModuleManager: Shutting down and abandoning module LandscapeEditor (179)
[2015.07.22-16.47.25:016][776]LogModuleManager: Shutting down and abandoning module ActorPickerMode (178)
[2015.07.22-16.47.25:016][776]LogModuleManager: Shutting down and abandoning module GeometryMode (177)
[2015.07.22-16.47.25:016][776]LogModuleManager: Shutting down and abandoning module TextureAlignMode (176)
[2015.07.22-16.47.25:016][776]LogModuleManager: Shutting down and abandoning module BspMode (175)
[2015.07.22-16.47.25:016][776]LogModuleManager: Shutting down and abandoning module PlacementMode (174)
[2015.07.22-16.47.25:016][776]LogModuleManager: Shutting down and abandoning module AutomationWorker (173)
[2015.07.22-16.47.25:016][776]LogModuleManager: Shutting down and abandoning module CharacterAI (172)
[2015.07.22-16.47.25:016][776]LogModuleManager: Shutting down and abandoning module SmartSnapping (171)
[2015.07.22-16.47.25:016][776]LogModuleManager: Shutting down and abandoning module ViewportSnapping (170)
[2015.07.22-16.47.25:016][776]LogModuleManager: Shutting down and abandoning module LogVisualizer (169)
[2015.07.22-16.47.25:016][776]LogModuleManager: Shutting down and abandoning module GameProjectGeneration (168)
[2015.07.22-16.47.25:016][776]LogModuleManager: Shutting down and abandoning module IntroTutorials (167)
[2015.07.22-16.47.25:016][776]LogModuleManager: Shutting down and abandoning module EditorLiveStreaming (166)
[2015.07.22-16.47.25:016][776]LogModuleManager: Shutting down and abandoning module IOSPlatformEditor (165)
[2015.07.22-16.47.25:016][776]LogModuleManager: Shutting down and abandoning module HTML5PlatformEditor (164)
[2015.07.22-16.47.25:016][776]LogModuleManager: Shutting down and abandoning module AndroidDeviceDetection (163)
[2015.07.22-16.47.25:784][776]LogModuleManager: Shutting down and abandoning module AndroidPlatformEditor (162)
[2015.07.22-16.47.25:784][776]LogModuleManager: Shutting down and abandoning module IOSRuntimeSettings (161)
[2015.07.22-16.47.25:784][776]LogModuleManager: Shutting down and abandoning module AndroidRuntimeSettings (160)
[2015.07.22-16.47.25:784][776]LogModuleManager: Shutting down and abandoning module MergeActors (159)
[2015.07.22-16.47.25:784][776]LogModuleManager: Shutting down and abandoning module SizeMap (158)
[2015.07.22-16.47.25:784][776]LogModuleManager: Shutting down and abandoning module TreeMap (157)
[2015.07.22-16.47.25:784][776]LogModuleManager: Shutting down and abandoning module ReferenceViewer (156)
[2015.07.22-16.47.25:784][776]LogModuleManager: Shutting down and abandoning module LocalizationDashboard (155)
[2015.07.22-16.47.25:784][776]LogModuleManager: Shutting down and abandoning module HardwareTargeting (154)
[2015.07.22-16.47.25:784][776]LogModuleManager: Shutting down and abandoning module DeviceProfileEditor (153)
[2015.07.22-16.47.25:784][776]LogModuleManager: Shutting down and abandoning module UndoHistory (152)
[2015.07.22-16.47.25:784][776]LogModuleManager: Shutting down and abandoning module GameplayTagsEditor (151)
[2015.07.22-16.47.25:784][776]LogModuleManager: Shutting down and abandoning module UserFeedback (150)
[2015.07.22-16.47.25:784][776]LogModuleManager: Shutting down and abandoning module XmlParser (149)
[2015.07.22-16.47.25:784][776]LogModuleManager: Shutting down and abandoning module Blutility (148)
[2015.07.22-16.47.25:784][776]LogModuleManager: Shutting down and abandoning module ProjectTargetPlatformEditor (147)
[2015.07.22-16.47.25:784][776]LogModuleManager: Shutting down and abandoning module ProjectSettingsViewer (146)
[2015.07.22-16.47.25:784][776]LogModuleManager: Shutting down and abandoning module InputBindingEditor (145)
[2015.07.22-16.47.25:784][776]LogModuleManager: Shutting down and abandoning module EditorSettingsViewer (144)
[2015.07.22-16.47.25:784][776]LogModuleManager: Shutting down and abandoning module SettingsEditor (143)
[2015.07.22-16.47.25:784][776]LogModuleManager: Shutting down and abandoning module ProjectLauncher (142)
[2015.07.22-16.47.25:784][776]LogModuleManager: Shutting down and abandoning module SessionFrontend (141)
[2015.07.22-16.47.25:784][776]LogModuleManager: Shutting down and abandoning module ProfilerClient (140)
[2015.07.22-16.47.25:784][776]LogModuleManager: Shutting down and abandoning module TargetDeviceServices (139)
[2015.07.22-16.47.25:784][776]LogModuleManager: Shutting down and abandoning module DeviceManager (138)
[2015.07.22-16.47.25:784][776]LogModuleManager: Shutting down and abandoning module AutomationController (137)
[2015.07.22-16.47.25:784][776]LogModuleManager: Shutting down and abandoning module AutomationWindow (136)
[2015.07.22-16.47.25:784][776]LogModuleManager: Shutting down and abandoning module Layers (135)
[2015.07.22-16.47.25:784][776]LogModuleManager: Shutting down and abandoning module ComponentVisualizers (134)
[2015.07.22-16.47.25:784][776]LogModuleManager: Shutting down and abandoning module DetailCustomizations (133)
[2015.07.22-16.47.25:784][776]LogModuleManager: Shutting down and abandoning module PackagesDialog (132)
[2015.07.22-16.47.25:785][776]LogModuleManager: Shutting down and abandoning module AssetRegistry (131)
[2015.07.22-16.47.25:858][776]LogModuleManager: Shutting down and abandoning module Persona (130)
[2015.07.22-16.47.25:858][776]LogModuleManager: Shutting down and abandoning module Kismet (129)
[2015.07.22-16.47.25:858][776]LogModuleManager: Shutting down and abandoning module GraphEditor (128)
[2015.07.22-16.47.25:859][776]LogModuleManager: Shutting down and abandoning module ClassViewer (127)
[2015.07.22-16.47.25:859][776]LogModuleManager: Shutting down and abandoning module Toolbox (126)
[2015.07.22-16.47.25:859][776]LogModuleManager: Shutting down and abandoning module ModuleUI (125)
[2015.07.22-16.47.25:859][776]LogModuleManager: Shutting down and abandoning module MovieSceneTools (124)
[2015.07.22-16.47.25:859][776]LogModuleManager: Shutting down and abandoning module OutputLog (123)
[2015.07.22-16.47.25:859][776]LogModuleManager: Shutting down and abandoning module GammaUI (122)
[2015.07.22-16.47.25:859][776]LogModuleManager: Shutting down and abandoning module Documentation (121)
[2015.07.22-16.47.25:859][776]LogModuleManager: Shutting down and abandoning module GameLiveStreaming (120)
[2015.07.22-16.47.25:859][776]LogModuleManager: Shutting down and abandoning module StreamingPauseRendering (119)
[2015.07.22-16.47.25:859][776]LogModuleManager: Shutting down and abandoning module AnalyticsET (118)
[2015.07.22-16.47.25:859][776]LogModuleManager: Shutting down and abandoning module Analytics (117)
[2015.07.22-16.47.25:859][776]LogModuleManager: Shutting down and abandoning module AITestSuite (116)
[2015.07.22-16.47.25:859][776]LogModuleManager: Shutting down and abandoning module GameplayDebugger (115)
[2015.07.22-16.47.25:859][776]LogModuleManager: Shutting down and abandoning module AIModule (114)
[2015.07.22-16.47.25:859][776]LogModuleManager: Shutting down and abandoning module ProfilerService (113)
[2015.07.22-16.47.26:094][776]LogModuleManager: Shutting down and abandoning module TaskGraph (112)
[2015.07.22-16.47.26:094][776]LogModuleManager: Shutting down and abandoning module SlateRemote (111)
[2015.07.22-16.47.26:094][776]LogModuleManager: Shutting down and abandoning module SteamVRController (110)
[2015.07.22-16.47.26:094][776]LogModuleManager: Shutting down and abandoning module SteamVR (109)
[2015.07.22-16.47.26:094][776]LogModuleManager: Shutting down and abandoning module ProceduralMeshComponent (108)
[2015.07.22-16.47.26:094][776]LogModuleManager: Shutting down and abandoning module OculusRift (107)
[2015.07.22-16.47.26:094][776]LogModuleManager: Shutting down and abandoning module LeapMotionController (106)
[2015.07.22-16.47.26:106][776]LogModuleManager: Shutting down and abandoning module CustomMeshComponent (105)
[2015.07.22-16.47.26:107][776]LogModuleManager: Shutting down and abandoning module CableComponent (104)
[2015.07.22-16.47.26:107][776]LogModuleManager: Shutting down and abandoning module MessagingDebugger (103)
[2015.07.22-16.47.26:107][776]LogModuleManager: Shutting down and abandoning module MediaPlayerEditor (102)
[2015.07.22-16.47.26:107][776]LogModuleManager: Shutting down and abandoning module SpeedTreeImporter (101)
[2015.07.22-16.47.26:107][776]LogModuleManager: Shutting down and abandoning module PluginBrowser (100)
[2015.07.22-16.47.26:107][776]LogModuleManager: Shutting down and abandoning module EpicSurvey (99)
[2015.07.22-16.47.26:107][776]LogModuleManager: Shutting down and abandoning module DesktopPlatform (98)
[2015.07.22-16.47.26:107][776]LogModuleManager: Shutting down and abandoning module VisualStudioSourceCodeAccess (97)
[2015.07.22-16.47.26:107][776]LogModuleManager: Shutting down and abandoning module UObjectPlugin (96)
[2015.07.22-16.47.26:107][776]LogModuleManager: Shutting down and abandoning module SubversionSourceControl (95)
[2015.07.22-16.47.26:107][776]LogModuleManager: Shutting down and abandoning module PerforceSourceControl (94)
[2015.07.22-16.47.26:107][776]LogModuleManager: Shutting down and abandoning module SourceControl (93)
[2015.07.22-16.47.26:107][776]LogModuleManager: Shutting down and abandoning module GitSourceControl (92)
[2015.07.22-16.47.26:107][776]LogModuleManager: Shutting down and abandoning module BlankPlugin (91)
[2015.07.22-16.47.26:107][776]LogModuleManager: Shutting down and abandoning module PaperTiledImporter (90)
[2015.07.22-16.47.26:107][776]LogModuleManager: Shutting down and abandoning module PaperSpriteSheetImporter (89)
[2015.07.22-16.47.26:107][776]LogModuleManager: Shutting down and abandoning module MeshPaint (88)
[2015.07.22-16.47.26:107][776]LogModuleManager: Shutting down and abandoning module SlateReflector (87)
[2015.07.22-16.47.26:107][776]LogModuleManager: Shutting down and abandoning module DirectoryWatcher (86)
[2015.07.22-16.47.26:107][776]LogModuleManager: Shutting down and abandoning module HotReload (85)
[2015.07.22-16.47.26:107][776]LogModuleManager: Shutting down and abandoning module MainFrame (84)
[2015.07.22-16.47.26:107][776]LogModuleManager: Shutting down and abandoning module LevelEditor (83)
[2015.07.22-16.47.26:108][776]LogModuleManager: Shutting down and abandoning module ContentBrowser (82)
[2015.07.22-16.47.26:109][776]LogModuleManager: Shutting down and abandoning module Paper2DEditor (81)
[2015.07.22-16.47.26:109][776]LogModuleManager: Shutting down and abandoning module UdpMessaging (80)
[2015.07.22-16.47.26:210][776]LogModuleManager: Shutting down and abandoning module Paper2D (79)
[2015.07.22-16.47.26:210][776]LogModuleManager: Shutting down and abandoning module WindowsMoviePlayer (78)
[2015.07.22-16.47.26:214][776]LogModuleManager: Shutting down and abandoning module Media (77)
[2015.07.22-16.47.26:214][776]LogModuleManager: Shutting down and abandoning module WmfMedia (76)
[2015.07.22-16.47.26:214][776]LogModuleManager: Shutting down and abandoning module OnlineBlueprintSupport (75)
[2015.07.22-16.47.26:214][776]LogModuleManager: Shutting down and abandoning module PropertyEditor (74)
[2015.07.22-16.47.26:214][776]LogModuleManager: Shutting down and abandoning module BehaviorTreeEditor (73)
[2015.07.22-16.47.26:215][776]LogModuleManager: Shutting down and abandoning module FunctionalTesting (72)
[2015.07.22-16.47.26:215][776]LogModuleManager: Shutting down and abandoning module CollisionAnalyzer (71)
[2015.07.22-16.47.26:215][776]LogModuleManager: Shutting down and abandoning module WorkspaceMenuStructure (70)
[2015.07.22-16.47.26:215][776]LogModuleManager: Shutting down and abandoning module MessageLog (69)
[2015.07.22-16.47.26:215][776]LogModuleManager: Shutting down and abandoning module Sequencer (68)
[2015.07.22-16.47.26:215][776]LogModuleManager: Shutting down and abandoning module AssetTools (67)
[2015.07.22-16.47.26:215][776]LogModuleManager: Shutting down and abandoning module UMGEditor (66)
[2015.07.22-16.47.26:215][776]LogModuleManager: Shutting down and abandoning module UMG (65)
[2015.07.22-16.47.26:215][776]LogModuleManager: Shutting down and abandoning module Slate (64)
[2015.07.22-16.47.26:215][776]LogModuleManager: Shutting down and abandoning module EditorStyle (63)
[2015.07.22-16.47.26:217][776]LogModuleManager: Shutting down and abandoning module SessionServices (62)
[2015.07.22-16.47.26:217][776]LogModuleManager: Shutting down and abandoning module SourceCodeAccess (61)
[2015.07.22-16.47.26:217][776]LogModuleManager: Shutting down and abandoning module HeadMountedDisplay (60)
[2015.07.22-16.47.26:217][776]LogModuleManager: Shutting down and abandoning module XAudio2 (59)
[2015.07.22-16.47.26:217][776]LogModuleManager: Shutting down and abandoning module Networking (57)
[2015.07.22-16.47.26:217][776]LogModuleManager: Shutting down and abandoning module Core (56)
[2015.07.22-16.47.26:217][776]LogModuleManager: Shutting down and abandoning module KismetCompiler (55)
[2015.07.22-16.47.26:217][776]LogModuleManager: Shutting down and abandoning module PhysXFormats (54)
[2015.07.22-16.47.26:217][776]LogModuleManager: Shutting down and abandoning module MeshUtilities (53)
[2015.07.22-16.47.26:217][776]LogModuleManager: Shutting down and abandoning module DerivedDataCache (52)
[2015.07.22-16.47.26:332][776]LogDerivedDataCache: Shutdown
[2015.07.22-16.47.26:332][776]LogModuleManager: Shutting down and abandoning module ShaderFormatOpenGL (51)
[2015.07.22-16.47.26:332][776]LogModuleManager: Shutting down and abandoning module ShaderFormatD3D (50)
[2015.07.22-16.47.26:332][776]LogModuleManager: Shutting down and abandoning module MetalShaderFormat (49)
[2015.07.22-16.47.26:332][776]LogModuleManager: Shutting down and abandoning module TextureFormatUncompressed (48)
[2015.07.22-16.47.26:332][776]LogModuleManager: Shutting down and abandoning module TextureFormatPVR (47)
[2015.07.22-16.47.26:332][776]LogModuleManager: Shutting down and abandoning module TextureFormatIntelISPCTexComp (46)
[2015.07.22-16.47.26:332][776]LogModuleManager: Shutting down and abandoning module TextureFormatDXT (45)
[2015.07.22-16.47.26:332][776]LogModuleManager: Shutting down and abandoning module ImageWrapper (44)
[2015.07.22-16.47.26:332][776]LogModuleManager: Shutting down and abandoning module TextureFormatASTC (43)
[2015.07.22-16.47.26:332][776]LogModuleManager: Shutting down and abandoning module TextureFormatAndroid (42)
[2015.07.22-16.47.26:332][776]LogModuleManager: Shutting down and abandoning module AudioFormatOpus (41)
[2015.07.22-16.47.26:332][776]LogModuleManager: Shutting down and abandoning module AudioFormatOgg (40)
[2015.07.22-16.47.26:332][776]LogModuleManager: Shutting down and abandoning module AudioFormatADPCM (39)
[2015.07.22-16.47.26:332][776]LogModuleManager: Shutting down and abandoning module LinuxTargetPlatform (38)
[2015.07.22-16.47.26:332][776]LogModuleManager: Shutting down and abandoning module LinuxServerTargetPlatform (37)
[2015.07.22-16.47.26:332][776]LogModuleManager: Shutting down and abandoning module LinuxNoEditorTargetPlatform (36)
[2015.07.22-16.47.26:332][776]LogModuleManager: Shutting down and abandoning module Messaging (35)
[2015.07.22-16.47.26:332][776]LogModuleManager: Shutting down and abandoning module IOSTargetPlatform (34)
[2015.07.22-16.47.26:332][776]LogModuleManager: Shutting down and abandoning module HTML5TargetPlatform (33)
[2015.07.22-16.47.26:332][776]LogModuleManager: Shutting down and abandoning module Android_PVRTCTargetPlatform (32)
[2015.07.22-16.47.26:332][776]LogModuleManager: Shutting down and abandoning module Android_ETC2TargetPlatform (31)
[2015.07.22-16.47.26:332][776]LogModuleManager: Shutting down and abandoning module Android_ETC1TargetPlatform (30)
[2015.07.22-16.47.26:332][776]LogModuleManager: Shutting down and abandoning module Android_DXTTargetPlatform (29)
[2015.07.22-16.47.26:332][776]LogModuleManager: Shutting down and abandoning module Android_ATCTargetPlatform (28)
[2015.07.22-16.47.26:332][776]LogModuleManager: Shutting down and abandoning module Android_ASTCTargetPlatform (27)
[2015.07.22-16.47.26:332][776]LogModuleManager: Shutting down and abandoning module AndroidTargetPlatform (26)
[2015.07.22-16.47.26:332][776]LogModuleManager: Shutting down and abandoning module WindowsTargetPlatform (25)
[2015.07.22-16.47.26:332][776]LogModuleManager: Shutting down and abandoning module WindowsServerTargetPlatform (24)
[2015.07.22-16.47.26:332][776]LogModuleManager: Shutting down and abandoning module WindowsNoEditorTargetPlatform (23)
[2015.07.22-16.47.26:332][776]LogModuleManager: Shutting down and abandoning module WindowsClientTargetPlatform (22)
[2015.07.22-16.47.26:332][776]LogModuleManager: Shutting down and abandoning module DesktopTargetPlatform (21)
[2015.07.22-16.47.26:332][776]LogModuleManager: Shutting down and abandoning module TargetPlatform (20)
[2015.07.22-16.47.26:332][776]LogModuleManager: Shutting down and abandoning module InputCore (19)
[2015.07.22-16.47.26:332][776]LogModuleManager: Shutting down and abandoning module Settings (18)
[2015.07.22-16.47.26:332][776]LogModuleManager: Shutting down and abandoning module OnlineSubsystem (16)
[2015.07.22-16.47.26:332][776]LogModuleManager: Shutting down and abandoning module HTTP (15)
[2015.07.22-16.47.26:332][776]LogModuleManager: Shutting down and abandoning module ExampleDeviceProfileSelector (14)
[2015.07.22-16.47.26:333][776]LogModuleManager: Shutting down and abandoning module TextureCompressor (13)
[2015.07.22-16.47.26:333][776]LogModuleManager: Shutting down and abandoning module ShaderCore (12)
[2015.07.22-16.47.26:333][776]LogModuleManager: Shutting down and abandoning module Landscape (11)
[2015.07.22-16.47.26:333][776]LogModuleManager: Shutting down and abandoning module SlateRHIRenderer (10)
[2015.07.22-16.47.26:334][776]LogModuleManager: Shutting down and abandoning module OpenGLDrv (9)
[2015.07.22-16.47.26:334][776]LogModuleManager: Shutting down and abandoning module D3D11RHI (8)
[2015.07.22-16.47.26:334][776]LogModuleManager: Shutting down and abandoning module Renderer (7)
[2015.07.22-16.47.26:334][776]LogModuleManager: Shutting down and abandoning module Engine (6)
[2015.07.22-16.47.26:334][776]LogModuleManager: Shutting down and abandoning module CoreUObject (5)
[2015.07.22-16.47.26:334][776]LogModuleManager: Shutting down and abandoning module NetworkFile (4)
[2015.07.22-16.47.26:334][776]LogModuleManager: Shutting down and abandoning module StreamingFile (3)
[2015.07.22-16.47.26:334][776]LogModuleManager: Shutting down and abandoning module SandboxFile (2)
[2015.07.22-16.47.26:334][776]LogModuleManager: Shutting down and abandoning module PakFile (1)
[2015.07.22-16.47.26:335][776]LogExit: Exiting.
[2015.07.22-16.47.26:336][776]Log file closed, 07/22/15 18:47:26
