[2015.07.24-15.21.57:463][  0]Log file open, 07/24/15 17:21:57
[2015.07.24-15.21.57:463][  0]LogInit:Display: Running engine for game: ProjectTron
[2015.07.24-15.21.57:463][  0]LogInit:Display: RandInit(-84059253) SRandInit(-84059252).
[2015.07.24-15.21.57:463][  0]LogTaskGraph: Started task graph with 4 named threads and 5 total threads.
[2015.07.24-15.21.57:463][  0]LogStats: Stats thread started
[2015.07.24-15.21.57:463][  0]LogInit: Version: 4.8.2-2614606+++depot+UE4-Releases+4.8
[2015.07.24-15.21.57:463][  0]LogInit: API Version: 2579680
[2015.07.24-15.21.57:463][  0]LogInit: Compiled (64-bit): Jul  8 2015 23:43:41
[2015.07.24-15.21.57:463][  0]LogInit: Compiled with Visual C++: 18.00.21005.01
[2015.07.24-15.21.57:463][  0]LogInit: Build Configuration: Development
[2015.07.24-15.21.57:463][  0]LogInit: Branch Name: ++depot+UE4-Releases+4.8
[2015.07.24-15.21.57:463][  0]LogInit: Command line:  
[2015.07.24-15.21.57:463][  0]LogInit: Base directory: C:/Program Files/Epic Games/4.8/Engine/Binaries/Win64/
[2015.07.24-15.21.57:463][  0]LogInit: Rocket: 1
[2015.07.24-15.21.57:483][  0]LogInit: Using libcurl 7.41.0
[2015.07.24-15.21.57:483][  0]LogInit:  - built for x86_64-pc-win32
[2015.07.24-15.21.57:483][  0]LogInit:  - supports SSL with WinSSL
[2015.07.24-15.21.57:483][  0]LogInit:  - other features:
[2015.07.24-15.21.57:483][  0]LogInit:      CURL_VERSION_SSL
[2015.07.24-15.21.57:483][  0]LogInit:      CURL_VERSION_IPV6
[2015.07.24-15.21.57:483][  0]LogInit:      CURL_VERSION_ASYNCHDNS
[2015.07.24-15.21.57:483][  0]LogInit:      CURL_VERSION_LARGEFILE
[2015.07.24-15.21.57:483][  0]LogInit:      CURL_VERSION_IDN
[2015.07.24-15.21.57:483][  0]LogInit:  CurlRequestOptions (configurable via config and command line):
[2015.07.24-15.21.57:483][  0]LogInit:  - bVerifyPeer = true  - Libcurl will verify peer certificate
[2015.07.24-15.21.57:483][  0]LogInit:  - bUseHttpProxy = false  - Libcurl will NOT use HTTP proxy
[2015.07.24-15.21.57:483][  0]LogInit:  - bDontReuseConnections = false  - Libcurl will reuse connections
[2015.07.24-15.21.57:483][  0]LogInit:  - CertBundlePath = nullptr  - Libcurl will use whatever was configured at build time.
[2015.07.24-15.21.57:499][  0]LogOnline:Warning: No default platform service specified for OnlineSubsystem
[2015.07.24-15.21.57:517][  0]LogInit: Presizing for 0 objects not considered by GC, pre-allocating 0 bytes.
[2015.07.24-15.21.57:528][  0]LogInit: Object subsystem initialized
[2015.07.24-15.21.57:529][  0]LogConsoleResponse:Warning: Skipping Unknown console variable: 'TranslucentSortAxis = (X=0.000000,Y=-1.000000,Z=0.000000)'
[2015.07.24-15.21.57:529][  0]LogConsoleResponse:Warning:   Found in ini file 'C:/Users/Quentin/Desktop/ProjectTron/Saved/Config/Windows/Engine.ini', in section '[/Script/Engine.RendererSettings]'
[2015.07.24-15.21.57:529][  0]LogConsoleResponse:Warning: Skipping Unknown console variable: 'UIScaleRule = ShortestSide'
[2015.07.24-15.21.57:529][  0]LogConsoleResponse:Warning:   Found in ini file 'C:/Users/Quentin/Desktop/ProjectTron/Saved/Config/Windows/Engine.ini', in section '[/Script/Engine.RendererSettings]'
[2015.07.24-15.21.57:529][  0]LogConsoleResponse:Warning: Skipping Unknown console variable: 'UIScaleCurve = (EditorCurveData=(Keys=),ExternalCurve=None)'
[2015.07.24-15.21.57:529][  0]LogConsoleResponse:Warning:   Found in ini file 'C:/Users/Quentin/Desktop/ProjectTron/Saved/Config/Windows/Engine.ini', in section '[/Script/Engine.RendererSettings]'
[2015.07.24-15.21.57:529][  0]LogInit: Selected Device Profile: [Windows]
[2015.07.24-15.21.57:529][  0]LogInit: Applying CVar settings loaded from the selected device profile: [Windows]
[2015.07.24-15.21.57:541][  0]LogInit: Computer: ASUS
[2015.07.24-15.21.57:541][  0]LogInit: User: Quentin
[2015.07.24-15.21.57:541][  0]LogInit: CPU Page size=4096, Cores=2
[2015.07.24-15.21.57:541][  0]LogInit: High frequency timer resolution =2.533323 MHz
[2015.07.24-15.21.57:541][  0]LogMemory: Memory total: Physical=7.9GB (8GB approx)
[2015.07.24-15.21.57:541][  0]LogMemory: Platform Memory Stats for Windows
[2015.07.24-15.21.57:541][  0]LogMemory: Process Physical Memory: 50.91 MB used, 50.91 MB peak
[2015.07.24-15.21.57:541][  0]LogMemory: Process Virtual Memory: 23.30 MB used, 23.30 MB peak
[2015.07.24-15.21.57:541][  0]LogMemory: Physical Memory: 2629.58 MB used, 8069.54 MB total
[2015.07.24-15.21.57:541][  0]LogMemory: Virtual Memory: 295.85 MB used, 134217728.00 MB total
[2015.07.24-15.21.57:578][  0]LogTextLocalizationManager: The requested culture ('fr_FR') has no localization data; falling back to 'en' for localization and internationalization data.
[2015.07.24-15.21.57:830][  0]LogTextLocalizationManager:Warning: Loaded localization resources contain conflicting entries for (Namespace:ContentBrowser, Key:ImportAssetToolTip):
Localization Resource: (C:/Program Files/Epic Games/4.8/Engine/Content/Localization/Editor/en/Editor.locres) Source String Hash: (-630476809) Localized String: (Import to {0}...)
Localization Resource: (C:/Program Files/Epic Games/4.8/Engine/Content/Localization/Editor/en/Editor.locres) Source String Hash: (1271782899) Localized String: (Imports an asset from file to this folder.)
[2015.07.24-15.21.58:350][  0]LogD3D11RHI: Found D3D11 adapter 0: Intel(R) HD Graphics 4000 (Feature Level 11_0)
[2015.07.24-15.21.58:350][  0]LogD3D11RHI: Adapter has 32MB of dedicated video memory, 0MB of dedicated system memory, and 1760MB of shared system memory, 1 output[s]
[2015.07.24-15.21.58:367][  0]LogD3D11RHI: Found D3D11 adapter 1: NVIDIA GeForce GT 635M    (Feature Level 11_0)
[2015.07.24-15.21.58:367][  0]LogD3D11RHI: Adapter has 1996MB of dedicated video memory, 0MB of dedicated system memory, and 2047MB of shared system memory, 0 output[s]
[2015.07.24-15.21.58:368][  0]LogD3D11RHI: Found D3D11 adapter 2: Microsoft Basic Render Driver (Feature Level 11_0)
[2015.07.24-15.21.58:368][  0]LogD3D11RHI: Adapter has 0MB of dedicated video memory, 0MB of dedicated system memory, and 256MB of shared system memory, 0 output[s]
[2015.07.24-15.21.58:368][  0]LogD3D11RHI: Chosen D3D11 Adapter Id = 0
[2015.07.24-15.21.58:373][  0]LogD3D11RHI: InitD3DDevice
[2015.07.24-15.21.58:373][  0]LogD3D11RHI: !Direct3DDevice
[2015.07.24-15.21.58:373][  0]LogRHI: Texture pool is 1361 MB (70% of 1945 MB)
[2015.07.24-15.21.58:386][  0]LogD3D11RHI: Async texture creation enabled
[2015.07.24-15.21.58:403][  0]LogShaderCompilers:Display: Using Local Shader Compiler.
[2015.07.24-15.21.59:548][  0]LogTemp:Display: Loaded TP DesktopTargetPlatform
[2015.07.24-15.21.59:565][  0]LogTemp:Display: Loaded TP WindowsClientTargetPlatform
[2015.07.24-15.21.59:582][  0]LogTemp:Display: Loaded TP WindowsNoEditorTargetPlatform
[2015.07.24-15.21.59:598][  0]LogTemp:Display: Loaded TP WindowsServerTargetPlatform
[2015.07.24-15.21.59:617][  0]LogTemp:Display: Loaded TP WindowsTargetPlatform
[2015.07.24-15.21.59:631][  0]LogTemp:Display: Loaded TP AndroidTargetPlatform
[2015.07.24-15.21.59:646][  0]LogTemp:Display: Loaded TP Android_ASTCTargetPlatform
[2015.07.24-15.21.59:660][  0]LogTemp:Display: Loaded TP Android_ATCTargetPlatform
[2015.07.24-15.21.59:675][  0]LogTemp:Display: Loaded TP Android_DXTTargetPlatform
[2015.07.24-15.21.59:689][  0]LogTemp:Display: Loaded TP Android_ETC1TargetPlatform
[2015.07.24-15.21.59:704][  0]LogTemp:Display: Loaded TP Android_ETC2TargetPlatform
[2015.07.24-15.21.59:718][  0]LogTemp:Display: Loaded TP Android_PVRTCTargetPlatform
[2015.07.24-15.21.59:773][  0]LogTemp:Display: Loaded TP IOSTargetPlatform
[2015.07.24-15.21.59:787][  0]LogTemp:Display: Loaded TP LinuxNoEditorTargetPlatform
[2015.07.24-15.21.59:801][  0]LogTemp:Display: Loaded TP LinuxServerTargetPlatform
[2015.07.24-15.21.59:817][  0]LogTemp:Display: Loaded TP LinuxTargetPlatform
[2015.07.24-15.21.59:817][  0]LogTargetPlatformManager:Display: Building Assets For Windows
[2015.07.24-15.22.00:076][  0]LogDerivedDataCache:Display: Max Cache Size: 512 MB
[2015.07.24-15.22.00:142][  0]LogDerivedDataCache: Loaded boot cache 0.07s 53MB C:/Users/Quentin/AppData/Local/UnrealEngine/4.8/DerivedDataCache/Boot.ddc.
[2015.07.24-15.22.00:142][  0]LogDerivedDataCache:Display: Loaded Boot cache: C:/Users/Quentin/AppData/Local/UnrealEngine/4.8/DerivedDataCache/Boot.ddc
[2015.07.24-15.22.00:142][  0]LogDerivedDataCache: FDerivedDataBackendGraph:  Pak pak cache file ../../../../../../Users/Quentin/Desktop/ProjectTron/DerivedDataCache/DDC.ddp not found, will not use a pak cache.
[2015.07.24-15.22.00:142][  0]LogDerivedDataCache: Unable to find inner node Pak for hierarchical cache Hierarchy.
[2015.07.24-15.22.00:142][  0]LogDerivedDataCache: FDerivedDataBackendGraph:  CompressedPak pak cache file ../../../../../../Users/Quentin/Desktop/ProjectTron/DerivedDataCache/Compressed.ddp not found, will not use a pak cache.
[2015.07.24-15.22.00:142][  0]LogDerivedDataCache: Unable to find inner node CompressedPak for hierarchical cache Hierarchy.
[2015.07.24-15.22.00:365][  0]LogDerivedDataCache:Display: Pak cache opened for reading ../../../Engine/DerivedDataCache/Compressed.ddp.
[2015.07.24-15.22.00:377][  0]LogDerivedDataCache: Using Local data cache path C:/Users/Quentin/AppData/Local/UnrealEngine/Common/DerivedDataCache: Writable
[2015.07.24-15.22.00:742][  0]LogInit: Selected Device Profile: [Windows]
[2015.07.24-15.22.00:857][  0]ImportText (ComponentSweepMultiTests): Missing closing parenthesis: (RootShapeAsset="/Engine/BasicShapes/Cube.Cube",ShapeType="TriggerCapsule",HitResult=(Time=0.50,Location=(X=-100.000015,Y=0.0,Z=100.000015),ImpactPoint=(X=-50.0,Y=0.0,Z=50.0),Normal=(X=-1.0,Y=-0.0,Z=0.0),ImpactNormal=(X=0.0,Y=0.0,Z=1.0),TraceStart=(X=-200.0,Y=0.0,Z=200.0),TraceEnd=(X=0.0,Y=0.0,Z=0.0))
[2015.07.24-15.22.00:857][  0]ImportText (LineTraceSingleByChannelTests): Missing closing parenthesis: (RootShapeAsset="/Engine/BasicShapes/Cube.Cube",HitResult=(Time=0.50,Location=(X=-100.000015,Y=0.0,Z=100.000015),ImpactPoint=(X=-50.0,Y=0.0,Z=50.0),Normal=(X=-1.0,Y=-0.0,Z=0.0),ImpactNormal=(X=0.0,Y=0.0,Z=1.0),TraceStart=(X=-200.0,Y=0.0,Z=200.0),TraceEnd=(X=0.0,Y=0.0,Z=0.0))
[2015.07.24-15.22.00:895][  0]LogMeshUtilities: No automatic mesh reduction module available
[2015.07.24-15.22.00:895][  0]LogMeshUtilities: No automatic mesh merging module available
[2015.07.24-15.22.01:336][  0]LogInit: WinSock: version 1.1 (2.2), MaxSocks=32767, MaxUdp=65467
[2015.07.24-15.22.02:725][  0]UdpMessaging: Initializing bridge on interface 0.0.0.0:0 to multicast group 230.0.0.1:6666.
[2015.07.24-15.22.03:207][  0]SourceControl: Info Source control is disabled
[2015.07.24-15.22.03:218][  0]SourceControl: Info Source control is disabled
[2015.07.24-15.22.03:233][  0]SourceControl: Info Source control is disabled
[2015.07.24-15.22.03:247][  0]SourceControl: Info Source control is disabled
[2015.07.24-15.22.03:534][  0]LogObj: 26273 objects as part of root set at end of initial load.
[2015.07.24-15.22.03:534][  0]LogUObjectAllocator: 5409248 out of 0 bytes used by permanent object pool.
[2015.07.24-15.22.03:614][  0]LogEngine: Initializing Engine...
[2015.07.24-15.22.03:616][  0]LogHMD: Can't find Oculus library dev build: is proper Runtime installed? Version: 0.6.0.0
[2015.07.24-15.22.03:618][  0]LogHMD:Warning: SteamVR failed to initialize.  Error: 100
[2015.07.24-15.22.03:806][  0]LogAIModule: Creating AISystem for world NewWorld
[2015.07.24-15.22.03:810][  0]LogInit: XAudio2 using 'Haut-parleurs (3- Plantronics GameCom 780)' : 8 channels at 44.1 kHz using 16 bits per sample (channel mask 0x63f)
[2015.07.24-15.22.03:826][  0]LogInit: FAudioDevice initialized.
[2015.07.24-15.22.03:855][  0]LogDerivedDataCache: Saved boot cache 0.03s 53MB C:/Users/Quentin/AppData/Local/UnrealEngine/4.8/DerivedDataCache/Boot.ddc.
[2015.07.24-15.22.03:861][  0]LogInit: Texture streaming: Disabled
[2015.07.24-15.22.03:889][  0]LogAnalytics: Creating configured Analytics provider AnalyticsET
[2015.07.24-15.22.03:889][  0]LogAnalytics: [UEEditor.Rocket.Release] APIServer = http://et2.epicgames.com/ET2/. AppVersion = 4.8.2-2614606+++depot+UE4-Releases+4.8
[2015.07.24-15.22.03:889][  0]LogAnalytics: [UEEditor.Rocket.Release] SetUserId 2d3bc0f041f185fa28a8c7b684d10d16|5321c04d5e864f15b49acee236f509ea|73d0ac54-4603-4a09-8685-17c06caaac3e
[2015.07.24-15.22.03:889][  0]LogAnalytics: [UEEditor.Rocket.Release] AnalyticsET::StartSession
[2015.07.24-15.22.03:928][  0]LogInit: Transaction tracking system initialized
[2015.07.24-15.22.04:110][  0]BlueprintLog: New page: Editor Load
[2015.07.24-15.22.04:151][  0]LogAssetRegistry: FAssetRegistry took 0.0113 seconds to start up
[2015.07.24-15.22.04:151][  0]LogDirectoryWatcher:Warning: Failed to begin reading directory changes for ../../../Engine/Plugins/Experimental/CharacterAI/Content/. Error: 0
[2015.07.24-15.22.05:220][  0]LogLinker:Warning: Can't find file '/Game/2DSideScrollerBP/2DSideScrollerOverview'
[2015.07.24-15.22.05:220][  0]LogLinker:Warning: Can't find file '/Game/2DSideScrollerBP/2DSideScrollerOverview'
[2015.07.24-15.22.05:220][  0]LogLinker:Warning: Can't find file '/Game/2DSideScrollerBP/2DSideScrollerOverview'
[2015.07.24-15.22.05:220][  0]LogUObjectGlobals:Warning: Failed to find object 'Class /Game/2DSideScrollerBP/2DSideScrollerOverview.2DSideScrollerOverview_C'
[2015.07.24-15.22.05:291][  0]LogConsoleManager:Warning: Console variable 'r.VSync' wasn't set ('GameSetting' has a lower priority than 'SystemSettingsIni')
[2015.07.24-15.22.05:291][  0]LogConsoleResponse:Display: 
[2015.07.24-15.22.05:452][  0]LogCook:Display: Done creating registry. It took  0.00s.
[2015.07.24-15.22.05:717][  0]SourceControl: Info Source control is disabled
[2015.07.24-15.22.05:717][  0]Cmd: MAP LOAD FILE="../../../../../../Users/Quentin/Desktop/ProjectTron/Content/StarterContent/Maps/Minimal_Default.umap" TEMPLATE=0 SHOWPROGRESS=1 FEATURELEVEL=3
[2015.07.24-15.22.05:718][  0]LightingResults: New page: Lighting Build
[2015.07.24-15.22.05:735][  0]MapCheck: New page: Map Check
[2015.07.24-15.22.05:736][  0]LightingResults: New page: Lighting Build
[2015.07.24-15.22.05:754][  0]LogParticles: Destroying 0 GPU particle simulations for FXSystem 0x000000D9CE8709A0
[2015.07.24-15.22.06:358][  0]LogBlueprint:Error: [compiler MenuPrincpl] Error Could not find a function named "Host Game Event" in 'ProjectTronInstance_C'.
Make sure 'ProjectTronInstance_C' has been compiled for  Host Game Event 
[2015.07.24-15.22.06:388][  0]LogBlueprint:Warning: [compiler MenuPrincpl] Warning [0010.81] Compile of MenuPrincpl failed. 1 Fatal Issue(s) 0 Warning(s) [in 69 ms]
[2015.07.24-15.22.06:389][  0]LogBlueprint:Warning: [compiler MenuPrincpl] Warning [0010.81] Compile of MenuPrincpl failed. 1 Fatal Issue(s) 1 Warning(s) [in 0 ms]
[2015.07.24-15.22.06:389][  0]LogBlueprint:Warning: [compiler MenuPrincpl] Warning [0010.81] Compile of MenuPrincpl failed. 1 Fatal Issue(s) 2 Warning(s) [in 0 ms]
[2015.07.24-15.22.07:126][  0]LogTexture:Display: Building textures: HQ_Lightmap0_2 (AutoDXT)
[2015.07.24-15.22.07:194][  0]LogTexture:Display: Building textures: HQ_Lightmap1_1 (AutoDXT)
[2015.07.24-15.22.07:215][  0]LogTexture:Display: Building textures: LQ_Lightmap_0_2 (DXT1)
[2015.07.24-15.22.07:221][  0]LogTexture:Display: Building textures: LQ_Lightmap_1_1 (DXT1)
[2015.07.24-15.22.07:227][  0]LogTexture:Display: Building textures: ShadowMapTexture2D_0 (BGRA8)
[2015.07.24-15.22.07:230][  0]LogTexture:Display: Building textures: ShadowMapTexture2D_1 (BGRA8)
[2015.07.24-15.22.07:250][  0]LogAIModule: Creating AISystem for world Minimal_Default
[2015.07.24-15.22.07:271][  0]LogEditorServer: Finished looking for orphan Actors (0.000 secs)
[2015.07.24-15.22.07:277][  0]Cmd: MAP CHECKDEP NOCLEARLOG
[2015.07.24-15.22.07:343][  0]MapCheck: Info Map check complete: 0 Error(s), 0 Warning(s), took 64.862ms to complete.
[2015.07.24-15.22.07:343][  0]LogFileHelpers: Loading map 'Minimal_Default' took 1.625
[2015.07.24-15.22.07:434][  0]LogCollectionManager: Loaded 0 collections in 0.003308 seconds
[2015.07.24-15.22.07:446][  0]LogContentBrowser: Native class hierarchy populated in 0.0118 seconds. Added 1792 classes and 301 folders.
[2015.07.24-15.22.07:509][  0]LogContentBrowser: Native class hierarchy updated for 'WidgetCarousel' in 0.0004 seconds. Added 0 classes and 0 folders.
[2015.07.24-15.22.07:554][  0]LogContentBrowser: Native class hierarchy updated for 'AddContentDialog' in 0.0006 seconds. Added 0 classes and 0 folders.
[2015.07.24-15.22.07:642][  0]LogContentBrowser: Native class hierarchy updated for 'SceneOutliner' in 0.0006 seconds. Added 1 classes and 2 folders.
[2015.07.24-15.22.07:694][  0]LogCrashTracker: Crashtracker disabled due to settings.
[2015.07.24-15.22.07:695][  0]LogD3D11RHI: InitD3DDevice
[2015.07.24-15.22.07:701][  0]LogUObjectGlobals:Warning: Failed to find object 'Class None.'
[2015.07.24-15.22.07:728][  0]LogLoad: Full Startup: 12.15 seconds (BP compile: 0.69 seconds)
[2015.07.24-15.22.07:745][  0]LogWindowsTextInputMethodSystem:Display: IME system now deactivated.
[2015.07.24-15.22.07:794][  0]LogContentStreaming: Texture pool size is 0.000000MB
[2015.07.24-15.22.07:861][  0]LogContentStreaming: Texture pool size now 1000 MB
[2015.07.24-15.22.08:032][  0]LogRenderer: Reallocating scene render targets to support 872x704 (Frame:2).
[2015.07.24-15.22.25:093][110]LogD3D11RHI: InitD3DDevice
[2015.07.24-15.22.27:401][163]BlueprintLog: New page: Pre-PIE auto-recompile
[2015.07.24-15.22.27:401][163]LogPlayLevel: [PIE] Compiling Minimal_Default before PIE...
[2015.07.24-15.22.27:563][163]LogPlayLevel: PIE:  Blueprint regeneration took 162 ms (1 blueprints)
[2015.07.24-15.22.27:703][163]LogD3D11RHI: InitD3DDevice
[2015.07.24-15.22.36:374][244]LogAssetRegistry: Asset discovery search completed in 32.2347 seconds
[2015.07.24-15.22.45:107][430]LogD3D11RHI: InitD3DDevice
[2015.07.24-15.22.45:164][430]LogLinker:Warning: Asset '../../../Engine/Content/ArtTools/RenderToTexture/Macros/RenderToTextureMacros.uasset' has been saved with empty engine version. The asset will be loaded but may be incompatible.
[2015.07.24-15.22.45:277][430]LogLinker:Warning: Asset '../../../Engine/Content/ArtTools/RenderToTexture/Enums/RenderToTexture_Enum.uasset' has been saved with empty engine version. The asset will be loaded but may be incompatible.
[2015.07.24-15.22.55:493][966]LogD3D11RHI: InitD3DDevice
[2015.07.24-15.22.55:834][983]LogD3D11RHI: InitD3DDevice
[2015.07.24-15.23.10:551][855]BlueprintLog: New page: Compile MenuPrincpl
[2015.07.24-15.23.10:723][855]BlueprintEditorCompileResults: Info [0075.15] Compile of MenuPrincpl successful! [in 172 ms]
[2015.07.24-15.23.11:182][882]LogD3D11RHI: InitD3DDevice
[2015.07.24-15.23.11:199][882]Cmd: OBJ SAVEPACKAGE PACKAGE="/Game/Widget/MenuPrincpl" FILE="../../../../../../Users/Quentin/Desktop/ProjectTron/Content/Widget/MenuPrincpl.uasset" SILENT=true
[2015.07.24-15.23.11:293][882]LogSavePackage: Save=63.226440ms
[2015.07.24-15.23.11:293][882]LogSavePackage: Moving '../../../../../../Users/Quentin/Desktop/ProjectTron/Saved/MenuPrincplFE569B2C4ECE83BD22A9919AEA87B27E.tmp' to '../../../../../../Users/Quentin/Desktop/ProjectTron/Content/Widget/MenuPrincpl.uasset'
[2015.07.24-15.23.31:303][148]LogD3D11RHI: InitD3DDevice
[2015.07.24-15.23.36:374][430]LogD3D11RHI: InitD3DDevice
[2015.07.24-15.23.50:440][248]LogD3D11RHI: InitD3DDevice
[2015.07.24-15.23.52:653][379]LogD3D11RHI: InitD3DDevice
[2015.07.24-15.23.54:104][465]LogD3D11RHI: InitD3DDevice
[2015.07.24-15.23.55:825][565]LogD3D11RHI: InitD3DDevice
[2015.07.24-15.24.00:883][856]LogD3D11RHI: InitD3DDevice
[2015.07.24-15.24.01:554][896]LogD3D11RHI: InitD3DDevice
[2015.07.24-15.24.07:265][238]LogD3D11RHI: InitD3DDevice
[2015.07.24-15.24.07:705][261]LogD3D11RHI: InitD3DDevice
[2015.07.24-15.24.15:968][726]LogD3D11RHI: InitD3DDevice
[2015.07.24-15.24.27:140][389]BlueprintLog: New page: Compile ProjectTronInstance
[2015.07.24-15.24.27:352][389]BlueprintEditorCompileResults: Info [0151.77] Compile of ProjectTronInstance successful! [in 212 ms]
[2015.07.24-15.24.28:036][429]LogD3D11RHI: InitD3DDevice
[2015.07.24-15.24.28:057][429]Cmd: OBJ SAVEPACKAGE PACKAGE="/Game/ProjectTronInstance" FILE="../../../../../../Users/Quentin/Desktop/ProjectTron/Content/ProjectTronInstance.uasset" SILENT=true
[2015.07.24-15.24.28:153][429]LogSavePackage: Save=73.539375ms
[2015.07.24-15.24.28:153][429]LogSavePackage: Moving '../../../../../../Users/Quentin/Desktop/ProjectTron/Saved/ProjectTronInstance3E1C58754E4FFA66B448A2A74411C058.tmp' to '../../../../../../Users/Quentin/Desktop/ProjectTron/Content/ProjectTronInstance.uasset'
[2015.07.24-15.24.35:044][587]LogD3D11RHI: InitD3DDevice
[2015.07.24-15.24.35:080][587]LogD3D11RHI: InitD3DDevice
[2015.07.24-15.24.44:210][874]LogD3D11RHI: InitD3DDevice
[2015.07.24-15.24.51:251][271]LogD3D11RHI: InitD3DDevice
[2015.07.24-15.24.56:091][553]LogD3D11RHI: InitD3DDevice
[2015.07.24-15.24.59:413][752]LogD3D11RHI: InitD3DDevice
[2015.07.24-15.25.01:611][883]LogD3D11RHI: InitD3DDevice
[2015.07.24-15.25.04:408][ 49]LogD3D11RHI: InitD3DDevice
[2015.07.24-15.25.04:715][ 64]LogD3D11RHI: InitD3DDevice
[2015.07.24-15.25.10:759][417]LogD3D11RHI: InitD3DDevice
[2015.07.24-15.25.11:047][431]LogD3D11RHI: InitD3DDevice
[2015.07.24-15.25.15:524][684]LogD3D11RHI: InitD3DDevice
[2015.07.24-15.25.22:018][ 49]LogD3D11RHI: InitD3DDevice
[2015.07.24-15.25.24:873][220]LogD3D11RHI: InitD3DDevice
[2015.07.24-15.25.24:931][220]LogD3D11RHI: InitD3DDevice
[2015.07.24-15.25.29:019][463]LogD3D11RHI: InitD3DDevice
[2015.07.24-15.25.29:708][501]LogD3D11RHI: InitD3DDevice
[2015.07.24-15.25.45:159][416]LogD3D11RHI: InitD3DDevice
[2015.07.24-15.25.45:399][427]LogD3D11RHI: InitD3DDevice
[2015.07.24-15.25.53:380][895]LogD3D11RHI: InitD3DDevice
[2015.07.24-15.25.56:341][ 58]LogD3D11RHI: InitD3DDevice
[2015.07.24-15.26.01:590][366]LogD3D11RHI: InitD3DDevice
[2015.07.24-15.26.04:050][409]LogD3D11RHI: InitD3DDevice
[2015.07.24-15.26.09:521][736]LogD3D11RHI: InitD3DDevice
[2015.07.24-15.26.09:896][755]LogD3D11RHI: InitD3DDevice
[2015.07.24-15.26.15:259][ 66]LogD3D11RHI: InitD3DDevice
[2015.07.24-15.26.20:104][355]LogD3D11RHI: InitD3DDevice
[2015.07.24-15.26.22:211][481]LogD3D11RHI: InitD3DDevice
[2015.07.24-15.26.24:070][589]LogD3D11RHI: InitD3DDevice
[2015.07.24-15.26.30:569][965]LogD3D11RHI: InitD3DDevice
[2015.07.24-15.26.32:143][ 59]LogD3D11RHI: InitD3DDevice
[2015.07.24-15.26.35:367][252]LogD3D11RHI: InitD3DDevice
[2015.07.24-15.26.40:289][547]BlueprintLog: New page: Compile ProjectTronInstance
[2015.07.24-15.26.40:475][547]LogParticles: Destroying 0 GPU particle simulations for FXSystem 0x000000D997FE51C0
[2015.07.24-15.26.40:475][547]LogParticles: Destroying 0 GPU particle simulations for FXSystem 0x000000D99179B240
[2015.07.24-15.26.40:534][547]BlueprintEditorCompileResults: Info [0284.96] Compile of ProjectTronInstance successful! [in 245 ms]
[2015.07.24-15.26.40:804][562]LogD3D11RHI: InitD3DDevice
[2015.07.24-15.26.40:822][562]Cmd: OBJ SAVEPACKAGE PACKAGE="/Game/ProjectTronInstance" FILE="../../../../../../Users/Quentin/Desktop/ProjectTron/Content/ProjectTronInstance.uasset" SILENT=true
[2015.07.24-15.26.40:939][562]LogSavePackage: Save=86.981407ms
[2015.07.24-15.26.40:939][562]LogSavePackage: Moving '../../../../../../Users/Quentin/Desktop/ProjectTron/Saved/ProjectTronInstanceAC2362884AE6A1FD44C2F1A0FCD487EE.tmp' to '../../../../../../Users/Quentin/Desktop/ProjectTron/Content/ProjectTronInstance.uasset'
[2015.07.24-15.26.45:253][820]LogD3D11RHI: InitD3DDevice
[2015.07.24-15.27.06:616][ 98]LogD3D11RHI: InitD3DDevice
[2015.07.24-15.27.07:258][136]BlueprintLog: New page: Compile ProjectTronInstance
[2015.07.24-15.27.07:467][136]BlueprintEditorCompileResults: Info [0311.89] Compile of ProjectTronInstance successful! [in 208 ms]
[2015.07.24-15.27.08:322][186]LogD3D11RHI: InitD3DDevice
[2015.07.24-15.27.08:343][186]Cmd: OBJ SAVEPACKAGE PACKAGE="/Game/ProjectTronInstance" FILE="../../../../../../Users/Quentin/Desktop/ProjectTron/Content/ProjectTronInstance.uasset" SILENT=true
[2015.07.24-15.27.08:450][186]LogSavePackage: Save=85.138374ms
[2015.07.24-15.27.08:450][186]LogSavePackage: Moving '../../../../../../Users/Quentin/Desktop/ProjectTron/Saved/ProjectTronInstance2A0BD6994AB5072119307DAE015D781E.tmp' to '../../../../../../Users/Quentin/Desktop/ProjectTron/Content/ProjectTronInstance.uasset'
[2015.07.24-15.27.19:006][691]LogD3D11RHI: InitD3DDevice
[2015.07.24-15.27.19:032][691]LogAIModule: Creating AISystem for world Multiplayer_Level
[2015.07.24-15.27.19:095][691]Cmd: MAP LOAD FILE="../../../../../../Users/Quentin/Desktop/ProjectTron/Content/Level/Multiplayer_Level.umap" TEMPLATE=0 SHOWPROGRESS=1 FEATURELEVEL=3
[2015.07.24-15.27.19:095][691]LightingResults: New page: Lighting Build
[2015.07.24-15.27.19:116][691]LoadErrors: New page: Loading map: Multiplayer_Level.umap
[2015.07.24-15.27.19:117][691]MapCheck: New page: Map Check
[2015.07.24-15.27.19:117][691]LightingResults: New page: Lighting Build
[2015.07.24-15.27.19:153][691]LogParticles: Destroying 0 GPU particle simulations for FXSystem 0x000000D9E1864F40
[2015.07.24-15.27.19:262][691]LogAIModule: Creating AISystem for world Multiplayer_Level
[2015.07.24-15.27.19:273][691]LogEditorServer: Finished looking for orphan Actors (0.000 secs)
[2015.07.24-15.27.19:330][691]Cmd: MAP CHECKDEP NOCLEARLOG
[2015.07.24-15.27.19:384][691]MapCheck: Info Map check complete: 0 Error(s), 0 Warning(s), took 53.648ms to complete.
[2015.07.24-15.27.19:384][691]LogFileHelpers: Loading map 'Multiplayer_Level' took 0.291
[2015.07.24-15.27.22:697][727]LogD3D11RHI: InitD3DDevice
[2015.07.24-15.27.23:212][754]LogD3D11RHI: InitD3DDevice
[2015.07.24-15.27.23:660][777]LogD3D11RHI: InitD3DDevice
[2015.07.24-15.27.23:680][777]LogD3D11RHI: InitD3DDevice
[2015.07.24-15.27.26:198][823]LogD3D11RHI: InitD3DDevice
[2015.07.24-15.27.26:496][831]LogD3D11RHI: InitD3DDevice
[2015.07.24-15.27.34:600][ 70]LogD3D11RHI: InitD3DDevice
[2015.07.24-15.27.45:561][456]LogD3D11RHI: InitD3DDevice
[2015.07.24-15.27.47:123][497]BlueprintLog: New page: Compile Multiplayer_Level
[2015.07.24-15.27.47:346][497]BlueprintEditorCompileResults: Info [0351.77] Compile of Multiplayer_Level successful! [in 223 ms]
[2015.07.24-15.27.52:657][599]LogD3D11RHI: InitD3DDevice
[2015.07.24-15.27.53:056][613]LogD3D11RHI: InitD3DDevice
[2015.07.24-15.28.08:880][189]LogD3D11RHI: InitD3DDevice
[2015.07.24-15.28.12:385][264]BlueprintLog: New page: Compile Multiplayer_Level
[2015.07.24-15.28.12:509][264]BlueprintEditorCompileResults: Info [0376.93] Compile of Multiplayer_Level successful! [in 123 ms]
[2015.07.24-15.28.16:498][321]LogParticles: Destroying 0 GPU particle simulations for FXSystem 0x000000D9A307A8E0
[2015.07.24-15.28.16:514][321]LogD3D11RHI: InitD3DDevice
[2015.07.24-15.28.17:597][321]LogD3D11RHI: InitD3DDevice
[2015.07.24-15.28.17:674][321]Cmd: OBJ SAVEPACKAGE PACKAGE="/Game/Level/Multiplayer_Level" FILE="../../../../../../Users/Quentin/Desktop/ProjectTron/Content/Level/Multiplayer_Level.umap" SILENT=true AUTOSAVING=false KEEPDIRTY=false
[2015.07.24-15.28.17:842][321]LogSavePackage: Save=91.390633ms
[2015.07.24-15.28.17:842][321]LogSavePackage: Moving '../../../../../../Users/Quentin/Desktop/ProjectTron/Saved/Multiplayer_LevelC3F8E8F0456A10BD67E3C8892ACF0D91.tmp' to '../../../../../../Users/Quentin/Desktop/ProjectTron/Content/Level/Multiplayer_Level.umap'
[2015.07.24-15.28.17:890][321]LogFileHelpers: Saving map 'Multiplayer_Level' took 0.275
[2015.07.24-15.28.18:754][339]LogD3D11RHI: InitD3DDevice
[2015.07.24-15.28.18:872][339]LogAIModule: Creating AISystem for world MenuLevel
[2015.07.24-15.28.18:954][339]Cmd: MAP LOAD FILE="../../../../../../Users/Quentin/Desktop/ProjectTron/Content/Level/MenuLevel.umap" TEMPLATE=0 SHOWPROGRESS=1 FEATURELEVEL=3
[2015.07.24-15.28.18:955][339]LightingResults: New page: Lighting Build
[2015.07.24-15.28.18:977][339]LoadErrors: New page: Loading map: MenuLevel.umap
[2015.07.24-15.28.18:978][339]MapCheck: New page: Map Check
[2015.07.24-15.28.18:978][339]LightingResults: New page: Lighting Build
[2015.07.24-15.28.19:013][339]LogParticles: Destroying 0 GPU particle simulations for FXSystem 0x000000D9E1866FC0
[2015.07.24-15.28.19:201][339]LogAIModule: Creating AISystem for world MenuLevel
[2015.07.24-15.28.19:212][339]LogEditorServer: Finished looking for orphan Actors (0.000 secs)
[2015.07.24-15.28.19:264][339]Cmd: MAP CHECKDEP NOCLEARLOG
[2015.07.24-15.28.19:323][339]MapCheck: Info Map check complete: 0 Error(s), 0 Warning(s), took 57.821ms to complete.
[2015.07.24-15.28.19:324][339]LogFileHelpers: Loading map 'MenuLevel' took 0.370
[2015.07.24-15.28.20:355][358]BlueprintLog: New page: Pre-PIE auto-recompile
[2015.07.24-15.28.20:367][358]LogPlayLevel: [PIE] Compiling MenuLevel before PIE...
[2015.07.24-15.28.20:503][358]LogPlayLevel: PIE:  Blueprint regeneration took 148 ms (1 blueprints)
[2015.07.24-15.28.20:530][358]PIE: New page: PIE session: MenuLevel (Jul 24, 2015, 7:28:20 PM)
[2015.07.24-15.28.20:531][358]LogPlayLevel: Creating play world package: /Game/Level/UEDPIE_1_MenuLevel
[2015.07.24-15.28.20:533][358]LogPlayLevel: PIE: StaticDuplicateObject took: (0.002478s)
[2015.07.24-15.28.20:534][358]LogAIModule: Creating AISystem for world MenuLevel
[2015.07.24-15.28.20:535][358]LogPlayLevel: PIE: World Init took: (0.001199s)
[2015.07.24-15.28.20:535][358]LogPlayLevel: PIE: Created PIE world by copying editor world from /Game/Level/MenuLevel.MenuLevel to /Game/Level/UEDPIE_1_MenuLevel.MenuLevel (0.003884s)
[2015.07.24-15.28.20:581][358]LogInit: XAudio2 using 'Haut-parleurs (3- Plantronics GameCom 780)' : 8 channels at 44.1 kHz using 16 bits per sample (channel mask 0x63f)
[2015.07.24-15.28.20:588][358]LogInit: FAudioDevice initialized.
[2015.07.24-15.28.20:663][358]LogWorld: Game class is 'GameMode_BP_C'
[2015.07.24-15.28.20:665][358]LogWorld: Bringing World /Game/Level/UEDPIE_1_MenuLevel.MenuLevel up for play (max tick rate 60) at 2015.07.24-17.28.20
[2015.07.24-15.28.20:665][358]LogActor:Warning: GameSession /Game/Level/UEDPIE_1_MenuLevel.MenuLevel:PersistentLevel.GameSession_0 has natively added scene component(s), but none of them were set as the actor's RootComponent - picking one arbitrarily
[2015.07.24-15.28.20:666][358]LogActor:Warning: GameNetworkManager /Game/Level/UEDPIE_1_MenuLevel.MenuLevel:PersistentLevel.GameNetworkManager_0 has natively added scene component(s), but none of them were set as the actor's RootComponent - picking one arbitrarily
[2015.07.24-15.28.20:666][358]LogWorld: Bringing up level for play took: 0.001110
[2015.07.24-15.28.20:705][358]LogInit: WinSock: Socket queue 131072 / 131072
[2015.07.24-15.28.20:720][358]LogInit: WinSock: I am Asus (192.168.1.91:0)
[2015.07.24-15.28.20:721][358]LogNet: GameNetDriver IpNetDriver_0 IpNetDriver listening on port 7777
[2015.07.24-15.28.20:776][358]PIE: Info Play in editor start time for /Game/Level/UEDPIE_1_MenuLevel 0.182
[2015.07.24-15.28.20:777][358]PIE: New page: PIE session: MenuLevel (Jul 24, 2015, 7:28:20 PM)
[2015.07.24-15.28.20:783][358]LogD3D11RHI: InitD3DDevice
[2015.07.24-15.28.20:815][358]LogNet: Browse: 127.0.0.1//Game/StarterContent/Maps/Minimal_Default
[2015.07.24-15.28.20:815][358]LogInit: WinSock: Socket queue 32768 / 32768
[2015.07.24-15.28.20:816][358]LogNet: Game client on port 7777, rate 10000
[2015.07.24-15.28.20:825][358]LogNet: GetLocalNetworkVersion: GEngineNetVersion: 2614606, ProjectName: projecttron, ProjectVersion: 1.0.0.0, InternalProtocolVersion: 8, LocalNetworkVersion: 432835728
[2015.07.24-15.28.20:893][358]PIE: Info Play in editor start time for /Game/StarterContent/Maps/Minimal_Default 0.299
[2015.07.24-15.28.20:907][358]LogNet: NotifyAcceptingConnection: Server MenuLevel accept
[2015.07.24-15.28.20:907][358]LogNet: Open MenuLevel 07/24/15 17:28:20 127.0.0.1
[2015.07.24-15.28.20:907][358]LogNet: Added client connection.  Remote address = 127.0.0.1:55014
[2015.07.24-15.28.20:907][358]LogNet: NotifyAcceptingChannel Control 0 server World /Game/Level/UEDPIE_1_MenuLevel.MenuLevel: Accepted
[2015.07.24-15.28.20:908][358]LogNet: Remote platform little endian=1
[2015.07.24-15.28.20:908][358]LogNet: This platform little endian=1
[2015.07.24-15.28.20:908][358]LogNet: GetLocalNetworkVersion: GEngineNetVersion: 2614606, ProjectName: projecttron, ProjectVersion: 1.0.0.0, InternalProtocolVersion: 8, LocalNetworkVersion: 432835728
[2015.07.24-15.28.20:992][359]LogNet: Login request: /Game/StarterContent/Maps/Minimal_Default userId: Invalid
[2015.07.24-15.28.21:004][359]LogNet: Welcomed by server (Level: /Game/Level/UEDPIE_1_MenuLevel, Game: /Game/GameMode/GameMode_BP.GameMode_BP_C)
[2015.07.24-15.28.21:053][359]LogLoad: LoadMap: 127.0.0.1//Game/Level/UEDPIE_1_MenuLevel?game=/Game/GameMode/GameMode_BP.GameMode_BP_C
[2015.07.24-15.28.21:097][359]LogParticles: Destroying 0 GPU particle simulations for FXSystem 0x000000D9A1429E40
[2015.07.24-15.28.21:107][359]Cmd: MEM
[2015.07.24-15.28.21:152][359]LogMemory: Platform Memory Stats for Windows
[2015.07.24-15.28.21:152][359]LogMemory: Process Physical Memory: 741.63 MB used, 741.64 MB peak
[2015.07.24-15.28.21:152][359]LogMemory: Process Virtual Memory: 1423.56 MB used, 1424.81 MB peak
[2015.07.24-15.28.21:152][359]LogMemory: Physical Memory: 3352.22 MB used, 8069.54 MB total
[2015.07.24-15.28.21:152][359]LogMemory: Virtual Memory: 2092.06 MB used, 134217728.00 MB total
[2015.07.24-15.28.21:152][359]LogMemory: 
[2015.07.24-15.28.21:152][359]Allocator Stats for TBB: (not implemented)
[2015.07.24-15.28.21:153][359]LogLinker: Can't find file for asset '/Game/Level/UEDPIE_1_MenuLevel' while loading NULL.
[2015.07.24-15.28.21:155][359]LogWorld: PIE: Copying PIE streaming level from /Game/Level/MenuLevel.MenuLevel to /Game/Level/UEDPIE_2_MenuLevel.MenuLevel. OwningWorld: None
[2015.07.24-15.28.21:156][359]LogAIModule: Creating AISystem for world MenuLevel
[2015.07.24-15.28.21:158][359]LogWorld: Bringing World /Game/Level/UEDPIE_2_MenuLevel.MenuLevel up for play (max tick rate 60) at 2015.07.24-17.28.21
[2015.07.24-15.28.21:158][359]LogWorld: Bringing up level for play took: 0.000899
[2015.07.24-15.28.21:183][360]LogRenderer: Reallocating scene render targets to support 1280x720 (Frame:1145).
[2015.07.24-15.28.21:188][360]LogNet: Client netspeed is 10000
[2015.07.24-15.28.21:188][360]LogNet: Join request: /Game/StarterContent/Maps/Minimal_Default?SplitscreenCount=1
[2015.07.24-15.28.21:378][360]LogGameMode:Warning: Couldn't spawn Pawn of type Character_BP_C at PlayerStartPIE_0
[2015.07.24-15.28.21:389][360]LogNet: Join succeeded: 257
[2015.07.24-15.28.24:161][386]LogPackageName: SearchForPackageOnDisk took   0.078s to resolve Multiplayer_Level.umap
[2015.07.24-15.28.24:238][386]LogPackageName: SearchForPackageOnDisk took   0.075s to resolve Multiplayer_Level.umap
[2015.07.24-15.28.24:238][386]LogNet: Browse: /Game/Level/Multiplayer_Level
[2015.07.24-15.28.24:238][386]LogLoad: LoadMap: /Game/Level/Multiplayer_Level
[2015.07.24-15.28.24:238][386]LogNet: World NetDriver shutdown IpNetDriver_1 [GameNetDriver]
[2015.07.24-15.28.24:238][386]LogNet: DestroyNamedNetDriver IpNetDriver_1 [GameNetDriver]
[2015.07.24-15.28.24:282][386]LogNet: UNetConnection::Close: Name: IpConnection_0, Driver: GameNetDriver IpNetDriver_1, PC: PlayerController_3, Owner: PlayerController_3, Channels: 10, RemoteAddr: 127.0.0.1:7777, Time: 2015.07.24-15.28.24
[2015.07.24-15.28.24:282][386]LogNet: UChannel::Close: Sending CloseBunch. ChIndex == 0. Name: ControlChannel_0
[2015.07.24-15.28.24:293][386]LogExit: GameNetDriver IpNetDriver_1 shut down
[2015.07.24-15.28.24:366][386]LogParticles: Destroying 0 GPU particle simulations for FXSystem 0x000000D9A1429B20
[2015.07.24-15.28.24:366][386]Cmd: MEM
[2015.07.24-15.28.24:410][386]LogMemory: Platform Memory Stats for Windows
[2015.07.24-15.28.24:410][386]LogMemory: Process Physical Memory: 767.34 MB used, 818.77 MB peak
[2015.07.24-15.28.24:410][386]LogMemory: Process Virtual Memory: 1503.00 MB used, 1614.68 MB peak
[2015.07.24-15.28.24:410][386]LogMemory: Physical Memory: 3378.14 MB used, 8069.54 MB total
[2015.07.24-15.28.24:410][386]LogMemory: Virtual Memory: 2193.56 MB used, 134217728.00 MB total
[2015.07.24-15.28.24:410][386]LogMemory: 
[2015.07.24-15.28.24:410][386]Allocator Stats for TBB: (not implemented)
[2015.07.24-15.28.24:815][386]LogAIModule: Creating AISystem for world Multiplayer_Level
[2015.07.24-15.28.24:886][386]LogWorld: Game class is 'GameMode_BP_C'
[2015.07.24-15.28.24:888][386]LogWorld: Bringing World /Game/Level/UEDPIE_2_Multiplayer_Level.Multiplayer_Level up for play (max tick rate 60) at 2015.07.24-17.28.24
[2015.07.24-15.28.24:889][386]LogActor:Warning: GameSession /Game/Level/UEDPIE_2_Multiplayer_Level.Multiplayer_Level:PersistentLevel.GameSession_1 has natively added scene component(s), but none of them were set as the actor's RootComponent - picking one arbitrarily
[2015.07.24-15.28.24:889][386]LogActor:Warning: GameNetworkManager /Game/Level/UEDPIE_2_Multiplayer_Level.Multiplayer_Level:PersistentLevel.GameNetworkManager_1 has natively added scene component(s), but none of them were set as the actor's RootComponent - picking one arbitrarily
[2015.07.24-15.28.24:889][386]LogWorld: Bringing up level for play took: 0.001855
[2015.07.24-15.28.24:890][386]LogGameMode: Warning - PATHS NOT DEFINED or NO PLAYERSTART with positive rating
[2015.07.24-15.28.24:910][387]LogNet: UChannel::ReceivedSequencedBunch: Bunch.bClose == true. ChIndex == 0. Calling ConditionalCleanUp.
[2015.07.24-15.28.24:910][387]LogNet: UChannel::CleanUp: [GameNetDriver] [PlayerController_2] [PlayerController_2]. ChIndex == 0. Closing connection.
[2015.07.24-15.28.24:910][387]LogNet: UNetConnection::Close: Name: IpConnection_1, Driver: GameNetDriver IpNetDriver_0, PC: PlayerController_2, Owner: PlayerController_2, Channels: 10, RemoteAddr: 127.0.0.1:55014, Time: 2015.07.24-15.28.24
[2015.07.24-15.28.24:910][387]LogNet: UChannel::Close: Sending CloseBunch. ChIndex == 0. Name: ControlChannel_1
[2015.07.24-15.28.28:324][416]LogSpawn:Warning: SpawnActor failed because we are in the process of tearing down the world
[2015.07.24-15.28.28:424][416]LogExit: GameNetDriver None shut down
[2015.07.24-15.28.28:424][416]LogParticles: Destroying 0 GPU particle simulations for FXSystem 0x000000D9CD2EB600
[2015.07.24-15.28.28:468][417]LogParticles: Destroying 0 GPU particle simulations for FXSystem 0x000000D9A142A2A0
[2015.07.24-15.28.45:872][670]LogD3D11RHI: InitD3DDevice
[2015.07.24-15.28.46:046][670]LogAIModule: Creating AISystem for world Minimal_Default
[2015.07.24-15.28.46:135][670]Cmd: MAP LOAD FILE="../../../../../../Users/Quentin/Desktop/ProjectTron/Content/StarterContent/Maps/Minimal_Default.umap" TEMPLATE=0 SHOWPROGRESS=1 FEATURELEVEL=3
[2015.07.24-15.28.46:135][670]LightingResults: New page: Lighting Build
[2015.07.24-15.28.46:162][670]LoadErrors: New page: Loading map: Minimal_Default.umap
[2015.07.24-15.28.46:163][670]MapCheck: New page: Map Check
[2015.07.24-15.28.46:163][670]LightingResults: New page: Lighting Build
[2015.07.24-15.28.46:199][670]LogParticles: Destroying 0 GPU particle simulations for FXSystem 0x000000D9A30796C0
[2015.07.24-15.28.46:408][670]LogAIModule: Creating AISystem for world Minimal_Default
[2015.07.24-15.28.46:428][670]LogEditorServer: Finished looking for orphan Actors (0.000 secs)
[2015.07.24-15.28.46:484][670]Cmd: MAP CHECKDEP NOCLEARLOG
[2015.07.24-15.28.46:542][670]MapCheck: Info Map check complete: 0 Error(s), 0 Warning(s), took 57.786ms to complete.
[2015.07.24-15.28.46:543][670]LogFileHelpers: Loading map 'Minimal_Default' took 0.409
[2015.07.24-15.28.46:556][670]LogAudio:Warning: Detected orphaned looping sound 'Starter_Background_Cue'.
[2015.07.24-15.28.48:091][691]BlueprintLog: New page: Pre-PIE auto-recompile
[2015.07.24-15.28.48:104][691]LogPlayLevel: [PIE] Compiling Minimal_Default before PIE...
[2015.07.24-15.28.48:238][691]LogPlayLevel: PIE:  Blueprint regeneration took 147 ms (1 blueprints)
[2015.07.24-15.28.48:239][691]PIE: New page: PIE session: Minimal_Default (Jul 24, 2015, 7:28:48 PM)
[2015.07.24-15.28.48:239][691]LogPlayLevel: Creating play world package: /Game/StarterContent/Maps/UEDPIE_1_Minimal_Default
[2015.07.24-15.28.48:247][691]LogPlayLevel: PIE: StaticDuplicateObject took: (0.007232s)
[2015.07.24-15.28.48:247][691]LogAIModule: Creating AISystem for world Minimal_Default
[2015.07.24-15.28.48:248][691]LogPlayLevel: PIE: World Init took: (0.001486s)
[2015.07.24-15.28.48:248][691]LogPlayLevel: PIE: Created PIE world by copying editor world from /Game/StarterContent/Maps/Minimal_Default.Minimal_Default to /Game/StarterContent/Maps/UEDPIE_1_Minimal_Default.Minimal_Default (0.008965s)
[2015.07.24-15.28.48:295][691]LogInit: XAudio2 using 'Haut-parleurs (3- Plantronics GameCom 780)' : 8 channels at 44.1 kHz using 16 bits per sample (channel mask 0x63f)
[2015.07.24-15.28.48:301][691]LogInit: FAudioDevice initialized.
[2015.07.24-15.28.48:339][691]LogWorld: Game class is 'GameMode_BP_C'
[2015.07.24-15.28.48:353][691]LogWorld: Bringing World /Game/StarterContent/Maps/UEDPIE_1_Minimal_Default.Minimal_Default up for play (max tick rate 60) at 2015.07.24-17.28.48
[2015.07.24-15.28.48:353][691]LogActor:Warning: GameSession /Game/StarterContent/Maps/UEDPIE_1_Minimal_Default.Minimal_Default:PersistentLevel.GameSession_2 has natively added scene component(s), but none of them were set as the actor's RootComponent - picking one arbitrarily
[2015.07.24-15.28.48:353][691]LogActor:Warning: GameNetworkManager /Game/StarterContent/Maps/UEDPIE_1_Minimal_Default.Minimal_Default:PersistentLevel.GameNetworkManager_2 has natively added scene component(s), but none of them were set as the actor's RootComponent - picking one arbitrarily
[2015.07.24-15.28.48:354][691]LogWorld: Bringing up level for play took: 0.012689
[2015.07.24-15.28.48:355][691]LogInit: WinSock: Socket queue 131072 / 131072
[2015.07.24-15.28.48:356][691]LogNet: GameNetDriver IpNetDriver_2 IpNetDriver listening on port 7777
[2015.07.24-15.28.48:359][691]PIE: Info Play in editor start time for /Game/StarterContent/Maps/UEDPIE_1_Minimal_Default -0.235
[2015.07.24-15.28.48:360][691]PIE: New page: PIE session: Minimal_Default (Jul 24, 2015, 7:28:48 PM)
[2015.07.24-15.28.48:365][691]LogD3D11RHI: InitD3DDevice
[2015.07.24-15.28.48:397][691]LogNet: Browse: 127.0.0.1//Game/StarterContent/Maps/Minimal_Default
[2015.07.24-15.28.48:398][691]LogInit: WinSock: Socket queue 32768 / 32768
[2015.07.24-15.28.48:398][691]LogNet: Game client on port 7777, rate 10000
[2015.07.24-15.28.48:398][691]LogNet: GetLocalNetworkVersion: GEngineNetVersion: 2614606, ProjectName: projecttron, ProjectVersion: 1.0.0.0, InternalProtocolVersion: 8, LocalNetworkVersion: 432835728
[2015.07.24-15.28.48:422][691]PIE: Info Play in editor start time for /Game/StarterContent/Maps/Minimal_Default -0.172
[2015.07.24-15.28.48:423][691]LogNet: NotifyAcceptingConnection: Server Minimal_Default accept
[2015.07.24-15.28.48:423][691]LogNet: Open Minimal_Default 07/24/15 17:28:48 127.0.0.1
[2015.07.24-15.28.48:423][691]LogNet: Added client connection.  Remote address = 127.0.0.1:54494
[2015.07.24-15.28.48:423][691]LogNet: NotifyAcceptingChannel Control 0 server World /Game/StarterContent/Maps/UEDPIE_1_Minimal_Default.Minimal_Default: Accepted
[2015.07.24-15.28.48:424][691]LogNet: Remote platform little endian=1
[2015.07.24-15.28.48:424][691]LogNet: This platform little endian=1
[2015.07.24-15.28.48:424][691]LogNet: GetLocalNetworkVersion: GEngineNetVersion: 2614606, ProjectName: projecttron, ProjectVersion: 1.0.0.0, InternalProtocolVersion: 8, LocalNetworkVersion: 432835728
[2015.07.24-15.28.48:484][692]LogNet: Login request: /Game/StarterContent/Maps/Minimal_Default userId: Invalid
[2015.07.24-15.28.48:485][692]LogNet: Welcomed by server (Level: /Game/StarterContent/Maps/UEDPIE_1_Minimal_Default, Game: /Game/GameMode/GameMode_BP.GameMode_BP_C)
[2015.07.24-15.28.48:536][692]LogLoad: LoadMap: 127.0.0.1//Game/StarterContent/Maps/UEDPIE_1_Minimal_Default?game=/Game/GameMode/GameMode_BP.GameMode_BP_C
[2015.07.24-15.28.48:578][692]LogParticles: Destroying 0 GPU particle simulations for FXSystem 0x000000D9A5A86700
[2015.07.24-15.28.48:588][692]Cmd: MEM
[2015.07.24-15.28.48:635][692]LogMemory: Platform Memory Stats for Windows
[2015.07.24-15.28.48:635][692]LogMemory: Process Physical Memory: 906.41 MB used, 910.55 MB peak
[2015.07.24-15.28.48:635][692]LogMemory: Process Virtual Memory: 1666.97 MB used, 1705.74 MB peak
[2015.07.24-15.28.48:635][692]LogMemory: Physical Memory: 3522.79 MB used, 8069.54 MB total
[2015.07.24-15.28.48:635][692]LogMemory: Virtual Memory: 2337.19 MB used, 134217728.00 MB total
[2015.07.24-15.28.48:635][692]LogMemory: 
[2015.07.24-15.28.48:635][692]Allocator Stats for TBB: (not implemented)
[2015.07.24-15.28.48:635][692]LogLinker: Can't find file for asset '/Game/StarterContent/Maps/UEDPIE_1_Minimal_Default' while loading NULL.
[2015.07.24-15.28.48:642][692]LogWorld: PIE: Copying PIE streaming level from /Game/StarterContent/Maps/Minimal_Default.Minimal_Default to /Game/StarterContent/Maps/UEDPIE_2_Minimal_Default.Minimal_Default. OwningWorld: None
[2015.07.24-15.28.48:643][692]LogAIModule: Creating AISystem for world Minimal_Default
[2015.07.24-15.28.48:651][692]LogWorld: Bringing World /Game/StarterContent/Maps/UEDPIE_2_Minimal_Default.Minimal_Default up for play (max tick rate 60) at 2015.07.24-17.28.48
[2015.07.24-15.28.48:651][692]LogWorld: Bringing up level for play took: 0.005746
[2015.07.24-15.28.48:691][693]LogNet: Client netspeed is 10000
[2015.07.24-15.28.48:691][693]LogNet: Join request: /Game/StarterContent/Maps/Minimal_Default?SplitscreenCount=1
[2015.07.24-15.28.48:696][693]LogNet: Join succeeded: 260
[2015.07.24-15.29.20:964][851]LogD3D11RHI: InitD3DDevice
[2015.07.24-15.29.36:209][952]LogSpawn:Warning: SpawnActor failed because we are in the process of tearing down the world
[2015.07.24-15.29.36:281][952]LogNet: UChannel::CleanUp: [GameNetDriver] [None] [None]. ChIndex == 0. Closing connection.
[2015.07.24-15.29.36:281][952]LogNet: UNetConnection::Close: Name: IpConnection_3, Driver: GameNetDriver IpNetDriver_2, PC: None, Owner: None, Channels: 2, RemoteAddr: 127.0.0.1:54494, Time: 2015.07.24-15.29.36
[2015.07.24-15.29.36:281][952]LogNet: UChannel::Close: Sending CloseBunch. ChIndex == 0. Name: ControlChannel_3
[2015.07.24-15.29.36:281][952]LogNet: UChannel::CleanUp: [GameNetDriver] [None] [None]. ChIndex == 0. Closing connection.
[2015.07.24-15.29.36:281][952]LogNet: UNetConnection::Close: Name: IpConnection_2, Driver: GameNetDriver IpNetDriver_3, PC: None, Owner: None, Channels: 2, RemoteAddr: 127.0.0.1:7777, Time: 2015.07.24-15.29.36
[2015.07.24-15.29.36:281][952]LogNet: UChannel::Close: Sending CloseBunch. ChIndex == 0. Name: ControlChannel_2
[2015.07.24-15.29.36:286][952]LogExit: GameNetDriver None shut down
[2015.07.24-15.29.36:286][952]LogExit: GameNetDriver None shut down
[2015.07.24-15.29.36:287][952]LogParticles: Destroying 0 GPU particle simulations for FXSystem 0x000000D9AA136700
[2015.07.24-15.29.36:302][952]LogParticles: Destroying 0 GPU particle simulations for FXSystem 0x000000D9ABD780E0
[2015.07.24-15.29.38:341][976]LogD3D11RHI: InitD3DDevice
[2015.07.24-15.29.42:608][ 49]LogWindowsTextInputMethodSystem:Display: IME system now deactivated.
[2015.07.24-15.29.42:608][ 49]LogWindowsTextInputMethodSystem:Display: IME system now deactivated.
[2015.07.24-15.29.49:855][133]LogWindowsTextInputMethodSystem:Display: IME system now deactivated.
[2015.07.24-15.29.49:855][133]LogWindowsTextInputMethodSystem:Display: IME system now deactivated.
[2015.07.24-15.29.56:790][444]LogD3D11RHI: InitD3DDevice
[2015.07.24-15.29.56:813][444]Cmd: OBJ SAVEPACKAGE PACKAGE="/Game/ProjectTronInstance" FILE="../../../../../../Users/Quentin/Desktop/ProjectTron/Content/ProjectTronInstance.uasset" SILENT=true
[2015.07.24-15.29.56:924][444]LogSavePackage: Save=82.841782ms
[2015.07.24-15.29.56:924][444]LogSavePackage: Moving '../../../../../../Users/Quentin/Desktop/ProjectTron/Saved/ProjectTronInstance6A7066B941CC4B968C6564860BE0DC5E.tmp' to '../../../../../../Users/Quentin/Desktop/ProjectTron/Content/ProjectTronInstance.uasset'
[2015.07.24-15.39.08:246][584]LogD3D11RHI: InitD3DDevice
[2015.07.24-15.39.08:277][584]LogD3D11RHI: InitD3DDevice
[2015.07.24-15.39.08:310][584]LogLinker:Warning: Asset '../../../Engine/Content/ArtTools/RenderToTexture/Macros/RenderToTextureMacros.uasset' has been saved with empty engine version. The asset will be loaded but may be incompatible.
[2015.07.24-15.39.08:326][584]LogLinker:Warning: Asset '../../../Engine/Content/ArtTools/RenderToTexture/Enums/RenderToTexture_Enum.uasset' has been saved with empty engine version. The asset will be loaded but may be incompatible.
[2015.07.24-15.39.19:378][827]LogD3D11RHI: InitD3DDevice
[2015.07.24-15.39.29:256][ 22]LogD3D11RHI: InitD3DDevice
[2015.07.24-15.39.31:705][167]BlueprintLog: New page: Compile Multiplayer_Menu
[2015.07.24-15.39.31:854][167]BlueprintEditorCompileResults: Info [1056.28] Compile of Multiplayer_Menu successful! [in 149 ms]
[2015.07.24-15.39.32:509][206]LogD3D11RHI: InitD3DDevice
[2015.07.24-15.39.32:525][206]Cmd: OBJ SAVEPACKAGE PACKAGE="/Game/Widget/Multiplayer_Menu" FILE="../../../../../../Users/Quentin/Desktop/ProjectTron/Content/Widget/Multiplayer_Menu.uasset" SILENT=true
[2015.07.24-15.39.32:568][206]LogSavePackage: Save=14.179399ms
[2015.07.24-15.39.32:568][206]LogSavePackage: Moving '../../../../../../Users/Quentin/Desktop/ProjectTron/Saved/Multiplayer_Menu3C46F993415E24A32A76B6A70E04F1A6.tmp' to '../../../../../../Users/Quentin/Desktop/ProjectTron/Content/Widget/Multiplayer_Menu.uasset'
[2015.07.24-15.40.01:262][713]LogD3D11RHI: InitD3DDevice
[2015.07.24-15.40.08:912][162]LogD3D11RHI: InitD3DDevice
[2015.07.24-15.40.30:815][436]LogD3D11RHI: InitD3DDevice
[2015.07.24-15.40.38:245][855]LogD3D11RHI: InitD3DDevice
[2015.07.24-15.40.48:891][491]BlueprintLog: New page: Compile Multiplayer_Menu
[2015.07.24-15.40.49:045][491]BlueprintEditorCompileResults: Info [1133.47] Compile of Multiplayer_Menu successful! [in 153 ms]
[2015.07.24-15.40.49:267][504]LogD3D11RHI: InitD3DDevice
[2015.07.24-15.40.49:283][504]Cmd: OBJ SAVEPACKAGE PACKAGE="/Game/Widget/Multiplayer_Menu" FILE="../../../../../../Users/Quentin/Desktop/ProjectTron/Content/Widget/Multiplayer_Menu.uasset" SILENT=true
[2015.07.24-15.40.49:324][504]LogSavePackage: Save=14.400848ms
[2015.07.24-15.40.49:324][504]LogSavePackage: Moving '../../../../../../Users/Quentin/Desktop/ProjectTron/Saved/Multiplayer_Menu118E0DC143FCA8FB7276D9961730DA45.tmp' to '../../../../../../Users/Quentin/Desktop/ProjectTron/Content/Widget/Multiplayer_Menu.uasset'
[2015.07.24-15.40.56:841][708]LogD3D11RHI: InitD3DDevice
[2015.07.24-15.40.57:140][722]LogD3D11RHI: InitD3DDevice
[2015.07.24-15.41.07:483][340]LogD3D11RHI: InitD3DDevice
[2015.07.24-15.41.18:943][ 26]BlueprintLog: New page: Compile Multiplayer_Menu
[2015.07.24-15.41.19:157][ 26]BlueprintEditorCompileResults: Info [1163.58] Compile of Multiplayer_Menu successful! [in 214 ms]
[2015.07.24-15.41.21:745][181]LogD3D11RHI: InitD3DDevice
[2015.07.24-15.41.30:951][725]LogD3D11RHI: InitD3DDevice
[2015.07.24-15.41.32:480][813]LogD3D11RHI: InitD3DDevice
[2015.07.24-15.41.36:297][ 41]LogD3D11RHI: InitD3DDevice
[2015.07.24-15.41.36:722][ 66]LogD3D11RHI: InitD3DDevice
[2015.07.24-15.41.40:606][298]LogD3D11RHI: InitD3DDevice
[2015.07.24-15.41.43:523][473]BlueprintLog: New page: Compile Multiplayer_Menu
[2015.07.24-15.41.43:738][473]BlueprintEditorCompileResults: Info [1188.16] Compile of Multiplayer_Menu successful! [in 214 ms]
[2015.07.24-15.41.43:980][487]LogD3D11RHI: InitD3DDevice
[2015.07.24-15.41.44:006][487]Cmd: OBJ SAVEPACKAGE PACKAGE="/Game/Widget/Multiplayer_Menu" FILE="../../../../../../Users/Quentin/Desktop/ProjectTron/Content/Widget/Multiplayer_Menu.uasset" SILENT=true
[2015.07.24-15.41.44:043][487]LogSavePackage: Save=15.759933ms
[2015.07.24-15.41.44:043][487]LogSavePackage: Moving '../../../../../../Users/Quentin/Desktop/ProjectTron/Saved/Multiplayer_MenuBE964A4B455494A8A4983795EBE5F8C9.tmp' to '../../../../../../Users/Quentin/Desktop/ProjectTron/Content/Widget/Multiplayer_Menu.uasset'
[2015.07.24-15.41.55:177][699]LogD3D11RHI: InitD3DDevice
[2015.07.24-15.41.55:460][712]LogD3D11RHI: InitD3DDevice
[2015.07.24-15.42.09:304][501]LogD3D11RHI: InitD3DDevice
[2015.07.24-15.42.11:939][654]LogD3D11RHI: InitD3DDevice
[2015.07.24-15.42.14:334][797]LogEditorTransaction: Undo Add Node
[2015.07.24-15.42.14:360][797]LogD3D11RHI: InitD3DDevice
[2015.07.24-15.42.15:219][848]LogD3D11RHI: InitD3DDevice
[2015.07.24-15.42.15:670][874]LogD3D11RHI: InitD3DDevice
[2015.07.24-15.42.18:122][ 20]LogD3D11RHI: InitD3DDevice
[2015.07.24-15.42.38:461][879]LogD3D11RHI: InitD3DDevice
[2015.07.24-15.42.38:737][892]LogD3D11RHI: InitD3DDevice
[2015.07.24-15.42.46:481][339]LogD3D11RHI: InitD3DDevice
[2015.07.24-15.42.52:751][715]LogD3D11RHI: InitD3DDevice
[2015.07.24-15.42.53:109][733]LogD3D11RHI: InitD3DDevice
[2015.07.24-15.43.10:475][192]LogD3D11RHI: InitD3DDevice
[2015.07.24-15.43.10:785][207]LogD3D11RHI: InitD3DDevice
[2015.07.24-15.43.20:138][756]LogD3D11RHI: InitD3DDevice
[2015.07.24-15.43.20:443][771]LogD3D11RHI: InitD3DDevice
[2015.07.24-15.43.40:630][134]LogD3D11RHI: InitD3DDevice
[2015.07.24-15.44.08:050][118]BlueprintLog: New page: Compile Multiplayer_Menu
[2015.07.24-15.44.08:293][118]BlueprintEditorCompileResults: Info [1332.72] Compile of Multiplayer_Menu successful! [in 243 ms]
[2015.07.24-15.44.08:902][154]LogD3D11RHI: InitD3DDevice
[2015.07.24-15.44.08:922][154]Cmd: OBJ SAVEPACKAGE PACKAGE="/Game/Widget/Multiplayer_Menu" FILE="../../../../../../Users/Quentin/Desktop/ProjectTron/Content/Widget/Multiplayer_Menu.uasset" SILENT=true
[2015.07.24-15.44.08:968][154]LogSavePackage: Save=17.972048ms
[2015.07.24-15.44.08:968][154]LogSavePackage: Moving '../../../../../../Users/Quentin/Desktop/ProjectTron/Saved/Multiplayer_Menu52A819C548A096BDE28B79A438CD0629.tmp' to '../../../../../../Users/Quentin/Desktop/ProjectTron/Content/Widget/Multiplayer_Menu.uasset'
[2015.07.24-15.44.10:049][205]LogWindowsTextInputMethodSystem:Display: IME system now deactivated.
[2015.07.24-15.44.10:344][206]Cmd: QUIT_EDITOR
[2015.07.24-15.44.11:444][206]LogExit: Preparing to exit.
[2015.07.24-15.44.11:721][206]LogExit: Editor shut down
[2015.07.24-15.44.11:721][206]LogExit: Transaction tracking system shut down
[2015.07.24-15.44.11:724][206]LogParticles: Destroying 0 GPU particle simulations for FXSystem 0x000000D9E7804680
[2015.07.24-15.44.11:724][206]LogParticles: Destroying 0 GPU particle simulations for FXSystem 0x000000D9E77C7060
[2015.07.24-15.44.11:724][206]LogParticles: Destroying 0 GPU particle simulations for FXSystem 0x000000D9E77C59E0
[2015.07.24-15.44.11:724][206]LogParticles: Destroying 0 GPU particle simulations for FXSystem 0x000000D9CD225120
[2015.07.24-15.44.11:724][206]LogParticles: Destroying 0 GPU particle simulations for FXSystem 0x000000D9CBC3CCC0
[2015.07.24-15.44.11:727][206]LogParticles: Destroying 0 GPU particle simulations for FXSystem 0x000000D9CBCA7060
[2015.07.24-15.44.11:728][206]LogParticles: Destroying 0 GPU particle simulations for FXSystem 0x000000D996FFEAC0
[2015.07.24-15.44.11:729][206]LogParticles: Destroying 0 GPU particle simulations for FXSystem 0x000000D9A5B547C0
[2015.07.24-15.44.11:916][206]LogParticles: Destroying 0 GPU particle simulations for FXSystem 0x000000D996FFC180
[2015.07.24-15.44.11:916][206]LogExit: Object subsystem successfully closed.
[2015.07.24-15.44.11:928][206]LogD3D11RHI: Shutdown
[2015.07.24-15.44.11:928][206]LogD3D11RHI: CleanupD3DDevice
[2015.07.24-15.44.11:998][206]LogD3D11RHI: ~FD3D11DynamicRHI
[2015.07.24-15.44.12:019][206]LogModuleManager: Shutting down and abandoning module SequencerWidgets (189)
[2015.07.24-15.44.12:019][206]LogModuleManager: Shutting down and abandoning module CrashTracker (188)
[2015.07.24-15.44.12:019][206]LogModuleManager: Shutting down and abandoning module SceneOutliner (187)
[2015.07.24-15.44.12:019][206]LogModuleManager: Shutting down and abandoning module SuperSearch (186)
[2015.07.24-15.44.12:019][206]LogModuleManager: Shutting down and abandoning module WidgetCarousel (185)
[2015.07.24-15.44.12:019][206]LogModuleManager: Shutting down and abandoning module AddContentDialog (184)
[2015.07.24-15.44.12:019][206]LogModuleManager: Shutting down and abandoning module EditorWidgets (183)
[2015.07.24-15.44.12:019][206]LogModuleManager: Shutting down and abandoning module CollectionManager (182)
[2015.07.24-15.44.12:019][206]LogModuleManager: Shutting down and abandoning module StatsViewer (181)
[2015.07.24-15.44.12:019][206]LogModuleManager: Shutting down and abandoning module FoliageEdit (180)
[2015.07.24-15.44.12:020][206]LogModuleManager: Shutting down and abandoning module LandscapeEditor (179)
[2015.07.24-15.44.12:020][206]LogModuleManager: Shutting down and abandoning module ActorPickerMode (178)
[2015.07.24-15.44.12:020][206]LogModuleManager: Shutting down and abandoning module GeometryMode (177)
[2015.07.24-15.44.12:020][206]LogModuleManager: Shutting down and abandoning module TextureAlignMode (176)
[2015.07.24-15.44.12:020][206]LogModuleManager: Shutting down and abandoning module BspMode (175)
[2015.07.24-15.44.12:020][206]LogModuleManager: Shutting down and abandoning module PlacementMode (174)
[2015.07.24-15.44.12:020][206]LogModuleManager: Shutting down and abandoning module AutomationWorker (173)
[2015.07.24-15.44.12:020][206]LogModuleManager: Shutting down and abandoning module CharacterAI (172)
[2015.07.24-15.44.12:020][206]LogModuleManager: Shutting down and abandoning module SmartSnapping (171)
[2015.07.24-15.44.12:020][206]LogModuleManager: Shutting down and abandoning module ViewportSnapping (170)
[2015.07.24-15.44.12:020][206]LogModuleManager: Shutting down and abandoning module LogVisualizer (169)
[2015.07.24-15.44.12:020][206]LogModuleManager: Shutting down and abandoning module GameProjectGeneration (168)
[2015.07.24-15.44.12:020][206]LogModuleManager: Shutting down and abandoning module IntroTutorials (167)
[2015.07.24-15.44.12:020][206]LogModuleManager: Shutting down and abandoning module EditorLiveStreaming (166)
[2015.07.24-15.44.12:020][206]LogModuleManager: Shutting down and abandoning module IOSPlatformEditor (165)
[2015.07.24-15.44.12:020][206]LogModuleManager: Shutting down and abandoning module HTML5PlatformEditor (164)
[2015.07.24-15.44.12:020][206]LogModuleManager: Shutting down and abandoning module AndroidDeviceDetection (163)
[2015.07.24-15.44.12:625][206]LogModuleManager: Shutting down and abandoning module AndroidPlatformEditor (162)
[2015.07.24-15.44.12:625][206]LogModuleManager: Shutting down and abandoning module IOSRuntimeSettings (161)
[2015.07.24-15.44.12:625][206]LogModuleManager: Shutting down and abandoning module AndroidRuntimeSettings (160)
[2015.07.24-15.44.12:625][206]LogModuleManager: Shutting down and abandoning module MergeActors (159)
[2015.07.24-15.44.12:625][206]LogModuleManager: Shutting down and abandoning module SizeMap (158)
[2015.07.24-15.44.12:625][206]LogModuleManager: Shutting down and abandoning module TreeMap (157)
[2015.07.24-15.44.12:625][206]LogModuleManager: Shutting down and abandoning module ReferenceViewer (156)
[2015.07.24-15.44.12:625][206]LogModuleManager: Shutting down and abandoning module LocalizationDashboard (155)
[2015.07.24-15.44.12:625][206]LogModuleManager: Shutting down and abandoning module HardwareTargeting (154)
[2015.07.24-15.44.12:625][206]LogModuleManager: Shutting down and abandoning module DeviceProfileEditor (153)
[2015.07.24-15.44.12:625][206]LogModuleManager: Shutting down and abandoning module UndoHistory (152)
[2015.07.24-15.44.12:625][206]LogModuleManager: Shutting down and abandoning module GameplayTagsEditor (151)
[2015.07.24-15.44.12:625][206]LogModuleManager: Shutting down and abandoning module UserFeedback (150)
[2015.07.24-15.44.12:625][206]LogModuleManager: Shutting down and abandoning module XmlParser (149)
[2015.07.24-15.44.12:625][206]LogModuleManager: Shutting down and abandoning module Blutility (148)
[2015.07.24-15.44.12:625][206]LogModuleManager: Shutting down and abandoning module ProjectTargetPlatformEditor (147)
[2015.07.24-15.44.12:625][206]LogModuleManager: Shutting down and abandoning module ProjectSettingsViewer (146)
[2015.07.24-15.44.12:625][206]LogModuleManager: Shutting down and abandoning module InputBindingEditor (145)
[2015.07.24-15.44.12:625][206]LogModuleManager: Shutting down and abandoning module EditorSettingsViewer (144)
[2015.07.24-15.44.12:625][206]LogModuleManager: Shutting down and abandoning module SettingsEditor (143)
[2015.07.24-15.44.12:625][206]LogModuleManager: Shutting down and abandoning module ProjectLauncher (142)
[2015.07.24-15.44.12:625][206]LogModuleManager: Shutting down and abandoning module SessionFrontend (141)
[2015.07.24-15.44.12:625][206]LogModuleManager: Shutting down and abandoning module ProfilerClient (140)
[2015.07.24-15.44.12:625][206]LogModuleManager: Shutting down and abandoning module TargetDeviceServices (139)
[2015.07.24-15.44.12:625][206]LogModuleManager: Shutting down and abandoning module DeviceManager (138)
[2015.07.24-15.44.12:626][206]LogModuleManager: Shutting down and abandoning module AutomationController (137)
[2015.07.24-15.44.12:626][206]LogModuleManager: Shutting down and abandoning module AutomationWindow (136)
[2015.07.24-15.44.12:626][206]LogModuleManager: Shutting down and abandoning module Layers (135)
[2015.07.24-15.44.12:626][206]LogModuleManager: Shutting down and abandoning module ComponentVisualizers (134)
[2015.07.24-15.44.12:626][206]LogModuleManager: Shutting down and abandoning module DetailCustomizations (133)
[2015.07.24-15.44.12:626][206]LogModuleManager: Shutting down and abandoning module PackagesDialog (132)
[2015.07.24-15.44.12:626][206]LogModuleManager: Shutting down and abandoning module AssetRegistry (131)
[2015.07.24-15.44.12:682][206]LogModuleManager: Shutting down and abandoning module Persona (130)
[2015.07.24-15.44.12:682][206]LogModuleManager: Shutting down and abandoning module Kismet (129)
[2015.07.24-15.44.12:682][206]LogModuleManager: Shutting down and abandoning module GraphEditor (128)
[2015.07.24-15.44.12:682][206]LogModuleManager: Shutting down and abandoning module ClassViewer (127)
[2015.07.24-15.44.12:684][206]LogModuleManager: Shutting down and abandoning module Toolbox (126)
[2015.07.24-15.44.12:684][206]LogModuleManager: Shutting down and abandoning module ModuleUI (125)
[2015.07.24-15.44.12:684][206]LogModuleManager: Shutting down and abandoning module MovieSceneTools (124)
[2015.07.24-15.44.12:684][206]LogModuleManager: Shutting down and abandoning module OutputLog (123)
[2015.07.24-15.44.12:684][206]LogModuleManager: Shutting down and abandoning module GammaUI (122)
[2015.07.24-15.44.12:684][206]LogModuleManager: Shutting down and abandoning module Documentation (121)
[2015.07.24-15.44.12:684][206]LogModuleManager: Shutting down and abandoning module GameLiveStreaming (120)
[2015.07.24-15.44.12:684][206]LogModuleManager: Shutting down and abandoning module StreamingPauseRendering (119)
[2015.07.24-15.44.12:684][206]LogModuleManager: Shutting down and abandoning module AnalyticsET (118)
[2015.07.24-15.44.12:684][206]LogModuleManager: Shutting down and abandoning module Analytics (117)
[2015.07.24-15.44.12:684][206]LogModuleManager: Shutting down and abandoning module AITestSuite (116)
[2015.07.24-15.44.12:684][206]LogModuleManager: Shutting down and abandoning module GameplayDebugger (115)
[2015.07.24-15.44.12:684][206]LogModuleManager: Shutting down and abandoning module AIModule (114)
[2015.07.24-15.44.12:684][206]LogModuleManager: Shutting down and abandoning module ProfilerService (113)
[2015.07.24-15.44.12:775][206]LogModuleManager: Shutting down and abandoning module TaskGraph (112)
[2015.07.24-15.44.12:775][206]LogModuleManager: Shutting down and abandoning module SlateRemote (111)
[2015.07.24-15.44.12:775][206]LogModuleManager: Shutting down and abandoning module SteamVRController (110)
[2015.07.24-15.44.12:775][206]LogModuleManager: Shutting down and abandoning module SteamVR (109)
[2015.07.24-15.44.12:775][206]LogModuleManager: Shutting down and abandoning module ProceduralMeshComponent (108)
[2015.07.24-15.44.12:775][206]LogModuleManager: Shutting down and abandoning module OculusRift (107)
[2015.07.24-15.44.12:775][206]LogModuleManager: Shutting down and abandoning module LeapMotionController (106)
[2015.07.24-15.44.12:787][206]LogModuleManager: Shutting down and abandoning module CustomMeshComponent (105)
[2015.07.24-15.44.12:787][206]LogModuleManager: Shutting down and abandoning module CableComponent (104)
[2015.07.24-15.44.12:787][206]LogModuleManager: Shutting down and abandoning module MessagingDebugger (103)
[2015.07.24-15.44.12:787][206]LogModuleManager: Shutting down and abandoning module MediaPlayerEditor (102)
[2015.07.24-15.44.12:787][206]LogModuleManager: Shutting down and abandoning module SpeedTreeImporter (101)
[2015.07.24-15.44.12:787][206]LogModuleManager: Shutting down and abandoning module PluginBrowser (100)
[2015.07.24-15.44.12:787][206]LogModuleManager: Shutting down and abandoning module EpicSurvey (99)
[2015.07.24-15.44.12:787][206]LogModuleManager: Shutting down and abandoning module DesktopPlatform (98)
[2015.07.24-15.44.12:787][206]LogModuleManager: Shutting down and abandoning module VisualStudioSourceCodeAccess (97)
[2015.07.24-15.44.12:787][206]LogModuleManager: Shutting down and abandoning module UObjectPlugin (96)
[2015.07.24-15.44.12:787][206]LogModuleManager: Shutting down and abandoning module SubversionSourceControl (95)
[2015.07.24-15.44.12:787][206]LogModuleManager: Shutting down and abandoning module PerforceSourceControl (94)
[2015.07.24-15.44.12:787][206]LogModuleManager: Shutting down and abandoning module SourceControl (93)
[2015.07.24-15.44.12:787][206]LogModuleManager: Shutting down and abandoning module GitSourceControl (92)
[2015.07.24-15.44.12:787][206]LogModuleManager: Shutting down and abandoning module BlankPlugin (91)
[2015.07.24-15.44.12:787][206]LogModuleManager: Shutting down and abandoning module PaperTiledImporter (90)
[2015.07.24-15.44.12:787][206]LogModuleManager: Shutting down and abandoning module PaperSpriteSheetImporter (89)
[2015.07.24-15.44.12:787][206]LogModuleManager: Shutting down and abandoning module MeshPaint (88)
[2015.07.24-15.44.12:787][206]LogModuleManager: Shutting down and abandoning module SlateReflector (87)
[2015.07.24-15.44.12:787][206]LogModuleManager: Shutting down and abandoning module DirectoryWatcher (86)
[2015.07.24-15.44.12:787][206]LogModuleManager: Shutting down and abandoning module HotReload (85)
[2015.07.24-15.44.12:787][206]LogModuleManager: Shutting down and abandoning module MainFrame (84)
[2015.07.24-15.44.12:787][206]LogModuleManager: Shutting down and abandoning module LevelEditor (83)
[2015.07.24-15.44.12:788][206]LogModuleManager: Shutting down and abandoning module ContentBrowser (82)
[2015.07.24-15.44.12:789][206]LogModuleManager: Shutting down and abandoning module Paper2DEditor (81)
[2015.07.24-15.44.12:789][206]LogModuleManager: Shutting down and abandoning module UdpMessaging (80)
[2015.07.24-15.44.12:890][206]LogModuleManager: Shutting down and abandoning module Paper2D (79)
[2015.07.24-15.44.12:890][206]LogModuleManager: Shutting down and abandoning module WindowsMoviePlayer (78)
[2015.07.24-15.44.12:892][206]LogModuleManager: Shutting down and abandoning module Media (77)
[2015.07.24-15.44.12:892][206]LogModuleManager: Shutting down and abandoning module WmfMedia (76)
[2015.07.24-15.44.12:893][206]LogModuleManager: Shutting down and abandoning module OnlineBlueprintSupport (75)
[2015.07.24-15.44.12:893][206]LogModuleManager: Shutting down and abandoning module PropertyEditor (74)
[2015.07.24-15.44.12:893][206]LogModuleManager: Shutting down and abandoning module BehaviorTreeEditor (73)
[2015.07.24-15.44.12:893][206]LogModuleManager: Shutting down and abandoning module FunctionalTesting (72)
[2015.07.24-15.44.12:893][206]LogModuleManager: Shutting down and abandoning module CollisionAnalyzer (71)
[2015.07.24-15.44.12:893][206]LogModuleManager: Shutting down and abandoning module WorkspaceMenuStructure (70)
[2015.07.24-15.44.12:893][206]LogModuleManager: Shutting down and abandoning module MessageLog (69)
[2015.07.24-15.44.12:893][206]LogModuleManager: Shutting down and abandoning module Sequencer (68)
[2015.07.24-15.44.12:893][206]LogModuleManager: Shutting down and abandoning module AssetTools (67)
[2015.07.24-15.44.12:893][206]LogModuleManager: Shutting down and abandoning module UMGEditor (66)
[2015.07.24-15.44.12:893][206]LogModuleManager: Shutting down and abandoning module UMG (65)
[2015.07.24-15.44.12:893][206]LogModuleManager: Shutting down and abandoning module Slate (64)
[2015.07.24-15.44.12:893][206]LogModuleManager: Shutting down and abandoning module EditorStyle (63)
[2015.07.24-15.44.12:895][206]LogModuleManager: Shutting down and abandoning module SessionServices (62)
[2015.07.24-15.44.12:895][206]LogModuleManager: Shutting down and abandoning module SourceCodeAccess (61)
[2015.07.24-15.44.12:895][206]LogModuleManager: Shutting down and abandoning module HeadMountedDisplay (60)
[2015.07.24-15.44.12:895][206]LogModuleManager: Shutting down and abandoning module XAudio2 (59)
[2015.07.24-15.44.12:895][206]LogModuleManager: Shutting down and abandoning module Networking (57)
[2015.07.24-15.44.12:895][206]LogModuleManager: Shutting down and abandoning module Core (56)
[2015.07.24-15.44.12:895][206]LogModuleManager: Shutting down and abandoning module KismetCompiler (55)
[2015.07.24-15.44.12:895][206]LogModuleManager: Shutting down and abandoning module PhysXFormats (54)
[2015.07.24-15.44.12:895][206]LogModuleManager: Shutting down and abandoning module MeshUtilities (53)
[2015.07.24-15.44.12:896][206]LogModuleManager: Shutting down and abandoning module DerivedDataCache (52)
[2015.07.24-15.44.12:961][206]LogDerivedDataCache: Shutdown
[2015.07.24-15.44.12:961][206]LogModuleManager: Shutting down and abandoning module ShaderFormatOpenGL (51)
[2015.07.24-15.44.12:961][206]LogModuleManager: Shutting down and abandoning module ShaderFormatD3D (50)
[2015.07.24-15.44.12:961][206]LogModuleManager: Shutting down and abandoning module MetalShaderFormat (49)
[2015.07.24-15.44.12:961][206]LogModuleManager: Shutting down and abandoning module TextureFormatUncompressed (48)
[2015.07.24-15.44.12:961][206]LogModuleManager: Shutting down and abandoning module TextureFormatPVR (47)
[2015.07.24-15.44.12:961][206]LogModuleManager: Shutting down and abandoning module TextureFormatIntelISPCTexComp (46)
[2015.07.24-15.44.12:961][206]LogModuleManager: Shutting down and abandoning module TextureFormatDXT (45)
[2015.07.24-15.44.12:961][206]LogModuleManager: Shutting down and abandoning module ImageWrapper (44)
[2015.07.24-15.44.12:961][206]LogModuleManager: Shutting down and abandoning module TextureFormatASTC (43)
[2015.07.24-15.44.12:961][206]LogModuleManager: Shutting down and abandoning module TextureFormatAndroid (42)
[2015.07.24-15.44.12:961][206]LogModuleManager: Shutting down and abandoning module AudioFormatOpus (41)
[2015.07.24-15.44.12:961][206]LogModuleManager: Shutting down and abandoning module AudioFormatOgg (40)
[2015.07.24-15.44.12:961][206]LogModuleManager: Shutting down and abandoning module AudioFormatADPCM (39)
[2015.07.24-15.44.12:961][206]LogModuleManager: Shutting down and abandoning module LinuxTargetPlatform (38)
[2015.07.24-15.44.12:961][206]LogModuleManager: Shutting down and abandoning module LinuxServerTargetPlatform (37)
[2015.07.24-15.44.12:961][206]LogModuleManager: Shutting down and abandoning module LinuxNoEditorTargetPlatform (36)
[2015.07.24-15.44.12:961][206]LogModuleManager: Shutting down and abandoning module Messaging (35)
[2015.07.24-15.44.12:961][206]LogModuleManager: Shutting down and abandoning module IOSTargetPlatform (34)
[2015.07.24-15.44.12:961][206]LogModuleManager: Shutting down and abandoning module HTML5TargetPlatform (33)
[2015.07.24-15.44.12:961][206]LogModuleManager: Shutting down and abandoning module Android_PVRTCTargetPlatform (32)
[2015.07.24-15.44.12:961][206]LogModuleManager: Shutting down and abandoning module Android_ETC2TargetPlatform (31)
[2015.07.24-15.44.12:961][206]LogModuleManager: Shutting down and abandoning module Android_ETC1TargetPlatform (30)
[2015.07.24-15.44.12:961][206]LogModuleManager: Shutting down and abandoning module Android_DXTTargetPlatform (29)
[2015.07.24-15.44.12:961][206]LogModuleManager: Shutting down and abandoning module Android_ATCTargetPlatform (28)
[2015.07.24-15.44.12:961][206]LogModuleManager: Shutting down and abandoning module Android_ASTCTargetPlatform (27)
[2015.07.24-15.44.12:961][206]LogModuleManager: Shutting down and abandoning module AndroidTargetPlatform (26)
[2015.07.24-15.44.12:961][206]LogModuleManager: Shutting down and abandoning module WindowsTargetPlatform (25)
[2015.07.24-15.44.12:961][206]LogModuleManager: Shutting down and abandoning module WindowsServerTargetPlatform (24)
[2015.07.24-15.44.12:961][206]LogModuleManager: Shutting down and abandoning module WindowsNoEditorTargetPlatform (23)
[2015.07.24-15.44.12:961][206]LogModuleManager: Shutting down and abandoning module WindowsClientTargetPlatform (22)
[2015.07.24-15.44.12:961][206]LogModuleManager: Shutting down and abandoning module DesktopTargetPlatform (21)
[2015.07.24-15.44.12:961][206]LogModuleManager: Shutting down and abandoning module TargetPlatform (20)
[2015.07.24-15.44.12:961][206]LogModuleManager: Shutting down and abandoning module InputCore (19)
[2015.07.24-15.44.12:961][206]LogModuleManager: Shutting down and abandoning module Settings (18)
[2015.07.24-15.44.12:962][206]LogModuleManager: Shutting down and abandoning module OnlineSubsystem (16)
[2015.07.24-15.44.12:962][206]LogModuleManager: Shutting down and abandoning module HTTP (15)
[2015.07.24-15.44.12:962][206]LogModuleManager: Shutting down and abandoning module ExampleDeviceProfileSelector (14)
[2015.07.24-15.44.12:962][206]LogModuleManager: Shutting down and abandoning module TextureCompressor (13)
[2015.07.24-15.44.12:962][206]LogModuleManager: Shutting down and abandoning module ShaderCore (12)
[2015.07.24-15.44.12:962][206]LogModuleManager: Shutting down and abandoning module Landscape (11)
[2015.07.24-15.44.12:962][206]LogModuleManager: Shutting down and abandoning module SlateRHIRenderer (10)
[2015.07.24-15.44.12:967][206]LogModuleManager: Shutting down and abandoning module OpenGLDrv (9)
[2015.07.24-15.44.12:967][206]LogModuleManager: Shutting down and abandoning module D3D11RHI (8)
[2015.07.24-15.44.12:967][206]LogModuleManager: Shutting down and abandoning module Renderer (7)
[2015.07.24-15.44.12:967][206]LogModuleManager: Shutting down and abandoning module Engine (6)
[2015.07.24-15.44.12:967][206]LogModuleManager: Shutting down and abandoning module CoreUObject (5)
[2015.07.24-15.44.12:967][206]LogModuleManager: Shutting down and abandoning module NetworkFile (4)
[2015.07.24-15.44.12:967][206]LogModuleManager: Shutting down and abandoning module StreamingFile (3)
[2015.07.24-15.44.12:967][206]LogModuleManager: Shutting down and abandoning module SandboxFile (2)
[2015.07.24-15.44.12:967][206]LogModuleManager: Shutting down and abandoning module PakFile (1)
[2015.07.24-15.44.12:967][206]LogExit: Exiting.
[2015.07.24-15.44.13:004][206]Log file closed, 07/24/15 17:44:13
