[2015.07.24-12.04.05:658][  0]Log file open, 07/24/15 14:04:05
[2015.07.24-12.04.05:658][  0]LogInit:Display: Running engine for game: ProjectTron
[2015.07.24-12.04.05:658][  0]LogInit:Display: RandInit(-96565703) SRandInit(-96565702).
[2015.07.24-12.04.05:658][  0]LogTaskGraph: Started task graph with 4 named threads and 5 total threads.
[2015.07.24-12.04.05:658][  0]LogStats: Stats thread started
[2015.07.24-12.04.05:658][  0]LogInit: Version: 4.8.2-2614606+++depot+UE4-Releases+4.8
[2015.07.24-12.04.05:658][  0]LogInit: API Version: 2579680
[2015.07.24-12.04.05:658][  0]LogInit: Compiled (64-bit): Jul  8 2015 23:43:41
[2015.07.24-12.04.05:658][  0]LogInit: Compiled with Visual C++: 18.00.21005.01
[2015.07.24-12.04.05:658][  0]LogInit: Build Configuration: Development
[2015.07.24-12.04.05:658][  0]LogInit: Branch Name: ++depot+UE4-Releases+4.8
[2015.07.24-12.04.05:658][  0]LogInit: Command line:  
[2015.07.24-12.04.05:658][  0]LogInit: Base directory: C:/Program Files/Epic Games/4.8/Engine/Binaries/Win64/
[2015.07.24-12.04.05:658][  0]LogInit: Rocket: 1
[2015.07.24-12.04.05:881][  0]LogInit: Using libcurl 7.41.0
[2015.07.24-12.04.05:881][  0]LogInit:  - built for x86_64-pc-win32
[2015.07.24-12.04.05:881][  0]LogInit:  - supports SSL with WinSSL
[2015.07.24-12.04.05:881][  0]LogInit:  - other features:
[2015.07.24-12.04.05:881][  0]LogInit:      CURL_VERSION_SSL
[2015.07.24-12.04.05:881][  0]LogInit:      CURL_VERSION_IPV6
[2015.07.24-12.04.05:881][  0]LogInit:      CURL_VERSION_ASYNCHDNS
[2015.07.24-12.04.05:881][  0]LogInit:      CURL_VERSION_LARGEFILE
[2015.07.24-12.04.05:881][  0]LogInit:      CURL_VERSION_IDN
[2015.07.24-12.04.05:881][  0]LogInit:  CurlRequestOptions (configurable via config and command line):
[2015.07.24-12.04.05:881][  0]LogInit:  - bVerifyPeer = true  - Libcurl will verify peer certificate
[2015.07.24-12.04.05:881][  0]LogInit:  - bUseHttpProxy = false  - Libcurl will NOT use HTTP proxy
[2015.07.24-12.04.05:881][  0]LogInit:  - bDontReuseConnections = false  - Libcurl will reuse connections
[2015.07.24-12.04.05:881][  0]LogInit:  - CertBundlePath = nullptr  - Libcurl will use whatever was configured at build time.
[2015.07.24-12.04.05:900][  0]LogOnline:Warning: No default platform service specified for OnlineSubsystem
[2015.07.24-12.04.05:923][  0]LogInit: Presizing for 0 objects not considered by GC, pre-allocating 0 bytes.
[2015.07.24-12.04.05:943][  0]LogInit: Object subsystem initialized
[2015.07.24-12.04.05:944][  0]LogConsoleResponse:Warning: Skipping Unknown console variable: 'TranslucentSortAxis = (X=0.000000,Y=-1.000000,Z=0.000000)'
[2015.07.24-12.04.05:944][  0]LogConsoleResponse:Warning:   Found in ini file 'C:/Users/Quentin/Desktop/ProjectTron/Saved/Config/Windows/Engine.ini', in section '[/Script/Engine.RendererSettings]'
[2015.07.24-12.04.05:944][  0]LogConsoleResponse:Warning: Skipping Unknown console variable: 'UIScaleRule = ShortestSide'
[2015.07.24-12.04.05:944][  0]LogConsoleResponse:Warning:   Found in ini file 'C:/Users/Quentin/Desktop/ProjectTron/Saved/Config/Windows/Engine.ini', in section '[/Script/Engine.RendererSettings]'
[2015.07.24-12.04.05:944][  0]LogConsoleResponse:Warning: Skipping Unknown console variable: 'UIScaleCurve = (EditorCurveData=(Keys=),ExternalCurve=None)'
[2015.07.24-12.04.05:944][  0]LogConsoleResponse:Warning:   Found in ini file 'C:/Users/Quentin/Desktop/ProjectTron/Saved/Config/Windows/Engine.ini', in section '[/Script/Engine.RendererSettings]'
[2015.07.24-12.04.05:945][  0]LogInit: Selected Device Profile: [Windows]
[2015.07.24-12.04.05:945][  0]LogInit: Applying CVar settings loaded from the selected device profile: [Windows]
[2015.07.24-12.04.05:962][  0]LogInit: Computer: ASUS
[2015.07.24-12.04.05:962][  0]LogInit: User: Quentin
[2015.07.24-12.04.05:962][  0]LogInit: CPU Page size=4096, Cores=2
[2015.07.24-12.04.05:962][  0]LogInit: High frequency timer resolution =2.533323 MHz
[2015.07.24-12.04.05:962][  0]LogMemory: Memory total: Physical=7.9GB (8GB approx)
[2015.07.24-12.04.05:962][  0]LogMemory: Platform Memory Stats for Windows
[2015.07.24-12.04.05:962][  0]LogMemory: Process Physical Memory: 52.00 MB used, 52.00 MB peak
[2015.07.24-12.04.05:962][  0]LogMemory: Process Virtual Memory: 25.39 MB used, 25.39 MB peak
[2015.07.24-12.04.05:962][  0]LogMemory: Physical Memory: 2307.54 MB used, 8069.54 MB total
[2015.07.24-12.04.05:962][  0]LogMemory: Virtual Memory: 297.91 MB used, 134217728.00 MB total
[2015.07.24-12.04.06:118][  0]LogTextLocalizationManager: The requested culture ('fr_FR') has no localization data; falling back to 'en' for localization and internationalization data.
[2015.07.24-12.04.06:431][  0]LogTextLocalizationManager:Warning: Loaded localization resources contain conflicting entries for (Namespace:ContentBrowser, Key:ImportAssetToolTip):
Localization Resource: (C:/Program Files/Epic Games/4.8/Engine/Content/Localization/Editor/en/Editor.locres) Source String Hash: (-630476809) Localized String: (Import to {0}...)
Localization Resource: (C:/Program Files/Epic Games/4.8/Engine/Content/Localization/Editor/en/Editor.locres) Source String Hash: (1271782899) Localized String: (Imports an asset from file to this folder.)
[2015.07.24-12.04.07:017][  0]LogD3D11RHI: Found D3D11 adapter 0: Intel(R) HD Graphics 4000 (Feature Level 11_0)
[2015.07.24-12.04.07:017][  0]LogD3D11RHI: Adapter has 32MB of dedicated video memory, 0MB of dedicated system memory, and 1760MB of shared system memory, 1 output[s]
[2015.07.24-12.04.07:035][  0]LogD3D11RHI: Found D3D11 adapter 1: NVIDIA GeForce GT 635M    (Feature Level 11_0)
[2015.07.24-12.04.07:035][  0]LogD3D11RHI: Adapter has 1996MB of dedicated video memory, 0MB of dedicated system memory, and 2047MB of shared system memory, 0 output[s]
[2015.07.24-12.04.07:036][  0]LogD3D11RHI: Found D3D11 adapter 2: Microsoft Basic Render Driver (Feature Level 11_0)
[2015.07.24-12.04.07:036][  0]LogD3D11RHI: Adapter has 0MB of dedicated video memory, 0MB of dedicated system memory, and 256MB of shared system memory, 0 output[s]
[2015.07.24-12.04.07:036][  0]LogD3D11RHI: Chosen D3D11 Adapter Id = 0
[2015.07.24-12.04.07:041][  0]LogD3D11RHI: InitD3DDevice
[2015.07.24-12.04.07:041][  0]LogD3D11RHI: !Direct3DDevice
[2015.07.24-12.04.07:041][  0]LogRHI: Texture pool is 1361 MB (70% of 1945 MB)
[2015.07.24-12.04.07:056][  0]LogD3D11RHI: Async texture creation enabled
[2015.07.24-12.04.07:073][  0]LogShaderCompilers:Display: Using Local Shader Compiler.
[2015.07.24-12.04.09:328][  0]LogTemp:Display: Loaded TP DesktopTargetPlatform
[2015.07.24-12.04.09:349][  0]LogTemp:Display: Loaded TP WindowsClientTargetPlatform
[2015.07.24-12.04.09:371][  0]LogTemp:Display: Loaded TP WindowsNoEditorTargetPlatform
[2015.07.24-12.04.09:392][  0]LogTemp:Display: Loaded TP WindowsServerTargetPlatform
[2015.07.24-12.04.09:415][  0]LogTemp:Display: Loaded TP WindowsTargetPlatform
[2015.07.24-12.04.09:433][  0]LogTemp:Display: Loaded TP AndroidTargetPlatform
[2015.07.24-12.04.09:451][  0]LogTemp:Display: Loaded TP Android_ASTCTargetPlatform
[2015.07.24-12.04.09:470][  0]LogTemp:Display: Loaded TP Android_ATCTargetPlatform
[2015.07.24-12.04.09:489][  0]LogTemp:Display: Loaded TP Android_DXTTargetPlatform
[2015.07.24-12.04.09:507][  0]LogTemp:Display: Loaded TP Android_ETC1TargetPlatform
[2015.07.24-12.04.09:525][  0]LogTemp:Display: Loaded TP Android_ETC2TargetPlatform
[2015.07.24-12.04.09:544][  0]LogTemp:Display: Loaded TP Android_PVRTCTargetPlatform
[2015.07.24-12.04.09:614][  0]LogTemp:Display: Loaded TP IOSTargetPlatform
[2015.07.24-12.04.09:632][  0]LogTemp:Display: Loaded TP LinuxNoEditorTargetPlatform
[2015.07.24-12.04.09:649][  0]LogTemp:Display: Loaded TP LinuxServerTargetPlatform
[2015.07.24-12.04.09:676][  0]LogTemp:Display: Loaded TP LinuxTargetPlatform
[2015.07.24-12.04.09:676][  0]LogTargetPlatformManager:Display: Building Assets For Windows
[2015.07.24-12.04.10:033][  0]LogDerivedDataCache:Display: Max Cache Size: 512 MB
[2015.07.24-12.04.10:808][  0]LogDerivedDataCache: Loaded boot cache 0.77s 53MB C:/Users/Quentin/AppData/Local/UnrealEngine/4.8/DerivedDataCache/Boot.ddc.
[2015.07.24-12.04.10:808][  0]LogDerivedDataCache:Display: Loaded Boot cache: C:/Users/Quentin/AppData/Local/UnrealEngine/4.8/DerivedDataCache/Boot.ddc
[2015.07.24-12.04.10:808][  0]LogDerivedDataCache: FDerivedDataBackendGraph:  Pak pak cache file ../../../../../../Users/Quentin/Desktop/ProjectTron/DerivedDataCache/DDC.ddp not found, will not use a pak cache.
[2015.07.24-12.04.10:808][  0]LogDerivedDataCache: Unable to find inner node Pak for hierarchical cache Hierarchy.
[2015.07.24-12.04.10:808][  0]LogDerivedDataCache: FDerivedDataBackendGraph:  CompressedPak pak cache file ../../../../../../Users/Quentin/Desktop/ProjectTron/DerivedDataCache/Compressed.ddp not found, will not use a pak cache.
[2015.07.24-12.04.10:808][  0]LogDerivedDataCache: Unable to find inner node CompressedPak for hierarchical cache Hierarchy.
[2015.07.24-12.04.11:072][  0]LogDerivedDataCache:Display: Pak cache opened for reading ../../../Engine/DerivedDataCache/Compressed.ddp.
[2015.07.24-12.04.11:111][  0]LogDerivedDataCache: Using Local data cache path C:/Users/Quentin/AppData/Local/UnrealEngine/Common/DerivedDataCache: Writable
[2015.07.24-12.04.17:163][  0]LogInit: Selected Device Profile: [Windows]
[2015.07.24-12.04.17:750][  0]ImportText (ComponentSweepMultiTests): Missing closing parenthesis: (RootShapeAsset="/Engine/BasicShapes/Cube.Cube",ShapeType="TriggerCapsule",HitResult=(Time=0.50,Location=(X=-100.000015,Y=0.0,Z=100.000015),ImpactPoint=(X=-50.0,Y=0.0,Z=50.0),Normal=(X=-1.0,Y=-0.0,Z=0.0),ImpactNormal=(X=0.0,Y=0.0,Z=1.0),TraceStart=(X=-200.0,Y=0.0,Z=200.0),TraceEnd=(X=0.0,Y=0.0,Z=0.0))
[2015.07.24-12.04.17:750][  0]ImportText (LineTraceSingleByChannelTests): Missing closing parenthesis: (RootShapeAsset="/Engine/BasicShapes/Cube.Cube",HitResult=(Time=0.50,Location=(X=-100.000015,Y=0.0,Z=100.000015),ImpactPoint=(X=-50.0,Y=0.0,Z=50.0),Normal=(X=-1.0,Y=-0.0,Z=0.0),ImpactNormal=(X=0.0,Y=0.0,Z=1.0),TraceStart=(X=-200.0,Y=0.0,Z=200.0),TraceEnd=(X=0.0,Y=0.0,Z=0.0))
[2015.07.24-12.04.17:895][  0]LogMeshUtilities: No automatic mesh reduction module available
[2015.07.24-12.04.17:895][  0]LogMeshUtilities: No automatic mesh merging module available
[2015.07.24-12.04.19:264][  0]LogInit: WinSock: version 1.1 (2.2), MaxSocks=32767, MaxUdp=65467
[2015.07.24-12.05.05:436][  0]UdpMessaging: Initializing bridge on interface 0.0.0.0:0 to multicast group 230.0.0.1:6666.
[2015.07.24-12.05.06:828][  0]SourceControl: Info Source control is disabled
[2015.07.24-12.05.06:839][  0]SourceControl: Info Source control is disabled
[2015.07.24-12.05.06:884][  0]SourceControl: Info Source control is disabled
[2015.07.24-12.05.06:926][  0]SourceControl: Info Source control is disabled
[2015.07.24-12.05.08:188][  0]LogObj: 26273 objects as part of root set at end of initial load.
[2015.07.24-12.05.08:188][  0]LogUObjectAllocator: 5409248 out of 0 bytes used by permanent object pool.
[2015.07.24-12.05.09:041][  0]LogEngine: Initializing Engine...
[2015.07.24-12.05.09:080][  0]LogHMD: Can't find Oculus library dev build: is proper Runtime installed? Version: 0.6.0.0
[2015.07.24-12.05.09:840][  0]LogHMD:Warning: SteamVR failed to initialize.  Error: 100
[2015.07.24-12.05.10:579][  0]LogAIModule: Creating AISystem for world NewWorld
[2015.07.24-12.05.10:654][  0]LogInit: XAudio2 using 'Haut-parleurs (3- Plantronics GameCom 780)' : 8 channels at 44.1 kHz using 16 bits per sample (channel mask 0x63f)
[2015.07.24-12.05.10:708][  0]LogInit: FAudioDevice initialized.
[2015.07.24-12.05.10:769][  0]LogDerivedDataCache:Error: Could not save memory cache C:/Users/Quentin/AppData/Local/UnrealEngine/4.8/DerivedDataCache/Boot.ddc.
[2015.07.24-12.05.10:777][  0]LogInit: Texture streaming: Disabled
[2015.07.24-12.05.11:184][  0]LogAnalytics: Creating configured Analytics provider AnalyticsET
[2015.07.24-12.05.11:184][  0]LogAnalytics: [UEEditor.Rocket.Release] APIServer = http://et2.epicgames.com/ET2/. AppVersion = 4.8.2-2614606+++depot+UE4-Releases+4.8
[2015.07.24-12.05.11:184][  0]LogAnalytics: [UEEditor.Rocket.Release] SetUserId 2